
****** Vivado v2022.1 (64-bit)
  **** SW Build 3526262 on Mon Apr 18 15:47:01 MDT 2022
  **** IP Build 3524634 on Mon Apr 18 20:55:01 MDT 2022
    ** Copyright 1986-2022 Xilinx, Inc. All Rights Reserved.

source /tmp/build.tcl.9zFxbJ
# exec rm -rf .Xil .gen .srcs
# set_param board.repoPaths /home/builder/.Xilinx/Vivado/2022.1/xhub/board_store/xilinx_board_store
# xhub::refresh_catalog [xhub::get_xstores xilinx_board_store]
# xhub::install [xhub::get_xitems digilentinc.com:xilinx_board_store:nexys4_ddr:1.1]
INFO: [xhubtcl 76-61] The object 'digilentinc.com:xilinx_board_store:nexys4_ddr:1.1' is already installed, to update use xhub::update command.
# set_part xc7a100tcsg324-1
INFO: [Coretcl 2-1500] The part has been set to 'xc7a100tcsg324-1' for the current project only. Run set_part -help for more details. To evaluate different speed grades in the current design, use the set_speed_grade command, or use the open_checkpoint -part command to change the part used by an existing checkpoint design.
# set_property board_part digilentinc.com:nexys4_ddr:part0:1.1 [current_project]
# read_xdc /tmp/tmp.9lVVAG/transmitting/xdc/top_level.xdc
# read_verilog -sv /tmp/tmp.9lVVAG/transmitting/src/clk_wiz.v
# read_verilog -sv /tmp/tmp.9lVVAG/transmitting/src/mirror.sv
# read_verilog -sv /tmp/tmp.9lVVAG/transmitting/src/top_level.sv
# read_verilog -sv /tmp/tmp.9lVVAG/transmitting/src/crc32.sv
# read_verilog -sv /tmp/tmp.9lVVAG/transmitting/src/camera_feed.sv
# read_verilog -sv /tmp/tmp.9lVVAG/transmitting/src/camera.sv
# read_verilog -sv /tmp/tmp.9lVVAG/transmitting/src/networking.sv
# read_verilog -sv /tmp/tmp.9lVVAG/transmitting/src/bitorder.sv
# read_verilog -sv /tmp/tmp.9lVVAG/transmitting/src/xilinx_true_dual_port_read_first_2_clock_ram.v
# read_verilog -sv /tmp/tmp.9lVVAG/transmitting/src/tether.sv
# read_verilog -sv /tmp/tmp.9lVVAG/transmitting/src/rotate.sv
# read_verilog -sv /tmp/tmp.9lVVAG/transmitting/src/identity.sv
# read_verilog -sv /tmp/tmp.9lVVAG/transmitting/src/scale.sv
# read_verilog -sv /tmp/tmp.9lVVAG/transmitting/src/seven_segment_controller.sv
# synth_design -top top_level -part xc7a100tcsg324-1
Command: synth_design -top top_level -part xc7a100tcsg324-1
Starting synth_design
Attempting to get a license for feature 'Synthesis' and/or device 'xc7a100t'
INFO: [Common 17-349] Got license for feature 'Synthesis' and/or device 'xc7a100t'
INFO: [Device 21-403] Loading part xc7a100tcsg324-1
INFO: [Synth 8-7079] Multithreading enabled for synth_design using a maximum of 4 processes.
INFO: [Synth 8-7078] Launching helper process for spawning children vivado processes
INFO: [Synth 8-7075] Helper process launched with PID 218099
WARNING: [Synth 8-6901] identifier 'hcount' is used before its declaration [/tmp/tmp.9lVVAG/transmitting/src/camera_feed.sv:146]
WARNING: [Synth 8-6901] identifier 'vcount' is used before its declaration [/tmp/tmp.9lVVAG/transmitting/src/camera_feed.sv:147]
---------------------------------------------------------------------------------
Starting RTL Elaboration : Time (s): cpu = 00:00:04 ; elapsed = 00:00:04 . Memory (MB): peak = 2596.984 ; gain = 0.000 ; free physical = 4661 ; free virtual = 14343
---------------------------------------------------------------------------------
INFO: [Synth 8-6157] synthesizing module 'top_level' [/tmp/tmp.9lVVAG/transmitting/src/top_level.sv:4]
INFO: [Synth 8-6157] synthesizing module 'clk_wiz_clk_wiz' [/tmp/tmp.9lVVAG/transmitting/src/clk_wiz.v:69]
INFO: [Synth 8-6157] synthesizing module 'IBUF' [/opt/Xilinx/Vivado/2022.1/scripts/rt/data/unisim_comp.v:55203]
INFO: [Synth 8-6155] done synthesizing module 'IBUF' (0#1) [/opt/Xilinx/Vivado/2022.1/scripts/rt/data/unisim_comp.v:55203]
INFO: [Synth 8-6157] synthesizing module 'MMCME2_ADV' [/opt/Xilinx/Vivado/2022.1/scripts/rt/data/unisim_comp.v:63509]
	Parameter BANDWIDTH bound to: OPTIMIZED - type: string 
	Parameter CLKFBOUT_MULT_F bound to: 9.750000 - type: double 
	Parameter CLKFBOUT_PHASE bound to: 0.000000 - type: double 
	Parameter CLKFBOUT_USE_FINE_PS bound to: FALSE - type: string 
	Parameter CLKIN1_PERIOD bound to: 10.000000 - type: double 
	Parameter CLKOUT0_DIVIDE_F bound to: 19.500000 - type: double 
	Parameter CLKOUT0_DUTY_CYCLE bound to: 0.500000 - type: double 
	Parameter CLKOUT0_PHASE bound to: 0.000000 - type: double 
	Parameter CLKOUT0_USE_FINE_PS bound to: FALSE - type: string 
	Parameter CLKOUT1_DIVIDE bound to: 15 - type: integer 
	Parameter CLKOUT1_DUTY_CYCLE bound to: 0.500000 - type: double 
	Parameter CLKOUT1_PHASE bound to: 0.000000 - type: double 
	Parameter CLKOUT1_USE_FINE_PS bound to: FALSE - type: string 
	Parameter CLKOUT4_CASCADE bound to: FALSE - type: string 
	Parameter COMPENSATION bound to: ZHOLD - type: string 
	Parameter DIVCLK_DIVIDE bound to: 1 - type: integer 
	Parameter STARTUP_WAIT bound to: FALSE - type: string 
INFO: [Synth 8-6155] done synthesizing module 'MMCME2_ADV' (0#1) [/opt/Xilinx/Vivado/2022.1/scripts/rt/data/unisim_comp.v:63509]
INFO: [Synth 8-6157] synthesizing module 'BUFG' [/opt/Xilinx/Vivado/2022.1/scripts/rt/data/unisim_comp.v:1082]
INFO: [Synth 8-6155] done synthesizing module 'BUFG' (0#1) [/opt/Xilinx/Vivado/2022.1/scripts/rt/data/unisim_comp.v:1082]
INFO: [Synth 8-6155] done synthesizing module 'clk_wiz_clk_wiz' (0#1) [/tmp/tmp.9lVVAG/transmitting/src/clk_wiz.v:69]
INFO: [Synth 8-6157] synthesizing module 'camera_feed' [/tmp/tmp.9lVVAG/transmitting/src/camera_feed.sv:4]
INFO: [Synth 8-6157] synthesizing module 'camera' [/tmp/tmp.9lVVAG/transmitting/src/camera.sv:4]
INFO: [Synth 8-155] case statement is not full and has no default [/tmp/tmp.9lVVAG/transmitting/src/camera.sv:44]
INFO: [Synth 8-6155] done synthesizing module 'camera' (0#1) [/tmp/tmp.9lVVAG/transmitting/src/camera.sv:4]
INFO: [Synth 8-6157] synthesizing module 'rotate' [/tmp/tmp.9lVVAG/transmitting/src/rotate.sv:1]
INFO: [Synth 8-6155] done synthesizing module 'rotate' (0#1) [/tmp/tmp.9lVVAG/transmitting/src/rotate.sv:1]
INFO: [Synth 8-6157] synthesizing module 'xilinx_true_dual_port_read_first_2_clock_ram' [/tmp/tmp.9lVVAG/transmitting/src/xilinx_true_dual_port_read_first_2_clock_ram.v:10]
	Parameter RAM_WIDTH bound to: 16 - type: integer 
	Parameter RAM_DEPTH bound to: 76800 - type: integer 
WARNING: [Synth 8-6896] loop limit (65536) exceeded inside initial block, initial block items will be ignored [/tmp/tmp.9lVVAG/transmitting/src/xilinx_true_dual_port_read_first_2_clock_ram.v:55]
WARNING: [Synth 8-6896] loop limit (65536) exceeded inside initial block, initial block items will be ignored [/tmp/tmp.9lVVAG/transmitting/src/xilinx_true_dual_port_read_first_2_clock_ram.v:61]
INFO: [Synth 8-6155] done synthesizing module 'xilinx_true_dual_port_read_first_2_clock_ram' (0#1) [/tmp/tmp.9lVVAG/transmitting/src/xilinx_true_dual_port_read_first_2_clock_ram.v:10]
INFO: [Synth 8-6157] synthesizing module 'mirror' [/tmp/tmp.9lVVAG/transmitting/src/mirror.sv:4]
INFO: [Synth 8-6155] done synthesizing module 'mirror' (0#1) [/tmp/tmp.9lVVAG/transmitting/src/mirror.sv:4]
INFO: [Synth 8-6157] synthesizing module 'scale' [/tmp/tmp.9lVVAG/transmitting/src/scale.sv:4]
INFO: [Synth 8-6155] done synthesizing module 'scale' (0#1) [/tmp/tmp.9lVVAG/transmitting/src/scale.sv:4]
INFO: [Synth 8-155] case statement is not full and has no default [/tmp/tmp.9lVVAG/transmitting/src/camera_feed.sv:207]
INFO: [Synth 8-155] case statement is not full and has no default [/tmp/tmp.9lVVAG/transmitting/src/camera_feed.sv:229]
INFO: [Synth 8-6155] done synthesizing module 'camera_feed' (0#1) [/tmp/tmp.9lVVAG/transmitting/src/camera_feed.sv:4]
INFO: [Synth 8-6157] synthesizing module 'networking' [/tmp/tmp.9lVVAG/transmitting/src/networking.sv:4]
INFO: [Synth 8-6157] synthesizing module 'identity' [/tmp/tmp.9lVVAG/transmitting/src/identity.sv:4]
INFO: [Synth 8-155] case statement is not full and has no default [/tmp/tmp.9lVVAG/transmitting/src/identity.sv:42]
INFO: [Synth 8-6155] done synthesizing module 'identity' (0#1) [/tmp/tmp.9lVVAG/transmitting/src/identity.sv:4]
INFO: [Synth 8-6157] synthesizing module 'bitorder' [/tmp/tmp.9lVVAG/transmitting/src/bitorder.sv:4]
INFO: [Synth 8-6155] done synthesizing module 'bitorder' (0#1) [/tmp/tmp.9lVVAG/transmitting/src/bitorder.sv:4]
INFO: [Synth 8-6157] synthesizing module 'tether' [/tmp/tmp.9lVVAG/transmitting/src/tether.sv:4]
INFO: [Synth 8-6157] synthesizing module 'crc32' [/tmp/tmp.9lVVAG/transmitting/src/crc32.sv:22]
INFO: [Synth 8-6155] done synthesizing module 'crc32' (0#1) [/tmp/tmp.9lVVAG/transmitting/src/crc32.sv:22]
INFO: [Synth 8-155] case statement is not full and has no default [/tmp/tmp.9lVVAG/transmitting/src/tether.sv:54]
INFO: [Synth 8-6155] done synthesizing module 'tether' (0#1) [/tmp/tmp.9lVVAG/transmitting/src/tether.sv:4]
INFO: [Synth 8-6157] synthesizing module 'seven_segment_controller' [/tmp/tmp.9lVVAG/transmitting/src/seven_segment_controller.sv:3]
INFO: [Synth 8-155] case statement is not full and has no default [/tmp/tmp.9lVVAG/transmitting/src/seven_segment_controller.sv:20]
INFO: [Synth 8-6157] synthesizing module 'bto7s' [/tmp/tmp.9lVVAG/transmitting/src/seven_segment_controller.sv:50]
INFO: [Synth 8-6155] done synthesizing module 'bto7s' (0#1) [/tmp/tmp.9lVVAG/transmitting/src/seven_segment_controller.sv:50]
INFO: [Synth 8-6155] done synthesizing module 'seven_segment_controller' (0#1) [/tmp/tmp.9lVVAG/transmitting/src/seven_segment_controller.sv:3]
INFO: [Synth 8-6155] done synthesizing module 'networking' (0#1) [/tmp/tmp.9lVVAG/transmitting/src/networking.sv:4]
INFO: [Synth 8-6155] done synthesizing module 'top_level' (0#1) [/tmp/tmp.9lVVAG/transmitting/src/top_level.sv:4]
WARNING: [Synth 8-87] always_comb on 'routed_vals_reg' did not result in combinational logic [/tmp/tmp.9lVVAG/transmitting/src/seven_segment_controller.sv:21]
WARNING: [Synth 8-7129] Port eth_crsdv in module networking is either unconnected or has no load
WARNING: [Synth 8-7129] Port eth_rxd[1] in module networking is either unconnected or has no load
WARNING: [Synth 8-7129] Port eth_rxd[0] in module networking is either unconnected or has no load
---------------------------------------------------------------------------------
Finished RTL Elaboration : Time (s): cpu = 00:00:11 ; elapsed = 00:00:11 . Memory (MB): peak = 2596.984 ; gain = 0.000 ; free physical = 5718 ; free virtual = 15402
---------------------------------------------------------------------------------
---------------------------------------------------------------------------------
Start Handling Custom Attributes
---------------------------------------------------------------------------------
---------------------------------------------------------------------------------
Finished Handling Custom Attributes : Time (s): cpu = 00:00:11 ; elapsed = 00:00:11 . Memory (MB): peak = 2596.984 ; gain = 0.000 ; free physical = 5718 ; free virtual = 15402
---------------------------------------------------------------------------------
---------------------------------------------------------------------------------
Finished RTL Optimization Phase 1 : Time (s): cpu = 00:00:11 ; elapsed = 00:00:11 . Memory (MB): peak = 2596.984 ; gain = 0.000 ; free physical = 5718 ; free virtual = 15402
---------------------------------------------------------------------------------
Netlist sorting complete. Time (s): cpu = 00:00:00.01 ; elapsed = 00:00:00.01 . Memory (MB): peak = 2596.984 ; gain = 0.000 ; free physical = 5710 ; free virtual = 15394
INFO: [Netlist 29-17] Analyzing 1 Unisim elements for replacement
INFO: [Netlist 29-28] Unisim Transformation completed in 0 CPU seconds
INFO: [Project 1-570] Preparing netlist for logic optimization

Processing XDC Constraints
Initializing timing engine
Parsing XDC File [/tmp/tmp.9lVVAG/transmitting/xdc/top_level.xdc]
Finished Parsing XDC File [/tmp/tmp.9lVVAG/transmitting/xdc/top_level.xdc]
INFO: [Project 1-236] Implementation specific constraints were found while reading constraint file [/tmp/tmp.9lVVAG/transmitting/xdc/top_level.xdc]. These constraints will be ignored for synthesis but will be used in implementation. Impacted constraints are listed in the file [.Xil/top_level_propImpl.xdc].
Resolution: To avoid this warning, move constraints listed in [.Xil/top_level_propImpl.xdc] to another XDC file and exclude this new file from synthesis with the used_in_synthesis property (File Properties dialog in GUI) and re-run elaboration/synthesis.
INFO: [Timing 38-2] Deriving generated clocks
Completed Processing XDC Constraints

Netlist sorting complete. Time (s): cpu = 00:00:00 ; elapsed = 00:00:00 . Memory (MB): peak = 2661.004 ; gain = 0.000 ; free physical = 5626 ; free virtual = 15310
INFO: [Project 1-111] Unisim Transformation Summary:
No Unisim elements were transformed.

Constraint Validation Runtime : Time (s): cpu = 00:00:00 ; elapsed = 00:00:00 . Memory (MB): peak = 2661.004 ; gain = 0.000 ; free physical = 5626 ; free virtual = 15310
---------------------------------------------------------------------------------
Finished Constraint Validation : Time (s): cpu = 00:00:18 ; elapsed = 00:00:18 . Memory (MB): peak = 2661.004 ; gain = 64.020 ; free physical = 5704 ; free virtual = 15388
---------------------------------------------------------------------------------
---------------------------------------------------------------------------------
Start Loading Part and Timing Information
---------------------------------------------------------------------------------
Loading part: xc7a100tcsg324-1
---------------------------------------------------------------------------------
Finished Loading Part and Timing Information : Time (s): cpu = 00:00:18 ; elapsed = 00:00:18 . Memory (MB): peak = 2661.004 ; gain = 64.020 ; free physical = 5704 ; free virtual = 15388
---------------------------------------------------------------------------------
---------------------------------------------------------------------------------
Start Applying 'set_property' XDC Constraints
---------------------------------------------------------------------------------
---------------------------------------------------------------------------------
Finished applying 'set_property' XDC Constraints : Time (s): cpu = 00:00:18 ; elapsed = 00:00:18 . Memory (MB): peak = 2661.004 ; gain = 64.020 ; free physical = 5704 ; free virtual = 15388
---------------------------------------------------------------------------------
INFO: [Synth 8-802] inferred FSM for state register 'fsm_state_reg' in module 'camera'
INFO: [Synth 8-802] inferred FSM for state register 'state_reg' in module 'camera_feed'
INFO: [Synth 8-802] inferred FSM for state register 'state_reg' in module 'identity'
INFO: [Synth 8-802] inferred FSM for state register 'state_reg' in module 'bitorder'
INFO: [Synth 8-802] inferred FSM for state register 'state_reg' in module 'tether'
---------------------------------------------------------------------------------------------------
                   State |                     New Encoding |                Previous Encoding 
---------------------------------------------------------------------------------------------------
        WAIT_FRAME_START |                                0 |                               00
             ROW_CAPTURE |                                1 |                               01
---------------------------------------------------------------------------------------------------
INFO: [Synth 8-3354] encoded FSM with state register 'fsm_state_reg' using encoding 'sequential' in module 'camera'
INFO: [Synth 8-3971] The signal "xilinx_true_dual_port_read_first_2_clock_ram:/BRAM_reg" was recognized as a true dual port RAM template.
---------------------------------------------------------------------------------------------------
                   State |                     New Encoding |                Previous Encoding 
---------------------------------------------------------------------------------------------------
                    IDLE |                               00 |                               00
                 LINENUM |                               01 |                               01
                    DATA |                               10 |                               10
                     IPG |                               11 |                               11
---------------------------------------------------------------------------------------------------
INFO: [Synth 8-3354] encoded FSM with state register 'state_reg' using encoding 'sequential' in module 'camera_feed'
---------------------------------------------------------------------------------------------------
                   State |                     New Encoding |                Previous Encoding 
---------------------------------------------------------------------------------------------------
                    IDLE |                              000 |                              000
                    DEST |                              001 |                              001
                  SOURCE |                              010 |                              010
                   ETHER |                              011 |                              011
            READTRANSMIT |                              100 |                              100
                TRANSMIT |                              101 |                              101
---------------------------------------------------------------------------------------------------
INFO: [Synth 8-3354] encoded FSM with state register 'state_reg' using encoding 'sequential' in module 'identity'
---------------------------------------------------------------------------------------------------
                   State |                     New Encoding |                Previous Encoding 
---------------------------------------------------------------------------------------------------
                    IDLE |                               00 |                               00
                    RNOW |                               01 |                               01
                   RANDW |                               10 |                               10
                    WNOR |                               11 |                               11
---------------------------------------------------------------------------------------------------
INFO: [Synth 8-3354] encoded FSM with state register 'state_reg' using encoding 'sequential' in module 'bitorder'
---------------------------------------------------------------------------------------------------
                   State |                     New Encoding |                Previous Encoding 
---------------------------------------------------------------------------------------------------
                    IDLE |                            00001 |                              000
             PREAMBLESFD |                            00010 |                              001
            READTRANSMIT |                            00100 |                              010
                TRANSMIT |                            01000 |                              011
                     FCS |                            10000 |                              100
---------------------------------------------------------------------------------------------------
INFO: [Synth 8-3354] encoded FSM with state register 'state_reg' using encoding 'one-hot' in module 'tether'
WARNING: [Synth 8-327] inferring latch for variable 'routed_vals_reg' [/tmp/tmp.9lVVAG/transmitting/src/seven_segment_controller.sv:21]
---------------------------------------------------------------------------------
Finished RTL Optimization Phase 2 : Time (s): cpu = 00:00:19 ; elapsed = 00:00:19 . Memory (MB): peak = 2661.004 ; gain = 64.020 ; free physical = 5706 ; free virtual = 15391
---------------------------------------------------------------------------------
---------------------------------------------------------------------------------
Start RTL Component Statistics 
---------------------------------------------------------------------------------
Detailed RTL Component Info : 
+---Adders : 
	   2 Input   32 Bit       Adders := 6     
	   2 Input   16 Bit       Adders := 1     
	   2 Input   11 Bit       Adders := 3     
	   2 Input   10 Bit       Adders := 2     
	   2 Input    9 Bit       Adders := 3     
	   2 Input    7 Bit       Adders := 1     
	   2 Input    6 Bit       Adders := 4     
	   2 Input    3 Bit       Adders := 1     
	   2 Input    2 Bit       Adders := 2     
+---XORs : 
	   2 Input      1 Bit         XORs := 22    
+---Registers : 
	              112 Bit    Registers := 1     
	               64 Bit    Registers := 1     
	               48 Bit    Registers := 2     
	               32 Bit    Registers := 6     
	               17 Bit    Registers := 1     
	               16 Bit    Registers := 8     
	               11 Bit    Registers := 1     
	               10 Bit    Registers := 6     
	                9 Bit    Registers := 6     
	                8 Bit    Registers := 6     
	                6 Bit    Registers := 3     
	                3 Bit    Registers := 1     
	                2 Bit    Registers := 6     
	                1 Bit    Registers := 21    
+---RAMs : 
	            1200K Bit	(76800 X 16 bit)          RAMs := 1     
+---Muxes : 
	   6 Input  112 Bit        Muxes := 1     
	   5 Input   64 Bit        Muxes := 1     
	   2 Input   32 Bit        Muxes := 12    
	   6 Input   32 Bit        Muxes := 1     
	   5 Input   32 Bit        Muxes := 3     
	   2 Input   17 Bit        Muxes := 1     
	   3 Input   16 Bit        Muxes := 1     
	   2 Input   16 Bit        Muxes := 4     
	   4 Input   16 Bit        Muxes := 2     
	   2 Input   11 Bit        Muxes := 7     
	   2 Input   10 Bit        Muxes := 4     
	   4 Input   10 Bit        Muxes := 1     
	   2 Input    9 Bit        Muxes := 2     
	   8 Input    9 Bit        Muxes := 1     
	   4 Input    9 Bit        Muxes := 1     
	   2 Input    8 Bit        Muxes := 9     
	   4 Input    8 Bit        Muxes := 6     
	   2 Input    6 Bit        Muxes := 2     
	   4 Input    6 Bit        Muxes := 1     
	   6 Input    6 Bit        Muxes := 1     
	   5 Input    6 Bit        Muxes := 1     
	   5 Input    5 Bit        Muxes := 1     
	   2 Input    5 Bit        Muxes := 7     
	   2 Input    3 Bit        Muxes := 7     
	   4 Input    3 Bit        Muxes := 1     
	   6 Input    3 Bit        Muxes := 1     
	   2 Input    2 Bit        Muxes := 25    
	   4 Input    2 Bit        Muxes := 8     
	   6 Input    2 Bit        Muxes := 1     
	   3 Input    2 Bit        Muxes := 1     
	   5 Input    2 Bit        Muxes := 1     
	   2 Input    1 Bit        Muxes := 77    
	   8 Input    1 Bit        Muxes := 2     
	   4 Input    1 Bit        Muxes := 21    
	   6 Input    1 Bit        Muxes := 12    
	   3 Input    1 Bit        Muxes := 1     
	   5 Input    1 Bit        Muxes := 15    
	   9 Input    1 Bit        Muxes := 1     
---------------------------------------------------------------------------------
Finished RTL Component Statistics 
---------------------------------------------------------------------------------
---------------------------------------------------------------------------------
Start Part Resource Summary
---------------------------------------------------------------------------------
Part Resources:
DSPs: 240 (col length:80)
BRAMs: 270 (col length: RAMB18 80 RAMB36 40)
---------------------------------------------------------------------------------
Finished Part Resource Summary
---------------------------------------------------------------------------------
---------------------------------------------------------------------------------
Start Cross Boundary and Area Optimization
---------------------------------------------------------------------------------
WARNING: [Synth 8-7080] Parallel synthesis criteria is not met
DSP Report: Generating DSP stream_input/mirror_m/pixel_addr_out_reg, operation Mode is: C+A*(B:0xf0).
DSP Report: register stream_input/mirror_m/pixel_addr_out_reg is absorbed into DSP stream_input/mirror_m/pixel_addr_out_reg.
DSP Report: operator pixel_addr_out0 is absorbed into DSP stream_input/mirror_m/pixel_addr_out_reg.
DSP Report: operator p_0_out is absorbed into DSP stream_input/mirror_m/pixel_addr_out_reg.
WARNING: [Synth 8-7129] Port eth_crsdv in module networking is either unconnected or has no load
WARNING: [Synth 8-7129] Port eth_rxd[1] in module networking is either unconnected or has no load
WARNING: [Synth 8-7129] Port eth_rxd[0] in module networking is either unconnected or has no load
WARNING: [Synth 8-6014] Unused sequential element stream_input/frame_buffer/BRAM_reg was removed. 
WARNING: [Synth 8-3332] Sequential element (stream_input/frame_buffer/BRAM_reg_mux_sel_a_pos_1) is unused and will be removed from module top_level.
WARNING: [Synth 8-3332] Sequential element (stream_input/frame_buffer/BRAM_reg_mux_sel_a_pos_1__0) is unused and will be removed from module top_level.
WARNING: [Synth 8-3332] Sequential element (stream_input/frame_buffer/BRAM_reg_mux_sel_a_pos_1__1) is unused and will be removed from module top_level.
WARNING: [Synth 8-3332] Sequential element (stream_input/frame_buffer/BRAM_reg_mux_sel_a_pos_1__2) is unused and will be removed from module top_level.
WARNING: [Synth 8-3332] Sequential element (stream_input/frame_buffer/BRAM_reg_mux_sel_a_pos_1__3) is unused and will be removed from module top_level.
WARNING: [Synth 8-3332] Sequential element (stream_input/frame_buffer/BRAM_reg_mux_sel_a_pos_1__4) is unused and will be removed from module top_level.
WARNING: [Synth 8-3332] Sequential element (stream_input/frame_buffer/BRAM_reg_mux_sel_a_pos_1__5) is unused and will be removed from module top_level.
WARNING: [Synth 8-3332] Sequential element (stream_input/frame_buffer/BRAM_reg_mux_sel_a_pos_1__6) is unused and will be removed from module top_level.
WARNING: [Synth 8-3332] Sequential element (stream_input/frame_buffer/BRAM_reg_mux_sel_a_pos_1__7) is unused and will be removed from module top_level.
WARNING: [Synth 8-3332] Sequential element (stream_input/frame_buffer/BRAM_reg_mux_sel_a_pos_1__8) is unused and will be removed from module top_level.
WARNING: [Synth 8-3332] Sequential element (stream_input/frame_buffer/BRAM_reg_mux_sel_a_pos_1__9) is unused and will be removed from module top_level.
WARNING: [Synth 8-3332] Sequential element (stream_input/frame_buffer/BRAM_reg_mux_sel_a_pos_1__10) is unused and will be removed from module top_level.
WARNING: [Synth 8-3332] Sequential element (stream_input/frame_buffer/BRAM_reg_mux_sel_a_pos_1__11) is unused and will be removed from module top_level.
WARNING: [Synth 8-3332] Sequential element (stream_input/frame_buffer/BRAM_reg_mux_sel_a_pos_1__12) is unused and will be removed from module top_level.
WARNING: [Synth 8-3332] Sequential element (stream_input/frame_buffer/BRAM_reg_mux_sel_a_pos_1__13) is unused and will be removed from module top_level.
WARNING: [Synth 8-3332] Sequential element (stream_input/frame_buffer/BRAM_reg_mux_sel_a_pos_1__14) is unused and will be removed from module top_level.
---------------------------------------------------------------------------------
Finished Cross Boundary and Area Optimization : Time (s): cpu = 00:00:25 ; elapsed = 00:00:25 . Memory (MB): peak = 2661.004 ; gain = 64.020 ; free physical = 5680 ; free virtual = 15377
---------------------------------------------------------------------------------
---------------------------------------------------------------------------------
Start ROM, RAM, DSP, Shift Register and Retiming Reporting
---------------------------------------------------------------------------------

Block RAM: Preliminary Mapping Report (see note below)
+------------+------------------------------------+------------------------+---+---+------------------------+---+---+------------------+--------+--------+
|Module Name | RTL Object                         | PORT A (Depth x Width) | W | R | PORT B (Depth x Width) | W | R | Ports driving FF | RAMB18 | RAMB36 | 
+------------+------------------------------------+------------------------+---+---+------------------------+---+---+------------------+--------+--------+
|top_level   | stream_input/frame_buffer/BRAM_reg | 75 K x 16(NO_CHANGE)   | W |   | 75 K x 16(WRITE_FIRST) |   | R | Port A and B     | 0      | 48     | 
+------------+------------------------------------+------------------------+---+---+------------------------+---+---+------------------+--------+--------+

Note: The table above is a preliminary report that shows the Block RAMs at the current stage of the synthesis flow. Some Block RAMs may be reimplemented as non Block RAM primitives later in the synthesis flow. Multiple instantiated Block RAMs are reported only once. 

DSP: Preliminary Mapping Report (see note below. The ' indicates corresponding REG is set)
+------------+--------------+--------+--------+--------+--------+--------+------+------+------+------+-------+------+------+
|Module Name | DSP Mapping  | A Size | B Size | C Size | D Size | P Size | AREG | BREG | CREG | DREG | ADREG | MREG | PREG | 
+------------+--------------+--------+--------+--------+--------+--------+------+------+------+------+-------+------+------+
|mirror      | C+A*(B:0xf0) | 10     | 8      | 11     | -      | 17     | 0    | 0    | 0    | -    | -     | 0    | 1    | 
+------------+--------------+--------+--------+--------+--------+--------+------+------+------+------+-------+------+------+

Note: The table above is a preliminary report that shows the DSPs inferred at the current stage of the synthesis flow. Some DSP may be reimplemented as non DSP primitives later in the synthesis flow. Multiple instantiated DSPs are reported only once.
---------------------------------------------------------------------------------
Finished ROM, RAM, DSP, Shift Register and Retiming Reporting
---------------------------------------------------------------------------------
---------------------------------------------------------------------------------
Start Applying XDC Timing Constraints
---------------------------------------------------------------------------------
---------------------------------------------------------------------------------
Finished Applying XDC Timing Constraints : Time (s): cpu = 00:00:31 ; elapsed = 00:00:32 . Memory (MB): peak = 2661.004 ; gain = 64.020 ; free physical = 5536 ; free virtual = 15233
---------------------------------------------------------------------------------
---------------------------------------------------------------------------------
Start Timing Optimization
---------------------------------------------------------------------------------
---------------------------------------------------------------------------------
Finished Timing Optimization : Time (s): cpu = 00:00:31 ; elapsed = 00:00:32 . Memory (MB): peak = 2661.004 ; gain = 64.020 ; free physical = 5531 ; free virtual = 15229
---------------------------------------------------------------------------------
---------------------------------------------------------------------------------
Start ROM, RAM, DSP, Shift Register and Retiming Reporting
---------------------------------------------------------------------------------

Block RAM: Final Mapping Report
+------------+------------------------------------+------------------------+---+---+------------------------+---+---+------------------+--------+--------+
|Module Name | RTL Object                         | PORT A (Depth x Width) | W | R | PORT B (Depth x Width) | W | R | Ports driving FF | RAMB18 | RAMB36 | 
+------------+------------------------------------+------------------------+---+---+------------------------+---+---+------------------+--------+--------+
|top_level   | stream_input/frame_buffer/BRAM_reg | 75 K x 16(NO_CHANGE)   | W |   | 75 K x 16(WRITE_FIRST) |   | R | Port A and B     | 0      | 48     | 
+------------+------------------------------------+------------------------+---+---+------------------------+---+---+------------------+--------+--------+

---------------------------------------------------------------------------------
Finished ROM, RAM, DSP, Shift Register and Retiming Reporting
---------------------------------------------------------------------------------
---------------------------------------------------------------------------------
Start Technology Mapping
---------------------------------------------------------------------------------
INFO: [Synth 8-7052] The timing for the instance stream_input/frame_buffer/BRAM_reg_1_0 (implemented as a Block RAM) might be sub-optimal as no optional output register could be merged into the ram block. Providing additional output register may help in improving timing.
INFO: [Synth 8-7052] The timing for the instance stream_input/frame_buffer/BRAM_reg_1_1 (implemented as a Block RAM) might be sub-optimal as no optional output register could be merged into the ram block. Providing additional output register may help in improving timing.
INFO: [Synth 8-7052] The timing for the instance stream_input/frame_buffer/BRAM_reg_1_2 (implemented as a Block RAM) might be sub-optimal as no optional output register could be merged into the ram block. Providing additional output register may help in improving timing.
INFO: [Synth 8-7052] The timing for the instance stream_input/frame_buffer/BRAM_reg_1_3 (implemented as a Block RAM) might be sub-optimal as no optional output register could be merged into the ram block. Providing additional output register may help in improving timing.
INFO: [Synth 8-7052] The timing for the instance stream_input/frame_buffer/BRAM_reg_1_4 (implemented as a Block RAM) might be sub-optimal as no optional output register could be merged into the ram block. Providing additional output register may help in improving timing.
INFO: [Synth 8-7052] The timing for the instance stream_input/frame_buffer/BRAM_reg_1_5 (implemented as a Block RAM) might be sub-optimal as no optional output register could be merged into the ram block. Providing additional output register may help in improving timing.
INFO: [Synth 8-7052] The timing for the instance stream_input/frame_buffer/BRAM_reg_1_6 (implemented as a Block RAM) might be sub-optimal as no optional output register could be merged into the ram block. Providing additional output register may help in improving timing.
INFO: [Synth 8-7052] The timing for the instance stream_input/frame_buffer/BRAM_reg_1_7 (implemented as a Block RAM) might be sub-optimal as no optional output register could be merged into the ram block. Providing additional output register may help in improving timing.
INFO: [Synth 8-7052] The timing for the instance stream_input/frame_buffer/BRAM_reg_1_8 (implemented as a Block RAM) might be sub-optimal as no optional output register could be merged into the ram block. Providing additional output register may help in improving timing.
INFO: [Synth 8-7052] The timing for the instance stream_input/frame_buffer/BRAM_reg_1_9 (implemented as a Block RAM) might be sub-optimal as no optional output register could be merged into the ram block. Providing additional output register may help in improving timing.
INFO: [Synth 8-7052] The timing for the instance stream_input/frame_buffer/BRAM_reg_1_10 (implemented as a Block RAM) might be sub-optimal as no optional output register could be merged into the ram block. Providing additional output register may help in improving timing.
INFO: [Synth 8-7052] The timing for the instance stream_input/frame_buffer/BRAM_reg_1_11 (implemented as a Block RAM) might be sub-optimal as no optional output register could be merged into the ram block. Providing additional output register may help in improving timing.
INFO: [Synth 8-7052] The timing for the instance stream_input/frame_buffer/BRAM_reg_1_12 (implemented as a Block RAM) might be sub-optimal as no optional output register could be merged into the ram block. Providing additional output register may help in improving timing.
INFO: [Synth 8-7052] The timing for the instance stream_input/frame_buffer/BRAM_reg_1_13 (implemented as a Block RAM) might be sub-optimal as no optional output register could be merged into the ram block. Providing additional output register may help in improving timing.
INFO: [Synth 8-7052] The timing for the instance stream_input/frame_buffer/BRAM_reg_1_14 (implemented as a Block RAM) might be sub-optimal as no optional output register could be merged into the ram block. Providing additional output register may help in improving timing.
INFO: [Synth 8-7052] The timing for the instance stream_input/frame_buffer/BRAM_reg_1_15 (implemented as a Block RAM) might be sub-optimal as no optional output register could be merged into the ram block. Providing additional output register may help in improving timing.
INFO: [Synth 8-7052] The timing for the instance stream_input/frame_buffer/BRAM_reg_1_0__0 (implemented as a Block RAM) might be sub-optimal as no optional output register could be merged into the ram block. Providing additional output register may help in improving timing.
INFO: [Synth 8-7052] The timing for the instance stream_input/frame_buffer/BRAM_reg_1_1__0 (implemented as a Block RAM) might be sub-optimal as no optional output register could be merged into the ram block. Providing additional output register may help in improving timing.
INFO: [Synth 8-7052] The timing for the instance stream_input/frame_buffer/BRAM_reg_1_2__0 (implemented as a Block RAM) might be sub-optimal as no optional output register could be merged into the ram block. Providing additional output register may help in improving timing.
INFO: [Synth 8-7052] The timing for the instance stream_input/frame_buffer/BRAM_reg_1_3__0 (implemented as a Block RAM) might be sub-optimal as no optional output register could be merged into the ram block. Providing additional output register may help in improving timing.
INFO: [Synth 8-7052] The timing for the instance stream_input/frame_buffer/BRAM_reg_1_4__0 (implemented as a Block RAM) might be sub-optimal as no optional output register could be merged into the ram block. Providing additional output register may help in improving timing.
INFO: [Synth 8-7052] The timing for the instance stream_input/frame_buffer/BRAM_reg_1_5__0 (implemented as a Block RAM) might be sub-optimal as no optional output register could be merged into the ram block. Providing additional output register may help in improving timing.
INFO: [Synth 8-7052] The timing for the instance stream_input/frame_buffer/BRAM_reg_1_6__0 (implemented as a Block RAM) might be sub-optimal as no optional output register could be merged into the ram block. Providing additional output register may help in improving timing.
INFO: [Synth 8-7052] The timing for the instance stream_input/frame_buffer/BRAM_reg_1_7__0 (implemented as a Block RAM) might be sub-optimal as no optional output register could be merged into the ram block. Providing additional output register may help in improving timing.
INFO: [Synth 8-7052] The timing for the instance stream_input/frame_buffer/BRAM_reg_1_8__0 (implemented as a Block RAM) might be sub-optimal as no optional output register could be merged into the ram block. Providing additional output register may help in improving timing.
INFO: [Synth 8-7052] The timing for the instance stream_input/frame_buffer/BRAM_reg_1_9__0 (implemented as a Block RAM) might be sub-optimal as no optional output register could be merged into the ram block. Providing additional output register may help in improving timing.
INFO: [Synth 8-7052] The timing for the instance stream_input/frame_buffer/BRAM_reg_1_10__0 (implemented as a Block RAM) might be sub-optimal as no optional output register could be merged into the ram block. Providing additional output register may help in improving timing.
INFO: [Synth 8-7052] The timing for the instance stream_input/frame_buffer/BRAM_reg_1_11__0 (implemented as a Block RAM) might be sub-optimal as no optional output register could be merged into the ram block. Providing additional output register may help in improving timing.
INFO: [Synth 8-7052] The timing for the instance stream_input/frame_buffer/BRAM_reg_1_12__0 (implemented as a Block RAM) might be sub-optimal as no optional output register could be merged into the ram block. Providing additional output register may help in improving timing.
INFO: [Synth 8-7052] The timing for the instance stream_input/frame_buffer/BRAM_reg_1_13__0 (implemented as a Block RAM) might be sub-optimal as no optional output register could be merged into the ram block. Providing additional output register may help in improving timing.
INFO: [Synth 8-7052] The timing for the instance stream_input/frame_buffer/BRAM_reg_1_14__0 (implemented as a Block RAM) might be sub-optimal as no optional output register could be merged into the ram block. Providing additional output register may help in improving timing.
INFO: [Synth 8-7052] The timing for the instance stream_input/frame_buffer/BRAM_reg_1_15__0 (implemented as a Block RAM) might be sub-optimal as no optional output register could be merged into the ram block. Providing additional output register may help in improving timing.
---------------------------------------------------------------------------------
Finished Technology Mapping : Time (s): cpu = 00:00:32 ; elapsed = 00:00:33 . Memory (MB): peak = 2661.004 ; gain = 64.020 ; free physical = 5538 ; free virtual = 15235
---------------------------------------------------------------------------------
---------------------------------------------------------------------------------
Start IO Insertion
---------------------------------------------------------------------------------
---------------------------------------------------------------------------------
Start Flattening Before IO Insertion
---------------------------------------------------------------------------------
---------------------------------------------------------------------------------
Finished Flattening Before IO Insertion
---------------------------------------------------------------------------------
---------------------------------------------------------------------------------
Start Final Netlist Cleanup
---------------------------------------------------------------------------------
---------------------------------------------------------------------------------
Finished Final Netlist Cleanup
---------------------------------------------------------------------------------
---------------------------------------------------------------------------------
Finished IO Insertion : Time (s): cpu = 00:00:35 ; elapsed = 00:00:36 . Memory (MB): peak = 2661.004 ; gain = 64.020 ; free physical = 5537 ; free virtual = 15235
---------------------------------------------------------------------------------
---------------------------------------------------------------------------------
Start Renaming Generated Instances
---------------------------------------------------------------------------------
---------------------------------------------------------------------------------
Finished Renaming Generated Instances : Time (s): cpu = 00:00:35 ; elapsed = 00:00:36 . Memory (MB): peak = 2661.004 ; gain = 64.020 ; free physical = 5537 ; free virtual = 15235
---------------------------------------------------------------------------------
---------------------------------------------------------------------------------
Start Rebuilding User Hierarchy
---------------------------------------------------------------------------------
---------------------------------------------------------------------------------
Finished Rebuilding User Hierarchy : Time (s): cpu = 00:00:35 ; elapsed = 00:00:36 . Memory (MB): peak = 2661.004 ; gain = 64.020 ; free physical = 5538 ; free virtual = 15235
---------------------------------------------------------------------------------
---------------------------------------------------------------------------------
Start Renaming Generated Ports
---------------------------------------------------------------------------------
---------------------------------------------------------------------------------
Finished Renaming Generated Ports : Time (s): cpu = 00:00:35 ; elapsed = 00:00:36 . Memory (MB): peak = 2661.004 ; gain = 64.020 ; free physical = 5538 ; free virtual = 15235
---------------------------------------------------------------------------------
---------------------------------------------------------------------------------
Start Handling Custom Attributes
---------------------------------------------------------------------------------
---------------------------------------------------------------------------------
Finished Handling Custom Attributes : Time (s): cpu = 00:00:35 ; elapsed = 00:00:36 . Memory (MB): peak = 2661.004 ; gain = 64.020 ; free physical = 5539 ; free virtual = 15236
---------------------------------------------------------------------------------
---------------------------------------------------------------------------------
Start Renaming Generated Nets
---------------------------------------------------------------------------------
---------------------------------------------------------------------------------
Finished Renaming Generated Nets : Time (s): cpu = 00:00:35 ; elapsed = 00:00:36 . Memory (MB): peak = 2661.004 ; gain = 64.020 ; free physical = 5539 ; free virtual = 15236
---------------------------------------------------------------------------------
---------------------------------------------------------------------------------
Start ROM, RAM, DSP, Shift Register and Retiming Reporting
---------------------------------------------------------------------------------

Static Shift Register Report:
+------------+-------------------------------------------------+--------+-------+--------------+--------------------+-------------------+--------+---------+
|Module Name | RTL Name                                        | Length | Width | Reset Signal | Pull out first Reg | Pull out last Reg | SRL16E | SRLC32E | 
+------------+-------------------------------------------------+--------+-------+--------------+--------------------+-------------------+--------+---------+
|top_level   | ethernet/destandsource/destination_addr_reg[47] | 24     | 2     | NO           | NO                 | YES               | 0      | 2       | 
|top_level   | ethernet/destandsource/source_addr_reg[47]      | 24     | 2     | NO           | NO                 | YES               | 0      | 2       | 
|top_level   | ethernet/destandsource/ethertype_reg[15]        | 8      | 2     | NO           | NO                 | YES               | 2      | 0       | 
|top_level   | ethernet/ethernet_out/sfd_reg[1]                | 4      | 2     | NO           | NO                 | YES               | 2      | 0       | 
|top_level   | stream_input/hcount_pipe_reg[3][8]              | 4      | 9     | NO           | NO                 | YES               | 9      | 0       | 
|top_level   | stream_input/vcount_pipe_reg[3][9]              | 4      | 10    | NO           | NO                 | YES               | 10     | 0       | 
+------------+-------------------------------------------------+--------+-------+--------------+--------------------+-------------------+--------+---------+

---------------------------------------------------------------------------------
Finished ROM, RAM, DSP, Shift Register and Retiming Reporting
---------------------------------------------------------------------------------
---------------------------------------------------------------------------------
Start Writing Synthesis Report
---------------------------------------------------------------------------------

DSP Final Report (the ' indicates corresponding REG is set)
+------------+-------------+--------+--------+--------+--------+--------+------+------+------+------+-------+------+------+
|Module Name | DSP Mapping | A Size | B Size | C Size | D Size | P Size | AREG | BREG | CREG | DREG | ADREG | MREG | PREG | 
+------------+-------------+--------+--------+--------+--------+--------+------+------+------+------+-------+------+------+
|mirror      | (C'+A'*B)'  | 10     | 8      | 11     | -      | 17     | 1    | 0    | 0    | -    | -     | 0    | 1    | 
+------------+-------------+--------+--------+--------+--------+--------+------+------+------+------+-------+------+------+


Report BlackBoxes: 
+-+--------------+----------+
| |BlackBox name |Instances |
+-+--------------+----------+
+-+--------------+----------+

Report Cell Usage: 
+------+-----------+------+
|      |Cell       |Count |
+------+-----------+------+
|1     |BUFG       |     4|
|2     |CARRY4     |    82|
|3     |DSP48E1    |     1|
|4     |LUT1       |   122|
|5     |LUT2       |   166|
|6     |LUT3       |    71|
|7     |LUT4       |    80|
|8     |LUT5       |    60|
|9     |LUT6       |   329|
|10    |MMCME2_ADV |     1|
|11    |MUXF7      |    31|
|12    |MUXF8      |    10|
|13    |RAMB36E1   |    48|
|16    |SRL16E     |    23|
|17    |SRLC32E    |     4|
|18    |FDRE       |   624|
|19    |FDSE       |    60|
|20    |LD         |     4|
|21    |IBUF       |    14|
|22    |OBUF       |    38|
+------+-----------+------+
---------------------------------------------------------------------------------
Finished Writing Synthesis Report : Time (s): cpu = 00:00:35 ; elapsed = 00:00:36 . Memory (MB): peak = 2661.004 ; gain = 64.020 ; free physical = 5539 ; free virtual = 15236
---------------------------------------------------------------------------------
Synthesis finished with 0 errors, 0 critical warnings and 22 warnings.
Synthesis Optimization Runtime : Time (s): cpu = 00:00:33 ; elapsed = 00:00:34 . Memory (MB): peak = 2661.004 ; gain = 0.000 ; free physical = 5603 ; free virtual = 15301
Synthesis Optimization Complete : Time (s): cpu = 00:00:35 ; elapsed = 00:00:36 . Memory (MB): peak = 2661.004 ; gain = 64.020 ; free physical = 5603 ; free virtual = 15301
INFO: [Project 1-571] Translating synthesized netlist
Netlist sorting complete. Time (s): cpu = 00:00:00.02 ; elapsed = 00:00:00.01 . Memory (MB): peak = 2661.004 ; gain = 0.000 ; free physical = 5697 ; free virtual = 15394
INFO: [Netlist 29-17] Analyzing 177 Unisim elements for replacement
INFO: [Netlist 29-28] Unisim Transformation completed in 0 CPU seconds
INFO: [Project 1-570] Preparing netlist for logic optimization
Parsing XDC File [/tmp/tmp.9lVVAG/transmitting/xdc/top_level.xdc]
Finished Parsing XDC File [/tmp/tmp.9lVVAG/transmitting/xdc/top_level.xdc]
INFO: [Opt 31-138] Pushed 0 inverter(s) to 0 load pin(s).
Netlist sorting complete. Time (s): cpu = 00:00:00 ; elapsed = 00:00:00 . Memory (MB): peak = 2661.004 ; gain = 0.000 ; free physical = 5630 ; free virtual = 15327
INFO: [Project 1-111] Unisim Transformation Summary:
  A total of 4 instances were transformed.
  LD => LDCE: 4 instances

Synth Design complete, checksum: 8ebb7352
INFO: [Common 17-83] Releasing license: Synthesis
103 Infos, 30 Warnings, 0 Critical Warnings and 0 Errors encountered.
synth_design completed successfully
synth_design: Time (s): cpu = 00:00:45 ; elapsed = 00:00:42 . Memory (MB): peak = 2661.004 ; gain = 64.020 ; free physical = 5850 ; free virtual = 15547
# opt_design;
Command: opt_design
Attempting to get a license for feature 'Implementation' and/or device 'xc7a100t'
INFO: [Common 17-349] Got license for feature 'Implementation' and/or device 'xc7a100t'
Running DRC as a precondition to command opt_design

Starting DRC Task
INFO: [DRC 23-27] Running DRC with 8 threads
INFO: [Project 1-461] DRC finished with 0 Errors
INFO: [Project 1-462] Please refer to the DRC report (report_drc) for more information.

Time (s): cpu = 00:00:01 ; elapsed = 00:00:00.85 . Memory (MB): peak = 2725.035 ; gain = 64.031 ; free physical = 5850 ; free virtual = 15548

Starting Cache Timing Information Task
INFO: [Timing 38-35] Done setting XDC timing constraints.
INFO: [Timing 38-2] Deriving generated clocks
Ending Cache Timing Information Task | Checksum: 1dce99349

Time (s): cpu = 00:00:03 ; elapsed = 00:00:02 . Memory (MB): peak = 2731.973 ; gain = 6.938 ; free physical = 5565 ; free virtual = 15262

Starting Logic Optimization Task

Phase 1 Retarget
INFO: [Opt 31-138] Pushed 4 inverter(s) to 64 load pin(s).
In IDDR TRANSFORM
INFO: [Opt 31-49] Retargeted 0 cell(s).
Phase 1 Retarget | Checksum: 24b021ed5

Time (s): cpu = 00:00:00.19 ; elapsed = 00:00:00.08 . Memory (MB): peak = 2949.910 ; gain = 0.000 ; free physical = 5347 ; free virtual = 15044
INFO: [Opt 31-389] Phase Retarget created 0 cells and removed 4 cells
INFO: [Opt 31-1021] In phase Retarget, 1 netlist objects are constrained preventing optimization. Please run opt_design with -debug_log to get more detail. 

Phase 2 Constant propagation
INFO: [Opt 31-138] Pushed 0 inverter(s) to 0 load pin(s).
Phase 2 Constant propagation | Checksum: 22e31b4f5

Time (s): cpu = 00:00:00.2 ; elapsed = 00:00:00.1 . Memory (MB): peak = 2949.910 ; gain = 0.000 ; free physical = 5347 ; free virtual = 15044
INFO: [Opt 31-389] Phase Constant propagation created 0 cells and removed 0 cells

Phase 3 Sweep
Phase 3 Sweep | Checksum: 25f427829

Time (s): cpu = 00:00:00.23 ; elapsed = 00:00:00.13 . Memory (MB): peak = 2949.910 ; gain = 0.000 ; free physical = 5347 ; free virtual = 15044
INFO: [Opt 31-389] Phase Sweep created 0 cells and removed 0 cells

Phase 4 BUFG optimization
Phase 4 BUFG optimization | Checksum: 25f427829

Time (s): cpu = 00:00:00.28 ; elapsed = 00:00:00.15 . Memory (MB): peak = 2981.926 ; gain = 32.016 ; free physical = 5347 ; free virtual = 15044
INFO: [Opt 31-662] Phase BUFG optimization created 0 cells of which 0 are BUFGs and removed 0 cells.

Phase 5 Shift Register Optimization
INFO: [Opt 31-1064] SRL Remap converted 0 SRLs to 0 registers and converted 0 registers of register chains to 0 SRLs
Phase 5 Shift Register Optimization | Checksum: 25f427829

Time (s): cpu = 00:00:00.28 ; elapsed = 00:00:00.16 . Memory (MB): peak = 2981.926 ; gain = 32.016 ; free physical = 5347 ; free virtual = 15044
INFO: [Opt 31-389] Phase Shift Register Optimization created 0 cells and removed 0 cells

Phase 6 Post Processing Netlist
Phase 6 Post Processing Netlist | Checksum: 25f427829

Time (s): cpu = 00:00:00.29 ; elapsed = 00:00:00.16 . Memory (MB): peak = 2981.926 ; gain = 32.016 ; free physical = 5347 ; free virtual = 15044
INFO: [Opt 31-389] Phase Post Processing Netlist created 0 cells and removed 0 cells
Opt_design Change Summary
=========================


-------------------------------------------------------------------------------------------------------------------------
|  Phase                        |  #Cells created  |  #Cells Removed  |  #Constrained objects preventing optimizations  |
-------------------------------------------------------------------------------------------------------------------------
|  Retarget                     |               0  |               4  |                                              1  |
|  Constant propagation         |               0  |               0  |                                              0  |
|  Sweep                        |               0  |               0  |                                              0  |
|  BUFG optimization            |               0  |               0  |                                              0  |
|  Shift Register Optimization  |               0  |               0  |                                              0  |
|  Post Processing Netlist      |               0  |               0  |                                              0  |
-------------------------------------------------------------------------------------------------------------------------



Starting Connectivity Check Task

Time (s): cpu = 00:00:00.01 ; elapsed = 00:00:00 . Memory (MB): peak = 2981.926 ; gain = 0.000 ; free physical = 5347 ; free virtual = 15044
Ending Logic Optimization Task | Checksum: 17de5b334

Time (s): cpu = 00:00:00.32 ; elapsed = 00:00:00.2 . Memory (MB): peak = 2981.926 ; gain = 32.016 ; free physical = 5347 ; free virtual = 15044

Starting Power Optimization Task
INFO: [Pwropt 34-132] Skipping clock gating for clocks with a period < 2.00 ns.
INFO: [Timing 38-35] Done setting XDC timing constraints.
Running Vector-less Activity Propagation...

Finished Running Vector-less Activity Propagation
INFO: [Pwropt 34-9] Applying IDT optimizations ...
INFO: [Pwropt 34-10] Applying ODC optimizations ...


Starting PowerOpt Patch Enables Task
INFO: [Pwropt 34-162] WRITE_MODE attribute of 0 BRAM(s) out of a total of 48 has been updated to save power. Run report_power_opt to get a complete listing of the BRAMs updated.
INFO: [Timing 38-35] Done setting XDC timing constraints.
INFO: [Pwropt 34-201] Structural ODC has moved 16 WE to EN ports
Number of BRAM Ports augmented: 48 newly gated: 16 Total Ports: 96
Number of Flops added for Enable Generation: 1

Ending PowerOpt Patch Enables Task | Checksum: 23c947871

Time (s): cpu = 00:00:00.35 ; elapsed = 00:00:00.24 . Memory (MB): peak = 3157.980 ; gain = 0.000 ; free physical = 5543 ; free virtual = 15241
Ending Power Optimization Task | Checksum: 23c947871

Time (s): cpu = 00:00:03 ; elapsed = 00:00:03 . Memory (MB): peak = 3157.980 ; gain = 176.055 ; free physical = 5550 ; free virtual = 15248

Starting Final Cleanup Task

Starting Logic Optimization Task
INFO: [Timing 38-35] Done setting XDC timing constraints.
Ending Logic Optimization Task | Checksum: 14354ad6a

Time (s): cpu = 00:00:00.41 ; elapsed = 00:00:00.19 . Memory (MB): peak = 3157.980 ; gain = 0.000 ; free physical = 5357 ; free virtual = 15055
Ending Final Cleanup Task | Checksum: 14354ad6a

Time (s): cpu = 00:00:02 ; elapsed = 00:00:02 . Memory (MB): peak = 3157.980 ; gain = 0.000 ; free physical = 5554 ; free virtual = 15251

Starting Netlist Obfuscation Task
Netlist sorting complete. Time (s): cpu = 00:00:00 ; elapsed = 00:00:00 . Memory (MB): peak = 3157.980 ; gain = 0.000 ; free physical = 5554 ; free virtual = 15251
Ending Netlist Obfuscation Task | Checksum: 14354ad6a

Time (s): cpu = 00:00:00 ; elapsed = 00:00:00.01 . Memory (MB): peak = 3157.980 ; gain = 0.000 ; free physical = 5554 ; free virtual = 15251
INFO: [Common 17-83] Releasing license: Implementation
26 Infos, 0 Warnings, 0 Critical Warnings and 0 Errors encountered.
opt_design completed successfully
opt_design: Time (s): cpu = 00:00:12 ; elapsed = 00:00:11 . Memory (MB): peak = 3157.980 ; gain = 496.977 ; free physical = 5554 ; free virtual = 15251
# place_design;
Command: place_design
Attempting to get a license for feature 'Implementation' and/or device 'xc7a100t'
INFO: [Common 17-349] Got license for feature 'Implementation' and/or device 'xc7a100t'
INFO: [Timing 38-35] Done setting XDC timing constraints.
INFO: [DRC 23-27] Running DRC with 8 threads
INFO: [Vivado_Tcl 4-198] DRC finished with 0 Errors
INFO: [Vivado_Tcl 4-199] Please refer to the DRC report (report_drc) for more information.
Running DRC as a precondition to command place_design
INFO: [DRC 23-27] Running DRC with 8 threads
INFO: [Vivado_Tcl 4-198] DRC finished with 0 Errors
INFO: [Vivado_Tcl 4-199] Please refer to the DRC report (report_drc) for more information.

Starting Placer Task
INFO: [Place 30-611] Multithreading enabled for place_design using a maximum of 8 CPUs

Phase 1 Placer Initialization

Phase 1.1 Placer Initialization Netlist Sorting
Netlist sorting complete. Time (s): cpu = 00:00:00 ; elapsed = 00:00:00 . Memory (MB): peak = 3157.980 ; gain = 0.000 ; free physical = 5514 ; free virtual = 15212
Phase 1.1 Placer Initialization Netlist Sorting | Checksum: fb49e6a6

Time (s): cpu = 00:00:00.01 ; elapsed = 00:00:00.03 . Memory (MB): peak = 3157.980 ; gain = 0.000 ; free physical = 5514 ; free virtual = 15212
Netlist sorting complete. Time (s): cpu = 00:00:00.01 ; elapsed = 00:00:00 . Memory (MB): peak = 3157.980 ; gain = 0.000 ; free physical = 5514 ; free virtual = 15212

Phase 1.2 IO Placement/ Clock Placement/ Build Placer Device
Phase 1.2 IO Placement/ Clock Placement/ Build Placer Device | Checksum: 133bab6ea

Time (s): cpu = 00:00:00.47 ; elapsed = 00:00:00.28 . Memory (MB): peak = 3157.980 ; gain = 0.000 ; free physical = 5537 ; free virtual = 15234

Phase 1.3 Build Placer Netlist Model
Phase 1.3 Build Placer Netlist Model | Checksum: 198ec8f24

Time (s): cpu = 00:00:01 ; elapsed = 00:00:00.65 . Memory (MB): peak = 3157.980 ; gain = 0.000 ; free physical = 5547 ; free virtual = 15244

Phase 1.4 Constrain Clocks/Macros
Phase 1.4 Constrain Clocks/Macros | Checksum: 198ec8f24

Time (s): cpu = 00:00:01 ; elapsed = 00:00:00.66 . Memory (MB): peak = 3157.980 ; gain = 0.000 ; free physical = 5547 ; free virtual = 15244
Phase 1 Placer Initialization | Checksum: 198ec8f24

Time (s): cpu = 00:00:01 ; elapsed = 00:00:00.67 . Memory (MB): peak = 3157.980 ; gain = 0.000 ; free physical = 5547 ; free virtual = 15244

Phase 2 Global Placement

Phase 2.1 Floorplanning
Phase 2.1 Floorplanning | Checksum: 1cfed7ac4

Time (s): cpu = 00:00:01 ; elapsed = 00:00:00.8 . Memory (MB): peak = 3157.980 ; gain = 0.000 ; free physical = 5529 ; free virtual = 15227

Phase 2.2 Update Timing before SLR Path Opt
Phase 2.2 Update Timing before SLR Path Opt | Checksum: 159125a8e

Time (s): cpu = 00:00:02 ; elapsed = 00:00:00.87 . Memory (MB): peak = 3157.980 ; gain = 0.000 ; free physical = 5542 ; free virtual = 15239

Phase 2.3 Post-Processing in Floorplanning
Phase 2.3 Post-Processing in Floorplanning | Checksum: 159125a8e

Time (s): cpu = 00:00:02 ; elapsed = 00:00:00.87 . Memory (MB): peak = 3157.980 ; gain = 0.000 ; free physical = 5542 ; free virtual = 15239

Phase 2.4 Global Placement Core

Phase 2.4.1 Physical Synthesis In Placer
INFO: [Physopt 32-1035] Found 0 LUTNM shape to break, 123 LUT instances to create LUTNM shape
INFO: [Physopt 32-1044] Break lutnm for timing: one critical 0, two critical 0, total 0, new lutff created 0
INFO: [Physopt 32-1138] End 1 Pass. Optimized 54 nets or LUTs. Breaked 0 LUT, combined 54 existing LUTs and moved 0 existing LUT
INFO: [Physopt 32-65] No nets found for high-fanout optimization.
INFO: [Physopt 32-232] Optimized 0 net. Created 0 new instance.
INFO: [Physopt 32-775] End 1 Pass. Optimized 0 net or cell. Created 0 new cell, deleted 0 existing cell and moved 0 existing cell
INFO: [Physopt 32-670] No setup violation found.  DSP Register Optimization was not performed.
INFO: [Physopt 32-670] No setup violation found.  Shift Register to Pipeline Optimization was not performed.
INFO: [Physopt 32-670] No setup violation found.  Shift Register Optimization was not performed.
INFO: [Physopt 32-670] No setup violation found.  BRAM Register Optimization was not performed.
INFO: [Physopt 32-670] No setup violation found.  URAM Register Optimization was not performed.
INFO: [Physopt 32-949] No candidate nets found for dynamic/static region interface net replication
INFO: [Physopt 32-775] End 1 Pass. Optimized 0 net or cell. Created 0 new cell, deleted 0 existing cell and moved 0 existing cell
Netlist sorting complete. Time (s): cpu = 00:00:00 ; elapsed = 00:00:00 . Memory (MB): peak = 3157.980 ; gain = 0.000 ; free physical = 5513 ; free virtual = 15210

Summary of Physical Synthesis Optimizations
============================================


-----------------------------------------------------------------------------------------------------------------------------------------------------------
|  Optimization                                     |  Added Cells  |  Removed Cells  |  Optimized Cells/Nets  |  Dont Touch  |  Iterations  |  Elapsed   |
-----------------------------------------------------------------------------------------------------------------------------------------------------------
|  LUT Combining                                    |            0  |             54  |                    54  |           0  |           1  |  00:00:00  |
|  Retime                                           |            0  |              0  |                     0  |           0  |           1  |  00:00:00  |
|  Very High Fanout                                 |            0  |              0  |                     0  |           0  |           1  |  00:00:00  |
|  DSP Register                                     |            0  |              0  |                     0  |           0  |           0  |  00:00:00  |
|  Shift Register to Pipeline                       |            0  |              0  |                     0  |           0  |           0  |  00:00:00  |
|  Shift Register                                   |            0  |              0  |                     0  |           0  |           0  |  00:00:00  |
|  BRAM Register                                    |            0  |              0  |                     0  |           0  |           0  |  00:00:00  |
|  URAM Register                                    |            0  |              0  |                     0  |           0  |           0  |  00:00:00  |
|  Dynamic/Static Region Interface Net Replication  |            0  |              0  |                     0  |           0  |           1  |  00:00:00  |
|  Total                                            |            0  |             54  |                    54  |           0  |           4  |  00:00:00  |
-----------------------------------------------------------------------------------------------------------------------------------------------------------


Phase 2.4.1 Physical Synthesis In Placer | Checksum: 19f2b9e47

Time (s): cpu = 00:00:07 ; elapsed = 00:00:03 . Memory (MB): peak = 3157.980 ; gain = 0.000 ; free physical = 5513 ; free virtual = 15210
Phase 2.4 Global Placement Core | Checksum: 1b3b31299

Time (s): cpu = 00:00:07 ; elapsed = 00:00:03 . Memory (MB): peak = 3157.980 ; gain = 0.000 ; free physical = 5512 ; free virtual = 15209
Phase 2 Global Placement | Checksum: 1b3b31299

Time (s): cpu = 00:00:07 ; elapsed = 00:00:03 . Memory (MB): peak = 3157.980 ; gain = 0.000 ; free physical = 5513 ; free virtual = 15210

Phase 3 Detail Placement

Phase 3.1 Commit Multi Column Macros
Phase 3.1 Commit Multi Column Macros | Checksum: 10499fff2

Time (s): cpu = 00:00:07 ; elapsed = 00:00:04 . Memory (MB): peak = 3157.980 ; gain = 0.000 ; free physical = 5513 ; free virtual = 15210

Phase 3.2 Commit Most Macros & LUTRAMs
Phase 3.2 Commit Most Macros & LUTRAMs | Checksum: 168902ba8

Time (s): cpu = 00:00:07 ; elapsed = 00:00:04 . Memory (MB): peak = 3157.980 ; gain = 0.000 ; free physical = 5513 ; free virtual = 15211

Phase 3.3 Area Swap Optimization
Phase 3.3 Area Swap Optimization | Checksum: 194a47adc

Time (s): cpu = 00:00:07 ; elapsed = 00:00:04 . Memory (MB): peak = 3157.980 ; gain = 0.000 ; free physical = 5513 ; free virtual = 15211

Phase 3.4 Pipeline Register Optimization
Phase 3.4 Pipeline Register Optimization | Checksum: 1d05d0ec9

Time (s): cpu = 00:00:07 ; elapsed = 00:00:04 . Memory (MB): peak = 3157.980 ; gain = 0.000 ; free physical = 5513 ; free virtual = 15211

Phase 3.5 Small Shape Detail Placement
Phase 3.5 Small Shape Detail Placement | Checksum: 19a211cd5

Time (s): cpu = 00:00:08 ; elapsed = 00:00:04 . Memory (MB): peak = 3157.980 ; gain = 0.000 ; free physical = 5510 ; free virtual = 15208

Phase 3.6 Re-assign LUT pins
Phase 3.6 Re-assign LUT pins | Checksum: 1fa8795f7

Time (s): cpu = 00:00:08 ; elapsed = 00:00:04 . Memory (MB): peak = 3157.980 ; gain = 0.000 ; free physical = 5510 ; free virtual = 15208

Phase 3.7 Pipeline Register Optimization
Phase 3.7 Pipeline Register Optimization | Checksum: 146d10a0c

Time (s): cpu = 00:00:08 ; elapsed = 00:00:04 . Memory (MB): peak = 3157.980 ; gain = 0.000 ; free physical = 5510 ; free virtual = 15208
Phase 3 Detail Placement | Checksum: 146d10a0c

Time (s): cpu = 00:00:08 ; elapsed = 00:00:04 . Memory (MB): peak = 3157.980 ; gain = 0.000 ; free physical = 5510 ; free virtual = 15208

Phase 4 Post Placement Optimization and Clean-Up

Phase 4.1 Post Commit Optimization
INFO: [Timing 38-35] Done setting XDC timing constraints.

Phase 4.1.1 Post Placement Optimization
Post Placement Optimization Initialization | Checksum: 119feb277

Phase 4.1.1.1 BUFG Insertion

Starting Physical Synthesis Task

Phase 1 Physical Synthesis Initialization
INFO: [Physopt 32-721] Multithreading enabled for phys_opt_design using a maximum of 8 CPUs
INFO: [Physopt 32-619] Estimated Timing Summary | WNS=11.857 | TNS=0.000 |
Phase 1 Physical Synthesis Initialization | Checksum: dfab33a4

Time (s): cpu = 00:00:00.25 ; elapsed = 00:00:00.06 . Memory (MB): peak = 3157.980 ; gain = 0.000 ; free physical = 5508 ; free virtual = 15206
INFO: [Place 46-56] BUFG insertion identified 0 candidate nets. Inserted BUFG: 0, Replicated BUFG Driver: 0, Skipped due to Placement/Routing Conflicts: 0, Skipped due to Timing Degradation: 0, Skipped due to Illegal Netlist: 0.
Ending Physical Synthesis Task | Checksum: 118b9253a

Time (s): cpu = 00:00:00.27 ; elapsed = 00:00:00.07 . Memory (MB): peak = 3157.980 ; gain = 0.000 ; free physical = 5508 ; free virtual = 15206
Phase 4.1.1.1 BUFG Insertion | Checksum: 119feb277

Time (s): cpu = 00:00:09 ; elapsed = 00:00:05 . Memory (MB): peak = 3157.980 ; gain = 0.000 ; free physical = 5508 ; free virtual = 15206

Phase 4.1.1.2 Post Placement Timing Optimization
INFO: [Place 30-746] Post Placement Timing Summary WNS=11.857. For the most accurate timing information please run report_timing.
Phase 4.1.1.2 Post Placement Timing Optimization | Checksum: 16f5e697d

Time (s): cpu = 00:00:09 ; elapsed = 00:00:05 . Memory (MB): peak = 3157.980 ; gain = 0.000 ; free physical = 5508 ; free virtual = 15206

Time (s): cpu = 00:00:09 ; elapsed = 00:00:05 . Memory (MB): peak = 3157.980 ; gain = 0.000 ; free physical = 5508 ; free virtual = 15206
Phase 4.1 Post Commit Optimization | Checksum: 16f5e697d

Time (s): cpu = 00:00:09 ; elapsed = 00:00:05 . Memory (MB): peak = 3157.980 ; gain = 0.000 ; free physical = 5508 ; free virtual = 15206

Phase 4.2 Post Placement Cleanup
Phase 4.2 Post Placement Cleanup | Checksum: 16f5e697d

Time (s): cpu = 00:00:09 ; elapsed = 00:00:05 . Memory (MB): peak = 3157.980 ; gain = 0.000 ; free physical = 5508 ; free virtual = 15206

Phase 4.3 Placer Reporting

Phase 4.3.1 Print Estimated Congestion
INFO: [Place 30-612] Post-Placement Estimated Congestion 
 ____________________________________________________
|           | Global Congestion | Short Congestion  |
| Direction | Region Size       | Region Size       |
|___________|___________________|___________________|
|      North|                1x1|                1x1|
|___________|___________________|___________________|
|      South|                1x1|                1x1|
|___________|___________________|___________________|
|       East|                1x1|                1x1|
|___________|___________________|___________________|
|       West|                1x1|                1x1|
|___________|___________________|___________________|

Phase 4.3.1 Print Estimated Congestion | Checksum: 16f5e697d

Time (s): cpu = 00:00:09 ; elapsed = 00:00:05 . Memory (MB): peak = 3157.980 ; gain = 0.000 ; free physical = 5509 ; free virtual = 15206
Phase 4.3 Placer Reporting | Checksum: 16f5e697d

Time (s): cpu = 00:00:09 ; elapsed = 00:00:05 . Memory (MB): peak = 3157.980 ; gain = 0.000 ; free physical = 5509 ; free virtual = 15206

Phase 4.4 Final Placement Cleanup
Netlist sorting complete. Time (s): cpu = 00:00:00 ; elapsed = 00:00:00 . Memory (MB): peak = 3157.980 ; gain = 0.000 ; free physical = 5509 ; free virtual = 15206

Time (s): cpu = 00:00:09 ; elapsed = 00:00:05 . Memory (MB): peak = 3157.980 ; gain = 0.000 ; free physical = 5509 ; free virtual = 15206
Phase 4 Post Placement Optimization and Clean-Up | Checksum: 1948c22b4

Time (s): cpu = 00:00:09 ; elapsed = 00:00:05 . Memory (MB): peak = 3157.980 ; gain = 0.000 ; free physical = 5509 ; free virtual = 15206
Ending Placer Task | Checksum: f5dc17ad

Time (s): cpu = 00:00:09 ; elapsed = 00:00:05 . Memory (MB): peak = 3157.980 ; gain = 0.000 ; free physical = 5509 ; free virtual = 15206
INFO: [Common 17-83] Releasing license: Implementation
29 Infos, 0 Warnings, 0 Critical Warnings and 0 Errors encountered.
place_design completed successfully
place_design: Time (s): cpu = 00:00:11 ; elapsed = 00:00:06 . Memory (MB): peak = 3157.980 ; gain = 0.000 ; free physical = 5536 ; free virtual = 15233
# phys_opt_design
Command: phys_opt_design
Attempting to get a license for feature 'Implementation' and/or device 'xc7a100t'
INFO: [Common 17-349] Got license for feature 'Implementation' and/or device 'xc7a100t'
INFO: [Vivado_Tcl 4-383] Design worst setup slack (WNS) is greater than or equal to 0.000 ns. Skipping all physical synthesis optimizations.
INFO: [Vivado_Tcl 4-232] No setup violation found. The netlist was not modified.
INFO: [Common 17-83] Releasing license: Implementation
4 Infos, 0 Warnings, 0 Critical Warnings and 0 Errors encountered.
phys_opt_design completed successfully
# route_design
Command: route_design
Attempting to get a license for feature 'Implementation' and/or device 'xc7a100t'
INFO: [Common 17-349] Got license for feature 'Implementation' and/or device 'xc7a100t'
Running DRC as a precondition to command route_design
INFO: [DRC 23-27] Running DRC with 8 threads
INFO: [Vivado_Tcl 4-198] DRC finished with 0 Errors
INFO: [Vivado_Tcl 4-199] Please refer to the DRC report (report_drc) for more information.


Starting Routing Task
INFO: [Route 35-254] Multithreading enabled for route_design using a maximum of 8 CPUs

Phase 1 Build RT Design
Checksum: PlaceDB: 825e4597 ConstDB: 0 ShapeSum: 737dd216 RouteDB: 0
Post Restoration Checksum: NetGraph: f9b39dd0 NumContArr: de255912 Constraints: 0 Timing: 0
Phase 1 Build RT Design | Checksum: 1d7d8f6e2

Time (s): cpu = 00:00:26 ; elapsed = 00:00:22 . Memory (MB): peak = 3157.980 ; gain = 0.000 ; free physical = 5385 ; free virtual = 15082

Phase 2 Router Initialization

Phase 2.1 Fix Topology Constraints
Phase 2.1 Fix Topology Constraints | Checksum: 1d7d8f6e2

Time (s): cpu = 00:00:26 ; elapsed = 00:00:22 . Memory (MB): peak = 3157.980 ; gain = 0.000 ; free physical = 5351 ; free virtual = 15048

Phase 2.2 Pre Route Cleanup
Phase 2.2 Pre Route Cleanup | Checksum: 1d7d8f6e2

Time (s): cpu = 00:00:26 ; elapsed = 00:00:22 . Memory (MB): peak = 3157.980 ; gain = 0.000 ; free physical = 5351 ; free virtual = 15048
 Number of Nodes with overlaps = 0

Phase 2.3 Update Timing
Phase 2.3 Update Timing | Checksum: 15e77e12a

Time (s): cpu = 00:00:28 ; elapsed = 00:00:23 . Memory (MB): peak = 3157.980 ; gain = 0.000 ; free physical = 5339 ; free virtual = 15037
INFO: [Route 35-416] Intermediate Timing Summary | WNS=11.850 | TNS=0.000  | WHS=-0.150 | THS=-16.420|


Router Utilization Summary
  Global Vertical Routing Utilization    = 0.000391696 %
  Global Horizontal Routing Utilization  = 0 %
  Routable Net Status*
  *Does not include unroutable nets such as driverless and loadless.
  Run report_route_status for detailed report.
  Number of Failed Nets               = 1402
    (Failed Nets is the sum of unrouted and partially routed nets)
  Number of Unrouted Nets             = 1394
  Number of Partially Routed Nets     = 8
  Number of Node Overlaps             = 15

Phase 2 Router Initialization | Checksum: d92f04cc

Time (s): cpu = 00:00:28 ; elapsed = 00:00:24 . Memory (MB): peak = 3157.980 ; gain = 0.000 ; free physical = 5336 ; free virtual = 15033

Phase 3 Initial Routing

Phase 3.1 Global Routing
Phase 3.1 Global Routing | Checksum: d92f04cc

Time (s): cpu = 00:00:28 ; elapsed = 00:00:24 . Memory (MB): peak = 3157.980 ; gain = 0.000 ; free physical = 5336 ; free virtual = 15033
Phase 3 Initial Routing | Checksum: 1f2e49836

Time (s): cpu = 00:00:30 ; elapsed = 00:00:24 . Memory (MB): peak = 3157.980 ; gain = 0.000 ; free physical = 5337 ; free virtual = 15034

Phase 4 Rip-up And Reroute

Phase 4.1 Global Iteration 0
 Number of Nodes with overlaps = 78
 Number of Nodes with overlaps = 0
INFO: [Route 35-416] Intermediate Timing Summary | WNS=9.092  | TNS=0.000  | WHS=N/A    | THS=N/A    |

Phase 4.1 Global Iteration 0 | Checksum: 10b9bcb78

Time (s): cpu = 00:00:31 ; elapsed = 00:00:24 . Memory (MB): peak = 3157.980 ; gain = 0.000 ; free physical = 5333 ; free virtual = 15030

Phase 4.2 Global Iteration 1
 Number of Nodes with overlaps = 0
INFO: [Route 35-416] Intermediate Timing Summary | WNS=9.092  | TNS=0.000  | WHS=N/A    | THS=N/A    |

Phase 4.2 Global Iteration 1 | Checksum: 17c0b910d

Time (s): cpu = 00:00:31 ; elapsed = 00:00:24 . Memory (MB): peak = 3157.980 ; gain = 0.000 ; free physical = 5335 ; free virtual = 15033
Phase 4 Rip-up And Reroute | Checksum: 17c0b910d

Time (s): cpu = 00:00:31 ; elapsed = 00:00:24 . Memory (MB): peak = 3157.980 ; gain = 0.000 ; free physical = 5335 ; free virtual = 15033

Phase 5 Delay and Skew Optimization

Phase 5.1 Delay CleanUp
Phase 5.1 Delay CleanUp | Checksum: 17c0b910d

Time (s): cpu = 00:00:31 ; elapsed = 00:00:24 . Memory (MB): peak = 3157.980 ; gain = 0.000 ; free physical = 5335 ; free virtual = 15033

Phase 5.2 Clock Skew Optimization
Phase 5.2 Clock Skew Optimization | Checksum: 17c0b910d

Time (s): cpu = 00:00:31 ; elapsed = 00:00:25 . Memory (MB): peak = 3157.980 ; gain = 0.000 ; free physical = 5335 ; free virtual = 15033
Phase 5 Delay and Skew Optimization | Checksum: 17c0b910d

Time (s): cpu = 00:00:31 ; elapsed = 00:00:25 . Memory (MB): peak = 3157.980 ; gain = 0.000 ; free physical = 5335 ; free virtual = 15033

Phase 6 Post Hold Fix

Phase 6.1 Hold Fix Iter

Phase 6.1.1 Update Timing
Phase 6.1.1 Update Timing | Checksum: c8b8f822

Time (s): cpu = 00:00:31 ; elapsed = 00:00:25 . Memory (MB): peak = 3157.980 ; gain = 0.000 ; free physical = 5335 ; free virtual = 15033
INFO: [Route 35-416] Intermediate Timing Summary | WNS=9.172  | TNS=0.000  | WHS=0.102  | THS=0.000  |

Phase 6.1 Hold Fix Iter | Checksum: 147cc7dc6

Time (s): cpu = 00:00:31 ; elapsed = 00:00:25 . Memory (MB): peak = 3157.980 ; gain = 0.000 ; free physical = 5335 ; free virtual = 15033
Phase 6 Post Hold Fix | Checksum: 147cc7dc6

Time (s): cpu = 00:00:31 ; elapsed = 00:00:25 . Memory (MB): peak = 3157.980 ; gain = 0.000 ; free physical = 5335 ; free virtual = 15033

Phase 7 Route finalize

Router Utilization Summary
  Global Vertical Routing Utilization    = 0.355529 %
  Global Horizontal Routing Utilization  = 0.400469 %
  Routable Net Status*
  *Does not include unroutable nets such as driverless and loadless.
  Run report_route_status for detailed report.
  Number of Failed Nets               = 0
    (Failed Nets is the sum of unrouted and partially routed nets)
  Number of Unrouted Nets             = 0
  Number of Partially Routed Nets     = 0
  Number of Node Overlaps             = 0

Phase 7 Route finalize | Checksum: 13a08413d

Time (s): cpu = 00:00:32 ; elapsed = 00:00:25 . Memory (MB): peak = 3157.980 ; gain = 0.000 ; free physical = 5335 ; free virtual = 15033

Phase 8 Verifying routed nets

 Verification completed successfully
Phase 8 Verifying routed nets | Checksum: 13a08413d

Time (s): cpu = 00:00:32 ; elapsed = 00:00:25 . Memory (MB): peak = 3157.980 ; gain = 0.000 ; free physical = 5335 ; free virtual = 15032

Phase 9 Depositing Routes
Phase 9 Depositing Routes | Checksum: 1fdeb9536

Time (s): cpu = 00:00:32 ; elapsed = 00:00:25 . Memory (MB): peak = 3157.980 ; gain = 0.000 ; free physical = 5334 ; free virtual = 15032

Phase 10 Post Router Timing
INFO: [Route 35-57] Estimated Timing Summary | WNS=9.172  | TNS=0.000  | WHS=0.102  | THS=0.000  |

INFO: [Route 35-327] The final timing numbers are based on the router estimated timing analysis. For a complete and accurate timing signoff, please run report_timing_summary.
Phase 10 Post Router Timing | Checksum: 1fdeb9536

Time (s): cpu = 00:00:32 ; elapsed = 00:00:25 . Memory (MB): peak = 3157.980 ; gain = 0.000 ; free physical = 5334 ; free virtual = 15031
INFO: [Route 35-16] Router Completed Successfully

Time (s): cpu = 00:00:32 ; elapsed = 00:00:25 . Memory (MB): peak = 3157.980 ; gain = 0.000 ; free physical = 5376 ; free virtual = 15073

Routing Is Done.
INFO: [Common 17-83] Releasing license: Implementation
13 Infos, 0 Warnings, 0 Critical Warnings and 0 Errors encountered.
route_design completed successfully
route_design: Time (s): cpu = 00:00:34 ; elapsed = 00:00:26 . Memory (MB): peak = 3157.980 ; gain = 0.000 ; free physical = 5376 ; free virtual = 15073
# write_bitstream -force /tmp/tmp.9lVVAG/obj/out.bit
Command: write_bitstream -force /tmp/tmp.9lVVAG/obj/out.bit
Attempting to get a license for feature 'Implementation' and/or device 'xc7a100t'
INFO: [Common 17-349] Got license for feature 'Implementation' and/or device 'xc7a100t'
Running DRC as a precondition to command write_bitstream
INFO: [IP_Flow 19-234] Refreshing IP repositories
INFO: [IP_Flow 19-1704] No user IP repositories specified
INFO: [IP_Flow 19-2313] Loaded Vivado IP repository '/opt/Xilinx/Vivado/2022.1/data/ip'.
INFO: [DRC 23-27] Running DRC with 8 threads
WARNING: [DRC CFGBVS-1] Missing CFGBVS and CONFIG_VOLTAGE Design Properties: Neither the CFGBVS nor CONFIG_VOLTAGE voltage property is set in the current_design.  Configuration bank voltage select (CFGBVS) must be set to VCCO or GND, and CONFIG_VOLTAGE must be set to the correct configuration voltage, in order to determine the I/O voltage support for the pins in bank 0.  It is suggested to specify these either using the 'Edit Device Properties' function in the GUI or directly in the XDC file using the following syntax:

 set_property CFGBVS value1 [current_design]
 #where value1 is either VCCO or GND

 set_property CONFIG_VOLTAGE value2 [current_design]
 #where value2 is the voltage provided to configuration bank 0

Refer to the device configuration user guide for more information.
WARNING: [DRC DPOP-2] MREG Output pipelining: DSP stream_input/mirror_m/pixel_addr_out_reg multiplier stage stream_input/mirror_m/pixel_addr_out_reg/P[47:0] is not pipelined (MREG=0). Pipelining the multiplier function will improve performance and will save significant power so it is suggested whenever possible to fully pipeline this function.  If this multiplier was inferred, it is suggested to describe an additional register stage after this function.  If there is no registered adder/accumulator following the multiply function, two pipeline stages are suggested to allow both the MREG and PREG registers to be used.  If the DSP48 was instantiated in the design, it is suggested to set both the MREG and PREG attributes to 1 when performing multiply functions.
WARNING: [DRC PDRC-153] Gated clock check: Net ethernet/led_display/routed_vals_reg[3]_i_2_n_0 is a gated clock net sourced by a combinational pin ethernet/led_display/routed_vals_reg[3]_i_2/O, cell ethernet/led_display/routed_vals_reg[3]_i_2. This is not good design practice and will likely impact performance. For SLICE registers, for example, use the CE pin to control the loading of data.
INFO: [Vivado 12-3199] DRC finished with 0 Errors, 3 Warnings
INFO: [Vivado 12-3200] Please refer to the DRC report (report_drc) for more information.
INFO: [Designutils 20-2272] Running write_bitstream with 8 threads.
Loading data files...
Loading site data...
Loading route data...
Processing options...
Creating bitmap...
Creating bitstream...
Writing bitstream /tmp/tmp.9lVVAG/obj/out.bit...
INFO: [Vivado 12-1842] Bitgen Completed Successfully.
INFO: [Project 1-1876] WebTalk data collection is mandatory when using a ULT device. To see the specific WebTalk data collected for your design, open the usage_statistics_webtalk.html or usage_statistics_webtalk.xml file in the implementation directory.
INFO: [Common 17-83] Releasing license: Implementation
11 Infos, 3 Warnings, 0 Critical Warnings and 0 Errors encountered.
write_bitstream completed successfully
write_bitstream: Time (s): cpu = 00:00:15 ; elapsed = 00:00:13 . Memory (MB): peak = 3338.406 ; gain = 180.426 ; free physical = 5330 ; free virtual = 15032
INFO: [Common 17-206] Exiting Vivado at Wed Dec 14 16:40:26 2022...
