
****** Vivado v2022.1 (64-bit)
  **** SW Build 3526262 on Mon Apr 18 15:47:01 MDT 2022
  **** IP Build 3524634 on Mon Apr 18 20:55:01 MDT 2022
    ** Copyright 1986-2022 Xilinx, Inc. All Rights Reserved.

source /tmp/build.tcl.Reh7vf
# exec rm -rf .Xil .gen .srcs
# set_param board.repoPaths /home/builder/.Xilinx/Vivado/2022.1/xhub/board_store/xilinx_board_store
# xhub::refresh_catalog [xhub::get_xstores xilinx_board_store]
# xhub::install [xhub::get_xitems digilentinc.com:xilinx_board_store:nexys4_ddr:1.1]
INFO: [xhubtcl 76-61] The object 'digilentinc.com:xilinx_board_store:nexys4_ddr:1.1' is already installed, to update use xhub::update command.
# set_part xc7a100tcsg324-1
INFO: [Coretcl 2-1500] The part has been set to 'xc7a100tcsg324-1' for the current project only. Run set_part -help for more details. To evaluate different speed grades in the current design, use the set_speed_grade command, or use the open_checkpoint -part command to change the part used by an existing checkpoint design.
set_part: Time (s): cpu = 00:00:09 ; elapsed = 00:00:09 . Memory (MB): peak = 2596.961 ; gain = 0.000 ; free physical = 4193 ; free virtual = 7891
# set_property board_part digilentinc.com:nexys4_ddr:part0:1.1 [current_project]
# read_xdc /tmp/tmp.RSzaIc/xdc/top_level.xdc
# read_verilog -sv /tmp/tmp.RSzaIc/src/clk_wiz.v
# read_verilog -sv /tmp/tmp.RSzaIc/src/mirror.sv
# read_verilog -sv /tmp/tmp.RSzaIc/src/top_level.sv
# read_verilog -sv /tmp/tmp.RSzaIc/src/camera.sv
# read_verilog -sv /tmp/tmp.RSzaIc/src/xilinx_true_dual_port_read_first_2_clock_ram.v
# read_verilog -sv /tmp/tmp.RSzaIc/src/rotate.sv
# read_verilog -sv /tmp/tmp.RSzaIc/src/scale.sv
# synth_design -top top_level -part xc7a100tcsg324-1
Command: synth_design -top top_level -part xc7a100tcsg324-1
Starting synth_design
Attempting to get a license for feature 'Synthesis' and/or device 'xc7a100t'
INFO: [Common 17-349] Got license for feature 'Synthesis' and/or device 'xc7a100t'
INFO: [Device 21-403] Loading part xc7a100tcsg324-1
INFO: [Synth 8-7079] Multithreading enabled for synth_design using a maximum of 4 processes.
INFO: [Synth 8-7078] Launching helper process for spawning children vivado processes
INFO: [Synth 8-7075] Helper process launched with PID 1420849
WARNING: [Synth 8-6901] identifier 'hcount' is used before its declaration [/tmp/tmp.RSzaIc/src/top_level.sv:161]
WARNING: [Synth 8-6901] identifier 'vcount' is used before its declaration [/tmp/tmp.RSzaIc/src/top_level.sv:162]
---------------------------------------------------------------------------------
Starting RTL Elaboration : Time (s): cpu = 00:00:08 ; elapsed = 00:00:09 . Memory (MB): peak = 2596.961 ; gain = 0.000 ; free physical = 3404 ; free virtual = 7126
---------------------------------------------------------------------------------
INFO: [Synth 8-6157] synthesizing module 'top_level' [/tmp/tmp.RSzaIc/src/top_level.sv:4]
INFO: [Synth 8-6157] synthesizing module 'clk_wiz_clk_wiz' [/tmp/tmp.RSzaIc/src/clk_wiz.v:69]
INFO: [Synth 8-6157] synthesizing module 'IBUF' [/opt/Xilinx/Vivado/2022.1/scripts/rt/data/unisim_comp.v:55203]
INFO: [Synth 8-6155] done synthesizing module 'IBUF' (0#1) [/opt/Xilinx/Vivado/2022.1/scripts/rt/data/unisim_comp.v:55203]
INFO: [Synth 8-6157] synthesizing module 'MMCME2_ADV' [/opt/Xilinx/Vivado/2022.1/scripts/rt/data/unisim_comp.v:63509]
	Parameter BANDWIDTH bound to: OPTIMIZED - type: string 
	Parameter CLKFBOUT_MULT_F bound to: 9.750000 - type: double 
	Parameter CLKFBOUT_PHASE bound to: 0.000000 - type: double 
	Parameter CLKFBOUT_USE_FINE_PS bound to: FALSE - type: string 
	Parameter CLKIN1_PERIOD bound to: 10.000000 - type: double 
	Parameter CLKOUT0_DIVIDE_F bound to: 19.500000 - type: double 
	Parameter CLKOUT0_DUTY_CYCLE bound to: 0.500000 - type: double 
	Parameter CLKOUT0_PHASE bound to: 0.000000 - type: double 
	Parameter CLKOUT0_USE_FINE_PS bound to: FALSE - type: string 
	Parameter CLKOUT1_DIVIDE bound to: 15 - type: integer 
	Parameter CLKOUT1_DUTY_CYCLE bound to: 0.500000 - type: double 
	Parameter CLKOUT1_PHASE bound to: 0.000000 - type: double 
	Parameter CLKOUT1_USE_FINE_PS bound to: FALSE - type: string 
	Parameter CLKOUT4_CASCADE bound to: FALSE - type: string 
	Parameter COMPENSATION bound to: ZHOLD - type: string 
	Parameter DIVCLK_DIVIDE bound to: 1 - type: integer 
	Parameter STARTUP_WAIT bound to: FALSE - type: string 
INFO: [Synth 8-6155] done synthesizing module 'MMCME2_ADV' (0#1) [/opt/Xilinx/Vivado/2022.1/scripts/rt/data/unisim_comp.v:63509]
INFO: [Synth 8-6157] synthesizing module 'BUFG' [/opt/Xilinx/Vivado/2022.1/scripts/rt/data/unisim_comp.v:1082]
INFO: [Synth 8-6155] done synthesizing module 'BUFG' (0#1) [/opt/Xilinx/Vivado/2022.1/scripts/rt/data/unisim_comp.v:1082]
INFO: [Synth 8-6155] done synthesizing module 'clk_wiz_clk_wiz' (0#1) [/tmp/tmp.RSzaIc/src/clk_wiz.v:69]
INFO: [Synth 8-6157] synthesizing module 'camera' [/tmp/tmp.RSzaIc/src/camera.sv:4]
INFO: [Synth 8-155] case statement is not full and has no default [/tmp/tmp.RSzaIc/src/camera.sv:44]
INFO: [Synth 8-6155] done synthesizing module 'camera' (0#1) [/tmp/tmp.RSzaIc/src/camera.sv:4]
INFO: [Synth 8-6157] synthesizing module 'rotate' [/tmp/tmp.RSzaIc/src/rotate.sv:1]
INFO: [Synth 8-6155] done synthesizing module 'rotate' (0#1) [/tmp/tmp.RSzaIc/src/rotate.sv:1]
INFO: [Synth 8-6157] synthesizing module 'xilinx_true_dual_port_read_first_2_clock_ram' [/tmp/tmp.RSzaIc/src/xilinx_true_dual_port_read_first_2_clock_ram.v:10]
	Parameter RAM_WIDTH bound to: 16 - type: integer 
	Parameter RAM_DEPTH bound to: 76800 - type: integer 
WARNING: [Synth 8-6896] loop limit (65536) exceeded inside initial block, initial block items will be ignored [/tmp/tmp.RSzaIc/src/xilinx_true_dual_port_read_first_2_clock_ram.v:55]
WARNING: [Synth 8-6896] loop limit (65536) exceeded inside initial block, initial block items will be ignored [/tmp/tmp.RSzaIc/src/xilinx_true_dual_port_read_first_2_clock_ram.v:61]
INFO: [Synth 8-6155] done synthesizing module 'xilinx_true_dual_port_read_first_2_clock_ram' (0#1) [/tmp/tmp.RSzaIc/src/xilinx_true_dual_port_read_first_2_clock_ram.v:10]
INFO: [Synth 8-6157] synthesizing module 'mirror' [/tmp/tmp.RSzaIc/src/mirror.sv:4]
INFO: [Synth 8-6155] done synthesizing module 'mirror' (0#1) [/tmp/tmp.RSzaIc/src/mirror.sv:4]
INFO: [Synth 8-6157] synthesizing module 'scale' [/tmp/tmp.RSzaIc/src/scale.sv:4]
INFO: [Synth 8-6155] done synthesizing module 'scale' (0#1) [/tmp/tmp.RSzaIc/src/scale.sv:4]
INFO: [Synth 8-155] case statement is not full and has no default [/tmp/tmp.RSzaIc/src/top_level.sv:222]
INFO: [Synth 8-155] case statement is not full and has no default [/tmp/tmp.RSzaIc/src/top_level.sv:244]
INFO: [Synth 8-6155] done synthesizing module 'top_level' (0#1) [/tmp/tmp.RSzaIc/src/top_level.sv:4]
WARNING: [Synth 8-6014] Unused sequential element hcount_pipe_reg[6] was removed.  [/tmp/tmp.RSzaIc/src/top_level.sv:161]
WARNING: [Synth 8-6014] Unused sequential element hcount_pipe_reg[5] was removed.  [/tmp/tmp.RSzaIc/src/top_level.sv:161]
WARNING: [Synth 8-6014] Unused sequential element hcount_pipe_reg[4] was removed.  [/tmp/tmp.RSzaIc/src/top_level.sv:161]
WARNING: [Synth 8-6014] Unused sequential element vcount_pipe_reg[6] was removed.  [/tmp/tmp.RSzaIc/src/top_level.sv:162]
WARNING: [Synth 8-6014] Unused sequential element vcount_pipe_reg[5] was removed.  [/tmp/tmp.RSzaIc/src/top_level.sv:162]
WARNING: [Synth 8-6014] Unused sequential element vcount_pipe_reg[4] was removed.  [/tmp/tmp.RSzaIc/src/top_level.sv:162]
WARNING: [Synth 8-6014] Unused sequential element axiov_reg was removed.  [/tmp/tmp.RSzaIc/src/top_level.sv:204]
WARNING: [Synth 8-6014] Unused sequential element axiod_reg was removed.  [/tmp/tmp.RSzaIc/src/top_level.sv:205]
---------------------------------------------------------------------------------
Finished RTL Elaboration : Time (s): cpu = 00:00:24 ; elapsed = 00:00:25 . Memory (MB): peak = 2596.961 ; gain = 0.000 ; free physical = 3431 ; free virtual = 7155
---------------------------------------------------------------------------------
---------------------------------------------------------------------------------
Start Handling Custom Attributes
---------------------------------------------------------------------------------
---------------------------------------------------------------------------------
Finished Handling Custom Attributes : Time (s): cpu = 00:00:24 ; elapsed = 00:00:25 . Memory (MB): peak = 2596.961 ; gain = 0.000 ; free physical = 3430 ; free virtual = 7154
---------------------------------------------------------------------------------
---------------------------------------------------------------------------------
Finished RTL Optimization Phase 1 : Time (s): cpu = 00:00:24 ; elapsed = 00:00:25 . Memory (MB): peak = 2596.961 ; gain = 0.000 ; free physical = 3430 ; free virtual = 7154
---------------------------------------------------------------------------------
Netlist sorting complete. Time (s): cpu = 00:00:00 ; elapsed = 00:00:00.01 . Memory (MB): peak = 2596.961 ; gain = 0.000 ; free physical = 3422 ; free virtual = 7146
INFO: [Netlist 29-17] Analyzing 1 Unisim elements for replacement
INFO: [Netlist 29-28] Unisim Transformation completed in 0 CPU seconds
INFO: [Project 1-570] Preparing netlist for logic optimization

Processing XDC Constraints
Initializing timing engine
Parsing XDC File [/tmp/tmp.RSzaIc/xdc/top_level.xdc]
Finished Parsing XDC File [/tmp/tmp.RSzaIc/xdc/top_level.xdc]
INFO: [Project 1-236] Implementation specific constraints were found while reading constraint file [/tmp/tmp.RSzaIc/xdc/top_level.xdc]. These constraints will be ignored for synthesis but will be used in implementation. Impacted constraints are listed in the file [.Xil/top_level_propImpl.xdc].
Resolution: To avoid this warning, move constraints listed in [.Xil/top_level_propImpl.xdc] to another XDC file and exclude this new file from synthesis with the used_in_synthesis property (File Properties dialog in GUI) and re-run elaboration/synthesis.
INFO: [Timing 38-2] Deriving generated clocks
Completed Processing XDC Constraints

Netlist sorting complete. Time (s): cpu = 00:00:00 ; elapsed = 00:00:00 . Memory (MB): peak = 2660.980 ; gain = 0.000 ; free physical = 3340 ; free virtual = 7065
INFO: [Project 1-111] Unisim Transformation Summary:
No Unisim elements were transformed.

Constraint Validation Runtime : Time (s): cpu = 00:00:00 ; elapsed = 00:00:00 . Memory (MB): peak = 2660.980 ; gain = 0.000 ; free physical = 3340 ; free virtual = 7065
---------------------------------------------------------------------------------
Finished Constraint Validation : Time (s): cpu = 00:00:37 ; elapsed = 00:00:39 . Memory (MB): peak = 2660.980 ; gain = 64.020 ; free physical = 3412 ; free virtual = 7137
---------------------------------------------------------------------------------
---------------------------------------------------------------------------------
Start Loading Part and Timing Information
---------------------------------------------------------------------------------
Loading part: xc7a100tcsg324-1
---------------------------------------------------------------------------------
Finished Loading Part and Timing Information : Time (s): cpu = 00:00:37 ; elapsed = 00:00:40 . Memory (MB): peak = 2660.980 ; gain = 64.020 ; free physical = 3412 ; free virtual = 7137
---------------------------------------------------------------------------------
---------------------------------------------------------------------------------
Start Applying 'set_property' XDC Constraints
---------------------------------------------------------------------------------
---------------------------------------------------------------------------------
Finished applying 'set_property' XDC Constraints : Time (s): cpu = 00:00:37 ; elapsed = 00:00:40 . Memory (MB): peak = 2660.980 ; gain = 64.020 ; free physical = 3412 ; free virtual = 7137
---------------------------------------------------------------------------------
INFO: [Synth 8-802] inferred FSM for state register 'fsm_state_reg' in module 'camera'
INFO: [Synth 8-802] inferred FSM for state register 'state_reg' in module 'top_level'
---------------------------------------------------------------------------------------------------
                   State |                     New Encoding |                Previous Encoding 
---------------------------------------------------------------------------------------------------
        WAIT_FRAME_START |                                0 |                               00
             ROW_CAPTURE |                                1 |                               01
---------------------------------------------------------------------------------------------------
INFO: [Synth 8-3354] encoded FSM with state register 'fsm_state_reg' using encoding 'sequential' in module 'camera'
INFO: [Synth 8-3971] The signal "xilinx_true_dual_port_read_first_2_clock_ram:/BRAM_reg" was recognized as a true dual port RAM template.
---------------------------------------------------------------------------------------------------
                   State |                     New Encoding |                Previous Encoding 
---------------------------------------------------------------------------------------------------
                    IDLE |                               00 |                               00
                 LINENUM |                               01 |                               01
                    DATA |                               10 |                               10
                     IPG |                               11 |                               11
---------------------------------------------------------------------------------------------------
INFO: [Synth 8-3354] encoded FSM with state register 'state_reg' using encoding 'sequential' in module 'top_level'
---------------------------------------------------------------------------------
Finished RTL Optimization Phase 2 : Time (s): cpu = 00:00:39 ; elapsed = 00:00:41 . Memory (MB): peak = 2660.980 ; gain = 64.020 ; free physical = 3413 ; free virtual = 7139
---------------------------------------------------------------------------------
---------------------------------------------------------------------------------
Start RTL Component Statistics 
---------------------------------------------------------------------------------
Detailed RTL Component Info : 
+---Adders : 
	   2 Input   16 Bit       Adders := 1     
	   2 Input   11 Bit       Adders := 3     
	   2 Input   10 Bit       Adders := 2     
	   2 Input    9 Bit       Adders := 3     
	   2 Input    6 Bit       Adders := 1     
	   2 Input    3 Bit       Adders := 1     
	   2 Input    2 Bit       Adders := 1     
+---Registers : 
	               17 Bit    Registers := 1     
	               16 Bit    Registers := 7     
	               11 Bit    Registers := 5     
	               10 Bit    Registers := 6     
	                9 Bit    Registers := 2     
	                8 Bit    Registers := 2     
	                6 Bit    Registers := 1     
	                3 Bit    Registers := 1     
	                2 Bit    Registers := 1     
	                1 Bit    Registers := 11    
+---RAMs : 
	            1200K Bit	(76800 X 16 bit)          RAMs := 1     
+---Muxes : 
	   2 Input   17 Bit        Muxes := 1     
	   3 Input   16 Bit        Muxes := 1     
	   2 Input   16 Bit        Muxes := 4     
	   4 Input   16 Bit        Muxes := 2     
	   2 Input   11 Bit        Muxes := 7     
	   2 Input   10 Bit        Muxes := 5     
	   4 Input   10 Bit        Muxes := 1     
	   2 Input    9 Bit        Muxes := 2     
	   8 Input    9 Bit        Muxes := 1     
	   4 Input    9 Bit        Muxes := 1     
	   2 Input    6 Bit        Muxes := 1     
	   4 Input    6 Bit        Muxes := 1     
	   2 Input    3 Bit        Muxes := 1     
	   4 Input    3 Bit        Muxes := 1     
	   4 Input    2 Bit        Muxes := 1     
	   2 Input    1 Bit        Muxes := 12    
	   8 Input    1 Bit        Muxes := 1     
	   4 Input    1 Bit        Muxes := 6     
---------------------------------------------------------------------------------
Finished RTL Component Statistics 
---------------------------------------------------------------------------------
---------------------------------------------------------------------------------
Start Part Resource Summary
---------------------------------------------------------------------------------
Part Resources:
DSPs: 240 (col length:80)
BRAMs: 270 (col length: RAMB18 80 RAMB36 40)
---------------------------------------------------------------------------------
Finished Part Resource Summary
---------------------------------------------------------------------------------
---------------------------------------------------------------------------------
Start Cross Boundary and Area Optimization
---------------------------------------------------------------------------------
WARNING: [Synth 8-7080] Parallel synthesis criteria is not met
DSP Report: Generating DSP mirror_m/pixel_addr_out_reg, operation Mode is: C+A*(B:0xf0).
DSP Report: register mirror_m/pixel_addr_out_reg is absorbed into DSP mirror_m/pixel_addr_out_reg.
DSP Report: operator pixel_addr_out0 is absorbed into DSP mirror_m/pixel_addr_out_reg.
DSP Report: operator p_0_out is absorbed into DSP mirror_m/pixel_addr_out_reg.
WARNING: [Synth 8-6014] Unused sequential element frame_buffer/BRAM_reg was removed. 
WARNING: [Synth 8-3332] Sequential element (camera_m/FSM_sequential_fsm_state_reg) is unused and will be removed from module top_level.
WARNING: [Synth 8-3332] Sequential element (frame_buffer/BRAM_reg_mux_sel_b_pos_0) is unused and will be removed from module top_level.
WARNING: [Synth 8-3332] Sequential element (frame_buffer/BRAM_reg_mux_sel_b_pos_0__0) is unused and will be removed from module top_level.
WARNING: [Synth 8-3332] Sequential element (frame_buffer/BRAM_reg_mux_sel_b_pos_0__1) is unused and will be removed from module top_level.
WARNING: [Synth 8-3332] Sequential element (frame_buffer/BRAM_reg_mux_sel_b_pos_0__2) is unused and will be removed from module top_level.
WARNING: [Synth 8-3332] Sequential element (frame_buffer/BRAM_reg_mux_sel_b_pos_0__3) is unused and will be removed from module top_level.
WARNING: [Synth 8-3332] Sequential element (frame_buffer/BRAM_reg_mux_sel_b_pos_0__4) is unused and will be removed from module top_level.
WARNING: [Synth 8-3332] Sequential element (frame_buffer/BRAM_reg_mux_sel_b_pos_0__5) is unused and will be removed from module top_level.
WARNING: [Synth 8-3332] Sequential element (frame_buffer/BRAM_reg_mux_sel_b_pos_0__6) is unused and will be removed from module top_level.
WARNING: [Synth 8-3332] Sequential element (frame_buffer/BRAM_reg_mux_sel_b_pos_0__7) is unused and will be removed from module top_level.
WARNING: [Synth 8-3332] Sequential element (frame_buffer/BRAM_reg_mux_sel_b_pos_0__8) is unused and will be removed from module top_level.
WARNING: [Synth 8-3332] Sequential element (frame_buffer/BRAM_reg_mux_sel_b_pos_0__9) is unused and will be removed from module top_level.
WARNING: [Synth 8-3332] Sequential element (frame_buffer/BRAM_reg_mux_sel_b_pos_0__10) is unused and will be removed from module top_level.
WARNING: [Synth 8-3332] Sequential element (frame_buffer/BRAM_reg_mux_sel_b_pos_0__11) is unused and will be removed from module top_level.
WARNING: [Synth 8-3332] Sequential element (frame_buffer/BRAM_reg_mux_sel_b_pos_0__12) is unused and will be removed from module top_level.
WARNING: [Synth 8-3332] Sequential element (frame_buffer/BRAM_reg_mux_sel_b_pos_0__13) is unused and will be removed from module top_level.
WARNING: [Synth 8-3332] Sequential element (frame_buffer/BRAM_reg_mux_sel_b_pos_0__14) is unused and will be removed from module top_level.
WARNING: [Synth 8-3332] Sequential element (frame_buffer/BRAM_reg_mux_sel_a_pos_1) is unused and will be removed from module top_level.
WARNING: [Synth 8-3332] Sequential element (frame_buffer/BRAM_reg_mux_sel_a_pos_1__0) is unused and will be removed from module top_level.
WARNING: [Synth 8-3332] Sequential element (frame_buffer/BRAM_reg_mux_sel_a_pos_1__1) is unused and will be removed from module top_level.
WARNING: [Synth 8-3332] Sequential element (frame_buffer/BRAM_reg_mux_sel_a_pos_1__2) is unused and will be removed from module top_level.
WARNING: [Synth 8-3332] Sequential element (frame_buffer/BRAM_reg_mux_sel_a_pos_1__3) is unused and will be removed from module top_level.
WARNING: [Synth 8-3332] Sequential element (frame_buffer/BRAM_reg_mux_sel_a_pos_1__4) is unused and will be removed from module top_level.
WARNING: [Synth 8-3332] Sequential element (frame_buffer/BRAM_reg_mux_sel_a_pos_1__5) is unused and will be removed from module top_level.
WARNING: [Synth 8-3332] Sequential element (frame_buffer/BRAM_reg_mux_sel_a_pos_1__6) is unused and will be removed from module top_level.
WARNING: [Synth 8-3332] Sequential element (frame_buffer/BRAM_reg_mux_sel_a_pos_1__7) is unused and will be removed from module top_level.
WARNING: [Synth 8-3332] Sequential element (frame_buffer/BRAM_reg_mux_sel_a_pos_1__8) is unused and will be removed from module top_level.
WARNING: [Synth 8-3332] Sequential element (frame_buffer/BRAM_reg_mux_sel_a_pos_1__9) is unused and will be removed from module top_level.
WARNING: [Synth 8-3332] Sequential element (frame_buffer/BRAM_reg_mux_sel_a_pos_1__10) is unused and will be removed from module top_level.
WARNING: [Synth 8-3332] Sequential element (frame_buffer/BRAM_reg_mux_sel_a_pos_1__11) is unused and will be removed from module top_level.
WARNING: [Synth 8-3332] Sequential element (frame_buffer/BRAM_reg_mux_sel_a_pos_1__12) is unused and will be removed from module top_level.
WARNING: [Synth 8-3332] Sequential element (frame_buffer/BRAM_reg_mux_sel_a_pos_1__13) is unused and will be removed from module top_level.
WARNING: [Synth 8-3332] Sequential element (frame_buffer/BRAM_reg_mux_sel_a_pos_1__14) is unused and will be removed from module top_level.
WARNING: [Synth 8-3332] Sequential element (frame_buffer/BRAM_reg_mux_sel_b_pos_1) is unused and will be removed from module top_level.
WARNING: [Synth 8-3332] Sequential element (frame_buffer/BRAM_reg_mux_sel_b_pos_1__0) is unused and will be removed from module top_level.
WARNING: [Synth 8-3332] Sequential element (frame_buffer/BRAM_reg_mux_sel_b_pos_1__1) is unused and will be removed from module top_level.
WARNING: [Synth 8-3332] Sequential element (frame_buffer/BRAM_reg_mux_sel_b_pos_1__2) is unused and will be removed from module top_level.
WARNING: [Synth 8-3332] Sequential element (frame_buffer/BRAM_reg_mux_sel_b_pos_1__3) is unused and will be removed from module top_level.
WARNING: [Synth 8-3332] Sequential element (frame_buffer/BRAM_reg_mux_sel_b_pos_1__4) is unused and will be removed from module top_level.
WARNING: [Synth 8-3332] Sequential element (frame_buffer/BRAM_reg_mux_sel_b_pos_1__5) is unused and will be removed from module top_level.
WARNING: [Synth 8-3332] Sequential element (frame_buffer/BRAM_reg_mux_sel_b_pos_1__6) is unused and will be removed from module top_level.
WARNING: [Synth 8-3332] Sequential element (frame_buffer/BRAM_reg_mux_sel_b_pos_1__7) is unused and will be removed from module top_level.
WARNING: [Synth 8-3332] Sequential element (frame_buffer/BRAM_reg_mux_sel_b_pos_1__8) is unused and will be removed from module top_level.
WARNING: [Synth 8-3332] Sequential element (frame_buffer/BRAM_reg_mux_sel_b_pos_1__9) is unused and will be removed from module top_level.
WARNING: [Synth 8-3332] Sequential element (frame_buffer/BRAM_reg_mux_sel_b_pos_1__10) is unused and will be removed from module top_level.
WARNING: [Synth 8-3332] Sequential element (frame_buffer/BRAM_reg_mux_sel_b_pos_1__11) is unused and will be removed from module top_level.
WARNING: [Synth 8-3332] Sequential element (frame_buffer/BRAM_reg_mux_sel_b_pos_1__12) is unused and will be removed from module top_level.
WARNING: [Synth 8-3332] Sequential element (frame_buffer/BRAM_reg_mux_sel_b_pos_1__13) is unused and will be removed from module top_level.
WARNING: [Synth 8-3332] Sequential element (frame_buffer/BRAM_reg_mux_sel_b_pos_1__14) is unused and will be removed from module top_level.
---------------------------------------------------------------------------------
Finished Cross Boundary and Area Optimization : Time (s): cpu = 00:00:43 ; elapsed = 00:00:45 . Memory (MB): peak = 2660.980 ; gain = 64.020 ; free physical = 3412 ; free virtual = 7148
---------------------------------------------------------------------------------
---------------------------------------------------------------------------------
Start ROM, RAM, DSP, Shift Register and Retiming Reporting
---------------------------------------------------------------------------------

DSP: Preliminary Mapping Report (see note below. The ' indicates corresponding REG is set)
+------------+--------------+--------+--------+--------+--------+--------+------+------+------+------+-------+------+------+
|Module Name | DSP Mapping  | A Size | B Size | C Size | D Size | P Size | AREG | BREG | CREG | DREG | ADREG | MREG | PREG | 
+------------+--------------+--------+--------+--------+--------+--------+------+------+------+------+-------+------+------+
|mirror      | C+A*(B:0xf0) | 10     | 8      | 11     | -      | 17     | 0    | 0    | 0    | -    | -     | 0    | 1    | 
+------------+--------------+--------+--------+--------+--------+--------+------+------+------+------+-------+------+------+

Note: The table above is a preliminary report that shows the DSPs inferred at the current stage of the synthesis flow. Some DSP may be reimplemented as non DSP primitives later in the synthesis flow. Multiple instantiated DSPs are reported only once.
---------------------------------------------------------------------------------
Finished ROM, RAM, DSP, Shift Register and Retiming Reporting
---------------------------------------------------------------------------------
---------------------------------------------------------------------------------
Start Applying XDC Timing Constraints
---------------------------------------------------------------------------------
---------------------------------------------------------------------------------
Finished Applying XDC Timing Constraints : Time (s): cpu = 00:00:54 ; elapsed = 00:00:57 . Memory (MB): peak = 2660.980 ; gain = 64.020 ; free physical = 3291 ; free virtual = 7032
---------------------------------------------------------------------------------
---------------------------------------------------------------------------------
Start Timing Optimization
---------------------------------------------------------------------------------
---------------------------------------------------------------------------------
Finished Timing Optimization : Time (s): cpu = 00:00:54 ; elapsed = 00:00:57 . Memory (MB): peak = 2660.980 ; gain = 64.020 ; free physical = 3289 ; free virtual = 7030
---------------------------------------------------------------------------------
---------------------------------------------------------------------------------
Start Technology Mapping
---------------------------------------------------------------------------------
---------------------------------------------------------------------------------
Finished Technology Mapping : Time (s): cpu = 00:00:55 ; elapsed = 00:00:57 . Memory (MB): peak = 2660.980 ; gain = 64.020 ; free physical = 3289 ; free virtual = 7030
---------------------------------------------------------------------------------
---------------------------------------------------------------------------------
Start IO Insertion
---------------------------------------------------------------------------------
---------------------------------------------------------------------------------
Start Flattening Before IO Insertion
---------------------------------------------------------------------------------
---------------------------------------------------------------------------------
Finished Flattening Before IO Insertion
---------------------------------------------------------------------------------
---------------------------------------------------------------------------------
Start Final Netlist Cleanup
---------------------------------------------------------------------------------
---------------------------------------------------------------------------------
Finished Final Netlist Cleanup
---------------------------------------------------------------------------------
---------------------------------------------------------------------------------
Finished IO Insertion : Time (s): cpu = 00:01:03 ; elapsed = 00:01:05 . Memory (MB): peak = 2660.980 ; gain = 64.020 ; free physical = 3288 ; free virtual = 7029
---------------------------------------------------------------------------------
---------------------------------------------------------------------------------
Start Renaming Generated Instances
---------------------------------------------------------------------------------
---------------------------------------------------------------------------------
Finished Renaming Generated Instances : Time (s): cpu = 00:01:03 ; elapsed = 00:01:05 . Memory (MB): peak = 2660.980 ; gain = 64.020 ; free physical = 3288 ; free virtual = 7029
---------------------------------------------------------------------------------
---------------------------------------------------------------------------------
Start Rebuilding User Hierarchy
---------------------------------------------------------------------------------
---------------------------------------------------------------------------------
Finished Rebuilding User Hierarchy : Time (s): cpu = 00:01:03 ; elapsed = 00:01:05 . Memory (MB): peak = 2660.980 ; gain = 64.020 ; free physical = 3288 ; free virtual = 7029
---------------------------------------------------------------------------------
---------------------------------------------------------------------------------
Start Renaming Generated Ports
---------------------------------------------------------------------------------
---------------------------------------------------------------------------------
Finished Renaming Generated Ports : Time (s): cpu = 00:01:03 ; elapsed = 00:01:05 . Memory (MB): peak = 2660.980 ; gain = 64.020 ; free physical = 3288 ; free virtual = 7029
---------------------------------------------------------------------------------
---------------------------------------------------------------------------------
Start Handling Custom Attributes
---------------------------------------------------------------------------------
---------------------------------------------------------------------------------
Finished Handling Custom Attributes : Time (s): cpu = 00:01:03 ; elapsed = 00:01:05 . Memory (MB): peak = 2660.980 ; gain = 64.020 ; free physical = 3288 ; free virtual = 7029
---------------------------------------------------------------------------------
---------------------------------------------------------------------------------
Start Renaming Generated Nets
---------------------------------------------------------------------------------
---------------------------------------------------------------------------------
Finished Renaming Generated Nets : Time (s): cpu = 00:01:03 ; elapsed = 00:01:05 . Memory (MB): peak = 2660.980 ; gain = 64.020 ; free physical = 3288 ; free virtual = 7029
---------------------------------------------------------------------------------
---------------------------------------------------------------------------------
Start Writing Synthesis Report
---------------------------------------------------------------------------------

Report BlackBoxes: 
+-+--------------+----------+
| |BlackBox name |Instances |
+-+--------------+----------+
+-+--------------+----------+

Report Cell Usage: 
+------+-----------+------+
|      |Cell       |Count |
+------+-----------+------+
|1     |BUFG       |     3|
|2     |CARRY4     |    11|
|3     |LUT1       |     3|
|4     |LUT2       |     4|
|5     |LUT3       |     4|
|6     |LUT4       |    13|
|7     |LUT5       |     8|
|8     |LUT6       |    15|
|9     |MMCME2_ADV |     1|
|10    |FDRE       |    65|
|11    |IBUF       |     3|
|12    |OBUF       |    18|
+------+-----------+------+
---------------------------------------------------------------------------------
Finished Writing Synthesis Report : Time (s): cpu = 00:01:03 ; elapsed = 00:01:05 . Memory (MB): peak = 2660.980 ; gain = 64.020 ; free physical = 3288 ; free virtual = 7029
---------------------------------------------------------------------------------
Synthesis finished with 0 errors, 0 critical warnings and 51 warnings.
Synthesis Optimization Runtime : Time (s): cpu = 00:00:59 ; elapsed = 00:01:01 . Memory (MB): peak = 2660.980 ; gain = 0.000 ; free physical = 3336 ; free virtual = 7077
Synthesis Optimization Complete : Time (s): cpu = 00:01:03 ; elapsed = 00:01:06 . Memory (MB): peak = 2660.980 ; gain = 64.020 ; free physical = 3336 ; free virtual = 7077
INFO: [Project 1-571] Translating synthesized netlist
Netlist sorting complete. Time (s): cpu = 00:00:00 ; elapsed = 00:00:00 . Memory (MB): peak = 2660.980 ; gain = 0.000 ; free physical = 3330 ; free virtual = 7071
INFO: [Netlist 29-17] Analyzing 12 Unisim elements for replacement
INFO: [Netlist 29-28] Unisim Transformation completed in 0 CPU seconds
INFO: [Project 1-570] Preparing netlist for logic optimization
Parsing XDC File [/tmp/tmp.RSzaIc/xdc/top_level.xdc]
Finished Parsing XDC File [/tmp/tmp.RSzaIc/xdc/top_level.xdc]
INFO: [Opt 31-138] Pushed 0 inverter(s) to 0 load pin(s).
Netlist sorting complete. Time (s): cpu = 00:00:00 ; elapsed = 00:00:00 . Memory (MB): peak = 2660.980 ; gain = 0.000 ; free physical = 3363 ; free virtual = 7104
INFO: [Project 1-111] Unisim Transformation Summary:
No Unisim elements were transformed.

Synth Design complete, checksum: 55b977c6
INFO: [Common 17-83] Releasing license: Synthesis
46 Infos, 63 Warnings, 0 Critical Warnings and 0 Errors encountered.
synth_design completed successfully
synth_design: Time (s): cpu = 00:01:21 ; elapsed = 00:01:17 . Memory (MB): peak = 2660.980 ; gain = 64.020 ; free physical = 3573 ; free virtual = 7314
# opt_design;
Command: opt_design
Attempting to get a license for feature 'Implementation' and/or device 'xc7a100t'
INFO: [Common 17-349] Got license for feature 'Implementation' and/or device 'xc7a100t'
Running DRC as a precondition to command opt_design

Starting DRC Task
INFO: [DRC 23-27] Running DRC with 8 threads
INFO: [Project 1-461] DRC finished with 0 Errors
INFO: [Project 1-462] Please refer to the DRC report (report_drc) for more information.

Time (s): cpu = 00:00:02 ; elapsed = 00:00:02 . Memory (MB): peak = 2725.012 ; gain = 64.031 ; free physical = 3572 ; free virtual = 7313

Starting Cache Timing Information Task
INFO: [Timing 38-35] Done setting XDC timing constraints.
INFO: [Timing 38-2] Deriving generated clocks
Ending Cache Timing Information Task | Checksum: 14ee08529

Time (s): cpu = 00:00:05 ; elapsed = 00:00:05 . Memory (MB): peak = 2739.855 ; gain = 14.844 ; free physical = 3270 ; free virtual = 7017

Starting Logic Optimization Task

Phase 1 Retarget
INFO: [Opt 31-138] Pushed 0 inverter(s) to 0 load pin(s).
In IDDR TRANSFORM
INFO: [Opt 31-49] Retargeted 0 cell(s).
Phase 1 Retarget | Checksum: 14ee08529

Time (s): cpu = 00:00:00.04 ; elapsed = 00:00:00.04 . Memory (MB): peak = 2955.824 ; gain = 0.000 ; free physical = 3053 ; free virtual = 6799
INFO: [Opt 31-389] Phase Retarget created 0 cells and removed 0 cells
INFO: [Opt 31-1021] In phase Retarget, 1 netlist objects are constrained preventing optimization. Please run opt_design with -debug_log to get more detail. 

Phase 2 Constant propagation
INFO: [Opt 31-138] Pushed 0 inverter(s) to 0 load pin(s).
Phase 2 Constant propagation | Checksum: 14ee08529

Time (s): cpu = 00:00:00.04 ; elapsed = 00:00:00.04 . Memory (MB): peak = 2955.824 ; gain = 0.000 ; free physical = 3053 ; free virtual = 6799
INFO: [Opt 31-389] Phase Constant propagation created 0 cells and removed 0 cells

Phase 3 Sweep
Phase 3 Sweep | Checksum: 1511c7b5e

Time (s): cpu = 00:00:00.05 ; elapsed = 00:00:00.05 . Memory (MB): peak = 2955.824 ; gain = 0.000 ; free physical = 3053 ; free virtual = 6799
INFO: [Opt 31-389] Phase Sweep created 0 cells and removed 0 cells

Phase 4 BUFG optimization
Phase 4 BUFG optimization | Checksum: 1511c7b5e

Time (s): cpu = 00:00:00.06 ; elapsed = 00:00:00.06 . Memory (MB): peak = 2987.840 ; gain = 32.016 ; free physical = 3053 ; free virtual = 6799
INFO: [Opt 31-662] Phase BUFG optimization created 0 cells of which 0 are BUFGs and removed 0 cells.

Phase 5 Shift Register Optimization
INFO: [Opt 31-1064] SRL Remap converted 0 SRLs to 0 registers and converted 0 registers of register chains to 0 SRLs
Phase 5 Shift Register Optimization | Checksum: 1511c7b5e

Time (s): cpu = 00:00:00.07 ; elapsed = 00:00:00.06 . Memory (MB): peak = 2987.840 ; gain = 32.016 ; free physical = 3053 ; free virtual = 6799
INFO: [Opt 31-389] Phase Shift Register Optimization created 0 cells and removed 0 cells

Phase 6 Post Processing Netlist
Phase 6 Post Processing Netlist | Checksum: 1511c7b5e

Time (s): cpu = 00:00:00.07 ; elapsed = 00:00:00.07 . Memory (MB): peak = 2987.840 ; gain = 32.016 ; free physical = 3053 ; free virtual = 6799
INFO: [Opt 31-389] Phase Post Processing Netlist created 0 cells and removed 0 cells
Opt_design Change Summary
=========================


-------------------------------------------------------------------------------------------------------------------------
|  Phase                        |  #Cells created  |  #Cells Removed  |  #Constrained objects preventing optimizations  |
-------------------------------------------------------------------------------------------------------------------------
|  Retarget                     |               0  |               0  |                                              1  |
|  Constant propagation         |               0  |               0  |                                              0  |
|  Sweep                        |               0  |               0  |                                              0  |
|  BUFG optimization            |               0  |               0  |                                              0  |
|  Shift Register Optimization  |               0  |               0  |                                              0  |
|  Post Processing Netlist      |               0  |               0  |                                              0  |
-------------------------------------------------------------------------------------------------------------------------



Starting Connectivity Check Task

Time (s): cpu = 00:00:00 ; elapsed = 00:00:00 . Memory (MB): peak = 2987.840 ; gain = 0.000 ; free physical = 3053 ; free virtual = 6799
Ending Logic Optimization Task | Checksum: f9dcaaa9

Time (s): cpu = 00:00:00.08 ; elapsed = 00:00:00.08 . Memory (MB): peak = 2987.840 ; gain = 32.016 ; free physical = 3053 ; free virtual = 6799

Starting Power Optimization Task
INFO: [Pwropt 34-132] Skipping clock gating for clocks with a period < 2.00 ns.
Ending Power Optimization Task | Checksum: f9dcaaa9

Time (s): cpu = 00:00:00.01 ; elapsed = 00:00:00.01 . Memory (MB): peak = 2987.840 ; gain = 0.000 ; free physical = 3257 ; free virtual = 7003

Starting Final Cleanup Task
Ending Final Cleanup Task | Checksum: f9dcaaa9

Time (s): cpu = 00:00:00 ; elapsed = 00:00:00 . Memory (MB): peak = 2987.840 ; gain = 0.000 ; free physical = 3257 ; free virtual = 7003

Starting Netlist Obfuscation Task
Netlist sorting complete. Time (s): cpu = 00:00:00 ; elapsed = 00:00:00 . Memory (MB): peak = 2987.840 ; gain = 0.000 ; free physical = 3257 ; free virtual = 7003
Ending Netlist Obfuscation Task | Checksum: f9dcaaa9

Time (s): cpu = 00:00:00 ; elapsed = 00:00:00 . Memory (MB): peak = 2987.840 ; gain = 0.000 ; free physical = 3257 ; free virtual = 7003
INFO: [Common 17-83] Releasing license: Implementation
19 Infos, 0 Warnings, 0 Critical Warnings and 0 Errors encountered.
opt_design completed successfully
opt_design: Time (s): cpu = 00:00:12 ; elapsed = 00:00:11 . Memory (MB): peak = 2987.840 ; gain = 326.859 ; free physical = 3257 ; free virtual = 7003
# place_design;
Command: place_design
Attempting to get a license for feature 'Implementation' and/or device 'xc7a100t'
INFO: [Common 17-349] Got license for feature 'Implementation' and/or device 'xc7a100t'
INFO: [Timing 38-35] Done setting XDC timing constraints.
INFO: [DRC 23-27] Running DRC with 8 threads
INFO: [Vivado_Tcl 4-198] DRC finished with 0 Errors
INFO: [Vivado_Tcl 4-199] Please refer to the DRC report (report_drc) for more information.
Running DRC as a precondition to command place_design
INFO: [DRC 23-27] Running DRC with 8 threads
INFO: [Vivado_Tcl 4-198] DRC finished with 0 Errors
INFO: [Vivado_Tcl 4-199] Please refer to the DRC report (report_drc) for more information.

Starting Placer Task
INFO: [Place 30-611] Multithreading enabled for place_design using a maximum of 8 CPUs

Phase 1 Placer Initialization

Phase 1.1 Placer Initialization Netlist Sorting
Netlist sorting complete. Time (s): cpu = 00:00:00 ; elapsed = 00:00:00 . Memory (MB): peak = 3019.855 ; gain = 0.000 ; free physical = 3214 ; free virtual = 6960
Phase 1.1 Placer Initialization Netlist Sorting | Checksum: 8c9ac361

Time (s): cpu = 00:00:00.01 ; elapsed = 00:00:00.03 . Memory (MB): peak = 3019.855 ; gain = 0.000 ; free physical = 3214 ; free virtual = 6960
Netlist sorting complete. Time (s): cpu = 00:00:00 ; elapsed = 00:00:00 . Memory (MB): peak = 3019.855 ; gain = 0.000 ; free physical = 3214 ; free virtual = 6960

Phase 1.2 IO Placement/ Clock Placement/ Build Placer Device
Phase 1.2 IO Placement/ Clock Placement/ Build Placer Device | Checksum: feaa4a59

Time (s): cpu = 00:00:00.7 ; elapsed = 00:00:00.48 . Memory (MB): peak = 3019.855 ; gain = 0.000 ; free physical = 3240 ; free virtual = 6987

Phase 1.3 Build Placer Netlist Model
Phase 1.3 Build Placer Netlist Model | Checksum: 14dfc8fbd

Time (s): cpu = 00:00:01 ; elapsed = 00:00:00.8 . Memory (MB): peak = 3019.855 ; gain = 0.000 ; free physical = 3253 ; free virtual = 7000

Phase 1.4 Constrain Clocks/Macros
Phase 1.4 Constrain Clocks/Macros | Checksum: 14dfc8fbd

Time (s): cpu = 00:00:01 ; elapsed = 00:00:00.8 . Memory (MB): peak = 3019.855 ; gain = 0.000 ; free physical = 3253 ; free virtual = 7000
Phase 1 Placer Initialization | Checksum: 14dfc8fbd

Time (s): cpu = 00:00:01 ; elapsed = 00:00:00.81 . Memory (MB): peak = 3019.855 ; gain = 0.000 ; free physical = 3253 ; free virtual = 7000

Phase 2 Global Placement

Phase 2.1 Floorplanning
Phase 2.1 Floorplanning | Checksum: 156ebdb82

Time (s): cpu = 00:00:04 ; elapsed = 00:00:02 . Memory (MB): peak = 3019.855 ; gain = 0.000 ; free physical = 3251 ; free virtual = 6998

Phase 2.2 Update Timing before SLR Path Opt
Phase 2.2 Update Timing before SLR Path Opt | Checksum: 1383b65d4

Time (s): cpu = 00:00:04 ; elapsed = 00:00:02 . Memory (MB): peak = 3019.855 ; gain = 0.000 ; free physical = 3251 ; free virtual = 6998

Phase 2.3 Post-Processing in Floorplanning
Phase 2.3 Post-Processing in Floorplanning | Checksum: 1383b65d4

Time (s): cpu = 00:00:04 ; elapsed = 00:00:02 . Memory (MB): peak = 3019.855 ; gain = 0.000 ; free physical = 3251 ; free virtual = 6998

Phase 2.4 Global Placement Core

Phase 2.4.1 Physical Synthesis In Placer
INFO: [Physopt 32-1035] Found 0 LUTNM shape to break, 3 LUT instances to create LUTNM shape
INFO: [Physopt 32-1044] Break lutnm for timing: one critical 0, two critical 0, total 0, new lutff created 0
INFO: [Physopt 32-1138] End 1 Pass. Optimized 1 net or LUT. Breaked 0 LUT, combined 1 existing LUT and moved 0 existing LUT
INFO: [Physopt 32-65] No nets found for high-fanout optimization.
INFO: [Physopt 32-232] Optimized 0 net. Created 0 new instance.
INFO: [Physopt 32-775] End 1 Pass. Optimized 0 net or cell. Created 0 new cell, deleted 0 existing cell and moved 0 existing cell
INFO: [Physopt 32-670] No setup violation found.  DSP Register Optimization was not performed.
INFO: [Physopt 32-670] No setup violation found.  Shift Register to Pipeline Optimization was not performed.
INFO: [Physopt 32-670] No setup violation found.  Shift Register Optimization was not performed.
INFO: [Physopt 32-670] No setup violation found.  BRAM Register Optimization was not performed.
INFO: [Physopt 32-670] No setup violation found.  URAM Register Optimization was not performed.
INFO: [Physopt 32-949] No candidate nets found for dynamic/static region interface net replication
INFO: [Physopt 32-775] End 1 Pass. Optimized 0 net or cell. Created 0 new cell, deleted 0 existing cell and moved 0 existing cell
Netlist sorting complete. Time (s): cpu = 00:00:00 ; elapsed = 00:00:00 . Memory (MB): peak = 3027.859 ; gain = 0.000 ; free physical = 3226 ; free virtual = 6973

Summary of Physical Synthesis Optimizations
============================================


-----------------------------------------------------------------------------------------------------------------------------------------------------------
|  Optimization                                     |  Added Cells  |  Removed Cells  |  Optimized Cells/Nets  |  Dont Touch  |  Iterations  |  Elapsed   |
-----------------------------------------------------------------------------------------------------------------------------------------------------------
|  LUT Combining                                    |            0  |              1  |                     1  |           0  |           1  |  00:00:00  |
|  Retime                                           |            0  |              0  |                     0  |           0  |           1  |  00:00:00  |
|  Very High Fanout                                 |            0  |              0  |                     0  |           0  |           1  |  00:00:00  |
|  DSP Register                                     |            0  |              0  |                     0  |           0  |           0  |  00:00:00  |
|  Shift Register to Pipeline                       |            0  |              0  |                     0  |           0  |           0  |  00:00:00  |
|  Shift Register                                   |            0  |              0  |                     0  |           0  |           0  |  00:00:00  |
|  BRAM Register                                    |            0  |              0  |                     0  |           0  |           0  |  00:00:00  |
|  URAM Register                                    |            0  |              0  |                     0  |           0  |           0  |  00:00:00  |
|  Dynamic/Static Region Interface Net Replication  |            0  |              0  |                     0  |           0  |           1  |  00:00:00  |
|  Total                                            |            0  |              1  |                     1  |           0  |           4  |  00:00:00  |
-----------------------------------------------------------------------------------------------------------------------------------------------------------


Phase 2.4.1 Physical Synthesis In Placer | Checksum: 208476234

Time (s): cpu = 00:00:22 ; elapsed = 00:00:11 . Memory (MB): peak = 3027.859 ; gain = 8.004 ; free physical = 3226 ; free virtual = 6972
Phase 2.4 Global Placement Core | Checksum: 1c2adb0d8

Time (s): cpu = 00:00:46 ; elapsed = 00:00:23 . Memory (MB): peak = 3027.859 ; gain = 8.004 ; free physical = 3226 ; free virtual = 6972
Phase 2 Global Placement | Checksum: 1c2adb0d8

Time (s): cpu = 00:00:46 ; elapsed = 00:00:23 . Memory (MB): peak = 3027.859 ; gain = 8.004 ; free physical = 3226 ; free virtual = 6972

Phase 3 Detail Placement

Phase 3.1 Commit Multi Column Macros
Phase 3.1 Commit Multi Column Macros | Checksum: 20335de22

Time (s): cpu = 00:00:46 ; elapsed = 00:00:24 . Memory (MB): peak = 3027.859 ; gain = 8.004 ; free physical = 3226 ; free virtual = 6972

Phase 3.2 Commit Most Macros & LUTRAMs
Phase 3.2 Commit Most Macros & LUTRAMs | Checksum: 16bad9963

Time (s): cpu = 00:00:46 ; elapsed = 00:00:24 . Memory (MB): peak = 3027.859 ; gain = 8.004 ; free physical = 3226 ; free virtual = 6972

Phase 3.3 Area Swap Optimization
Phase 3.3 Area Swap Optimization | Checksum: b2081615

Time (s): cpu = 00:00:47 ; elapsed = 00:00:24 . Memory (MB): peak = 3027.859 ; gain = 8.004 ; free physical = 3226 ; free virtual = 6972

Phase 3.4 Pipeline Register Optimization
Phase 3.4 Pipeline Register Optimization | Checksum: b2081615

Time (s): cpu = 00:00:47 ; elapsed = 00:00:24 . Memory (MB): peak = 3027.859 ; gain = 8.004 ; free physical = 3226 ; free virtual = 6972

Phase 3.5 Small Shape Detail Placement
Phase 3.5 Small Shape Detail Placement | Checksum: 1b1319d88

Time (s): cpu = 00:00:49 ; elapsed = 00:00:25 . Memory (MB): peak = 3027.859 ; gain = 8.004 ; free physical = 3222 ; free virtual = 6969

Phase 3.6 Re-assign LUT pins
Phase 3.6 Re-assign LUT pins | Checksum: 18f2ec669

Time (s): cpu = 00:00:49 ; elapsed = 00:00:25 . Memory (MB): peak = 3027.859 ; gain = 8.004 ; free physical = 3222 ; free virtual = 6969

Phase 3.7 Pipeline Register Optimization
Phase 3.7 Pipeline Register Optimization | Checksum: 18f2ec669

Time (s): cpu = 00:00:49 ; elapsed = 00:00:25 . Memory (MB): peak = 3027.859 ; gain = 8.004 ; free physical = 3222 ; free virtual = 6969
Phase 3 Detail Placement | Checksum: 18f2ec669

Time (s): cpu = 00:00:49 ; elapsed = 00:00:25 . Memory (MB): peak = 3027.859 ; gain = 8.004 ; free physical = 3222 ; free virtual = 6969

Phase 4 Post Placement Optimization and Clean-Up

Phase 4.1 Post Commit Optimization
INFO: [Timing 38-35] Done setting XDC timing constraints.

Phase 4.1.1 Post Placement Optimization
Post Placement Optimization Initialization | Checksum: 266d2c4e2

Phase 4.1.1.1 BUFG Insertion

Starting Physical Synthesis Task

Phase 1 Physical Synthesis Initialization
INFO: [Physopt 32-721] Multithreading enabled for phys_opt_design using a maximum of 8 CPUs
INFO: [Physopt 32-619] Estimated Timing Summary | WNS=11.537 | TNS=0.000 |
Phase 1 Physical Synthesis Initialization | Checksum: 20fdf9809

Time (s): cpu = 00:00:00.09 ; elapsed = 00:00:00.05 . Memory (MB): peak = 3027.859 ; gain = 0.000 ; free physical = 3222 ; free virtual = 6968
INFO: [Place 46-56] BUFG insertion identified 0 candidate nets. Inserted BUFG: 0, Replicated BUFG Driver: 0, Skipped due to Placement/Routing Conflicts: 0, Skipped due to Timing Degradation: 0, Skipped due to Illegal Netlist: 0.
Ending Physical Synthesis Task | Checksum: 22f6cecf9

Time (s): cpu = 00:00:00.09 ; elapsed = 00:00:00.05 . Memory (MB): peak = 3027.859 ; gain = 0.000 ; free physical = 3222 ; free virtual = 6968
Phase 4.1.1.1 BUFG Insertion | Checksum: 266d2c4e2

Time (s): cpu = 00:00:50 ; elapsed = 00:00:26 . Memory (MB): peak = 3027.859 ; gain = 8.004 ; free physical = 3222 ; free virtual = 6968

Phase 4.1.1.2 Post Placement Timing Optimization
INFO: [Place 30-746] Post Placement Timing Summary WNS=11.537. For the most accurate timing information please run report_timing.
Phase 4.1.1.2 Post Placement Timing Optimization | Checksum: 1d059d474

Time (s): cpu = 00:00:50 ; elapsed = 00:00:26 . Memory (MB): peak = 3027.859 ; gain = 8.004 ; free physical = 3222 ; free virtual = 6968

Time (s): cpu = 00:00:50 ; elapsed = 00:00:26 . Memory (MB): peak = 3027.859 ; gain = 8.004 ; free physical = 3222 ; free virtual = 6968
Phase 4.1 Post Commit Optimization | Checksum: 1d059d474

Time (s): cpu = 00:00:50 ; elapsed = 00:00:26 . Memory (MB): peak = 3027.859 ; gain = 8.004 ; free physical = 3222 ; free virtual = 6968

Phase 4.2 Post Placement Cleanup
Phase 4.2 Post Placement Cleanup | Checksum: 1d059d474

Time (s): cpu = 00:00:50 ; elapsed = 00:00:26 . Memory (MB): peak = 3027.859 ; gain = 8.004 ; free physical = 3224 ; free virtual = 6971

Phase 4.3 Placer Reporting

Phase 4.3.1 Print Estimated Congestion
INFO: [Place 30-612] Post-Placement Estimated Congestion 
 ____________________________________________________
|           | Global Congestion | Short Congestion  |
| Direction | Region Size       | Region Size       |
|___________|___________________|___________________|
|      North|                1x1|                1x1|
|___________|___________________|___________________|
|      South|                1x1|                1x1|
|___________|___________________|___________________|
|       East|                1x1|                1x1|
|___________|___________________|___________________|
|       West|                1x1|                1x1|
|___________|___________________|___________________|

Phase 4.3.1 Print Estimated Congestion | Checksum: 1d059d474

Time (s): cpu = 00:00:50 ; elapsed = 00:00:26 . Memory (MB): peak = 3027.859 ; gain = 8.004 ; free physical = 3224 ; free virtual = 6971
Phase 4.3 Placer Reporting | Checksum: 1d059d474

Time (s): cpu = 00:00:50 ; elapsed = 00:00:26 . Memory (MB): peak = 3027.859 ; gain = 8.004 ; free physical = 3224 ; free virtual = 6971

Phase 4.4 Final Placement Cleanup
Netlist sorting complete. Time (s): cpu = 00:00:00 ; elapsed = 00:00:00 . Memory (MB): peak = 3027.859 ; gain = 0.000 ; free physical = 3224 ; free virtual = 6971

Time (s): cpu = 00:00:50 ; elapsed = 00:00:26 . Memory (MB): peak = 3027.859 ; gain = 8.004 ; free physical = 3224 ; free virtual = 6971
Phase 4 Post Placement Optimization and Clean-Up | Checksum: f9c7a5cf

Time (s): cpu = 00:00:50 ; elapsed = 00:00:26 . Memory (MB): peak = 3027.859 ; gain = 8.004 ; free physical = 3224 ; free virtual = 6971
Ending Placer Task | Checksum: eb98d70c

Time (s): cpu = 00:00:50 ; elapsed = 00:00:26 . Memory (MB): peak = 3027.859 ; gain = 8.004 ; free physical = 3224 ; free virtual = 6971
INFO: [Common 17-83] Releasing license: Implementation
29 Infos, 0 Warnings, 0 Critical Warnings and 0 Errors encountered.
place_design completed successfully
place_design: Time (s): cpu = 00:00:52 ; elapsed = 00:00:27 . Memory (MB): peak = 3027.859 ; gain = 40.020 ; free physical = 3249 ; free virtual = 6996
# phys_opt_design
Command: phys_opt_design
Attempting to get a license for feature 'Implementation' and/or device 'xc7a100t'
INFO: [Common 17-349] Got license for feature 'Implementation' and/or device 'xc7a100t'
INFO: [Vivado_Tcl 4-383] Design worst setup slack (WNS) is greater than or equal to 0.000 ns. Skipping all physical synthesis optimizations.
INFO: [Vivado_Tcl 4-232] No setup violation found. The netlist was not modified.
INFO: [Common 17-83] Releasing license: Implementation
4 Infos, 0 Warnings, 0 Critical Warnings and 0 Errors encountered.
phys_opt_design completed successfully
# route_design
Command: route_design
Attempting to get a license for feature 'Implementation' and/or device 'xc7a100t'
INFO: [Common 17-349] Got license for feature 'Implementation' and/or device 'xc7a100t'
Running DRC as a precondition to command route_design
INFO: [DRC 23-27] Running DRC with 8 threads
INFO: [Vivado_Tcl 4-198] DRC finished with 0 Errors
INFO: [Vivado_Tcl 4-199] Please refer to the DRC report (report_drc) for more information.


Starting Routing Task
INFO: [Route 35-254] Multithreading enabled for route_design using a maximum of 8 CPUs

Phase 1 Build RT Design
Checksum: PlaceDB: c4351421 ConstDB: 0 ShapeSum: 2763c2eb RouteDB: 0
Post Restoration Checksum: NetGraph: 510c3bbb NumContArr: 2e8aee1b Constraints: 0 Timing: 0
Phase 1 Build RT Design | Checksum: 7f9729d6

Time (s): cpu = 00:01:04 ; elapsed = 00:01:00 . Memory (MB): peak = 3027.859 ; gain = 0.000 ; free physical = 3114 ; free virtual = 6861

Phase 2 Router Initialization

Phase 2.1 Fix Topology Constraints
Phase 2.1 Fix Topology Constraints | Checksum: 7f9729d6

Time (s): cpu = 00:01:04 ; elapsed = 00:01:00 . Memory (MB): peak = 3027.859 ; gain = 0.000 ; free physical = 3080 ; free virtual = 6827

Phase 2.2 Pre Route Cleanup
Phase 2.2 Pre Route Cleanup | Checksum: 7f9729d6

Time (s): cpu = 00:01:04 ; elapsed = 00:01:00 . Memory (MB): peak = 3027.859 ; gain = 0.000 ; free physical = 3080 ; free virtual = 6827
 Number of Nodes with overlaps = 0

Phase 2.3 Update Timing
Phase 2.3 Update Timing | Checksum: 23101c348

Time (s): cpu = 00:01:05 ; elapsed = 00:01:01 . Memory (MB): peak = 3027.859 ; gain = 0.000 ; free physical = 3072 ; free virtual = 6819
INFO: [Route 35-416] Intermediate Timing Summary | WNS=11.530 | TNS=0.000  | WHS=-0.090 | THS=-0.807 |


Router Utilization Summary
  Global Vertical Routing Utilization    = 0 %
  Global Horizontal Routing Utilization  = 0 %
  Routable Net Status*
  *Does not include unroutable nets such as driverless and loadless.
  Run report_route_status for detailed report.
  Number of Failed Nets               = 99
    (Failed Nets is the sum of unrouted and partially routed nets)
  Number of Unrouted Nets             = 99
  Number of Partially Routed Nets     = 0
  Number of Node Overlaps             = 0

Phase 2 Router Initialization | Checksum: 2b850c9bd

Time (s): cpu = 00:01:05 ; elapsed = 00:01:01 . Memory (MB): peak = 3027.859 ; gain = 0.000 ; free physical = 3070 ; free virtual = 6817

Phase 3 Initial Routing

Phase 3.1 Global Routing
Phase 3.1 Global Routing | Checksum: 2b850c9bd

Time (s): cpu = 00:01:05 ; elapsed = 00:01:01 . Memory (MB): peak = 3027.859 ; gain = 0.000 ; free physical = 3070 ; free virtual = 6817
Phase 3 Initial Routing | Checksum: 15f799213

Time (s): cpu = 00:01:06 ; elapsed = 00:01:01 . Memory (MB): peak = 3027.859 ; gain = 0.000 ; free physical = 3067 ; free virtual = 6814

Phase 4 Rip-up And Reroute

Phase 4.1 Global Iteration 0
 Number of Nodes with overlaps = 4
 Number of Nodes with overlaps = 0
INFO: [Route 35-416] Intermediate Timing Summary | WNS=11.326 | TNS=0.000  | WHS=N/A    | THS=N/A    |

Phase 4.1 Global Iteration 0 | Checksum: 11d0ec14e

Time (s): cpu = 00:01:06 ; elapsed = 00:01:01 . Memory (MB): peak = 3027.859 ; gain = 0.000 ; free physical = 3066 ; free virtual = 6813
Phase 4 Rip-up And Reroute | Checksum: 11d0ec14e

Time (s): cpu = 00:01:06 ; elapsed = 00:01:01 . Memory (MB): peak = 3027.859 ; gain = 0.000 ; free physical = 3066 ; free virtual = 6813

Phase 5 Delay and Skew Optimization

Phase 5.1 Delay CleanUp

Phase 5.1.1 Update Timing
Phase 5.1.1 Update Timing | Checksum: 1a774f34d

Time (s): cpu = 00:01:06 ; elapsed = 00:01:01 . Memory (MB): peak = 3027.859 ; gain = 0.000 ; free physical = 3066 ; free virtual = 6813
INFO: [Route 35-416] Intermediate Timing Summary | WNS=11.406 | TNS=0.000  | WHS=N/A    | THS=N/A    |

Phase 5.1 Delay CleanUp | Checksum: 1a774f34d

Time (s): cpu = 00:01:06 ; elapsed = 00:01:01 . Memory (MB): peak = 3027.859 ; gain = 0.000 ; free physical = 3066 ; free virtual = 6813

Phase 5.2 Clock Skew Optimization
Phase 5.2 Clock Skew Optimization | Checksum: 1a774f34d

Time (s): cpu = 00:01:06 ; elapsed = 00:01:01 . Memory (MB): peak = 3027.859 ; gain = 0.000 ; free physical = 3066 ; free virtual = 6813
Phase 5 Delay and Skew Optimization | Checksum: 1a774f34d

Time (s): cpu = 00:01:06 ; elapsed = 00:01:01 . Memory (MB): peak = 3027.859 ; gain = 0.000 ; free physical = 3066 ; free virtual = 6813

Phase 6 Post Hold Fix

Phase 6.1 Hold Fix Iter

Phase 6.1.1 Update Timing
Phase 6.1.1 Update Timing | Checksum: 10316e532

Time (s): cpu = 00:01:06 ; elapsed = 00:01:01 . Memory (MB): peak = 3027.859 ; gain = 0.000 ; free physical = 3066 ; free virtual = 6813
INFO: [Route 35-416] Intermediate Timing Summary | WNS=11.406 | TNS=0.000  | WHS=0.197  | THS=0.000  |

Phase 6.1 Hold Fix Iter | Checksum: 19511f883

Time (s): cpu = 00:01:06 ; elapsed = 00:01:01 . Memory (MB): peak = 3027.859 ; gain = 0.000 ; free physical = 3066 ; free virtual = 6813
Phase 6 Post Hold Fix | Checksum: 19511f883

Time (s): cpu = 00:01:06 ; elapsed = 00:01:01 . Memory (MB): peak = 3027.859 ; gain = 0.000 ; free physical = 3066 ; free virtual = 6813

Phase 7 Route finalize

Router Utilization Summary
  Global Vertical Routing Utilization    = 0.0323367 %
  Global Horizontal Routing Utilization  = 0.00902245 %
  Routable Net Status*
  *Does not include unroutable nets such as driverless and loadless.
  Run report_route_status for detailed report.
  Number of Failed Nets               = 0
    (Failed Nets is the sum of unrouted and partially routed nets)
  Number of Unrouted Nets             = 0
  Number of Partially Routed Nets     = 0
  Number of Node Overlaps             = 0

Phase 7 Route finalize | Checksum: 177aab462

Time (s): cpu = 00:01:06 ; elapsed = 00:01:01 . Memory (MB): peak = 3027.859 ; gain = 0.000 ; free physical = 3066 ; free virtual = 6813

Phase 8 Verifying routed nets

 Verification completed successfully
Phase 8 Verifying routed nets | Checksum: 177aab462

Time (s): cpu = 00:01:06 ; elapsed = 00:01:01 . Memory (MB): peak = 3027.859 ; gain = 0.000 ; free physical = 3064 ; free virtual = 6811

Phase 9 Depositing Routes
Phase 9 Depositing Routes | Checksum: 1a846cedf

Time (s): cpu = 00:01:06 ; elapsed = 00:01:02 . Memory (MB): peak = 3027.859 ; gain = 0.000 ; free physical = 3064 ; free virtual = 6811

Phase 10 Post Router Timing
INFO: [Route 35-57] Estimated Timing Summary | WNS=11.406 | TNS=0.000  | WHS=0.197  | THS=0.000  |

INFO: [Route 35-327] The final timing numbers are based on the router estimated timing analysis. For a complete and accurate timing signoff, please run report_timing_summary.
Phase 10 Post Router Timing | Checksum: 1a846cedf

Time (s): cpu = 00:01:06 ; elapsed = 00:01:02 . Memory (MB): peak = 3027.859 ; gain = 0.000 ; free physical = 3064 ; free virtual = 6811
INFO: [Route 35-16] Router Completed Successfully

Time (s): cpu = 00:01:06 ; elapsed = 00:01:02 . Memory (MB): peak = 3027.859 ; gain = 0.000 ; free physical = 3106 ; free virtual = 6852

Routing Is Done.
INFO: [Common 17-83] Releasing license: Implementation
13 Infos, 0 Warnings, 0 Critical Warnings and 0 Errors encountered.
route_design completed successfully
route_design: Time (s): cpu = 00:01:08 ; elapsed = 00:01:03 . Memory (MB): peak = 3027.859 ; gain = 0.000 ; free physical = 3106 ; free virtual = 6852
# write_bitstream -force /tmp/tmp.RSzaIc/obj/out.bit
Command: write_bitstream -force /tmp/tmp.RSzaIc/obj/out.bit
Attempting to get a license for feature 'Implementation' and/or device 'xc7a100t'
INFO: [Common 17-349] Got license for feature 'Implementation' and/or device 'xc7a100t'
Running DRC as a precondition to command write_bitstream
INFO: [IP_Flow 19-234] Refreshing IP repositories
INFO: [IP_Flow 19-1704] No user IP repositories specified
INFO: [IP_Flow 19-2313] Loaded Vivado IP repository '/opt/Xilinx/Vivado/2022.1/data/ip'.
INFO: [DRC 23-27] Running DRC with 8 threads
WARNING: [DRC CFGBVS-1] Missing CFGBVS and CONFIG_VOLTAGE Design Properties: Neither the CFGBVS nor CONFIG_VOLTAGE voltage property is set in the current_design.  Configuration bank voltage select (CFGBVS) must be set to VCCO or GND, and CONFIG_VOLTAGE must be set to the correct configuration voltage, in order to determine the I/O voltage support for the pins in bank 0.  It is suggested to specify these either using the 'Edit Device Properties' function in the GUI or directly in the XDC file using the following syntax:

 set_property CFGBVS value1 [current_design]
 #where value1 is either VCCO or GND

 set_property CONFIG_VOLTAGE value2 [current_design]
 #where value2 is the voltage provided to configuration bank 0

Refer to the device configuration user guide for more information.
INFO: [Vivado 12-3199] DRC finished with 0 Errors, 1 Warnings
INFO: [Vivado 12-3200] Please refer to the DRC report (report_drc) for more information.
INFO: [Designutils 20-2272] Running write_bitstream with 8 threads.
Loading data files...
Loading site data...
Loading route data...
Processing options...
Creating bitmap...
Creating bitstream...
Writing bitstream /tmp/tmp.RSzaIc/obj/out.bit...
INFO: [Vivado 12-1842] Bitgen Completed Successfully.
INFO: [Project 1-1876] WebTalk data collection is mandatory when using a ULT device. To see the specific WebTalk data collected for your design, open the usage_statistics_webtalk.html or usage_statistics_webtalk.xml file in the implementation directory.
INFO: [Common 17-83] Releasing license: Implementation
11 Infos, 1 Warnings, 0 Critical Warnings and 0 Errors encountered.
write_bitstream completed successfully
write_bitstream: Time (s): cpu = 00:00:13 ; elapsed = 00:00:15 . Memory (MB): peak = 3328.949 ; gain = 301.090 ; free physical = 3050 ; free virtual = 6800
INFO: [Common 17-206] Exiting Vivado at Wed Dec 14 15:14:34 2022...
