#! /usr/local/Cellar/icarus-verilog/11.0/bin/vvp
:ivl_version "11.0 (stable)";
:ivl_delay_selection "TYPICAL";
:vpi_time_precision - 12;
:vpi_module "/usr/local/Cellar/icarus-verilog/11.0/lib/ivl/system.vpi";
:vpi_module "/usr/local/Cellar/icarus-verilog/11.0/lib/ivl/vhdl_sys.vpi";
:vpi_module "/usr/local/Cellar/icarus-verilog/11.0/lib/ivl/vhdl_textio.vpi";
:vpi_module "/usr/local/Cellar/icarus-verilog/11.0/lib/ivl/v2005_math.vpi";
:vpi_module "/usr/local/Cellar/icarus-verilog/11.0/lib/ivl/va_math.vpi";
:vpi_module "/usr/local/Cellar/icarus-verilog/11.0/lib/ivl/v2009.vpi";
S_0x7fd586110be0 .scope package, "$unit" "$unit" 2 1;
 .timescale 0 0;
S_0x7fd586111f00 .scope module, "bitorder_tb" "bitorder_tb" 3 4;
 .timescale -9 -12;
v0x6000002b8bd0_0 .var "axiid", 1 0;
v0x6000002b8c60_0 .var "axiiv", 0 0;
v0x6000002b8cf0_0 .net "axiod", 1 0, v0x6000002b86c0_0;  1 drivers
v0x6000002b8d80_0 .net "axiov", 0 0, v0x6000002b8750_0;  1 drivers
v0x6000002b8e10_0 .var "clk_in", 0 0;
v0x6000002b8ea0_0 .var "rst_in", 0 0;
S_0x7fd5861043f0 .scope begin, "$ivl_for_loop0" "$ivl_for_loop0" 3 42, 3 42 0, S_0x7fd586111f00;
 .timescale -9 -12;
v0x6000002b42d0_0 .var/2s "i", 31 0;
S_0x7fd586204080 .scope begin, "$ivl_for_loop1" "$ivl_for_loop1" 3 53, 3 53 0, S_0x7fd586111f00;
 .timescale -9 -12;
v0x6000002b8000_0 .var/2s "i", 31 0;
S_0x7fd5862041f0 .scope begin, "$ivl_for_loop2" "$ivl_for_loop2" 3 57, 3 57 0, S_0x7fd586111f00;
 .timescale -9 -12;
v0x6000002b8090_0 .var/2s "i", 31 0;
S_0x7fd586204360 .scope begin, "$ivl_for_loop3" "$ivl_for_loop3" 3 68, 3 68 0, S_0x7fd586111f00;
 .timescale -9 -12;
v0x6000002b8120_0 .var/2s "i", 31 0;
S_0x7fd5862044d0 .scope begin, "$ivl_for_loop4" "$ivl_for_loop4" 3 72, 3 72 0, S_0x7fd586111f00;
 .timescale -9 -12;
v0x6000002b81b0_0 .var/2s "i", 31 0;
S_0x7fd586204640 .scope begin, "$ivl_for_loop5" "$ivl_for_loop5" 3 76, 3 76 0, S_0x7fd586111f00;
 .timescale -9 -12;
v0x6000002b8240_0 .var/2s "i", 31 0;
S_0x7fd5862047b0 .scope begin, "$ivl_for_loop6" "$ivl_for_loop6" 3 87, 3 87 0, S_0x7fd586111f00;
 .timescale -9 -12;
v0x6000002b82d0_0 .var/2s "i", 31 0;
S_0x7fd586204920 .scope begin, "$ivl_for_loop7" "$ivl_for_loop7" 3 91, 3 91 0, S_0x7fd586111f00;
 .timescale -9 -12;
v0x6000002b8360_0 .var/2s "i", 31 0;
S_0x7fd586204a90 .scope begin, "$ivl_for_loop8" "$ivl_for_loop8" 3 95, 3 95 0, S_0x7fd586111f00;
 .timescale -9 -12;
v0x6000002b83f0_0 .var/2s "i", 31 0;
S_0x7fd586204c00 .scope begin, "$ivl_for_loop9" "$ivl_for_loop9" 3 99, 3 99 0, S_0x7fd586111f00;
 .timescale -9 -12;
v0x6000002b8480_0 .var/2s "i", 31 0;
S_0x7fd586204d70 .scope module, "uut" "bitorder" 3 13, 4 4 0, S_0x7fd586111f00;
 .timescale -9 -12;
    .port_info 0 /INPUT 1 "clk";
    .port_info 1 /INPUT 1 "rst";
    .port_info 2 /INPUT 1 "axiiv";
    .port_info 3 /INPUT 2 "axiid";
    .port_info 4 /OUTPUT 1 "axiov";
    .port_info 5 /OUTPUT 2 "axiod";
P_0x600000cb4000 .param/l "IDLE" 1 4 17, +C4<00000000000000000000000000000000>;
P_0x600000cb4040 .param/l "RANDW" 1 4 19, +C4<00000000000000000000000000000010>;
P_0x600000cb4080 .param/l "RNOW" 1 4 18, +C4<00000000000000000000000000000001>;
P_0x600000cb40c0 .param/l "WNOR" 1 4 20, +C4<00000000000000000000000000000011>;
v0x6000002b85a0_0 .net "axiid", 1 0, v0x6000002b8bd0_0;  1 drivers
v0x6000002b8630_0 .net "axiiv", 0 0, v0x6000002b8c60_0;  1 drivers
v0x6000002b86c0_0 .var "axiod", 1 0;
v0x6000002b8750_0 .var "axiov", 0 0;
v0x6000002b87e0_0 .var "buf_a", 7 0;
v0x6000002b8870_0 .var "buf_b", 7 0;
v0x6000002b8900_0 .var "buf_counter", 1 0;
v0x6000002b8990_0 .net "clk", 0 0, v0x6000002b8e10_0;  1 drivers
v0x6000002b8a20_0 .var "read_buf", 0 0;
v0x6000002b8ab0_0 .net "rst", 0 0, v0x6000002b8ea0_0;  1 drivers
v0x6000002b8b40_0 .var "state", 1 0;
E_0x600003eb80c0 .event posedge, v0x6000002b8990_0;
    .scope S_0x7fd586204d70;
T_0 ;
    %wait E_0x600003eb80c0;
    %load/vec4 v0x6000002b8ab0_0;
    %flag_set/vec4 8;
    %jmp/0xz  T_0.0, 8;
    %pushi/vec4 0, 0, 1;
    %assign/vec4 v0x6000002b8a20_0, 0;
    %pushi/vec4 0, 0, 2;
    %assign/vec4 v0x6000002b8900_0, 0;
    %pushi/vec4 0, 0, 8;
    %assign/vec4 v0x6000002b87e0_0, 0;
    %pushi/vec4 0, 0, 8;
    %assign/vec4 v0x6000002b8870_0, 0;
    %pushi/vec4 0, 0, 1;
    %assign/vec4 v0x6000002b8750_0, 0;
    %pushi/vec4 0, 0, 2;
    %assign/vec4 v0x6000002b8b40_0, 0;
T_0.0 ;
    %load/vec4 v0x6000002b8b40_0;
    %dup/vec4;
    %pushi/vec4 0, 0, 2;
    %cmp/u;
    %jmp/1 T_0.2, 6;
    %dup/vec4;
    %pushi/vec4 1, 0, 2;
    %cmp/u;
    %jmp/1 T_0.3, 6;
    %dup/vec4;
    %pushi/vec4 2, 0, 2;
    %cmp/u;
    %jmp/1 T_0.4, 6;
    %dup/vec4;
    %pushi/vec4 3, 0, 2;
    %cmp/u;
    %jmp/1 T_0.5, 6;
    %jmp T_0.6;
T_0.2 ;
    %pushi/vec4 0, 0, 2;
    %assign/vec4 v0x6000002b86c0_0, 0;
    %pushi/vec4 0, 0, 1;
    %assign/vec4 v0x6000002b8750_0, 0;
    %load/vec4 v0x6000002b8630_0;
    %cmpi/e 1, 0, 1;
    %jmp/0xz  T_0.7, 4;
    %pushi/vec4 0, 0, 8;
    %assign/vec4 v0x6000002b8870_0, 0;
    %load/vec4 v0x6000002b85a0_0;
    %concati/vec4 0, 0, 6;
    %assign/vec4 v0x6000002b87e0_0, 0;
    %pushi/vec4 0, 0, 1;
    %assign/vec4 v0x6000002b8a20_0, 0;
    %pushi/vec4 0, 0, 2;
    %assign/vec4 v0x6000002b8900_0, 0;
    %pushi/vec4 1, 0, 2;
    %assign/vec4 v0x6000002b8b40_0, 0;
T_0.7 ;
    %jmp T_0.6;
T_0.3 ;
    %load/vec4 v0x6000002b8630_0;
    %cmpi/e 1, 0, 1;
    %jmp/0xz  T_0.9, 4;
    %load/vec4 v0x6000002b8900_0;
    %pad/u 32;
    %cmpi/e 3, 0, 32;
    %jmp/0xz  T_0.11, 4;
    %load/vec4 v0x6000002b85a0_0;
    %load/vec4 v0x6000002b8870_0;
    %parti/s 6, 2, 3;
    %concat/vec4; draw_concat_vec4
    %assign/vec4 v0x6000002b8870_0, 0;
    %load/vec4 v0x6000002b87e0_0;
    %parti/s 2, 6, 4;
    %assign/vec4 v0x6000002b86c0_0, 0;
    %pushi/vec4 1, 0, 1;
    %assign/vec4 v0x6000002b8750_0, 0;
    %load/vec4 v0x6000002b8a20_0;
    %inv;
    %assign/vec4 v0x6000002b8a20_0, 0;
    %pushi/vec4 0, 0, 2;
    %assign/vec4 v0x6000002b8900_0, 0;
    %pushi/vec4 2, 0, 2;
    %assign/vec4 v0x6000002b8b40_0, 0;
    %jmp T_0.12;
T_0.11 ;
    %load/vec4 v0x6000002b85a0_0;
    %load/vec4 v0x6000002b87e0_0;
    %parti/s 6, 2, 3;
    %concat/vec4; draw_concat_vec4
    %assign/vec4 v0x6000002b87e0_0, 0;
    %load/vec4 v0x6000002b8900_0;
    %addi 1, 0, 2;
    %assign/vec4 v0x6000002b8900_0, 0;
T_0.12 ;
    %jmp T_0.10;
T_0.9 ;
    %load/vec4 v0x6000002b8900_0;
    %pad/u 32;
    %cmpi/e 3, 0, 32;
    %jmp/0xz  T_0.13, 4;
    %load/vec4 v0x6000002b87e0_0;
    %parti/s 2, 6, 4;
    %assign/vec4 v0x6000002b86c0_0, 0;
    %pushi/vec4 1, 0, 1;
    %assign/vec4 v0x6000002b8750_0, 0;
    %pushi/vec4 1, 0, 1;
    %assign/vec4 v0x6000002b8a20_0, 0;
    %pushi/vec4 0, 0, 2;
    %assign/vec4 v0x6000002b8900_0, 0;
    %pushi/vec4 3, 0, 2;
    %assign/vec4 v0x6000002b8b40_0, 0;
    %jmp T_0.14;
T_0.13 ;
    %pushi/vec4 0, 0, 2;
    %assign/vec4 v0x6000002b8900_0, 0;
    %pushi/vec4 0, 0, 8;
    %assign/vec4 v0x6000002b87e0_0, 0;
    %pushi/vec4 0, 0, 2;
    %assign/vec4 v0x6000002b8b40_0, 0;
T_0.14 ;
T_0.10 ;
    %jmp T_0.6;
T_0.4 ;
    %pushi/vec4 1, 0, 1;
    %assign/vec4 v0x6000002b8750_0, 0;
    %load/vec4 v0x6000002b8630_0;
    %cmpi/e 1, 0, 1;
    %jmp/0xz  T_0.15, 4;
    %load/vec4 v0x6000002b8a20_0;
    %cmpi/e 0, 0, 1;
    %jmp/0xz  T_0.17, 4;
    %load/vec4 v0x6000002b8900_0;
    %dup/vec4;
    %pushi/vec4 3, 0, 2;
    %cmp/u;
    %jmp/1 T_0.19, 6;
    %dup/vec4;
    %pushi/vec4 0, 0, 2;
    %cmp/u;
    %jmp/1 T_0.20, 6;
    %dup/vec4;
    %pushi/vec4 1, 0, 2;
    %cmp/u;
    %jmp/1 T_0.21, 6;
    %dup/vec4;
    %pushi/vec4 2, 0, 2;
    %cmp/u;
    %jmp/1 T_0.22, 6;
    %jmp T_0.23;
T_0.19 ;
    %load/vec4 v0x6000002b85a0_0;
    %load/vec4 v0x6000002b8870_0;
    %parti/s 6, 2, 3;
    %concat/vec4; draw_concat_vec4
    %assign/vec4 v0x6000002b8870_0, 0;
    %load/vec4 v0x6000002b87e0_0;
    %parti/s 2, 6, 4;
    %assign/vec4 v0x6000002b86c0_0, 0;
    %jmp T_0.23;
T_0.20 ;
    %load/vec4 v0x6000002b85a0_0;
    %load/vec4 v0x6000002b87e0_0;
    %parti/s 6, 2, 3;
    %concat/vec4; draw_concat_vec4
    %assign/vec4 v0x6000002b87e0_0, 0;
    %load/vec4 v0x6000002b8870_0;
    %parti/s 2, 4, 4;
    %assign/vec4 v0x6000002b86c0_0, 0;
    %jmp T_0.23;
T_0.21 ;
    %load/vec4 v0x6000002b85a0_0;
    %load/vec4 v0x6000002b87e0_0;
    %parti/s 6, 2, 3;
    %concat/vec4; draw_concat_vec4
    %assign/vec4 v0x6000002b87e0_0, 0;
    %load/vec4 v0x6000002b8870_0;
    %parti/s 2, 2, 3;
    %assign/vec4 v0x6000002b86c0_0, 0;
    %jmp T_0.23;
T_0.22 ;
    %load/vec4 v0x6000002b85a0_0;
    %load/vec4 v0x6000002b87e0_0;
    %parti/s 6, 2, 3;
    %concat/vec4; draw_concat_vec4
    %assign/vec4 v0x6000002b87e0_0, 0;
    %load/vec4 v0x6000002b8870_0;
    %parti/s 2, 0, 2;
    %assign/vec4 v0x6000002b86c0_0, 0;
    %jmp T_0.23;
T_0.23 ;
    %pop/vec4 1;
    %jmp T_0.18;
T_0.17 ;
    %load/vec4 v0x6000002b8900_0;
    %dup/vec4;
    %pushi/vec4 3, 0, 2;
    %cmp/u;
    %jmp/1 T_0.24, 6;
    %dup/vec4;
    %pushi/vec4 0, 0, 2;
    %cmp/u;
    %jmp/1 T_0.25, 6;
    %dup/vec4;
    %pushi/vec4 1, 0, 2;
    %cmp/u;
    %jmp/1 T_0.26, 6;
    %dup/vec4;
    %pushi/vec4 2, 0, 2;
    %cmp/u;
    %jmp/1 T_0.27, 6;
    %jmp T_0.28;
T_0.24 ;
    %load/vec4 v0x6000002b85a0_0;
    %load/vec4 v0x6000002b87e0_0;
    %parti/s 6, 2, 3;
    %concat/vec4; draw_concat_vec4
    %assign/vec4 v0x6000002b87e0_0, 0;
    %load/vec4 v0x6000002b8870_0;
    %parti/s 2, 6, 4;
    %assign/vec4 v0x6000002b86c0_0, 0;
    %jmp T_0.28;
T_0.25 ;
    %load/vec4 v0x6000002b85a0_0;
    %load/vec4 v0x6000002b8870_0;
    %parti/s 6, 2, 3;
    %concat/vec4; draw_concat_vec4
    %assign/vec4 v0x6000002b8870_0, 0;
    %load/vec4 v0x6000002b87e0_0;
    %parti/s 2, 4, 4;
    %assign/vec4 v0x6000002b86c0_0, 0;
    %jmp T_0.28;
T_0.26 ;
    %load/vec4 v0x6000002b85a0_0;
    %load/vec4 v0x6000002b8870_0;
    %parti/s 6, 2, 3;
    %concat/vec4; draw_concat_vec4
    %assign/vec4 v0x6000002b8870_0, 0;
    %load/vec4 v0x6000002b87e0_0;
    %parti/s 2, 2, 3;
    %assign/vec4 v0x6000002b86c0_0, 0;
    %jmp T_0.28;
T_0.27 ;
    %load/vec4 v0x6000002b85a0_0;
    %load/vec4 v0x6000002b8870_0;
    %parti/s 6, 2, 3;
    %concat/vec4; draw_concat_vec4
    %assign/vec4 v0x6000002b8870_0, 0;
    %load/vec4 v0x6000002b87e0_0;
    %parti/s 2, 0, 2;
    %assign/vec4 v0x6000002b86c0_0, 0;
    %jmp T_0.28;
T_0.28 ;
    %pop/vec4 1;
T_0.18 ;
    %load/vec4 v0x6000002b8900_0;
    %pad/u 32;
    %cmpi/e 3, 0, 32;
    %jmp/0xz  T_0.29, 4;
    %load/vec4 v0x6000002b8a20_0;
    %inv;
    %assign/vec4 v0x6000002b8a20_0, 0;
    %pushi/vec4 0, 0, 2;
    %assign/vec4 v0x6000002b8900_0, 0;
    %jmp T_0.30;
T_0.29 ;
    %load/vec4 v0x6000002b8900_0;
    %addi 1, 0, 2;
    %assign/vec4 v0x6000002b8900_0, 0;
T_0.30 ;
    %jmp T_0.16;
T_0.15 ;
    %load/vec4 v0x6000002b8a20_0;
    %cmpi/e 0, 0, 1;
    %jmp/0xz  T_0.31, 4;
    %load/vec4 v0x6000002b8900_0;
    %dup/vec4;
    %pushi/vec4 3, 0, 2;
    %cmp/u;
    %jmp/1 T_0.33, 6;
    %dup/vec4;
    %pushi/vec4 0, 0, 2;
    %cmp/u;
    %jmp/1 T_0.34, 6;
    %dup/vec4;
    %pushi/vec4 1, 0, 2;
    %cmp/u;
    %jmp/1 T_0.35, 6;
    %dup/vec4;
    %pushi/vec4 2, 0, 2;
    %cmp/u;
    %jmp/1 T_0.36, 6;
    %jmp T_0.37;
T_0.33 ;
    %load/vec4 v0x6000002b87e0_0;
    %parti/s 2, 6, 4;
    %assign/vec4 v0x6000002b86c0_0, 0;
    %jmp T_0.37;
T_0.34 ;
    %load/vec4 v0x6000002b8870_0;
    %parti/s 2, 4, 4;
    %assign/vec4 v0x6000002b86c0_0, 0;
    %jmp T_0.37;
T_0.35 ;
    %load/vec4 v0x6000002b8870_0;
    %parti/s 2, 2, 3;
    %assign/vec4 v0x6000002b86c0_0, 0;
    %jmp T_0.37;
T_0.36 ;
    %load/vec4 v0x6000002b8870_0;
    %parti/s 2, 0, 2;
    %assign/vec4 v0x6000002b86c0_0, 0;
    %jmp T_0.37;
T_0.37 ;
    %pop/vec4 1;
    %jmp T_0.32;
T_0.31 ;
    %load/vec4 v0x6000002b8900_0;
    %dup/vec4;
    %pushi/vec4 3, 0, 2;
    %cmp/u;
    %jmp/1 T_0.38, 6;
    %dup/vec4;
    %pushi/vec4 0, 0, 2;
    %cmp/u;
    %jmp/1 T_0.39, 6;
    %dup/vec4;
    %pushi/vec4 1, 0, 2;
    %cmp/u;
    %jmp/1 T_0.40, 6;
    %dup/vec4;
    %pushi/vec4 2, 0, 2;
    %cmp/u;
    %jmp/1 T_0.41, 6;
    %jmp T_0.42;
T_0.38 ;
    %load/vec4 v0x6000002b8870_0;
    %parti/s 2, 6, 4;
    %assign/vec4 v0x6000002b86c0_0, 0;
    %jmp T_0.42;
T_0.39 ;
    %load/vec4 v0x6000002b87e0_0;
    %parti/s 2, 4, 4;
    %assign/vec4 v0x6000002b86c0_0, 0;
    %jmp T_0.42;
T_0.40 ;
    %load/vec4 v0x6000002b87e0_0;
    %parti/s 2, 2, 3;
    %assign/vec4 v0x6000002b86c0_0, 0;
    %jmp T_0.42;
T_0.41 ;
    %load/vec4 v0x6000002b87e0_0;
    %parti/s 2, 0, 2;
    %assign/vec4 v0x6000002b86c0_0, 0;
    %jmp T_0.42;
T_0.42 ;
    %pop/vec4 1;
T_0.32 ;
    %pushi/vec4 1, 0, 1;
    %assign/vec4 v0x6000002b8750_0, 0;
    %load/vec4 v0x6000002b8900_0;
    %pad/u 32;
    %cmpi/e 3, 0, 32;
    %jmp/0xz  T_0.43, 4;
    %pushi/vec4 0, 0, 2;
    %assign/vec4 v0x6000002b8900_0, 0;
    %load/vec4 v0x6000002b8a20_0;
    %inv;
    %assign/vec4 v0x6000002b8a20_0, 0;
    %pushi/vec4 3, 0, 2;
    %assign/vec4 v0x6000002b8b40_0, 0;
    %jmp T_0.44;
T_0.43 ;
    %load/vec4 v0x6000002b8900_0;
    %addi 1, 0, 2;
    %assign/vec4 v0x6000002b8900_0, 0;
    %pushi/vec4 3, 0, 2;
    %assign/vec4 v0x6000002b8b40_0, 0;
T_0.44 ;
T_0.16 ;
    %jmp T_0.6;
T_0.5 ;
    %pushi/vec4 1, 0, 1;
    %assign/vec4 v0x6000002b8750_0, 0;
    %load/vec4 v0x6000002b8a20_0;
    %cmpi/e 0, 0, 1;
    %jmp/0xz  T_0.45, 4;
    %load/vec4 v0x6000002b8900_0;
    %dup/vec4;
    %pushi/vec4 3, 0, 2;
    %cmp/u;
    %jmp/1 T_0.47, 6;
    %dup/vec4;
    %pushi/vec4 0, 0, 2;
    %cmp/u;
    %jmp/1 T_0.48, 6;
    %dup/vec4;
    %pushi/vec4 1, 0, 2;
    %cmp/u;
    %jmp/1 T_0.49, 6;
    %dup/vec4;
    %pushi/vec4 2, 0, 2;
    %cmp/u;
    %jmp/1 T_0.50, 6;
    %jmp T_0.51;
T_0.47 ;
    %load/vec4 v0x6000002b8870_0;
    %parti/s 2, 6, 4;
    %assign/vec4 v0x6000002b86c0_0, 0;
    %jmp T_0.51;
T_0.48 ;
    %load/vec4 v0x6000002b8870_0;
    %parti/s 2, 4, 4;
    %assign/vec4 v0x6000002b86c0_0, 0;
    %jmp T_0.51;
T_0.49 ;
    %load/vec4 v0x6000002b8870_0;
    %parti/s 2, 2, 3;
    %assign/vec4 v0x6000002b86c0_0, 0;
    %jmp T_0.51;
T_0.50 ;
    %load/vec4 v0x6000002b8870_0;
    %parti/s 2, 0, 2;
    %assign/vec4 v0x6000002b86c0_0, 0;
    %jmp T_0.51;
T_0.51 ;
    %pop/vec4 1;
    %jmp T_0.46;
T_0.45 ;
    %load/vec4 v0x6000002b8900_0;
    %dup/vec4;
    %pushi/vec4 3, 0, 2;
    %cmp/u;
    %jmp/1 T_0.52, 6;
    %dup/vec4;
    %pushi/vec4 0, 0, 2;
    %cmp/u;
    %jmp/1 T_0.53, 6;
    %dup/vec4;
    %pushi/vec4 1, 0, 2;
    %cmp/u;
    %jmp/1 T_0.54, 6;
    %dup/vec4;
    %pushi/vec4 2, 0, 2;
    %cmp/u;
    %jmp/1 T_0.55, 6;
    %jmp T_0.56;
T_0.52 ;
    %load/vec4 v0x6000002b87e0_0;
    %parti/s 2, 6, 4;
    %assign/vec4 v0x6000002b86c0_0, 0;
    %jmp T_0.56;
T_0.53 ;
    %load/vec4 v0x6000002b87e0_0;
    %parti/s 2, 4, 4;
    %assign/vec4 v0x6000002b86c0_0, 0;
    %jmp T_0.56;
T_0.54 ;
    %load/vec4 v0x6000002b87e0_0;
    %parti/s 2, 2, 3;
    %assign/vec4 v0x6000002b86c0_0, 0;
    %jmp T_0.56;
T_0.55 ;
    %load/vec4 v0x6000002b87e0_0;
    %parti/s 2, 0, 2;
    %assign/vec4 v0x6000002b86c0_0, 0;
    %jmp T_0.56;
T_0.56 ;
    %pop/vec4 1;
T_0.46 ;
    %load/vec4 v0x6000002b8900_0;
    %pad/u 32;
    %cmpi/e 3, 0, 32;
    %jmp/0xz  T_0.57, 4;
    %pushi/vec4 0, 0, 1;
    %assign/vec4 v0x6000002b8750_0, 0;
    %pushi/vec4 0, 0, 2;
    %assign/vec4 v0x6000002b86c0_0, 0;
    %pushi/vec4 0, 0, 2;
    %assign/vec4 v0x6000002b8900_0, 0;
    %pushi/vec4 0, 0, 2;
    %assign/vec4 v0x6000002b8b40_0, 0;
    %jmp T_0.58;
T_0.57 ;
    %load/vec4 v0x6000002b8900_0;
    %addi 1, 0, 2;
    %assign/vec4 v0x6000002b8900_0, 0;
T_0.58 ;
    %jmp T_0.6;
T_0.6 ;
    %pop/vec4 1;
    %jmp T_0;
    .thread T_0;
    .scope S_0x7fd586111f00;
T_1 ;
    %delay 10000, 0;
    %load/vec4 v0x6000002b8e10_0;
    %nor/r;
    %store/vec4 v0x6000002b8e10_0, 0, 1;
    %jmp T_1;
    .thread T_1;
    .scope S_0x7fd586111f00;
T_2 ;
    %vpi_call/w 3 28 "$dumpfile", "bitorder.vcd" {0 0 0};
    %vpi_call/w 3 29 "$dumpvars", 32'sb00000000000000000000000000000000, S_0x7fd586111f00 {0 0 0};
    %vpi_call/w 3 30 "$display", "Starting Sim" {0 0 0};
    %pushi/vec4 0, 0, 1;
    %store/vec4 v0x6000002b8e10_0, 0, 1;
    %delay 10000, 0;
    %pushi/vec4 0, 0, 1;
    %store/vec4 v0x6000002b8ea0_0, 0, 1;
    %delay 20000, 0;
    %pushi/vec4 1, 0, 1;
    %store/vec4 v0x6000002b8ea0_0, 0, 1;
    %delay 20000, 0;
    %pushi/vec4 0, 0, 1;
    %store/vec4 v0x6000002b8ea0_0, 0, 1;
    %vpi_call/w 3 39 "$display", "1: Only four bits of data" {0 0 0};
    %delay 100000, 0;
    %pushi/vec4 1, 0, 1;
    %store/vec4 v0x6000002b8c60_0, 0, 1;
    %fork t_1, S_0x7fd5861043f0;
    %jmp t_0;
    .scope S_0x7fd5861043f0;
t_1 ;
    %pushi/vec4 0, 0, 32;
    %store/vec4 v0x6000002b42d0_0, 0, 32;
T_2.0 ;
    %load/vec4 v0x6000002b42d0_0;
    %cmpi/s 2, 0, 32;
    %jmp/0xz T_2.1, 5;
    %pushi/vec4 2, 0, 2;
    %store/vec4 v0x6000002b8bd0_0, 0, 2;
    %delay 20000, 0;
    %load/vec4 v0x6000002b42d0_0;
    %addi 1, 0, 32;
    %cast2;
    %store/vec4 v0x6000002b42d0_0, 0, 32;
    %jmp T_2.0;
T_2.1 ;
    %end;
    .scope S_0x7fd586111f00;
t_0 %join;
    %pushi/vec4 0, 0, 1;
    %store/vec4 v0x6000002b8c60_0, 0, 1;
    %pushi/vec4 0, 0, 2;
    %store/vec4 v0x6000002b8bd0_0, 0, 2;
    %delay 20000, 0;
    %delay 100000, 0;
    %vpi_call/w 3 50 "$display", "2: Exactly one byte of data" {0 0 0};
    %delay 100000, 0;
    %pushi/vec4 1, 0, 1;
    %store/vec4 v0x6000002b8c60_0, 0, 1;
    %fork t_3, S_0x7fd586204080;
    %jmp t_2;
    .scope S_0x7fd586204080;
t_3 ;
    %pushi/vec4 0, 0, 32;
    %store/vec4 v0x6000002b8000_0, 0, 32;
T_2.2 ;
    %load/vec4 v0x6000002b8000_0;
    %cmpi/s 2, 0, 32;
    %jmp/0xz T_2.3, 5;
    %pushi/vec4 2, 0, 2;
    %store/vec4 v0x6000002b8bd0_0, 0, 2;
    %delay 20000, 0;
    %load/vec4 v0x6000002b8000_0;
    %addi 1, 0, 32;
    %cast2;
    %store/vec4 v0x6000002b8000_0, 0, 32;
    %jmp T_2.2;
T_2.3 ;
    %end;
    .scope S_0x7fd586111f00;
t_2 %join;
    %fork t_5, S_0x7fd5862041f0;
    %jmp t_4;
    .scope S_0x7fd5862041f0;
t_5 ;
    %pushi/vec4 0, 0, 32;
    %store/vec4 v0x6000002b8090_0, 0, 32;
T_2.4 ;
    %load/vec4 v0x6000002b8090_0;
    %cmpi/s 2, 0, 32;
    %jmp/0xz T_2.5, 5;
    %pushi/vec4 3, 0, 2;
    %store/vec4 v0x6000002b8bd0_0, 0, 2;
    %delay 20000, 0;
    %load/vec4 v0x6000002b8090_0;
    %addi 1, 0, 32;
    %cast2;
    %store/vec4 v0x6000002b8090_0, 0, 32;
    %jmp T_2.4;
T_2.5 ;
    %end;
    .scope S_0x7fd586111f00;
t_4 %join;
    %pushi/vec4 0, 0, 1;
    %store/vec4 v0x6000002b8c60_0, 0, 1;
    %pushi/vec4 0, 0, 2;
    %store/vec4 v0x6000002b8bd0_0, 0, 2;
    %delay 20000, 0;
    %delay 100000, 0;
    %vpi_call/w 3 65 "$display", "3: 1.5 bytes, should only see 1 output" {0 0 0};
    %delay 100000, 0;
    %pushi/vec4 1, 0, 1;
    %store/vec4 v0x6000002b8c60_0, 0, 1;
    %fork t_7, S_0x7fd586204360;
    %jmp t_6;
    .scope S_0x7fd586204360;
t_7 ;
    %pushi/vec4 0, 0, 32;
    %store/vec4 v0x6000002b8120_0, 0, 32;
T_2.6 ;
    %load/vec4 v0x6000002b8120_0;
    %cmpi/s 2, 0, 32;
    %jmp/0xz T_2.7, 5;
    %pushi/vec4 2, 0, 2;
    %store/vec4 v0x6000002b8bd0_0, 0, 2;
    %delay 20000, 0;
    %load/vec4 v0x6000002b8120_0;
    %addi 1, 0, 32;
    %cast2;
    %store/vec4 v0x6000002b8120_0, 0, 32;
    %jmp T_2.6;
T_2.7 ;
    %end;
    .scope S_0x7fd586111f00;
t_6 %join;
    %fork t_9, S_0x7fd5862044d0;
    %jmp t_8;
    .scope S_0x7fd5862044d0;
t_9 ;
    %pushi/vec4 0, 0, 32;
    %store/vec4 v0x6000002b81b0_0, 0, 32;
T_2.8 ;
    %load/vec4 v0x6000002b81b0_0;
    %cmpi/s 2, 0, 32;
    %jmp/0xz T_2.9, 5;
    %pushi/vec4 3, 0, 2;
    %store/vec4 v0x6000002b8bd0_0, 0, 2;
    %delay 20000, 0;
    %load/vec4 v0x6000002b81b0_0;
    %addi 1, 0, 32;
    %cast2;
    %store/vec4 v0x6000002b81b0_0, 0, 32;
    %jmp T_2.8;
T_2.9 ;
    %end;
    .scope S_0x7fd586111f00;
t_8 %join;
    %fork t_11, S_0x7fd586204640;
    %jmp t_10;
    .scope S_0x7fd586204640;
t_11 ;
    %pushi/vec4 0, 0, 32;
    %store/vec4 v0x6000002b8240_0, 0, 32;
T_2.10 ;
    %load/vec4 v0x6000002b8240_0;
    %cmpi/s 2, 0, 32;
    %jmp/0xz T_2.11, 5;
    %pushi/vec4 1, 0, 2;
    %store/vec4 v0x6000002b8bd0_0, 0, 2;
    %delay 20000, 0;
    %load/vec4 v0x6000002b8240_0;
    %addi 1, 0, 32;
    %cast2;
    %store/vec4 v0x6000002b8240_0, 0, 32;
    %jmp T_2.10;
T_2.11 ;
    %end;
    .scope S_0x7fd586111f00;
t_10 %join;
    %pushi/vec4 0, 0, 1;
    %store/vec4 v0x6000002b8c60_0, 0, 1;
    %pushi/vec4 0, 0, 2;
    %store/vec4 v0x6000002b8bd0_0, 0, 2;
    %delay 20000, 0;
    %delay 100000, 0;
    %vpi_call/w 3 84 "$display", "4: Two bytes of input, two bytes of output" {0 0 0};
    %delay 100000, 0;
    %pushi/vec4 1, 0, 1;
    %store/vec4 v0x6000002b8c60_0, 0, 1;
    %fork t_13, S_0x7fd5862047b0;
    %jmp t_12;
    .scope S_0x7fd5862047b0;
t_13 ;
    %pushi/vec4 0, 0, 32;
    %store/vec4 v0x6000002b82d0_0, 0, 32;
T_2.12 ;
    %load/vec4 v0x6000002b82d0_0;
    %cmpi/s 2, 0, 32;
    %jmp/0xz T_2.13, 5;
    %pushi/vec4 2, 0, 2;
    %store/vec4 v0x6000002b8bd0_0, 0, 2;
    %delay 20000, 0;
    %load/vec4 v0x6000002b82d0_0;
    %addi 1, 0, 32;
    %cast2;
    %store/vec4 v0x6000002b82d0_0, 0, 32;
    %jmp T_2.12;
T_2.13 ;
    %end;
    .scope S_0x7fd586111f00;
t_12 %join;
    %fork t_15, S_0x7fd586204920;
    %jmp t_14;
    .scope S_0x7fd586204920;
t_15 ;
    %pushi/vec4 0, 0, 32;
    %store/vec4 v0x6000002b8360_0, 0, 32;
T_2.14 ;
    %load/vec4 v0x6000002b8360_0;
    %cmpi/s 2, 0, 32;
    %jmp/0xz T_2.15, 5;
    %pushi/vec4 3, 0, 2;
    %store/vec4 v0x6000002b8bd0_0, 0, 2;
    %delay 20000, 0;
    %load/vec4 v0x6000002b8360_0;
    %addi 1, 0, 32;
    %cast2;
    %store/vec4 v0x6000002b8360_0, 0, 32;
    %jmp T_2.14;
T_2.15 ;
    %end;
    .scope S_0x7fd586111f00;
t_14 %join;
    %fork t_17, S_0x7fd586204a90;
    %jmp t_16;
    .scope S_0x7fd586204a90;
t_17 ;
    %pushi/vec4 0, 0, 32;
    %store/vec4 v0x6000002b83f0_0, 0, 32;
T_2.16 ;
    %load/vec4 v0x6000002b83f0_0;
    %cmpi/s 2, 0, 32;
    %jmp/0xz T_2.17, 5;
    %pushi/vec4 1, 0, 2;
    %store/vec4 v0x6000002b8bd0_0, 0, 2;
    %delay 20000, 0;
    %load/vec4 v0x6000002b83f0_0;
    %addi 1, 0, 32;
    %cast2;
    %store/vec4 v0x6000002b83f0_0, 0, 32;
    %jmp T_2.16;
T_2.17 ;
    %end;
    .scope S_0x7fd586111f00;
t_16 %join;
    %fork t_19, S_0x7fd586204c00;
    %jmp t_18;
    .scope S_0x7fd586204c00;
t_19 ;
    %pushi/vec4 0, 0, 32;
    %store/vec4 v0x6000002b8480_0, 0, 32;
T_2.18 ;
    %load/vec4 v0x6000002b8480_0;
    %cmpi/s 2, 0, 32;
    %jmp/0xz T_2.19, 5;
    %pushi/vec4 3, 0, 2;
    %store/vec4 v0x6000002b8bd0_0, 0, 2;
    %delay 20000, 0;
    %load/vec4 v0x6000002b8480_0;
    %addi 1, 0, 32;
    %cast2;
    %store/vec4 v0x6000002b8480_0, 0, 32;
    %jmp T_2.18;
T_2.19 ;
    %end;
    .scope S_0x7fd586111f00;
t_18 %join;
    %pushi/vec4 0, 0, 1;
    %store/vec4 v0x6000002b8c60_0, 0, 1;
    %pushi/vec4 0, 0, 2;
    %store/vec4 v0x6000002b8bd0_0, 0, 2;
    %delay 20000, 0;
    %delay 100000, 0;
    %vpi_call/w 3 107 "$display", "5: One more bit than two bytes" {0 0 0};
    %delay 100000, 0;
    %pushi/vec4 1, 0, 1;
    %store/vec4 v0x6000002b8c60_0, 0, 1;
    %pushi/vec4 0, 0, 2;
    %store/vec4 v0x6000002b8bd0_0, 0, 2;
    %delay 20000, 0;
    %pushi/vec4 1, 0, 2;
    %store/vec4 v0x6000002b8bd0_0, 0, 2;
    %delay 20000, 0;
    %pushi/vec4 2, 0, 2;
    %store/vec4 v0x6000002b8bd0_0, 0, 2;
    %delay 20000, 0;
    %pushi/vec4 3, 0, 2;
    %store/vec4 v0x6000002b8bd0_0, 0, 2;
    %delay 20000, 0;
    %pushi/vec4 3, 0, 2;
    %store/vec4 v0x6000002b8bd0_0, 0, 2;
    %delay 20000, 0;
    %pushi/vec4 2, 0, 2;
    %store/vec4 v0x6000002b8bd0_0, 0, 2;
    %delay 20000, 0;
    %pushi/vec4 1, 0, 2;
    %store/vec4 v0x6000002b8bd0_0, 0, 2;
    %delay 20000, 0;
    %pushi/vec4 2, 0, 2;
    %store/vec4 v0x6000002b8bd0_0, 0, 2;
    %delay 20000, 0;
    %pushi/vec4 1, 0, 2;
    %store/vec4 v0x6000002b8bd0_0, 0, 2;
    %delay 20000, 0;
    %pushi/vec4 0, 0, 1;
    %store/vec4 v0x6000002b8c60_0, 0, 1;
    %pushi/vec4 0, 0, 2;
    %store/vec4 v0x6000002b8bd0_0, 0, 2;
    %delay 20000, 0;
    %delay 100000, 0;
    %vpi_call/w 3 142 "$display", "6: three bytes in, three bytes out" {0 0 0};
    %vpi_call/w 3 144 "$display", "7: two bytes in a row sans reset" {0 0 0};
    %vpi_call/w 3 146 "$display", "8: three bytes + change sans reset" {0 0 0};
    %vpi_call/w 3 148 "$display", "9: so many bytes" {0 0 0};
    %vpi_call/w 3 150 "$display", "10: symmetric resest logic" {0 0 0};
    %vpi_call/w 3 152 "$display", "Finishing Sim" {0 0 0};
    %vpi_call/w 3 153 "$finish" {0 0 0};
    %end;
    .thread T_2;
# The file index is used to find the file name in the following table.
:file_names 5;
    "N/A";
    "<interactive>";
    "-";
    "sim/bitorder_tb.sv";
    "src/bitorder.sv";
