#! /usr/local/Cellar/icarus-verilog/11.0/bin/vvp
:ivl_version "11.0 (stable)";
:ivl_delay_selection "TYPICAL";
:vpi_time_precision - 12;
:vpi_module "/usr/local/Cellar/icarus-verilog/11.0/lib/ivl/system.vpi";
:vpi_module "/usr/local/Cellar/icarus-verilog/11.0/lib/ivl/vhdl_sys.vpi";
:vpi_module "/usr/local/Cellar/icarus-verilog/11.0/lib/ivl/vhdl_textio.vpi";
:vpi_module "/usr/local/Cellar/icarus-verilog/11.0/lib/ivl/v2005_math.vpi";
:vpi_module "/usr/local/Cellar/icarus-verilog/11.0/lib/ivl/va_math.vpi";
:vpi_module "/usr/local/Cellar/icarus-verilog/11.0/lib/ivl/v2009.vpi";
S_0x7f9158a04080 .scope package, "$unit" "$unit" 2 1;
 .timescale 0 0;
S_0x7f9158a041f0 .scope module, "cksum_tb" "cksum_tb" 3 4;
 .timescale -9 -12;
v0x600002f58d80_0 .var "axiid", 1 0;
v0x600002f58e10_0 .var "axiiv", 0 0;
v0x600002f58ea0_0 .var "both", 199 0;
v0x600002f58f30_0 .var "checksum", 31 0;
v0x600002f58fc0_0 .var "clk_in", 0 0;
v0x600002f59050_0 .net "done", 0 0, v0x600002f58ab0_0;  1 drivers
v0x600002f590e0_0 .net "kill", 0 0, v0x600002f58b40_0;  1 drivers
v0x600002f59170_0 .var "message", 167 0;
v0x600002f59200_0 .var "rst_in", 0 0;
S_0x7f9158a04360 .scope begin, "$ivl_for_loop0" "$ivl_for_loop0" 3 48, 3 48 0, S_0x7f9158a041f0;
 .timescale -9 -12;
v0x600002f5c000_0 .var/2s "i", 31 0;
S_0x7f9158b04080 .scope begin, "$ivl_for_loop1" "$ivl_for_loop1" 3 53, 3 53 0, S_0x7f9158a041f0;
 .timescale -9 -12;
v0x600002f58000_0 .var/2s "i", 31 0;
S_0x7f9158b041f0 .scope module, "uut" "cksum" 3 17, 4 4 0, S_0x7f9158a041f0;
 .timescale -9 -12;
    .port_info 0 /INPUT 1 "clk";
    .port_info 1 /INPUT 1 "rst";
    .port_info 2 /INPUT 1 "axiiv";
    .port_info 3 /INPUT 2 "axiid";
    .port_info 4 /OUTPUT 1 "done";
    .port_info 5 /OUTPUT 1 "kill";
P_0x600003353b00 .param/l "BUSY" 1 4 18, +C4<00000000000000000000000000000001>;
P_0x600003353b40 .param/l "IDLE" 1 4 17, +C4<00000000000000000000000000000000>;
L_0x600003650000 .functor OR 1, v0x600002f59200_0, v0x600002f58bd0_0, C4<0>, C4<0>;
v0x600002f586c0_0 .net "axiid", 1 0, v0x600002f58d80_0;  1 drivers
v0x600002f58750_0 .net "axiiv", 0 0, v0x600002f58e10_0;  1 drivers
v0x600002f587e0_0 .var "checksum", 31 0;
v0x600002f58870_0 .net "clk", 0 0, v0x600002f58fc0_0;  1 drivers
v0x600002f58900_0 .net "crc_axiod", 31 0, L_0x60000365c000;  1 drivers
L_0x7f9158863008 .functor BUFT 1, C4<1>, C4<0>, C4<0>, C4<0>;
v0x600002f58990_0 .net "crc_axiov", 0 0, L_0x7f9158863008;  1 drivers
v0x600002f58a20_0 .net "crc_rst", 0 0, L_0x600003650000;  1 drivers
v0x600002f58ab0_0 .var "done", 0 0;
v0x600002f58b40_0 .var "kill", 0 0;
v0x600002f58bd0_0 .var "manual_rst", 0 0;
v0x600002f58c60_0 .net "rst", 0 0, v0x600002f59200_0;  1 drivers
v0x600002f58cf0_0 .var "state", 0 0;
S_0x7f9158b04360 .scope module, "mycrc" "crc32" 4 24, 5 22 0, S_0x7f9158b041f0;
 .timescale -9 -12;
    .port_info 0 /INPUT 1 "clk";
    .port_info 1 /INPUT 1 "rst";
    .port_info 2 /INPUT 1 "axiiv";
    .port_info 3 /INPUT 2 "axiid";
    .port_info 4 /OUTPUT 1 "axiov";
    .port_info 5 /OUTPUT 32 "axiod";
L_0x60000365c000 .functor NOT 32, v0x600002f583f0_0, C4<00000000000000000000000000000000>, C4<00000000000000000000000000000000>, C4<00000000000000000000000000000000>;
v0x600002f581b0_0 .net "axiid", 1 0, v0x600002f58d80_0;  alias, 1 drivers
v0x600002f58240_0 .net "axiiv", 0 0, v0x600002f58e10_0;  alias, 1 drivers
v0x600002f582d0_0 .net "axiod", 31 0, L_0x60000365c000;  alias, 1 drivers
v0x600002f58360_0 .net "axiov", 0 0, L_0x7f9158863008;  alias, 1 drivers
v0x600002f583f0_0 .var "caxiod", 31 0;
v0x600002f58480_0 .net "clk", 0 0, v0x600002f58fc0_0;  alias, 1 drivers
v0x600002f58510_0 .var/i "i", 31 0;
v0x600002f585a0_0 .net "rst", 0 0, L_0x600003650000;  alias, 1 drivers
v0x600002f58630_0 .var "saxiod", 31 0;
E_0x600001358060 .event posedge, v0x600002f58480_0;
E_0x600001358090 .event edge, v0x600002f583f0_0, v0x600002f581b0_0;
    .scope S_0x7f9158b04360;
T_0 ;
    %wait E_0x600001358090;
    %pushi/vec4 0, 0, 32;
    %store/vec4 v0x600002f58510_0, 0, 32;
T_0.0 ;
    %load/vec4 v0x600002f58510_0;
    %cmpi/s 32, 0, 32;
    %jmp/0xz T_0.1, 5;
    %load/vec4 v0x600002f58510_0;
    %dup/vec4;
    %pushi/vec4 0, 0, 32;
    %cmp/u;
    %jmp/1 T_0.2, 6;
    %dup/vec4;
    %pushi/vec4 1, 0, 32;
    %cmp/u;
    %jmp/1 T_0.3, 6;
    %dup/vec4;
    %pushi/vec4 4, 0, 32;
    %cmp/u;
    %jmp/1 T_0.4, 6;
    %dup/vec4;
    %pushi/vec4 7, 0, 32;
    %cmp/u;
    %jmp/1 T_0.5, 6;
    %dup/vec4;
    %pushi/vec4 10, 0, 32;
    %cmp/u;
    %jmp/1 T_0.6, 6;
    %dup/vec4;
    %pushi/vec4 16, 0, 32;
    %cmp/u;
    %jmp/1 T_0.7, 6;
    %dup/vec4;
    %pushi/vec4 22, 0, 32;
    %cmp/u;
    %jmp/1 T_0.8, 6;
    %dup/vec4;
    %pushi/vec4 26, 0, 32;
    %cmp/u;
    %jmp/1 T_0.9, 6;
    %dup/vec4;
    %pushi/vec4 2, 0, 32;
    %cmp/u;
    %jmp/1 T_0.10, 6;
    %dup/vec4;
    %pushi/vec4 5, 0, 32;
    %cmp/u;
    %jmp/1 T_0.11, 6;
    %dup/vec4;
    %pushi/vec4 8, 0, 32;
    %cmp/u;
    %jmp/1 T_0.12, 6;
    %dup/vec4;
    %pushi/vec4 11, 0, 32;
    %cmp/u;
    %jmp/1 T_0.13, 6;
    %dup/vec4;
    %pushi/vec4 12, 0, 32;
    %cmp/u;
    %jmp/1 T_0.14, 6;
    %dup/vec4;
    %pushi/vec4 23, 0, 32;
    %cmp/u;
    %jmp/1 T_0.15, 6;
    %dup/vec4;
    %pushi/vec4 3, 0, 32;
    %cmp/u;
    %jmp/1 T_0.16, 6;
    %dup/vec4;
    %pushi/vec4 6, 0, 32;
    %cmp/u;
    %jmp/1 T_0.17, 6;
    %dup/vec4;
    %pushi/vec4 9, 0, 32;
    %cmp/u;
    %jmp/1 T_0.18, 6;
    %dup/vec4;
    %pushi/vec4 13, 0, 32;
    %cmp/u;
    %jmp/1 T_0.19, 6;
    %dup/vec4;
    %pushi/vec4 17, 0, 32;
    %cmp/u;
    %jmp/1 T_0.20, 6;
    %dup/vec4;
    %pushi/vec4 24, 0, 32;
    %cmp/u;
    %jmp/1 T_0.21, 6;
    %dup/vec4;
    %pushi/vec4 27, 0, 32;
    %cmp/u;
    %jmp/1 T_0.22, 6;
    %load/vec4 v0x600002f583f0_0;
    %load/vec4 v0x600002f58510_0;
    %subi 2, 0, 32;
    %part/s 1;
    %ix/getv/s 4, v0x600002f58510_0;
    %store/vec4 v0x600002f58630_0, 4, 1;
    %jmp T_0.24;
T_0.2 ;
    %load/vec4 v0x600002f583f0_0;
    %parti/s 1, 30, 6;
    %load/vec4 v0x600002f581b0_0;
    %parti/s 1, 1, 2;
    %xor;
    %ix/getv/s 4, v0x600002f58510_0;
    %store/vec4 v0x600002f58630_0, 4, 1;
    %jmp T_0.24;
T_0.3 ;
    %load/vec4 v0x600002f583f0_0;
    %parti/s 1, 31, 6;
    %load/vec4 v0x600002f581b0_0;
    %parti/s 1, 0, 2;
    %xor;
    %load/vec4 v0x600002f583f0_0;
    %parti/s 1, 30, 6;
    %load/vec4 v0x600002f581b0_0;
    %parti/s 1, 1, 2;
    %xor;
    %xor;
    %ix/getv/s 4, v0x600002f58510_0;
    %store/vec4 v0x600002f58630_0, 4, 1;
    %jmp T_0.24;
T_0.4 ;
    %load/vec4 v0x600002f583f0_0;
    %load/vec4 v0x600002f58510_0;
    %subi 2, 0, 32;
    %part/s 1;
    %load/vec4 v0x600002f583f0_0;
    %parti/s 1, 30, 6;
    %load/vec4 v0x600002f581b0_0;
    %parti/s 1, 1, 2;
    %xor;
    %xor;
    %ix/getv/s 4, v0x600002f58510_0;
    %store/vec4 v0x600002f58630_0, 4, 1;
    %jmp T_0.24;
T_0.5 ;
    %load/vec4 v0x600002f583f0_0;
    %load/vec4 v0x600002f58510_0;
    %subi 2, 0, 32;
    %part/s 1;
    %load/vec4 v0x600002f583f0_0;
    %parti/s 1, 30, 6;
    %load/vec4 v0x600002f581b0_0;
    %parti/s 1, 1, 2;
    %xor;
    %xor;
    %ix/getv/s 4, v0x600002f58510_0;
    %store/vec4 v0x600002f58630_0, 4, 1;
    %jmp T_0.24;
T_0.6 ;
    %load/vec4 v0x600002f583f0_0;
    %load/vec4 v0x600002f58510_0;
    %subi 2, 0, 32;
    %part/s 1;
    %load/vec4 v0x600002f583f0_0;
    %parti/s 1, 30, 6;
    %load/vec4 v0x600002f581b0_0;
    %parti/s 1, 1, 2;
    %xor;
    %xor;
    %ix/getv/s 4, v0x600002f58510_0;
    %store/vec4 v0x600002f58630_0, 4, 1;
    %jmp T_0.24;
T_0.7 ;
    %load/vec4 v0x600002f583f0_0;
    %load/vec4 v0x600002f58510_0;
    %subi 2, 0, 32;
    %part/s 1;
    %load/vec4 v0x600002f583f0_0;
    %parti/s 1, 30, 6;
    %load/vec4 v0x600002f581b0_0;
    %parti/s 1, 1, 2;
    %xor;
    %xor;
    %ix/getv/s 4, v0x600002f58510_0;
    %store/vec4 v0x600002f58630_0, 4, 1;
    %jmp T_0.24;
T_0.8 ;
    %load/vec4 v0x600002f583f0_0;
    %load/vec4 v0x600002f58510_0;
    %subi 2, 0, 32;
    %part/s 1;
    %load/vec4 v0x600002f583f0_0;
    %parti/s 1, 30, 6;
    %load/vec4 v0x600002f581b0_0;
    %parti/s 1, 1, 2;
    %xor;
    %xor;
    %ix/getv/s 4, v0x600002f58510_0;
    %store/vec4 v0x600002f58630_0, 4, 1;
    %jmp T_0.24;
T_0.9 ;
    %load/vec4 v0x600002f583f0_0;
    %load/vec4 v0x600002f58510_0;
    %subi 2, 0, 32;
    %part/s 1;
    %load/vec4 v0x600002f583f0_0;
    %parti/s 1, 30, 6;
    %load/vec4 v0x600002f581b0_0;
    %parti/s 1, 1, 2;
    %xor;
    %xor;
    %ix/getv/s 4, v0x600002f58510_0;
    %store/vec4 v0x600002f58630_0, 4, 1;
    %jmp T_0.24;
T_0.10 ;
    %load/vec4 v0x600002f583f0_0;
    %load/vec4 v0x600002f58510_0;
    %subi 2, 0, 32;
    %part/s 1;
    %load/vec4 v0x600002f583f0_0;
    %parti/s 1, 31, 6;
    %load/vec4 v0x600002f581b0_0;
    %parti/s 1, 0, 2;
    %xor;
    %load/vec4 v0x600002f583f0_0;
    %parti/s 1, 30, 6;
    %load/vec4 v0x600002f581b0_0;
    %parti/s 1, 1, 2;
    %xor;
    %xor;
    %xor;
    %ix/getv/s 4, v0x600002f58510_0;
    %store/vec4 v0x600002f58630_0, 4, 1;
    %jmp T_0.24;
T_0.11 ;
    %load/vec4 v0x600002f583f0_0;
    %load/vec4 v0x600002f58510_0;
    %subi 2, 0, 32;
    %part/s 1;
    %load/vec4 v0x600002f583f0_0;
    %parti/s 1, 31, 6;
    %load/vec4 v0x600002f581b0_0;
    %parti/s 1, 0, 2;
    %xor;
    %load/vec4 v0x600002f583f0_0;
    %parti/s 1, 30, 6;
    %load/vec4 v0x600002f581b0_0;
    %parti/s 1, 1, 2;
    %xor;
    %xor;
    %xor;
    %ix/getv/s 4, v0x600002f58510_0;
    %store/vec4 v0x600002f58630_0, 4, 1;
    %jmp T_0.24;
T_0.12 ;
    %load/vec4 v0x600002f583f0_0;
    %load/vec4 v0x600002f58510_0;
    %subi 2, 0, 32;
    %part/s 1;
    %load/vec4 v0x600002f583f0_0;
    %parti/s 1, 31, 6;
    %load/vec4 v0x600002f581b0_0;
    %parti/s 1, 0, 2;
    %xor;
    %load/vec4 v0x600002f583f0_0;
    %parti/s 1, 30, 6;
    %load/vec4 v0x600002f581b0_0;
    %parti/s 1, 1, 2;
    %xor;
    %xor;
    %xor;
    %ix/getv/s 4, v0x600002f58510_0;
    %store/vec4 v0x600002f58630_0, 4, 1;
    %jmp T_0.24;
T_0.13 ;
    %load/vec4 v0x600002f583f0_0;
    %load/vec4 v0x600002f58510_0;
    %subi 2, 0, 32;
    %part/s 1;
    %load/vec4 v0x600002f583f0_0;
    %parti/s 1, 31, 6;
    %load/vec4 v0x600002f581b0_0;
    %parti/s 1, 0, 2;
    %xor;
    %load/vec4 v0x600002f583f0_0;
    %parti/s 1, 30, 6;
    %load/vec4 v0x600002f581b0_0;
    %parti/s 1, 1, 2;
    %xor;
    %xor;
    %xor;
    %ix/getv/s 4, v0x600002f58510_0;
    %store/vec4 v0x600002f58630_0, 4, 1;
    %jmp T_0.24;
T_0.14 ;
    %load/vec4 v0x600002f583f0_0;
    %load/vec4 v0x600002f58510_0;
    %subi 2, 0, 32;
    %part/s 1;
    %load/vec4 v0x600002f583f0_0;
    %parti/s 1, 31, 6;
    %load/vec4 v0x600002f581b0_0;
    %parti/s 1, 0, 2;
    %xor;
    %load/vec4 v0x600002f583f0_0;
    %parti/s 1, 30, 6;
    %load/vec4 v0x600002f581b0_0;
    %parti/s 1, 1, 2;
    %xor;
    %xor;
    %xor;
    %ix/getv/s 4, v0x600002f58510_0;
    %store/vec4 v0x600002f58630_0, 4, 1;
    %jmp T_0.24;
T_0.15 ;
    %load/vec4 v0x600002f583f0_0;
    %load/vec4 v0x600002f58510_0;
    %subi 2, 0, 32;
    %part/s 1;
    %load/vec4 v0x600002f583f0_0;
    %parti/s 1, 31, 6;
    %load/vec4 v0x600002f581b0_0;
    %parti/s 1, 0, 2;
    %xor;
    %load/vec4 v0x600002f583f0_0;
    %parti/s 1, 30, 6;
    %load/vec4 v0x600002f581b0_0;
    %parti/s 1, 1, 2;
    %xor;
    %xor;
    %xor;
    %ix/getv/s 4, v0x600002f58510_0;
    %store/vec4 v0x600002f58630_0, 4, 1;
    %jmp T_0.24;
T_0.16 ;
    %load/vec4 v0x600002f583f0_0;
    %load/vec4 v0x600002f58510_0;
    %subi 2, 0, 32;
    %part/s 1;
    %load/vec4 v0x600002f583f0_0;
    %parti/s 1, 31, 6;
    %load/vec4 v0x600002f581b0_0;
    %parti/s 1, 0, 2;
    %xor;
    %xor;
    %ix/getv/s 4, v0x600002f58510_0;
    %store/vec4 v0x600002f58630_0, 4, 1;
    %jmp T_0.24;
T_0.17 ;
    %load/vec4 v0x600002f583f0_0;
    %load/vec4 v0x600002f58510_0;
    %subi 2, 0, 32;
    %part/s 1;
    %load/vec4 v0x600002f583f0_0;
    %parti/s 1, 31, 6;
    %load/vec4 v0x600002f581b0_0;
    %parti/s 1, 0, 2;
    %xor;
    %xor;
    %ix/getv/s 4, v0x600002f58510_0;
    %store/vec4 v0x600002f58630_0, 4, 1;
    %jmp T_0.24;
T_0.18 ;
    %load/vec4 v0x600002f583f0_0;
    %load/vec4 v0x600002f58510_0;
    %subi 2, 0, 32;
    %part/s 1;
    %load/vec4 v0x600002f583f0_0;
    %parti/s 1, 31, 6;
    %load/vec4 v0x600002f581b0_0;
    %parti/s 1, 0, 2;
    %xor;
    %xor;
    %ix/getv/s 4, v0x600002f58510_0;
    %store/vec4 v0x600002f58630_0, 4, 1;
    %jmp T_0.24;
T_0.19 ;
    %load/vec4 v0x600002f583f0_0;
    %load/vec4 v0x600002f58510_0;
    %subi 2, 0, 32;
    %part/s 1;
    %load/vec4 v0x600002f583f0_0;
    %parti/s 1, 31, 6;
    %load/vec4 v0x600002f581b0_0;
    %parti/s 1, 0, 2;
    %xor;
    %xor;
    %ix/getv/s 4, v0x600002f58510_0;
    %store/vec4 v0x600002f58630_0, 4, 1;
    %jmp T_0.24;
T_0.20 ;
    %load/vec4 v0x600002f583f0_0;
    %load/vec4 v0x600002f58510_0;
    %subi 2, 0, 32;
    %part/s 1;
    %load/vec4 v0x600002f583f0_0;
    %parti/s 1, 31, 6;
    %load/vec4 v0x600002f581b0_0;
    %parti/s 1, 0, 2;
    %xor;
    %xor;
    %ix/getv/s 4, v0x600002f58510_0;
    %store/vec4 v0x600002f58630_0, 4, 1;
    %jmp T_0.24;
T_0.21 ;
    %load/vec4 v0x600002f583f0_0;
    %load/vec4 v0x600002f58510_0;
    %subi 2, 0, 32;
    %part/s 1;
    %load/vec4 v0x600002f583f0_0;
    %parti/s 1, 31, 6;
    %load/vec4 v0x600002f581b0_0;
    %parti/s 1, 0, 2;
    %xor;
    %xor;
    %ix/getv/s 4, v0x600002f58510_0;
    %store/vec4 v0x600002f58630_0, 4, 1;
    %jmp T_0.24;
T_0.22 ;
    %load/vec4 v0x600002f583f0_0;
    %load/vec4 v0x600002f58510_0;
    %subi 2, 0, 32;
    %part/s 1;
    %load/vec4 v0x600002f583f0_0;
    %parti/s 1, 31, 6;
    %load/vec4 v0x600002f581b0_0;
    %parti/s 1, 0, 2;
    %xor;
    %xor;
    %ix/getv/s 4, v0x600002f58510_0;
    %store/vec4 v0x600002f58630_0, 4, 1;
    %jmp T_0.24;
T_0.24 ;
    %pop/vec4 1;
    %load/vec4 v0x600002f58510_0;
    %addi 1, 0, 32;
    %store/vec4 v0x600002f58510_0, 0, 32;
    %jmp T_0.0;
T_0.1 ;
    %jmp T_0;
    .thread T_0, $push;
    .scope S_0x7f9158b04360;
T_1 ;
    %wait E_0x600001358060;
    %load/vec4 v0x600002f585a0_0;
    %flag_set/vec4 8;
    %jmp/0xz  T_1.0, 8;
    %pushi/vec4 4294967295, 0, 32;
    %assign/vec4 v0x600002f583f0_0, 0;
    %jmp T_1.1;
T_1.0 ;
    %load/vec4 v0x600002f58240_0;
    %flag_set/vec4 8;
    %jmp/0 T_1.2, 8;
    %load/vec4 v0x600002f58630_0;
    %jmp/1 T_1.3, 8;
T_1.2 ; End of true expr.
    %load/vec4 v0x600002f583f0_0;
    %jmp/0 T_1.3, 8;
 ; End of false expr.
    %blend;
T_1.3;
    %assign/vec4 v0x600002f583f0_0, 0;
T_1.1 ;
    %jmp T_1;
    .thread T_1;
    .scope S_0x7f9158b041f0;
T_2 ;
    %pushi/vec4 955982468, 0, 32;
    %store/vec4 v0x600002f587e0_0, 0, 32;
    %end;
    .thread T_2, $init;
    .scope S_0x7f9158b041f0;
T_3 ;
    %wait E_0x600001358060;
    %load/vec4 v0x600002f58c60_0;
    %flag_set/vec4 8;
    %jmp/0xz  T_3.0, 8;
    %pushi/vec4 0, 0, 1;
    %assign/vec4 v0x600002f58ab0_0, 0;
    %pushi/vec4 0, 0, 1;
    %assign/vec4 v0x600002f58b40_0, 0;
    %pushi/vec4 0, 0, 1;
    %assign/vec4 v0x600002f58cf0_0, 0;
T_3.0 ;
    %load/vec4 v0x600002f58cf0_0;
    %dup/vec4;
    %pushi/vec4 0, 0, 1;
    %cmp/u;
    %jmp/1 T_3.2, 6;
    %dup/vec4;
    %pushi/vec4 1, 0, 1;
    %cmp/u;
    %jmp/1 T_3.3, 6;
    %jmp T_3.4;
T_3.2 ;
    %pushi/vec4 0, 0, 1;
    %assign/vec4 v0x600002f58bd0_0, 0;
    %load/vec4 v0x600002f58750_0;
    %cmpi/e 1, 0, 1;
    %jmp/0xz  T_3.5, 4;
    %pushi/vec4 0, 0, 1;
    %assign/vec4 v0x600002f58ab0_0, 0;
    %pushi/vec4 0, 0, 1;
    %assign/vec4 v0x600002f58b40_0, 0;
    %pushi/vec4 1, 0, 1;
    %assign/vec4 v0x600002f58cf0_0, 0;
T_3.5 ;
    %jmp T_3.4;
T_3.3 ;
    %load/vec4 v0x600002f58750_0;
    %cmpi/e 0, 0, 1;
    %jmp/0xz  T_3.7, 4;
    %pushi/vec4 1, 0, 1;
    %assign/vec4 v0x600002f58ab0_0, 0;
    %load/vec4 v0x600002f58900_0;
    %load/vec4 v0x600002f587e0_0;
    %cmp/e;
    %flag_mov 8, 4;
    %jmp/0 T_3.9, 8;
    %pushi/vec4 0, 0, 1;
    %jmp/1 T_3.10, 8;
T_3.9 ; End of true expr.
    %pushi/vec4 1, 0, 1;
    %jmp/0 T_3.10, 8;
 ; End of false expr.
    %blend;
T_3.10;
    %assign/vec4 v0x600002f58b40_0, 0;
    %pushi/vec4 0, 0, 1;
    %assign/vec4 v0x600002f58cf0_0, 0;
    %pushi/vec4 1, 0, 1;
    %assign/vec4 v0x600002f58bd0_0, 0;
T_3.7 ;
    %jmp T_3.4;
T_3.4 ;
    %pop/vec4 1;
    %jmp T_3;
    .thread T_3;
    .scope S_0x7f9158a041f0;
T_4 ;
    %pushi/vec4 2227365092, 0, 33;
    %concati/vec4 4064428164, 0, 32;
    %concati/vec4 3838493398, 0, 32;
    %concati/vec4 3435325160, 0, 32;
    %concati/vec4 2178000309, 0, 33;
    %concati/vec4 37, 0, 6;
    %store/vec4 v0x600002f59170_0, 0, 168;
    %pushi/vec4 440061106, 0, 32;
    %store/vec4 v0x600002f58f30_0, 0, 32;
    %load/vec4 v0x600002f59170_0;
    %load/vec4 v0x600002f58f30_0;
    %concat/vec4; draw_concat_vec4
    %store/vec4 v0x600002f58ea0_0, 0, 200;
    %end;
    .thread T_4, $init;
    .scope S_0x7f9158a041f0;
T_5 ;
    %delay 10000, 0;
    %load/vec4 v0x600002f58fc0_0;
    %nor/r;
    %store/vec4 v0x600002f58fc0_0, 0, 1;
    %jmp T_5;
    .thread T_5;
    .scope S_0x7f9158a041f0;
T_6 ;
    %vpi_call/w 3 32 "$dumpfile", "cksum.vcd" {0 0 0};
    %vpi_call/w 3 33 "$dumpvars", 32'sb00000000000000000000000000000000, S_0x7f9158a041f0 {0 0 0};
    %vpi_call/w 3 34 "$display", "Starting Sim" {0 0 0};
    %pushi/vec4 0, 0, 1;
    %store/vec4 v0x600002f58fc0_0, 0, 1;
    %delay 10000, 0;
    %pushi/vec4 0, 0, 1;
    %store/vec4 v0x600002f59200_0, 0, 1;
    %delay 20000, 0;
    %pushi/vec4 1, 0, 1;
    %store/vec4 v0x600002f59200_0, 0, 1;
    %delay 20000, 0;
    %pushi/vec4 0, 0, 1;
    %store/vec4 v0x600002f59200_0, 0, 1;
    %pushi/vec4 0, 0, 1;
    %store/vec4 v0x600002f58e10_0, 0, 1;
    %pushi/vec4 0, 0, 2;
    %store/vec4 v0x600002f58d80_0, 0, 2;
    %vpi_call/w 3 45 "$display", "1: " {0 0 0};
    %delay 100000, 0;
    %pushi/vec4 1, 0, 1;
    %store/vec4 v0x600002f58e10_0, 0, 1;
    %fork t_1, S_0x7f9158a04360;
    %jmp t_0;
    .scope S_0x7f9158a04360;
t_1 ;
    %pushi/vec4 168, 0, 32;
    %store/vec4 v0x600002f5c000_0, 0, 32;
T_6.0 ;
    %load/vec4 v0x600002f5c000_0;
    %cmpi/s 0, 0, 32;
    %flag_or 5, 4; GT is !LE
    %flag_inv 5;
    %jmp/0xz T_6.1, 5;
    %load/vec4 v0x600002f59170_0;
    %load/vec4 v0x600002f5c000_0;
    %subi 2, 0, 32;
    %part/s 1;
    %load/vec4 v0x600002f59170_0;
    %load/vec4 v0x600002f5c000_0;
    %subi 1, 0, 32;
    %part/s 1;
    %concat/vec4; draw_concat_vec4
    %store/vec4 v0x600002f58d80_0, 0, 2;
    %delay 20000, 0;
    %load/vec4 v0x600002f5c000_0;
    %subi 2, 0, 32;
    %cast2;
    %store/vec4 v0x600002f5c000_0, 0, 32;
    %jmp T_6.0;
T_6.1 ;
    %end;
    .scope S_0x7f9158a041f0;
t_0 %join;
    %fork t_3, S_0x7f9158b04080;
    %jmp t_2;
    .scope S_0x7f9158b04080;
t_3 ;
    %pushi/vec4 32, 0, 32;
    %store/vec4 v0x600002f58000_0, 0, 32;
T_6.2 ;
    %load/vec4 v0x600002f58000_0;
    %cmpi/s 0, 0, 32;
    %flag_or 5, 4; GT is !LE
    %flag_inv 5;
    %jmp/0xz T_6.3, 5;
    %load/vec4 v0x600002f58f30_0;
    %load/vec4 v0x600002f58000_0;
    %subi 2, 0, 32;
    %part/s 1;
    %load/vec4 v0x600002f58f30_0;
    %load/vec4 v0x600002f58000_0;
    %subi 1, 0, 32;
    %part/s 1;
    %concat/vec4; draw_concat_vec4
    %store/vec4 v0x600002f58d80_0, 0, 2;
    %delay 20000, 0;
    %load/vec4 v0x600002f58000_0;
    %subi 2, 0, 32;
    %cast2;
    %store/vec4 v0x600002f58000_0, 0, 32;
    %jmp T_6.2;
T_6.3 ;
    %end;
    .scope S_0x7f9158a041f0;
t_2 %join;
    %pushi/vec4 0, 0, 1;
    %store/vec4 v0x600002f58e10_0, 0, 1;
    %pushi/vec4 0, 0, 2;
    %store/vec4 v0x600002f58d80_0, 0, 2;
    %delay 20000, 0;
    %delay 500000, 0;
    %vpi_call/w 3 63 "$display", "2: " {0 0 0};
    %vpi_call/w 3 64 "$display", "3: " {0 0 0};
    %vpi_call/w 3 65 "$display", "4: " {0 0 0};
    %vpi_call/w 3 66 "$display", "5: " {0 0 0};
    %vpi_call/w 3 67 "$display", "6: " {0 0 0};
    %vpi_call/w 3 69 "$display", "Finishing Sim" {0 0 0};
    %vpi_call/w 3 70 "$finish" {0 0 0};
    %end;
    .thread T_6;
# The file index is used to find the file name in the following table.
:file_names 6;
    "N/A";
    "<interactive>";
    "-";
    "sim/cksum_tb.sv";
    "src/cksum.sv";
    "src/crc32.sv";
