#! /usr/local/Cellar/icarus-verilog/11.0/bin/vvp
:ivl_version "11.0 (stable)";
:ivl_delay_selection "TYPICAL";
:vpi_time_precision - 12;
:vpi_module "/usr/local/Cellar/icarus-verilog/11.0/lib/ivl/system.vpi";
:vpi_module "/usr/local/Cellar/icarus-verilog/11.0/lib/ivl/vhdl_sys.vpi";
:vpi_module "/usr/local/Cellar/icarus-verilog/11.0/lib/ivl/vhdl_textio.vpi";
:vpi_module "/usr/local/Cellar/icarus-verilog/11.0/lib/ivl/v2005_math.vpi";
:vpi_module "/usr/local/Cellar/icarus-verilog/11.0/lib/ivl/va_math.vpi";
:vpi_module "/usr/local/Cellar/icarus-verilog/11.0/lib/ivl/v2009.vpi";
S_0x7fd2adc04080 .scope package, "$unit" "$unit" 2 1;
 .timescale 0 0;
S_0x7fd2adc041f0 .scope module, "identity_tb" "identity_tb" 3 4;
 .timescale -9 -12;
v0x600003da0990_0 .var "axiid", 1 0;
v0x600003da0a20_0 .var "axiiv", 0 0;
v0x600003da0ab0_0 .net "axiod", 1 0, v0x600003da02d0_0;  1 drivers
v0x600003da0b40_0 .net "axiov", 0 0, v0x600003da0360_0;  1 drivers
v0x600003da0bd0_0 .var "clk_in", 0 0;
v0x600003da0c60_0 .var "rst_in", 0 0;
S_0x7fd2adc04360 .scope begin, "$ivl_for_loop0" "$ivl_for_loop0" 3 68, 3 68 0, S_0x7fd2adc041f0;
 .timescale -9 -12;
v0x600003da0000_0 .var/2s "i", 31 0;
S_0x7fd2adc044d0 .scope begin, "$ivl_for_loop1" "$ivl_for_loop1" 3 79, 3 79 0, S_0x7fd2adc041f0;
 .timescale -9 -12;
v0x600003da0090_0 .var/2s "i", 31 0;
S_0x7fd2adc04640 .scope module, "uut" "identity" 3 13, 4 4 0, S_0x7fd2adc041f0;
 .timescale -9 -12;
    .port_info 0 /INPUT 1 "clk";
    .port_info 1 /INPUT 1 "rst";
    .port_info 2 /INPUT 1 "axiiv";
    .port_info 3 /INPUT 2 "axiid";
    .port_info 4 /OUTPUT 1 "axiov";
    .port_info 5 /OUTPUT 2 "axiod";
P_0x6000033a0000 .param/l "HEADER" 1 4 22, +C4<00000000000000000000000000000001>;
P_0x6000033a0040 .param/l "IDLE" 1 4 21, +C4<00000000000000000000000000000000>;
P_0x6000033a0080 .param/l "READTRANSMIT" 1 4 23, +C4<00000000000000000000000000000010>;
P_0x6000033a00c0 .param/l "TRANSMIT" 1 4 24, +C4<00000000000000000000000000000011>;
v0x600003da01b0_0 .net "axiid", 1 0, v0x600003da0990_0;  1 drivers
v0x600003da0240_0 .net "axiiv", 0 0, v0x600003da0a20_0;  1 drivers
v0x600003da02d0_0 .var "axiod", 1 0;
v0x600003da0360_0 .var "axiov", 0 0;
v0x600003da03f0_0 .net "clk", 0 0, v0x600003da0bd0_0;  1 drivers
v0x600003da0480_0 .var "cycle_counter", 5 0;
v0x600003da0510_0 .var "data_buf", 111 0;
v0x600003da05a0_0 .var/2s "data_counter", 31 0;
v0x600003da0630_0 .var "destination_addr", 47 0;
v0x600003da06c0_0 .var "ethertype", 15 0;
v0x600003da0750_0 .var "reading_data", 0 0;
v0x600003da07e0_0 .net "rst", 0 0, v0x600003da0c60_0;  1 drivers
v0x600003da0870_0 .var "source_addr", 47 0;
v0x600003da0900_0 .var "state", 1 0;
E_0x6000001b8030 .event posedge, v0x600003da03f0_0;
    .scope S_0x7fd2adc04640;
T_0 ;
    %pushi/vec4 3537024012, 0, 33;
    %concati/vec4 21648, 0, 15;
    %store/vec4 v0x600003da0870_0, 0, 48;
    %pushi/vec4 3537024012, 0, 33;
    %concati/vec4 21649, 0, 15;
    %store/vec4 v0x600003da0630_0, 0, 48;
    %pushi/vec4 257, 0, 16;
    %store/vec4 v0x600003da06c0_0, 0, 16;
    %end;
    .thread T_0, $init;
    .scope S_0x7fd2adc04640;
T_1 ;
    %wait E_0x6000001b8030;
    %load/vec4 v0x600003da07e0_0;
    %cmpi/e 1, 0, 1;
    %jmp/0xz  T_1.0, 4;
    %pushi/vec4 0, 0, 1;
    %assign/vec4 v0x600003da0360_0, 0;
    %pushi/vec4 0, 0, 2;
    %assign/vec4 v0x600003da02d0_0, 0;
    %pushi/vec4 0, 0, 32;
    %assign/vec4 v0x600003da05a0_0, 0;
    %pushi/vec4 0, 0, 6;
    %assign/vec4 v0x600003da0480_0, 0;
    %pushi/vec4 0, 0, 2;
    %assign/vec4 v0x600003da0900_0, 0;
T_1.0 ;
    %load/vec4 v0x600003da0900_0;
    %dup/vec4;
    %pushi/vec4 0, 0, 2;
    %cmp/u;
    %jmp/1 T_1.2, 6;
    %dup/vec4;
    %pushi/vec4 1, 0, 2;
    %cmp/u;
    %jmp/1 T_1.3, 6;
    %dup/vec4;
    %pushi/vec4 2, 0, 2;
    %cmp/u;
    %jmp/1 T_1.4, 6;
    %dup/vec4;
    %pushi/vec4 3, 0, 2;
    %cmp/u;
    %jmp/1 T_1.5, 6;
    %jmp T_1.6;
T_1.2 ;
    %load/vec4 v0x600003da0240_0;
    %cmpi/e 1, 0, 1;
    %jmp/0xz  T_1.7, 4;
    %pushi/vec4 1, 0, 1;
    %assign/vec4 v0x600003da0360_0, 0;
    %pushi/vec4 0, 0, 110;
    %load/vec4 v0x600003da01b0_0;
    %concat/vec4; draw_concat_vec4
    %assign/vec4 v0x600003da0510_0, 0;
    %pushi/vec4 1, 0, 1;
    %assign/vec4 v0x600003da0750_0, 0;
    %pushi/vec4 1, 0, 32;
    %assign/vec4 v0x600003da05a0_0, 0;
    %load/vec4 v0x600003da0630_0;
    %parti/s 2, 46, 7;
    %assign/vec4 v0x600003da02d0_0, 0;
    %load/vec4 v0x600003da0630_0;
    %parti/s 46, 0, 2;
    %load/vec4 v0x600003da0630_0;
    %parti/s 2, 46, 7;
    %concat/vec4; draw_concat_vec4
    %assign/vec4 v0x600003da0630_0, 0;
    %pushi/vec4 0, 0, 6;
    %assign/vec4 v0x600003da0480_0, 0;
    %pushi/vec4 1, 0, 2;
    %assign/vec4 v0x600003da0900_0, 0;
T_1.7 ;
    %jmp T_1.6;
T_1.3 ;
    %load/vec4 v0x600003da0480_0;
    %addi 1, 0, 6;
    %assign/vec4 v0x600003da0480_0, 0;
    %load/vec4 v0x600003da0480_0;
    %pad/u 32;
    %cmpi/u 23, 0, 32;
    %jmp/0xz  T_1.9, 5;
    %load/vec4 v0x600003da0630_0;
    %parti/s 2, 46, 7;
    %assign/vec4 v0x600003da02d0_0, 0;
    %load/vec4 v0x600003da0630_0;
    %parti/s 46, 0, 2;
    %load/vec4 v0x600003da0630_0;
    %parti/s 2, 46, 7;
    %concat/vec4; draw_concat_vec4
    %assign/vec4 v0x600003da0630_0, 0;
    %jmp T_1.10;
T_1.9 ;
    %pushi/vec4 23, 0, 32;
    %load/vec4 v0x600003da0480_0;
    %pad/u 32;
    %cmp/u;
    %flag_get/vec4 4;
    %flag_get/vec4 5;
    %or;
    %load/vec4 v0x600003da0480_0;
    %pad/u 32;
    %cmpi/u 47, 0, 32;
    %flag_get/vec4 5;
    %and;
    %flag_set/vec4 8;
    %jmp/0xz  T_1.11, 8;
    %load/vec4 v0x600003da0870_0;
    %parti/s 2, 46, 7;
    %assign/vec4 v0x600003da02d0_0, 0;
    %load/vec4 v0x600003da0870_0;
    %parti/s 46, 0, 2;
    %load/vec4 v0x600003da0870_0;
    %parti/s 2, 46, 7;
    %concat/vec4; draw_concat_vec4
    %assign/vec4 v0x600003da0870_0, 0;
    %jmp T_1.12;
T_1.11 ;
    %pushi/vec4 47, 0, 32;
    %load/vec4 v0x600003da0480_0;
    %pad/u 32;
    %cmp/u;
    %flag_get/vec4 4;
    %flag_get/vec4 5;
    %or;
    %load/vec4 v0x600003da0480_0;
    %pad/u 32;
    %cmpi/u 55, 0, 32;
    %flag_get/vec4 5;
    %and;
    %flag_set/vec4 8;
    %jmp/0xz  T_1.13, 8;
    %load/vec4 v0x600003da06c0_0;
    %parti/s 2, 14, 5;
    %assign/vec4 v0x600003da02d0_0, 0;
    %load/vec4 v0x600003da06c0_0;
    %parti/s 14, 0, 2;
    %load/vec4 v0x600003da06c0_0;
    %parti/s 2, 14, 5;
    %concat/vec4; draw_concat_vec4
    %assign/vec4 v0x600003da06c0_0, 0;
    %jmp T_1.14;
T_1.13 ;
    %load/vec4 v0x600003da0240_0;
    %pushi/vec4 1, 0, 1;
    %cmp/e;
    %flag_get/vec4 4;
    %load/vec4 v0x600003da0750_0;
    %pushi/vec4 1, 0, 1;
    %cmp/e;
    %flag_get/vec4 4;
    %and;
    %flag_set/vec4 8;
    %jmp/0xz  T_1.15, 8;
    %load/vec4 v0x600003da0510_0;
    %parti/s 2, 110, 8;
    %assign/vec4 v0x600003da02d0_0, 0;
    %load/vec4 v0x600003da0510_0;
    %parti/s 110, 0, 2;
    %load/vec4 v0x600003da01b0_0;
    %concat/vec4; draw_concat_vec4
    %assign/vec4 v0x600003da0510_0, 0;
    %pushi/vec4 2, 0, 2;
    %assign/vec4 v0x600003da0900_0, 0;
    %jmp T_1.16;
T_1.15 ;
    %pushi/vec4 0, 0, 1;
    %assign/vec4 v0x600003da0750_0, 0;
    %load/vec4 v0x600003da0510_0;
    %load/vec4 v0x600003da05a0_0;
    %part/s 1;
    %load/vec4 v0x600003da0510_0;
    %load/vec4 v0x600003da05a0_0;
    %subi 1, 0, 32;
    %part/s 1;
    %concat/vec4; draw_concat_vec4
    %assign/vec4 v0x600003da02d0_0, 0;
    %load/vec4 v0x600003da05a0_0;
    %subi 2, 0, 32;
    %cast2;
    %assign/vec4 v0x600003da05a0_0, 0;
    %pushi/vec4 3, 0, 2;
    %assign/vec4 v0x600003da0900_0, 0;
T_1.16 ;
T_1.14 ;
T_1.12 ;
T_1.10 ;
    %load/vec4 v0x600003da0480_0;
    %pad/u 32;
    %cmpi/u 55, 0, 32;
    %jmp/0xz  T_1.17, 5;
    %load/vec4 v0x600003da0240_0;
    %pushi/vec4 1, 0, 1;
    %cmp/e;
    %flag_get/vec4 4;
    %load/vec4 v0x600003da0750_0;
    %pushi/vec4 1, 0, 1;
    %cmp/e;
    %flag_get/vec4 4;
    %and;
    %flag_set/vec4 8;
    %jmp/0xz  T_1.19, 8;
    %load/vec4 v0x600003da0510_0;
    %parti/s 110, 0, 2;
    %load/vec4 v0x600003da01b0_0;
    %concat/vec4; draw_concat_vec4
    %assign/vec4 v0x600003da0510_0, 0;
    %load/vec4 v0x600003da05a0_0;
    %addi 2, 0, 32;
    %cast2;
    %assign/vec4 v0x600003da05a0_0, 0;
    %jmp T_1.20;
T_1.19 ;
    %pushi/vec4 0, 0, 1;
    %assign/vec4 v0x600003da0750_0, 0;
T_1.20 ;
T_1.17 ;
    %jmp T_1.6;
T_1.4 ;
    %load/vec4 v0x600003da0240_0;
    %pushi/vec4 1, 0, 1;
    %cmp/e;
    %flag_get/vec4 4;
    %load/vec4 v0x600003da0750_0;
    %pushi/vec4 1, 0, 1;
    %cmp/e;
    %flag_get/vec4 4;
    %and;
    %flag_set/vec4 8;
    %jmp/0xz  T_1.21, 8;
    %load/vec4 v0x600003da0510_0;
    %parti/s 2, 110, 8;
    %assign/vec4 v0x600003da02d0_0, 0;
    %load/vec4 v0x600003da0510_0;
    %parti/s 110, 0, 2;
    %load/vec4 v0x600003da01b0_0;
    %concat/vec4; draw_concat_vec4
    %assign/vec4 v0x600003da0510_0, 0;
    %jmp T_1.22;
T_1.21 ;
    %pushi/vec4 0, 0, 1;
    %assign/vec4 v0x600003da0750_0, 0;
    %load/vec4 v0x600003da0510_0;
    %load/vec4 v0x600003da05a0_0;
    %part/s 1;
    %load/vec4 v0x600003da0510_0;
    %load/vec4 v0x600003da05a0_0;
    %subi 1, 0, 32;
    %part/s 1;
    %concat/vec4; draw_concat_vec4
    %assign/vec4 v0x600003da02d0_0, 0;
    %load/vec4 v0x600003da05a0_0;
    %subi 2, 0, 32;
    %cast2;
    %assign/vec4 v0x600003da05a0_0, 0;
    %pushi/vec4 3, 0, 2;
    %assign/vec4 v0x600003da0900_0, 0;
T_1.22 ;
    %jmp T_1.6;
T_1.5 ;
    %load/vec4 v0x600003da05a0_0;
    %cmpi/s 0, 0, 32;
    %flag_or 5, 4; GT is !LE
    %flag_inv 5;
    %jmp/0xz  T_1.23, 5;
    %load/vec4 v0x600003da0510_0;
    %load/vec4 v0x600003da05a0_0;
    %part/s 1;
    %load/vec4 v0x600003da0510_0;
    %load/vec4 v0x600003da05a0_0;
    %subi 1, 0, 32;
    %part/s 1;
    %concat/vec4; draw_concat_vec4
    %assign/vec4 v0x600003da02d0_0, 0;
    %load/vec4 v0x600003da05a0_0;
    %subi 2, 0, 32;
    %cast2;
    %assign/vec4 v0x600003da05a0_0, 0;
    %jmp T_1.24;
T_1.23 ;
    %pushi/vec4 0, 0, 1;
    %assign/vec4 v0x600003da0360_0, 0;
    %pushi/vec4 0, 0, 32;
    %assign/vec4 v0x600003da05a0_0, 0;
    %pushi/vec4 0, 0, 6;
    %assign/vec4 v0x600003da0480_0, 0;
    %pushi/vec4 0, 0, 2;
    %assign/vec4 v0x600003da0900_0, 0;
T_1.24 ;
    %jmp T_1.6;
T_1.6 ;
    %pop/vec4 1;
    %jmp T_1;
    .thread T_1;
    .scope S_0x7fd2adc041f0;
T_2 ;
    %delay 10000, 0;
    %load/vec4 v0x600003da0bd0_0;
    %nor/r;
    %store/vec4 v0x600003da0bd0_0, 0, 1;
    %jmp T_2;
    .thread T_2;
    .scope S_0x7fd2adc041f0;
T_3 ;
    %vpi_call/w 3 28 "$dumpfile", "identity.vcd" {0 0 0};
    %vpi_call/w 3 29 "$dumpvars", 32'sb00000000000000000000000000000000, S_0x7fd2adc041f0 {0 0 0};
    %vpi_call/w 3 30 "$display", "Starting Sim" {0 0 0};
    %pushi/vec4 0, 0, 1;
    %store/vec4 v0x600003da0bd0_0, 0, 1;
    %delay 10000, 0;
    %pushi/vec4 0, 0, 1;
    %store/vec4 v0x600003da0c60_0, 0, 1;
    %delay 20000, 0;
    %pushi/vec4 1, 0, 1;
    %store/vec4 v0x600003da0c60_0, 0, 1;
    %delay 20000, 0;
    %pushi/vec4 0, 0, 1;
    %store/vec4 v0x600003da0c60_0, 0, 1;
    %vpi_call/w 3 39 "$display", "1: Half a byte of data" {0 0 0};
    %delay 100000, 0;
    %pushi/vec4 1, 0, 1;
    %store/vec4 v0x600003da0a20_0, 0, 1;
    %pushi/vec4 2, 0, 2;
    %store/vec4 v0x600003da0990_0, 0, 2;
    %delay 20000, 0;
    %pushi/vec4 1, 0, 2;
    %store/vec4 v0x600003da0990_0, 0, 2;
    %delay 20000, 0;
    %pushi/vec4 0, 0, 1;
    %store/vec4 v0x600003da0a20_0, 0, 1;
    %pushi/vec4 0, 0, 2;
    %store/vec4 v0x600003da0990_0, 0, 2;
    %delay 20000, 0;
    %delay 2000000, 0;
    %vpi_call/w 3 50 "$display", "2: One byte of data" {0 0 0};
    %delay 100000, 0;
    %pushi/vec4 1, 0, 1;
    %store/vec4 v0x600003da0a20_0, 0, 1;
    %pushi/vec4 1, 0, 2;
    %store/vec4 v0x600003da0990_0, 0, 2;
    %delay 20000, 0;
    %pushi/vec4 2, 0, 2;
    %store/vec4 v0x600003da0990_0, 0, 2;
    %delay 20000, 0;
    %pushi/vec4 2, 0, 2;
    %store/vec4 v0x600003da0990_0, 0, 2;
    %delay 20000, 0;
    %pushi/vec4 1, 0, 2;
    %store/vec4 v0x600003da0990_0, 0, 2;
    %delay 20000, 0;
    %pushi/vec4 0, 0, 1;
    %store/vec4 v0x600003da0a20_0, 0, 1;
    %pushi/vec4 0, 0, 2;
    %store/vec4 v0x600003da0990_0, 0, 2;
    %delay 20000, 0;
    %delay 2000000, 0;
    %vpi_call/w 3 65 "$display", "3: 2 bytes of data" {0 0 0};
    %delay 100000, 0;
    %pushi/vec4 1, 0, 1;
    %store/vec4 v0x600003da0a20_0, 0, 1;
    %fork t_1, S_0x7fd2adc04360;
    %jmp t_0;
    .scope S_0x7fd2adc04360;
t_1 ;
    %pushi/vec4 0, 0, 32;
    %store/vec4 v0x600003da0000_0, 0, 32;
T_3.0 ;
    %load/vec4 v0x600003da0000_0;
    %cmpi/s 8, 0, 32;
    %jmp/0xz T_3.1, 5;
    %pushi/vec4 1, 0, 2;
    %store/vec4 v0x600003da0990_0, 0, 2;
    %delay 20000, 0;
    %load/vec4 v0x600003da0000_0;
    %addi 1, 0, 32;
    %cast2;
    %store/vec4 v0x600003da0000_0, 0, 32;
    %jmp T_3.0;
T_3.1 ;
    %end;
    .scope S_0x7fd2adc041f0;
t_0 %join;
    %pushi/vec4 0, 0, 1;
    %store/vec4 v0x600003da0a20_0, 0, 1;
    %pushi/vec4 0, 0, 2;
    %store/vec4 v0x600003da0990_0, 0, 2;
    %delay 20000, 0;
    %delay 2000000, 0;
    %vpi_call/w 3 76 "$display", "4: 22 bytes of data" {0 0 0};
    %delay 100000, 0;
    %pushi/vec4 1, 0, 1;
    %store/vec4 v0x600003da0a20_0, 0, 1;
    %fork t_3, S_0x7fd2adc044d0;
    %jmp t_2;
    .scope S_0x7fd2adc044d0;
t_3 ;
    %pushi/vec4 0, 0, 32;
    %store/vec4 v0x600003da0090_0, 0, 32;
T_3.2 ;
    %load/vec4 v0x600003da0090_0;
    %cmpi/s 88, 0, 32;
    %jmp/0xz T_3.3, 5;
    %pushi/vec4 1, 0, 2;
    %store/vec4 v0x600003da0990_0, 0, 2;
    %delay 20000, 0;
    %load/vec4 v0x600003da0090_0;
    %addi 1, 0, 32;
    %cast2;
    %store/vec4 v0x600003da0090_0, 0, 32;
    %jmp T_3.2;
T_3.3 ;
    %end;
    .scope S_0x7fd2adc041f0;
t_2 %join;
    %pushi/vec4 0, 0, 1;
    %store/vec4 v0x600003da0a20_0, 0, 1;
    %pushi/vec4 0, 0, 2;
    %store/vec4 v0x600003da0990_0, 0, 2;
    %delay 20000, 0;
    %delay 2000000, 0;
    %vpi_call/w 3 87 "$display", "Finishing Sim" {0 0 0};
    %vpi_call/w 3 88 "$finish" {0 0 0};
    %end;
    .thread T_3;
# The file index is used to find the file name in the following table.
:file_names 5;
    "N/A";
    "<interactive>";
    "-";
    "sim/identity_tb.sv";
    "src/identity.sv";
