#! /usr/local/Cellar/icarus-verilog/11.0/bin/vvp
:ivl_version "11.0 (stable)";
:ivl_delay_selection "TYPICAL";
:vpi_time_precision - 12;
:vpi_module "/usr/local/Cellar/icarus-verilog/11.0/lib/ivl/system.vpi";
:vpi_module "/usr/local/Cellar/icarus-verilog/11.0/lib/ivl/vhdl_sys.vpi";
:vpi_module "/usr/local/Cellar/icarus-verilog/11.0/lib/ivl/vhdl_textio.vpi";
:vpi_module "/usr/local/Cellar/icarus-verilog/11.0/lib/ivl/v2005_math.vpi";
:vpi_module "/usr/local/Cellar/icarus-verilog/11.0/lib/ivl/va_math.vpi";
:vpi_module "/usr/local/Cellar/icarus-verilog/11.0/lib/ivl/v2009.vpi";
S_0x7fe5fca09e40 .scope package, "$unit" "$unit" 2 1;
 .timescale 0 0;
S_0x7fe5fca09fb0 .scope module, "top_level_tb" "top_level_tb" 3 4;
 .timescale -9 -12;
v0x60000066c240_0 .var "checksum", 31 0;
v0x60000066c2d0_0 .var "clk_in", 0 0;
v0x60000066c360_0 .var "crsdv_in", 0 0;
v0x60000066c3f0_0 .var "data", 31 0;
v0x60000066c480_0 .var "destination", 47 0;
v0x6000006713b0_0 .var "ethertype", 15 0;
v0x600000671440_0 .net "led_out", 15 0, v0x60000066c090_0;  1 drivers
v0x6000006714d0_0 .var "preamble", 55 0;
v0x600000671560_0 .net "refclk_out", 0 0, v0x600000663cc0_0;  1 drivers
v0x6000006715f0_0 .var "rst_in", 0 0;
v0x600000671680_0 .net "rstn_out", 0 0, L_0x600001f79810;  1 drivers
v0x600000671710_0 .var "rxd_in", 1 0;
v0x6000006717a0_0 .var "sfd", 7 0;
v0x600000671830_0 .var "source", 47 0;
v0x6000006718c0_0 .var "whole_damn_thing", 1199 0;
S_0x7fe5fca0a8c0 .scope begin, "$ivl_for_loop0" "$ivl_for_loop0" 3 63, 3 63 0, S_0x7fe5fca09fb0;
 .timescale -9 -12;
v0x600000664000_0 .var/2s "i", 31 0;
S_0x7fe5fca0aa30 .scope begin, "$ivl_for_loop1" "$ivl_for_loop1" 3 68, 3 68 0, S_0x7fe5fca09fb0;
 .timescale -9 -12;
v0x600000664090_0 .var/2s "i", 31 0;
S_0x7fe5fca0aba0 .scope begin, "$ivl_for_loop2" "$ivl_for_loop2" 3 82, 3 82 0, S_0x7fe5fca09fb0;
 .timescale -9 -12;
v0x600000664120_0 .var/2s "i", 31 0;
S_0x7fe5fca0ad10 .scope begin, "$ivl_for_loop3" "$ivl_for_loop3" 3 88, 3 88 0, S_0x7fe5fca09fb0;
 .timescale -9 -12;
v0x6000006641b0_0 .var/2s "i", 31 0;
S_0x7fe5fca0aec0 .scope begin, "$ivl_for_loop4" "$ivl_for_loop4" 3 94, 3 94 0, S_0x7fe5fca09fb0;
 .timescale -9 -12;
v0x600000664240_0 .var/2s "i", 31 0;
S_0x7fe5fca0b030 .scope begin, "$ivl_for_loop5" "$ivl_for_loop5" 3 108, 3 108 0, S_0x7fe5fca09fb0;
 .timescale -9 -12;
v0x6000006642d0_0 .var/2s "i", 31 0;
S_0x7fe5fca0b1a0 .scope begin, "$ivl_for_loop6" "$ivl_for_loop6" 3 113, 3 113 0, S_0x7fe5fca09fb0;
 .timescale -9 -12;
v0x600000664360_0 .var/2s "i", 31 0;
S_0x7fe5fca0b310 .scope begin, "$ivl_for_loop7" "$ivl_for_loop7" 3 126, 3 126 0, S_0x7fe5fca09fb0;
 .timescale -9 -12;
v0x6000006643f0_0 .var/2s "i", 31 0;
S_0x7fe5fca0b480 .scope module, "uut" "top_level" 3 14, 4 4 0, S_0x7fe5fca09fb0;
 .timescale -9 -12;
    .port_info 0 /INPUT 1 "clk";
    .port_info 1 /INPUT 1 "btnc";
    .port_info 2 /INPUT 1 "eth_crsdv";
    .port_info 3 /INPUT 2 "eth_rxd";
    .port_info 4 /OUTPUT 1 "eth_refclk";
    .port_info 5 /OUTPUT 1 "eth_rstn";
    .port_info 6 /OUTPUT 16 "led";
    .port_info 7 /OUTPUT 1 "ca";
    .port_info 8 /OUTPUT 1 "cb";
    .port_info 9 /OUTPUT 1 "cc";
    .port_info 10 /OUTPUT 1 "cd";
    .port_info 11 /OUTPUT 1 "ce";
    .port_info 12 /OUTPUT 1 "cf";
    .port_info 13 /OUTPUT 1 "cg";
    .port_info 14 /OUTPUT 8 "an";
L_0x600001f797a0 .functor BUFZ 1, v0x6000006715f0_0, C4<0>, C4<0>, C4<0>;
L_0x600001f79810 .functor NOT 1, v0x6000006715f0_0, C4<0>, C4<0>, C4<0>;
v0x6000006632a0_0 .net "aggregate_axiod", 31 0, v0x600000666640_0;  1 drivers
v0x600000663330_0 .net "aggregate_axiov", 0 0, v0x6000006666d0_0;  1 drivers
v0x6000006633c0_0 .net "an", 7 0, L_0x600001f6c700;  1 drivers
v0x600000663450_0 .net "bitorder_axiod", 1 0, v0x600000664630_0;  1 drivers
v0x6000006634e0_0 .net "bitorder_axiov", 0 0, v0x6000006646c0_0;  1 drivers
v0x600000663570_0 .net "btnc", 0 0, v0x6000006715f0_0;  1 drivers
v0x600000663600_0 .net "ca", 0 0, L_0x60000057a800;  1 drivers
v0x600000663690_0 .net "cb", 0 0, L_0x60000057a760;  1 drivers
v0x600000663720_0 .net "cc", 0 0, L_0x60000057a6c0;  1 drivers
v0x6000006637b0_0 .net "cd", 0 0, L_0x60000057a620;  1 drivers
v0x600000663840_0 .net "ce", 0 0, L_0x60000057a580;  1 drivers
v0x6000006638d0_0 .net "cf", 0 0, L_0x60000057a4e0;  1 drivers
v0x600000663960_0 .net "cg", 0 0, L_0x60000057a440;  1 drivers
v0x6000006639f0_0 .net "clk", 0 0, v0x60000066c2d0_0;  1 drivers
v0x600000663a80_0 .net "done", 0 0, v0x600000665c20_0;  1 drivers
v0x600000663b10_0 .net "eth_axiod", 1 0, v0x600000665f80_0;  1 drivers
v0x600000663ba0_0 .net "eth_axiov", 0 0, v0x600000666010_0;  1 drivers
v0x600000663c30_0 .net "eth_crsdv", 0 0, v0x60000066c360_0;  1 drivers
v0x600000663cc0_0 .var "eth_refclk", 0 0;
v0x600000663d50_0 .net "eth_rstn", 0 0, L_0x600001f79810;  alias, 1 drivers
v0x600000663de0_0 .net "eth_rxd", 1 0, v0x600000671710_0;  1 drivers
v0x600000663e70_0 .net "firewall_axiod", 1 0, v0x600000664cf0_0;  1 drivers
v0x600000663f00_0 .net "firewall_axiov", 0 0, v0x600000664d80_0;  1 drivers
v0x60000066c000_0 .net "kill", 0 0, v0x600000665cb0_0;  1 drivers
v0x60000066c090_0 .var "led", 15 0;
v0x60000066c120_0 .var "past_done", 0 0;
v0x60000066c1b0_0 .net "sys_rst", 0 0, L_0x600001f797a0;  1 drivers
L_0x60000057a440 .part L_0x600001f6c690, 6, 1;
L_0x60000057a4e0 .part L_0x600001f6c690, 5, 1;
L_0x60000057a580 .part L_0x600001f6c690, 4, 1;
L_0x60000057a620 .part L_0x600001f6c690, 3, 1;
L_0x60000057a6c0 .part L_0x600001f6c690, 2, 1;
L_0x60000057a760 .part L_0x600001f6c690, 1, 1;
L_0x60000057a800 .part L_0x600001f6c690, 0, 1;
S_0x7fe5fca0b760 .scope module, "bitorder_in" "bitorder" 4 40, 5 4 0, S_0x7fe5fca0b480;
 .timescale -9 -12;
    .port_info 0 /INPUT 1 "clk";
    .port_info 1 /INPUT 1 "rst";
    .port_info 2 /INPUT 1 "axiiv";
    .port_info 3 /INPUT 2 "axiid";
    .port_info 4 /OUTPUT 1 "axiov";
    .port_info 5 /OUTPUT 2 "axiod";
P_0x600000878000 .param/l "IDLE" 1 5 17, +C4<00000000000000000000000000000000>;
P_0x600000878040 .param/l "RANDW" 1 5 19, +C4<00000000000000000000000000000010>;
P_0x600000878080 .param/l "RNOW" 1 5 18, +C4<00000000000000000000000000000001>;
P_0x6000008780c0 .param/l "WNOR" 1 5 20, +C4<00000000000000000000000000000011>;
v0x600000664510_0 .net "axiid", 1 0, v0x600000665f80_0;  alias, 1 drivers
v0x6000006645a0_0 .net "axiiv", 0 0, v0x600000666010_0;  alias, 1 drivers
v0x600000664630_0 .var "axiod", 1 0;
v0x6000006646c0_0 .var "axiov", 0 0;
v0x600000664750_0 .var "buf_a", 7 0;
v0x6000006647e0_0 .var "buf_b", 7 0;
v0x600000664870_0 .var "buf_counter", 1 0;
v0x600000664900_0 .net "clk", 0 0, v0x60000066c2d0_0;  alias, 1 drivers
v0x600000664990_0 .var "read_buf", 0 0;
v0x600000664a20_0 .net "rst", 0 0, L_0x600001f797a0;  alias, 1 drivers
v0x600000664ab0_0 .var "state", 1 0;
E_0x600003a54330 .event posedge, v0x600000664900_0;
S_0x7fe5fca0b8d0 .scope module, "check_dest" "firewall" 4 50, 6 4 0, S_0x7fe5fca0b480;
 .timescale -9 -12;
    .port_info 0 /INPUT 1 "clk";
    .port_info 1 /INPUT 1 "rst";
    .port_info 2 /INPUT 1 "axiiv";
    .port_info 3 /INPUT 2 "axiid";
    .port_info 4 /OUTPUT 1 "axiov";
    .port_info 5 /OUTPUT 2 "axiod";
P_0x7fe5fca0ba40 .param/l "FORWARD" 1 6 22, +C4<00000000000000000000000000000011>;
P_0x7fe5fca0ba80 .param/l "HEADERWAIT" 1 6 21, +C4<00000000000000000000000000000010>;
P_0x7fe5fca0bac0 .param/l "IDLE" 1 6 19, +C4<00000000000000000000000000000000>;
P_0x7fe5fca0bb00 .param/l "IGNORE" 1 6 23, +C4<00000000000000000000000000000100>;
P_0x7fe5fca0bb40 .param/l "READ" 1 6 20, +C4<00000000000000000000000000000001>;
v0x600000664bd0_0 .net "axiid", 1 0, v0x600000664630_0;  alias, 1 drivers
v0x600000664c60_0 .net "axiiv", 0 0, v0x6000006646c0_0;  alias, 1 drivers
v0x600000664cf0_0 .var "axiod", 1 0;
v0x600000664d80_0 .var "axiov", 0 0;
v0x600000664e10_0 .var "broadcast_addr", 47 0;
v0x600000664ea0_0 .net "clk", 0 0, v0x60000066c2d0_0;  alias, 1 drivers
v0x600000664f30_0 .var "counter", 5 0;
v0x600000664fc0_0 .var "device_addr", 47 0;
v0x600000665050_0 .var "read_addr", 47 0;
v0x6000006650e0_0 .net "rst", 0 0, L_0x600001f797a0;  alias, 1 drivers
v0x600000665170_0 .var "state", 2 0;
E_0x600003a54900/0 .event edge, v0x600000664a20_0, v0x600000665050_0, v0x600000664fc0_0, v0x600000664e10_0;
E_0x600003a54900/1 .event edge, v0x600000664f30_0, v0x600000664630_0, v0x6000006646c0_0;
E_0x600003a54900 .event/or E_0x600003a54900/0, E_0x600003a54900/1;
S_0x7fe5fca0bb80 .scope module, "checksum" "cksum" 4 60, 7 4 0, S_0x7fe5fca0b480;
 .timescale -9 -12;
    .port_info 0 /INPUT 1 "clk";
    .port_info 1 /INPUT 1 "rst";
    .port_info 2 /INPUT 1 "axiiv";
    .port_info 3 /INPUT 2 "axiid";
    .port_info 4 /OUTPUT 1 "done";
    .port_info 5 /OUTPUT 1 "kill";
P_0x600001a78e00 .param/l "BUSY" 1 7 18, +C4<00000000000000000000000000000001>;
P_0x600001a78e40 .param/l "IDLE" 1 7 17, +C4<00000000000000000000000000000000>;
L_0x600001f79880 .functor OR 1, L_0x600001f797a0, v0x600000665d40_0, C4<0>, C4<0>;
v0x600000665830_0 .net "axiid", 1 0, v0x600000665f80_0;  alias, 1 drivers
v0x6000006658c0_0 .net "axiiv", 0 0, v0x600000666010_0;  alias, 1 drivers
v0x600000665950_0 .var "checksum", 31 0;
v0x6000006659e0_0 .net "clk", 0 0, v0x60000066c2d0_0;  alias, 1 drivers
v0x600000665a70_0 .net "crc_axiod", 31 0, L_0x600001f73170;  1 drivers
L_0x7fe5fc873008 .functor BUFT 1, C4<1>, C4<0>, C4<0>, C4<0>;
v0x600000665b00_0 .net "crc_axiov", 0 0, L_0x7fe5fc873008;  1 drivers
v0x600000665b90_0 .net "crc_rst", 0 0, L_0x600001f79880;  1 drivers
v0x600000665c20_0 .var "done", 0 0;
v0x600000665cb0_0 .var "kill", 0 0;
v0x600000665d40_0 .var "manual_rst", 0 0;
v0x600000665dd0_0 .net "rst", 0 0, L_0x600001f797a0;  alias, 1 drivers
v0x600000665e60_0 .var "state", 0 0;
S_0x7fe5fca0bcf0 .scope module, "mycrc" "crc32" 7 24, 8 22 0, S_0x7fe5fca0bb80;
 .timescale -9 -12;
    .port_info 0 /INPUT 1 "clk";
    .port_info 1 /INPUT 1 "rst";
    .port_info 2 /INPUT 1 "axiiv";
    .port_info 3 /INPUT 2 "axiid";
    .port_info 4 /OUTPUT 1 "axiov";
    .port_info 5 /OUTPUT 32 "axiod";
L_0x600001f73170 .functor NOT 32, v0x600000665560_0, C4<00000000000000000000000000000000>, C4<00000000000000000000000000000000>, C4<00000000000000000000000000000000>;
v0x600000665320_0 .net "axiid", 1 0, v0x600000665f80_0;  alias, 1 drivers
v0x6000006653b0_0 .net "axiiv", 0 0, v0x600000666010_0;  alias, 1 drivers
v0x600000665440_0 .net "axiod", 31 0, L_0x600001f73170;  alias, 1 drivers
v0x6000006654d0_0 .net "axiov", 0 0, L_0x7fe5fc873008;  alias, 1 drivers
v0x600000665560_0 .var "caxiod", 31 0;
v0x6000006655f0_0 .net "clk", 0 0, v0x60000066c2d0_0;  alias, 1 drivers
v0x600000665680_0 .var/i "i", 31 0;
v0x600000665710_0 .net "rst", 0 0, L_0x600001f79880;  alias, 1 drivers
v0x6000006657a0_0 .var "saxiod", 31 0;
E_0x600003a54390 .event edge, v0x600000665560_0, v0x600000664510_0;
S_0x7fe5fca0be60 .scope module, "ethernet_in" "rether" 4 30, 9 4 0, S_0x7fe5fca0b480;
 .timescale -9 -12;
    .port_info 0 /INPUT 1 "clk";
    .port_info 1 /INPUT 1 "rst";
    .port_info 2 /INPUT 1 "crsdv";
    .port_info 3 /INPUT 2 "rxd";
    .port_info 4 /OUTPUT 1 "axiov";
    .port_info 5 /OUTPUT 2 "axiod";
P_0x7fe5fca0bfd0 .param/l "FALSECARRIER" 1 9 16, +C4<00000000000000000000000000000011>;
P_0x7fe5fca0c010 .param/l "IDLE" 1 9 13, +C4<00000000000000000000000000000000>;
P_0x7fe5fca0c050 .param/l "RESET" 1 9 17, +C4<00000000000000000000000000000100>;
P_0x7fe5fca0c090 .param/l "TRANSMIT" 1 9 15, +C4<00000000000000000000000000000010>;
P_0x7fe5fca0c0d0 .param/l "VALIDATE" 1 9 14, +C4<00000000000000000000000000000001>;
v0x600000665f80_0 .var "axiod", 1 0;
v0x600000666010_0 .var "axiov", 0 0;
v0x6000006660a0_0 .net "clk", 0 0, v0x60000066c2d0_0;  alias, 1 drivers
v0x600000666130_0 .net "crsdv", 0 0, v0x60000066c360_0;  alias, 1 drivers
v0x6000006661c0_0 .var "preamble_count", 4 0;
v0x600000666250_0 .net "rst", 0 0, L_0x600001f797a0;  alias, 1 drivers
v0x6000006662e0_0 .net "rxd", 1 0, v0x600000671710_0;  alias, 1 drivers
v0x600000666370_0 .var "sfd_count", 1 0;
v0x600000666400_0 .var "state", 2 0;
S_0x7fe5fca0c110 .scope module, "get_data" "aggregate" 4 70, 10 4 0, S_0x7fe5fca0b480;
 .timescale -9 -12;
    .port_info 0 /INPUT 1 "clk";
    .port_info 1 /INPUT 1 "rst";
    .port_info 2 /INPUT 1 "axiiv";
    .port_info 3 /INPUT 2 "axiid";
    .port_info 4 /OUTPUT 1 "axiov";
    .port_info 5 /OUTPUT 32 "axiod";
P_0x600000878100 .param/l "DATA" 1 10 14, +C4<00000000000000000000000000000001>;
P_0x600000878140 .param/l "FCS" 1 10 15, +C4<00000000000000000000000000000010>;
P_0x600000878180 .param/l "IDLE" 1 10 13, +C4<00000000000000000000000000000000>;
P_0x6000008781c0 .param/l "IGNORE" 1 10 16, +C4<00000000000000000000000000000011>;
v0x600000666520_0 .net "axiid", 1 0, v0x600000664cf0_0;  alias, 1 drivers
v0x6000006665b0_0 .net "axiiv", 0 0, v0x600000664d80_0;  alias, 1 drivers
v0x600000666640_0 .var "axiod", 31 0;
v0x6000006666d0_0 .var "axiov", 0 0;
v0x600000666760_0 .net "clk", 0 0, v0x60000066c2d0_0;  alias, 1 drivers
v0x6000006667f0_0 .var "counter", 4 0;
v0x600000666880_0 .net "rst", 0 0, L_0x600001f797a0;  alias, 1 drivers
v0x600000666910_0 .var "state", 1 0;
E_0x600003a54a20 .event edge, v0x600000664a20_0, v0x6000006667f0_0, v0x600000664d80_0;
S_0x7fe5fca0c280 .scope module, "led_display" "seven_segment_controller" 4 80, 11 3 0, S_0x7fe5fca0b480;
 .timescale -9 -12;
    .port_info 0 /INPUT 1 "clk_in";
    .port_info 1 /INPUT 1 "rst_in";
    .port_info 2 /INPUT 32 "val_in";
    .port_info 3 /OUTPUT 7 "cat_out";
    .port_info 4 /OUTPUT 8 "an_out";
P_0x60000217d540 .param/l "COUNT_TO" 0 11 3, C4<00000000000000011000011010100000>;
L_0x600001f6c690 .functor NOT 7, L_0x60000057a120, C4<0000000>, C4<0000000>, C4<0000000>;
L_0x600001f6c700 .functor NOT 8, v0x600000663180_0, C4<00000000>, C4<00000000>, C4<00000000>;
v0x600000662d90_0 .net "an_out", 7 0, L_0x600001f6c700;  alias, 1 drivers
v0x600000662e20_0 .net "cat_out", 6 0, L_0x600001f6c690;  1 drivers
v0x600000662eb0_0 .net "clk_in", 0 0, v0x60000066c2d0_0;  alias, 1 drivers
v0x600000662f40_0 .net "led_out", 6 0, L_0x60000057a120;  1 drivers
v0x600000662fd0_0 .var "routed_vals", 3 0;
v0x600000663060_0 .net "rst_in", 0 0, L_0x600001f797a0;  alias, 1 drivers
v0x6000006630f0_0 .var "segment_counter", 31 0;
v0x600000663180_0 .var "segment_state", 7 0;
v0x600000663210_0 .net "val_in", 31 0, v0x600000666640_0;  alias, 1 drivers
E_0x600003a54810/0 .event edge, v0x600000663180_0, v0x600000666640_0, v0x600000666640_0, v0x600000666640_0;
E_0x600003a54810/1 .event edge, v0x600000666640_0, v0x600000666640_0, v0x600000666640_0, v0x600000666640_0;
E_0x600003a54810/2 .event edge, v0x600000666640_0;
E_0x600003a54810 .event/or E_0x600003a54810/0, E_0x600003a54810/1, E_0x600003a54810/2;
S_0x7fe5fca0c3f0 .scope module, "mbto7s" "bto7s" 11 31, 11 50 0, S_0x7fe5fca0c280;
 .timescale -9 -12;
    .port_info 0 /INPUT 4 "x_in";
    .port_info 1 /OUTPUT 7 "s_out";
L_0x600001f731e0 .functor NOT 1, L_0x600000578000, C4<0>, C4<0>, C4<0>;
L_0x600001f73250 .functor NOT 1, L_0x6000005780a0, C4<0>, C4<0>, C4<0>;
L_0x600001f732c0 .functor AND 1, L_0x600001f731e0, L_0x600001f73250, C4<1>, C4<1>;
L_0x600001f73330 .functor NOT 1, L_0x600000578140, C4<0>, C4<0>, C4<0>;
L_0x600001f733a0 .functor AND 1, L_0x600001f732c0, L_0x600001f73330, C4<1>, C4<1>;
L_0x600001f73410 .functor NOT 1, L_0x6000005781e0, C4<0>, C4<0>, C4<0>;
L_0x600001f73480 .functor AND 1, L_0x600001f733a0, L_0x600001f73410, C4<1>, C4<1>;
L_0x600001f734f0 .functor NOT 1, L_0x600000578280, C4<0>, C4<0>, C4<0>;
L_0x600001f73560 .functor NOT 1, L_0x600000578320, C4<0>, C4<0>, C4<0>;
L_0x600001f735d0 .functor AND 1, L_0x600001f734f0, L_0x600001f73560, C4<1>, C4<1>;
L_0x600001f73640 .functor NOT 1, L_0x6000005783c0, C4<0>, C4<0>, C4<0>;
L_0x600001f736b0 .functor AND 1, L_0x600001f735d0, L_0x600001f73640, C4<1>, C4<1>;
L_0x600001f73720 .functor AND 1, L_0x600001f736b0, L_0x600000578460, C4<1>, C4<1>;
L_0x600001f73800 .functor OR 1, L_0x600000578e60, L_0x600000578f00, C4<0>, C4<0>;
L_0x600001f73870 .functor OR 1, L_0x600001f73800, L_0x600000578fa0, C4<0>, C4<0>;
L_0x600001f73790 .functor OR 1, L_0x600001f73870, L_0x600000579040, C4<0>, C4<0>;
L_0x600001f738e0 .functor NOT 1, L_0x600001f73790, C4<0>, C4<0>, C4<0>;
L_0x600001f73950 .functor OR 1, L_0x6000005790e0, L_0x600000579180, C4<0>, C4<0>;
L_0x600001f739c0 .functor OR 1, L_0x600001f73950, L_0x600000579220, C4<0>, C4<0>;
L_0x600001f73a30 .functor OR 1, L_0x600001f739c0, L_0x600000579360, C4<0>, C4<0>;
L_0x600001f73aa0 .functor OR 1, L_0x600001f73a30, L_0x600000579400, C4<0>, C4<0>;
L_0x600001f73b10 .functor OR 1, L_0x600001f73aa0, L_0x6000005792c0, C4<0>, C4<0>;
L_0x600001f73b80 .functor NOT 1, L_0x600001f73b10, C4<0>, C4<0>, C4<0>;
L_0x600001f73bf0 .functor OR 1, L_0x6000005794a0, L_0x600000579540, C4<0>, C4<0>;
L_0x600001f73c60 .functor OR 1, L_0x600001f73bf0, L_0x6000005795e0, C4<0>, C4<0>;
L_0x600001f73cd0 .functor OR 1, L_0x600001f73c60, L_0x600000579680, C4<0>, C4<0>;
L_0x600001f73d40 .functor NOT 1, L_0x600001f73cd0, C4<0>, C4<0>, C4<0>;
L_0x600001f73db0 .functor OR 1, L_0x600000579720, L_0x6000005797c0, C4<0>, C4<0>;
L_0x600001f73e20 .functor OR 1, L_0x600001f73db0, L_0x600000579860, C4<0>, C4<0>;
L_0x600001f73e90 .functor OR 1, L_0x600001f73e20, L_0x600000579900, C4<0>, C4<0>;
L_0x600001f73f00 .functor OR 1, L_0x600001f73e90, L_0x6000005799a0, C4<0>, C4<0>;
L_0x600001f73f70 .functor NOT 1, L_0x600001f73f00, C4<0>, C4<0>, C4<0>;
L_0x600001f6c000 .functor OR 1, L_0x600000579a40, L_0x600000579ae0, C4<0>, C4<0>;
L_0x600001f6c070 .functor OR 1, L_0x600001f6c000, L_0x600000579b80, C4<0>, C4<0>;
L_0x600001f6c0e0 .functor OR 1, L_0x600001f6c070, L_0x600000579c20, C4<0>, C4<0>;
L_0x600001f6c150 .functor OR 1, L_0x600001f6c0e0, L_0x600000579cc0, C4<0>, C4<0>;
L_0x600001f6c1c0 .functor OR 1, L_0x600001f6c150, L_0x600000579d60, C4<0>, C4<0>;
L_0x600001f6c230 .functor NOT 1, L_0x600001f6c1c0, C4<0>, C4<0>, C4<0>;
L_0x600001f6c2a0 .functor OR 1, L_0x600000579e00, L_0x600000579ea0, C4<0>, C4<0>;
L_0x600001f6c310 .functor OR 1, L_0x600001f6c2a0, L_0x600000579f40, C4<0>, C4<0>;
L_0x600001f6c380 .functor OR 1, L_0x600001f6c310, L_0x600000579fe0, C4<0>, C4<0>;
L_0x600001f6c3f0 .functor OR 1, L_0x600001f6c380, L_0x60000057a080, C4<0>, C4<0>;
L_0x600001f6c460 .functor NOT 1, L_0x600001f6c3f0, C4<0>, C4<0>, C4<0>;
L_0x600001f6c4d0 .functor OR 1, L_0x60000057a1c0, L_0x60000057a260, C4<0>, C4<0>;
L_0x600001f6c540 .functor OR 1, L_0x600001f6c4d0, L_0x60000057a300, C4<0>, C4<0>;
L_0x600001f6c5b0 .functor OR 1, L_0x600001f6c540, L_0x60000057a3a0, C4<0>, C4<0>;
L_0x600001f6c620 .functor NOT 1, L_0x600001f6c5b0, C4<0>, C4<0>, C4<0>;
L_0x7fe5fc8732d8 .functor BUFT 1, C4<1011>, C4<0>, C4<0>, C4<0>;
v0x6000006669a0_0 .net/2u *"_ivl_102", 3 0, L_0x7fe5fc8732d8;  1 drivers
v0x600000666a30_0 .net *"_ivl_104", 0 0, L_0x600000578aa0;  1 drivers
L_0x7fe5fc873320 .functor BUFT 1, C4<1100>, C4<0>, C4<0>, C4<0>;
v0x600000666ac0_0 .net/2u *"_ivl_108", 3 0, L_0x7fe5fc873320;  1 drivers
v0x600000666b50_0 .net *"_ivl_11", 0 0, L_0x600001f732c0;  1 drivers
v0x600000666be0_0 .net *"_ivl_110", 0 0, L_0x600000578b40;  1 drivers
L_0x7fe5fc873368 .functor BUFT 1, C4<1101>, C4<0>, C4<0>, C4<0>;
v0x600000666c70_0 .net/2u *"_ivl_114", 3 0, L_0x7fe5fc873368;  1 drivers
v0x600000666d00_0 .net *"_ivl_116", 0 0, L_0x600000578c80;  1 drivers
L_0x7fe5fc8733b0 .functor BUFT 1, C4<1110>, C4<0>, C4<0>, C4<0>;
v0x600000666d90_0 .net/2u *"_ivl_120", 3 0, L_0x7fe5fc8733b0;  1 drivers
v0x600000666e20_0 .net *"_ivl_122", 0 0, L_0x600000578d20;  1 drivers
L_0x7fe5fc8733f8 .functor BUFT 1, C4<1111>, C4<0>, C4<0>, C4<0>;
v0x600000666eb0_0 .net/2u *"_ivl_127", 3 0, L_0x7fe5fc8733f8;  1 drivers
v0x600000666f40_0 .net *"_ivl_129", 0 0, L_0x600000578dc0;  1 drivers
v0x600000666fd0_0 .net *"_ivl_13", 0 0, L_0x600000578140;  1 drivers
v0x600000667060_0 .net *"_ivl_134", 0 0, L_0x600000578e60;  1 drivers
v0x6000006670f0_0 .net *"_ivl_136", 0 0, L_0x600000578f00;  1 drivers
v0x600000667180_0 .net *"_ivl_138", 0 0, L_0x600001f73800;  1 drivers
v0x600000667210_0 .net *"_ivl_14", 0 0, L_0x600001f73330;  1 drivers
v0x6000006672a0_0 .net *"_ivl_140", 0 0, L_0x600000578fa0;  1 drivers
v0x600000667330_0 .net *"_ivl_142", 0 0, L_0x600001f73870;  1 drivers
v0x6000006673c0_0 .net *"_ivl_144", 0 0, L_0x600000579040;  1 drivers
v0x600000667450_0 .net *"_ivl_146", 0 0, L_0x600001f73790;  1 drivers
v0x6000006674e0_0 .net *"_ivl_147", 0 0, L_0x600001f738e0;  1 drivers
v0x600000667570_0 .net *"_ivl_152", 0 0, L_0x6000005790e0;  1 drivers
v0x600000667600_0 .net *"_ivl_154", 0 0, L_0x600000579180;  1 drivers
v0x600000667690_0 .net *"_ivl_156", 0 0, L_0x600001f73950;  1 drivers
v0x600000667720_0 .net *"_ivl_158", 0 0, L_0x600000579220;  1 drivers
v0x6000006677b0_0 .net *"_ivl_160", 0 0, L_0x600001f739c0;  1 drivers
v0x600000667840_0 .net *"_ivl_162", 0 0, L_0x600000579360;  1 drivers
v0x6000006678d0_0 .net *"_ivl_164", 0 0, L_0x600001f73a30;  1 drivers
v0x600000667960_0 .net *"_ivl_166", 0 0, L_0x600000579400;  1 drivers
v0x6000006679f0_0 .net *"_ivl_168", 0 0, L_0x600001f73aa0;  1 drivers
v0x600000667a80_0 .net *"_ivl_17", 0 0, L_0x600001f733a0;  1 drivers
v0x600000667b10_0 .net *"_ivl_170", 0 0, L_0x6000005792c0;  1 drivers
v0x600000667ba0_0 .net *"_ivl_172", 0 0, L_0x600001f73b10;  1 drivers
v0x600000667c30_0 .net *"_ivl_173", 0 0, L_0x600001f73b80;  1 drivers
v0x600000667cc0_0 .net *"_ivl_178", 0 0, L_0x6000005794a0;  1 drivers
v0x600000667d50_0 .net *"_ivl_180", 0 0, L_0x600000579540;  1 drivers
v0x600000667de0_0 .net *"_ivl_182", 0 0, L_0x600001f73bf0;  1 drivers
v0x600000667e70_0 .net *"_ivl_184", 0 0, L_0x6000005795e0;  1 drivers
v0x600000667f00_0 .net *"_ivl_186", 0 0, L_0x600001f73c60;  1 drivers
v0x600000660000_0 .net *"_ivl_188", 0 0, L_0x600000579680;  1 drivers
v0x600000660090_0 .net *"_ivl_19", 0 0, L_0x6000005781e0;  1 drivers
v0x600000660120_0 .net *"_ivl_190", 0 0, L_0x600001f73cd0;  1 drivers
v0x6000006601b0_0 .net *"_ivl_191", 0 0, L_0x600001f73d40;  1 drivers
v0x600000660240_0 .net *"_ivl_196", 0 0, L_0x600000579720;  1 drivers
v0x6000006602d0_0 .net *"_ivl_198", 0 0, L_0x6000005797c0;  1 drivers
v0x600000660360_0 .net *"_ivl_20", 0 0, L_0x600001f73410;  1 drivers
v0x6000006603f0_0 .net *"_ivl_200", 0 0, L_0x600001f73db0;  1 drivers
v0x600000660480_0 .net *"_ivl_202", 0 0, L_0x600000579860;  1 drivers
v0x600000660510_0 .net *"_ivl_204", 0 0, L_0x600001f73e20;  1 drivers
v0x6000006605a0_0 .net *"_ivl_206", 0 0, L_0x600000579900;  1 drivers
v0x600000660630_0 .net *"_ivl_208", 0 0, L_0x600001f73e90;  1 drivers
v0x6000006606c0_0 .net *"_ivl_210", 0 0, L_0x6000005799a0;  1 drivers
v0x600000660750_0 .net *"_ivl_212", 0 0, L_0x600001f73f00;  1 drivers
v0x6000006607e0_0 .net *"_ivl_213", 0 0, L_0x600001f73f70;  1 drivers
v0x600000660870_0 .net *"_ivl_218", 0 0, L_0x600000579a40;  1 drivers
v0x600000660900_0 .net *"_ivl_220", 0 0, L_0x600000579ae0;  1 drivers
v0x600000660990_0 .net *"_ivl_222", 0 0, L_0x600001f6c000;  1 drivers
v0x600000660a20_0 .net *"_ivl_224", 0 0, L_0x600000579b80;  1 drivers
v0x600000660ab0_0 .net *"_ivl_226", 0 0, L_0x600001f6c070;  1 drivers
v0x600000660b40_0 .net *"_ivl_228", 0 0, L_0x600000579c20;  1 drivers
v0x600000660bd0_0 .net *"_ivl_23", 0 0, L_0x600001f73480;  1 drivers
v0x600000660c60_0 .net *"_ivl_230", 0 0, L_0x600001f6c0e0;  1 drivers
v0x600000660cf0_0 .net *"_ivl_232", 0 0, L_0x600000579cc0;  1 drivers
v0x600000660d80_0 .net *"_ivl_234", 0 0, L_0x600001f6c150;  1 drivers
v0x600000660e10_0 .net *"_ivl_236", 0 0, L_0x600000579d60;  1 drivers
v0x600000660ea0_0 .net *"_ivl_238", 0 0, L_0x600001f6c1c0;  1 drivers
v0x600000660f30_0 .net *"_ivl_239", 0 0, L_0x600001f6c230;  1 drivers
v0x600000660fc0_0 .net *"_ivl_244", 0 0, L_0x600000579e00;  1 drivers
v0x600000661050_0 .net *"_ivl_246", 0 0, L_0x600000579ea0;  1 drivers
v0x6000006610e0_0 .net *"_ivl_248", 0 0, L_0x600001f6c2a0;  1 drivers
v0x600000661170_0 .net *"_ivl_250", 0 0, L_0x600000579f40;  1 drivers
v0x600000661200_0 .net *"_ivl_252", 0 0, L_0x600001f6c310;  1 drivers
v0x600000661290_0 .net *"_ivl_254", 0 0, L_0x600000579fe0;  1 drivers
v0x600000661320_0 .net *"_ivl_256", 0 0, L_0x600001f6c380;  1 drivers
v0x6000006613b0_0 .net *"_ivl_258", 0 0, L_0x60000057a080;  1 drivers
v0x600000661440_0 .net *"_ivl_260", 0 0, L_0x600001f6c3f0;  1 drivers
v0x6000006614d0_0 .net *"_ivl_261", 0 0, L_0x600001f6c460;  1 drivers
v0x600000661560_0 .net *"_ivl_267", 0 0, L_0x60000057a1c0;  1 drivers
v0x6000006615f0_0 .net *"_ivl_269", 0 0, L_0x60000057a260;  1 drivers
v0x600000661680_0 .net *"_ivl_27", 0 0, L_0x600000578280;  1 drivers
v0x600000661710_0 .net *"_ivl_271", 0 0, L_0x600001f6c4d0;  1 drivers
v0x6000006617a0_0 .net *"_ivl_273", 0 0, L_0x60000057a300;  1 drivers
v0x600000661830_0 .net *"_ivl_275", 0 0, L_0x600001f6c540;  1 drivers
v0x6000006618c0_0 .net *"_ivl_277", 0 0, L_0x60000057a3a0;  1 drivers
v0x600000661950_0 .net *"_ivl_279", 0 0, L_0x600001f6c5b0;  1 drivers
v0x6000006619e0_0 .net *"_ivl_28", 0 0, L_0x600001f734f0;  1 drivers
v0x600000661a70_0 .net *"_ivl_280", 0 0, L_0x600001f6c620;  1 drivers
v0x600000661b00_0 .net *"_ivl_3", 0 0, L_0x600000578000;  1 drivers
v0x600000661b90_0 .net *"_ivl_31", 0 0, L_0x600000578320;  1 drivers
v0x600000661c20_0 .net *"_ivl_32", 0 0, L_0x600001f73560;  1 drivers
v0x600000661cb0_0 .net *"_ivl_35", 0 0, L_0x600001f735d0;  1 drivers
v0x600000661d40_0 .net *"_ivl_37", 0 0, L_0x6000005783c0;  1 drivers
v0x600000661dd0_0 .net *"_ivl_38", 0 0, L_0x600001f73640;  1 drivers
v0x600000661e60_0 .net *"_ivl_4", 0 0, L_0x600001f731e0;  1 drivers
v0x600000661ef0_0 .net *"_ivl_41", 0 0, L_0x600001f736b0;  1 drivers
v0x600000661f80_0 .net *"_ivl_43", 0 0, L_0x600000578460;  1 drivers
v0x600000662010_0 .net *"_ivl_45", 0 0, L_0x600001f73720;  1 drivers
L_0x7fe5fc873050 .functor BUFT 1, C4<0010>, C4<0>, C4<0>, C4<0>;
v0x6000006620a0_0 .net/2u *"_ivl_48", 3 0, L_0x7fe5fc873050;  1 drivers
v0x600000662130_0 .net *"_ivl_50", 0 0, L_0x600000578500;  1 drivers
L_0x7fe5fc873098 .functor BUFT 1, C4<0011>, C4<0>, C4<0>, C4<0>;
v0x6000006621c0_0 .net/2u *"_ivl_54", 3 0, L_0x7fe5fc873098;  1 drivers
v0x600000662250_0 .net *"_ivl_56", 0 0, L_0x6000005785a0;  1 drivers
L_0x7fe5fc8730e0 .functor BUFT 1, C4<0100>, C4<0>, C4<0>, C4<0>;
v0x6000006622e0_0 .net/2u *"_ivl_60", 3 0, L_0x7fe5fc8730e0;  1 drivers
v0x600000662370_0 .net *"_ivl_62", 0 0, L_0x600000578640;  1 drivers
L_0x7fe5fc873128 .functor BUFT 1, C4<0101>, C4<0>, C4<0>, C4<0>;
v0x600000662400_0 .net/2u *"_ivl_66", 3 0, L_0x7fe5fc873128;  1 drivers
v0x600000662490_0 .net *"_ivl_68", 0 0, L_0x6000005786e0;  1 drivers
v0x600000662520_0 .net *"_ivl_7", 0 0, L_0x6000005780a0;  1 drivers
L_0x7fe5fc873170 .functor BUFT 1, C4<0110>, C4<0>, C4<0>, C4<0>;
v0x6000006625b0_0 .net/2u *"_ivl_72", 3 0, L_0x7fe5fc873170;  1 drivers
v0x600000662640_0 .net *"_ivl_74", 0 0, L_0x600000578780;  1 drivers
L_0x7fe5fc8731b8 .functor BUFT 1, C4<0111>, C4<0>, C4<0>, C4<0>;
v0x6000006626d0_0 .net/2u *"_ivl_78", 3 0, L_0x7fe5fc8731b8;  1 drivers
v0x600000662760_0 .net *"_ivl_8", 0 0, L_0x600001f73250;  1 drivers
v0x6000006627f0_0 .net *"_ivl_80", 0 0, L_0x600000578820;  1 drivers
L_0x7fe5fc873200 .functor BUFT 1, C4<1000>, C4<0>, C4<0>, C4<0>;
v0x600000662880_0 .net/2u *"_ivl_84", 3 0, L_0x7fe5fc873200;  1 drivers
v0x600000662910_0 .net *"_ivl_86", 0 0, L_0x6000005788c0;  1 drivers
L_0x7fe5fc873248 .functor BUFT 1, C4<1001>, C4<0>, C4<0>, C4<0>;
v0x6000006629a0_0 .net/2u *"_ivl_90", 3 0, L_0x7fe5fc873248;  1 drivers
v0x600000662a30_0 .net *"_ivl_92", 0 0, L_0x600000578960;  1 drivers
L_0x7fe5fc873290 .functor BUFT 1, C4<1010>, C4<0>, C4<0>, C4<0>;
v0x600000662ac0_0 .net/2u *"_ivl_96", 3 0, L_0x7fe5fc873290;  1 drivers
v0x600000662b50_0 .net *"_ivl_98", 0 0, L_0x600000578a00;  1 drivers
v0x600000662be0_0 .net "num", 15 0, L_0x600000578be0;  1 drivers
v0x600000662c70_0 .net "s_out", 6 0, L_0x60000057a120;  alias, 1 drivers
v0x600000662d00_0 .net "x_in", 3 0, v0x600000662fd0_0;  1 drivers
L_0x600000578000 .part v0x600000662fd0_0, 3, 1;
L_0x6000005780a0 .part v0x600000662fd0_0, 2, 1;
L_0x600000578140 .part v0x600000662fd0_0, 1, 1;
L_0x6000005781e0 .part v0x600000662fd0_0, 0, 1;
L_0x600000578280 .part v0x600000662fd0_0, 3, 1;
L_0x600000578320 .part v0x600000662fd0_0, 2, 1;
L_0x6000005783c0 .part v0x600000662fd0_0, 1, 1;
L_0x600000578460 .part v0x600000662fd0_0, 0, 1;
L_0x600000578500 .cmp/eq 4, v0x600000662fd0_0, L_0x7fe5fc873050;
L_0x6000005785a0 .cmp/eq 4, v0x600000662fd0_0, L_0x7fe5fc873098;
L_0x600000578640 .cmp/eq 4, v0x600000662fd0_0, L_0x7fe5fc8730e0;
L_0x6000005786e0 .cmp/eq 4, v0x600000662fd0_0, L_0x7fe5fc873128;
L_0x600000578780 .cmp/eq 4, v0x600000662fd0_0, L_0x7fe5fc873170;
L_0x600000578820 .cmp/eq 4, v0x600000662fd0_0, L_0x7fe5fc8731b8;
L_0x6000005788c0 .cmp/eq 4, v0x600000662fd0_0, L_0x7fe5fc873200;
L_0x600000578960 .cmp/eq 4, v0x600000662fd0_0, L_0x7fe5fc873248;
L_0x600000578a00 .cmp/eq 4, v0x600000662fd0_0, L_0x7fe5fc873290;
L_0x600000578aa0 .cmp/eq 4, v0x600000662fd0_0, L_0x7fe5fc8732d8;
L_0x600000578b40 .cmp/eq 4, v0x600000662fd0_0, L_0x7fe5fc873320;
L_0x600000578c80 .cmp/eq 4, v0x600000662fd0_0, L_0x7fe5fc873368;
L_0x600000578d20 .cmp/eq 4, v0x600000662fd0_0, L_0x7fe5fc8733b0;
LS_0x600000578be0_0_0 .concat8 [ 1 1 1 1], L_0x600001f73480, L_0x600001f73720, L_0x600000578500, L_0x6000005785a0;
LS_0x600000578be0_0_4 .concat8 [ 1 1 1 1], L_0x600000578640, L_0x6000005786e0, L_0x600000578780, L_0x600000578820;
LS_0x600000578be0_0_8 .concat8 [ 1 1 1 1], L_0x6000005788c0, L_0x600000578960, L_0x600000578a00, L_0x600000578aa0;
LS_0x600000578be0_0_12 .concat8 [ 1 1 1 1], L_0x600000578b40, L_0x600000578c80, L_0x600000578d20, L_0x600000578dc0;
L_0x600000578be0 .concat8 [ 4 4 4 4], LS_0x600000578be0_0_0, LS_0x600000578be0_0_4, LS_0x600000578be0_0_8, LS_0x600000578be0_0_12;
L_0x600000578dc0 .cmp/eq 4, v0x600000662fd0_0, L_0x7fe5fc8733f8;
L_0x600000578e60 .part L_0x600000578be0, 1, 1;
L_0x600000578f00 .part L_0x600000578be0, 4, 1;
L_0x600000578fa0 .part L_0x600000578be0, 11, 1;
L_0x600000579040 .part L_0x600000578be0, 13, 1;
L_0x6000005790e0 .part L_0x600000578be0, 5, 1;
L_0x600000579180 .part L_0x600000578be0, 6, 1;
L_0x600000579220 .part L_0x600000578be0, 11, 1;
L_0x600000579360 .part L_0x600000578be0, 12, 1;
L_0x600000579400 .part L_0x600000578be0, 14, 1;
L_0x6000005792c0 .part L_0x600000578be0, 15, 1;
L_0x6000005794a0 .part L_0x600000578be0, 2, 1;
L_0x600000579540 .part L_0x600000578be0, 12, 1;
L_0x6000005795e0 .part L_0x600000578be0, 14, 1;
L_0x600000579680 .part L_0x600000578be0, 15, 1;
L_0x600000579720 .part L_0x600000578be0, 1, 1;
L_0x6000005797c0 .part L_0x600000578be0, 4, 1;
L_0x600000579860 .part L_0x600000578be0, 7, 1;
L_0x600000579900 .part L_0x600000578be0, 10, 1;
L_0x6000005799a0 .part L_0x600000578be0, 15, 1;
L_0x600000579a40 .part L_0x600000578be0, 1, 1;
L_0x600000579ae0 .part L_0x600000578be0, 3, 1;
L_0x600000579b80 .part L_0x600000578be0, 4, 1;
L_0x600000579c20 .part L_0x600000578be0, 5, 1;
L_0x600000579cc0 .part L_0x600000578be0, 7, 1;
L_0x600000579d60 .part L_0x600000578be0, 9, 1;
L_0x600000579e00 .part L_0x600000578be0, 1, 1;
L_0x600000579ea0 .part L_0x600000578be0, 2, 1;
L_0x600000579f40 .part L_0x600000578be0, 3, 1;
L_0x600000579fe0 .part L_0x600000578be0, 7, 1;
L_0x60000057a080 .part L_0x600000578be0, 13, 1;
LS_0x60000057a120_0_0 .concat8 [ 1 1 1 1], L_0x600001f738e0, L_0x600001f73b80, L_0x600001f73d40, L_0x600001f73f70;
LS_0x60000057a120_0_4 .concat8 [ 1 1 1 0], L_0x600001f6c230, L_0x600001f6c460, L_0x600001f6c620;
L_0x60000057a120 .concat8 [ 4 3 0 0], LS_0x60000057a120_0_0, LS_0x60000057a120_0_4;
L_0x60000057a1c0 .part L_0x600000578be0, 0, 1;
L_0x60000057a260 .part L_0x600000578be0, 1, 1;
L_0x60000057a300 .part L_0x600000578be0, 7, 1;
L_0x60000057a3a0 .part L_0x600000578be0, 12, 1;
    .scope S_0x7fe5fca0be60;
T_0 ;
    %wait E_0x600003a54330;
    %load/vec4 v0x600000666250_0;
    %cmpi/e 1, 0, 1;
    %jmp/0xz  T_0.0, 4;
    %pushi/vec4 0, 0, 3;
    %assign/vec4 v0x600000666400_0, 0;
    %pushi/vec4 0, 0, 5;
    %assign/vec4 v0x6000006661c0_0, 0;
    %pushi/vec4 0, 0, 2;
    %assign/vec4 v0x600000666370_0, 0;
    %pushi/vec4 0, 0, 1;
    %assign/vec4 v0x600000666010_0, 0;
T_0.0 ;
    %load/vec4 v0x600000666400_0;
    %dup/vec4;
    %pushi/vec4 0, 0, 3;
    %cmp/u;
    %jmp/1 T_0.2, 6;
    %dup/vec4;
    %pushi/vec4 1, 0, 3;
    %cmp/u;
    %jmp/1 T_0.3, 6;
    %dup/vec4;
    %pushi/vec4 2, 0, 3;
    %cmp/u;
    %jmp/1 T_0.4, 6;
    %dup/vec4;
    %pushi/vec4 3, 0, 3;
    %cmp/u;
    %jmp/1 T_0.5, 6;
    %dup/vec4;
    %pushi/vec4 4, 0, 3;
    %cmp/u;
    %jmp/1 T_0.6, 6;
    %jmp T_0.7;
T_0.2 ;
    %load/vec4 v0x600000666130_0;
    %pushi/vec4 1, 0, 1;
    %cmp/e;
    %flag_get/vec4 4;
    %load/vec4 v0x6000006662e0_0;
    %pushi/vec4 1, 0, 2;
    %cmp/e;
    %flag_get/vec4 4;
    %and;
    %flag_set/vec4 8;
    %jmp/0xz  T_0.8, 8;
    %pushi/vec4 1, 0, 3;
    %assign/vec4 v0x600000666400_0, 0;
    %pushi/vec4 1, 0, 5;
    %assign/vec4 v0x6000006661c0_0, 0;
    %pushi/vec4 0, 0, 2;
    %assign/vec4 v0x600000666370_0, 0;
    %pushi/vec4 0, 0, 1;
    %assign/vec4 v0x600000666010_0, 0;
T_0.8 ;
    %jmp T_0.7;
T_0.3 ;
    %load/vec4 v0x600000666130_0;
    %cmpi/e 1, 0, 1;
    %jmp/0xz  T_0.10, 4;
    %load/vec4 v0x6000006661c0_0;
    %pad/u 32;
    %cmpi/u 28, 0, 32;
    %jmp/0xz  T_0.12, 5;
    %load/vec4 v0x6000006662e0_0;
    %cmpi/e 1, 0, 2;
    %jmp/0xz  T_0.14, 4;
    %load/vec4 v0x6000006661c0_0;
    %addi 1, 0, 5;
    %assign/vec4 v0x6000006661c0_0, 0;
    %jmp T_0.15;
T_0.14 ;
    %pushi/vec4 3, 0, 3;
    %assign/vec4 v0x600000666400_0, 0;
T_0.15 ;
    %jmp T_0.13;
T_0.12 ;
    %load/vec4 v0x600000666370_0;
    %dup/vec4;
    %pushi/vec4 0, 0, 2;
    %cmp/u;
    %jmp/1 T_0.16, 6;
    %dup/vec4;
    %pushi/vec4 1, 0, 2;
    %cmp/u;
    %jmp/1 T_0.17, 6;
    %dup/vec4;
    %pushi/vec4 2, 0, 2;
    %cmp/u;
    %jmp/1 T_0.18, 6;
    %dup/vec4;
    %pushi/vec4 3, 0, 2;
    %cmp/u;
    %jmp/1 T_0.19, 6;
    %pushi/vec4 3, 0, 3;
    %assign/vec4 v0x600000666400_0, 0;
    %jmp T_0.21;
T_0.16 ;
    %load/vec4 v0x6000006662e0_0;
    %cmpi/e 1, 0, 2;
    %jmp/0xz  T_0.22, 4;
    %load/vec4 v0x600000666370_0;
    %addi 1, 0, 2;
    %assign/vec4 v0x600000666370_0, 0;
    %jmp T_0.23;
T_0.22 ;
    %pushi/vec4 3, 0, 3;
    %assign/vec4 v0x600000666400_0, 0;
T_0.23 ;
    %jmp T_0.21;
T_0.17 ;
    %load/vec4 v0x6000006662e0_0;
    %cmpi/e 1, 0, 2;
    %jmp/0xz  T_0.24, 4;
    %load/vec4 v0x600000666370_0;
    %addi 1, 0, 2;
    %assign/vec4 v0x600000666370_0, 0;
    %jmp T_0.25;
T_0.24 ;
    %pushi/vec4 3, 0, 3;
    %assign/vec4 v0x600000666400_0, 0;
T_0.25 ;
    %jmp T_0.21;
T_0.18 ;
    %load/vec4 v0x6000006662e0_0;
    %cmpi/e 1, 0, 2;
    %jmp/0xz  T_0.26, 4;
    %load/vec4 v0x600000666370_0;
    %addi 1, 0, 2;
    %assign/vec4 v0x600000666370_0, 0;
    %jmp T_0.27;
T_0.26 ;
    %pushi/vec4 3, 0, 3;
    %assign/vec4 v0x600000666400_0, 0;
T_0.27 ;
    %jmp T_0.21;
T_0.19 ;
    %load/vec4 v0x6000006662e0_0;
    %cmpi/e 3, 0, 2;
    %jmp/0xz  T_0.28, 4;
    %pushi/vec4 2, 0, 3;
    %assign/vec4 v0x600000666400_0, 0;
    %jmp T_0.29;
T_0.28 ;
    %pushi/vec4 3, 0, 3;
    %assign/vec4 v0x600000666400_0, 0;
T_0.29 ;
    %jmp T_0.21;
T_0.21 ;
    %pop/vec4 1;
T_0.13 ;
    %jmp T_0.11;
T_0.10 ;
    %pushi/vec4 4, 0, 3;
    %assign/vec4 v0x600000666400_0, 0;
T_0.11 ;
    %jmp T_0.7;
T_0.4 ;
    %load/vec4 v0x600000666130_0;
    %cmpi/e 1, 0, 1;
    %jmp/0xz  T_0.30, 4;
    %pushi/vec4 1, 0, 1;
    %assign/vec4 v0x600000666010_0, 0;
    %load/vec4 v0x6000006662e0_0;
    %assign/vec4 v0x600000665f80_0, 0;
    %jmp T_0.31;
T_0.30 ;
    %pushi/vec4 0, 0, 1;
    %assign/vec4 v0x600000666010_0, 0;
    %pushi/vec4 4, 0, 3;
    %assign/vec4 v0x600000666400_0, 0;
T_0.31 ;
    %jmp T_0.7;
T_0.5 ;
    %load/vec4 v0x600000666130_0;
    %cmpi/e 0, 0, 1;
    %jmp/0xz  T_0.32, 4;
    %pushi/vec4 0, 0, 5;
    %assign/vec4 v0x6000006661c0_0, 0;
    %pushi/vec4 0, 0, 2;
    %assign/vec4 v0x600000666370_0, 0;
    %pushi/vec4 0, 0, 3;
    %assign/vec4 v0x600000666400_0, 0;
T_0.32 ;
    %jmp T_0.7;
T_0.6 ;
    %pushi/vec4 0, 0, 3;
    %assign/vec4 v0x600000666400_0, 0;
    %pushi/vec4 0, 0, 5;
    %assign/vec4 v0x6000006661c0_0, 0;
    %pushi/vec4 0, 0, 2;
    %assign/vec4 v0x600000666370_0, 0;
    %jmp T_0.7;
T_0.7 ;
    %pop/vec4 1;
    %jmp T_0;
    .thread T_0;
    .scope S_0x7fe5fca0b760;
T_1 ;
    %wait E_0x600003a54330;
    %load/vec4 v0x600000664a20_0;
    %flag_set/vec4 8;
    %jmp/0xz  T_1.0, 8;
    %pushi/vec4 0, 0, 1;
    %assign/vec4 v0x600000664990_0, 0;
    %pushi/vec4 0, 0, 2;
    %assign/vec4 v0x600000664870_0, 0;
    %pushi/vec4 0, 0, 8;
    %assign/vec4 v0x600000664750_0, 0;
    %pushi/vec4 0, 0, 8;
    %assign/vec4 v0x6000006647e0_0, 0;
    %pushi/vec4 0, 0, 1;
    %assign/vec4 v0x6000006646c0_0, 0;
    %pushi/vec4 0, 0, 2;
    %assign/vec4 v0x600000664ab0_0, 0;
T_1.0 ;
    %load/vec4 v0x600000664ab0_0;
    %dup/vec4;
    %pushi/vec4 0, 0, 2;
    %cmp/u;
    %jmp/1 T_1.2, 6;
    %dup/vec4;
    %pushi/vec4 1, 0, 2;
    %cmp/u;
    %jmp/1 T_1.3, 6;
    %dup/vec4;
    %pushi/vec4 2, 0, 2;
    %cmp/u;
    %jmp/1 T_1.4, 6;
    %dup/vec4;
    %pushi/vec4 3, 0, 2;
    %cmp/u;
    %jmp/1 T_1.5, 6;
    %jmp T_1.6;
T_1.2 ;
    %pushi/vec4 0, 0, 2;
    %assign/vec4 v0x600000664630_0, 0;
    %pushi/vec4 0, 0, 1;
    %assign/vec4 v0x6000006646c0_0, 0;
    %load/vec4 v0x6000006645a0_0;
    %cmpi/e 1, 0, 1;
    %jmp/0xz  T_1.7, 4;
    %pushi/vec4 0, 0, 8;
    %assign/vec4 v0x6000006647e0_0, 0;
    %load/vec4 v0x600000664510_0;
    %concati/vec4 0, 0, 6;
    %assign/vec4 v0x600000664750_0, 0;
    %pushi/vec4 0, 0, 1;
    %assign/vec4 v0x600000664990_0, 0;
    %pushi/vec4 0, 0, 2;
    %assign/vec4 v0x600000664870_0, 0;
    %pushi/vec4 1, 0, 2;
    %assign/vec4 v0x600000664ab0_0, 0;
T_1.7 ;
    %jmp T_1.6;
T_1.3 ;
    %load/vec4 v0x6000006645a0_0;
    %cmpi/e 1, 0, 1;
    %jmp/0xz  T_1.9, 4;
    %load/vec4 v0x600000664870_0;
    %pad/u 32;
    %cmpi/e 3, 0, 32;
    %jmp/0xz  T_1.11, 4;
    %load/vec4 v0x600000664510_0;
    %load/vec4 v0x6000006647e0_0;
    %parti/s 6, 2, 3;
    %concat/vec4; draw_concat_vec4
    %assign/vec4 v0x6000006647e0_0, 0;
    %load/vec4 v0x600000664750_0;
    %parti/s 2, 6, 4;
    %assign/vec4 v0x600000664630_0, 0;
    %pushi/vec4 1, 0, 1;
    %assign/vec4 v0x6000006646c0_0, 0;
    %load/vec4 v0x600000664990_0;
    %inv;
    %assign/vec4 v0x600000664990_0, 0;
    %pushi/vec4 0, 0, 2;
    %assign/vec4 v0x600000664870_0, 0;
    %pushi/vec4 2, 0, 2;
    %assign/vec4 v0x600000664ab0_0, 0;
    %jmp T_1.12;
T_1.11 ;
    %load/vec4 v0x600000664510_0;
    %load/vec4 v0x600000664750_0;
    %parti/s 6, 2, 3;
    %concat/vec4; draw_concat_vec4
    %assign/vec4 v0x600000664750_0, 0;
    %load/vec4 v0x600000664870_0;
    %addi 1, 0, 2;
    %assign/vec4 v0x600000664870_0, 0;
T_1.12 ;
    %jmp T_1.10;
T_1.9 ;
    %load/vec4 v0x600000664870_0;
    %pad/u 32;
    %cmpi/e 3, 0, 32;
    %jmp/0xz  T_1.13, 4;
    %load/vec4 v0x600000664750_0;
    %parti/s 2, 6, 4;
    %assign/vec4 v0x600000664630_0, 0;
    %pushi/vec4 1, 0, 1;
    %assign/vec4 v0x6000006646c0_0, 0;
    %pushi/vec4 1, 0, 1;
    %assign/vec4 v0x600000664990_0, 0;
    %pushi/vec4 0, 0, 2;
    %assign/vec4 v0x600000664870_0, 0;
    %pushi/vec4 3, 0, 2;
    %assign/vec4 v0x600000664ab0_0, 0;
    %jmp T_1.14;
T_1.13 ;
    %pushi/vec4 0, 0, 2;
    %assign/vec4 v0x600000664870_0, 0;
    %pushi/vec4 0, 0, 8;
    %assign/vec4 v0x600000664750_0, 0;
    %pushi/vec4 0, 0, 2;
    %assign/vec4 v0x600000664ab0_0, 0;
T_1.14 ;
T_1.10 ;
    %jmp T_1.6;
T_1.4 ;
    %pushi/vec4 1, 0, 1;
    %assign/vec4 v0x6000006646c0_0, 0;
    %load/vec4 v0x6000006645a0_0;
    %cmpi/e 1, 0, 1;
    %jmp/0xz  T_1.15, 4;
    %load/vec4 v0x600000664990_0;
    %cmpi/e 0, 0, 1;
    %jmp/0xz  T_1.17, 4;
    %load/vec4 v0x600000664870_0;
    %dup/vec4;
    %pushi/vec4 3, 0, 2;
    %cmp/u;
    %jmp/1 T_1.19, 6;
    %dup/vec4;
    %pushi/vec4 0, 0, 2;
    %cmp/u;
    %jmp/1 T_1.20, 6;
    %dup/vec4;
    %pushi/vec4 1, 0, 2;
    %cmp/u;
    %jmp/1 T_1.21, 6;
    %dup/vec4;
    %pushi/vec4 2, 0, 2;
    %cmp/u;
    %jmp/1 T_1.22, 6;
    %jmp T_1.23;
T_1.19 ;
    %load/vec4 v0x600000664510_0;
    %load/vec4 v0x6000006647e0_0;
    %parti/s 6, 2, 3;
    %concat/vec4; draw_concat_vec4
    %assign/vec4 v0x6000006647e0_0, 0;
    %load/vec4 v0x600000664750_0;
    %parti/s 2, 6, 4;
    %assign/vec4 v0x600000664630_0, 0;
    %jmp T_1.23;
T_1.20 ;
    %load/vec4 v0x600000664510_0;
    %load/vec4 v0x600000664750_0;
    %parti/s 6, 2, 3;
    %concat/vec4; draw_concat_vec4
    %assign/vec4 v0x600000664750_0, 0;
    %load/vec4 v0x6000006647e0_0;
    %parti/s 2, 4, 4;
    %assign/vec4 v0x600000664630_0, 0;
    %jmp T_1.23;
T_1.21 ;
    %load/vec4 v0x600000664510_0;
    %load/vec4 v0x600000664750_0;
    %parti/s 6, 2, 3;
    %concat/vec4; draw_concat_vec4
    %assign/vec4 v0x600000664750_0, 0;
    %load/vec4 v0x6000006647e0_0;
    %parti/s 2, 2, 3;
    %assign/vec4 v0x600000664630_0, 0;
    %jmp T_1.23;
T_1.22 ;
    %load/vec4 v0x600000664510_0;
    %load/vec4 v0x600000664750_0;
    %parti/s 6, 2, 3;
    %concat/vec4; draw_concat_vec4
    %assign/vec4 v0x600000664750_0, 0;
    %load/vec4 v0x6000006647e0_0;
    %parti/s 2, 0, 2;
    %assign/vec4 v0x600000664630_0, 0;
    %jmp T_1.23;
T_1.23 ;
    %pop/vec4 1;
    %jmp T_1.18;
T_1.17 ;
    %load/vec4 v0x600000664870_0;
    %dup/vec4;
    %pushi/vec4 3, 0, 2;
    %cmp/u;
    %jmp/1 T_1.24, 6;
    %dup/vec4;
    %pushi/vec4 0, 0, 2;
    %cmp/u;
    %jmp/1 T_1.25, 6;
    %dup/vec4;
    %pushi/vec4 1, 0, 2;
    %cmp/u;
    %jmp/1 T_1.26, 6;
    %dup/vec4;
    %pushi/vec4 2, 0, 2;
    %cmp/u;
    %jmp/1 T_1.27, 6;
    %jmp T_1.28;
T_1.24 ;
    %load/vec4 v0x600000664510_0;
    %load/vec4 v0x600000664750_0;
    %parti/s 6, 2, 3;
    %concat/vec4; draw_concat_vec4
    %assign/vec4 v0x600000664750_0, 0;
    %load/vec4 v0x6000006647e0_0;
    %parti/s 2, 6, 4;
    %assign/vec4 v0x600000664630_0, 0;
    %jmp T_1.28;
T_1.25 ;
    %load/vec4 v0x600000664510_0;
    %load/vec4 v0x6000006647e0_0;
    %parti/s 6, 2, 3;
    %concat/vec4; draw_concat_vec4
    %assign/vec4 v0x6000006647e0_0, 0;
    %load/vec4 v0x600000664750_0;
    %parti/s 2, 4, 4;
    %assign/vec4 v0x600000664630_0, 0;
    %jmp T_1.28;
T_1.26 ;
    %load/vec4 v0x600000664510_0;
    %load/vec4 v0x6000006647e0_0;
    %parti/s 6, 2, 3;
    %concat/vec4; draw_concat_vec4
    %assign/vec4 v0x6000006647e0_0, 0;
    %load/vec4 v0x600000664750_0;
    %parti/s 2, 2, 3;
    %assign/vec4 v0x600000664630_0, 0;
    %jmp T_1.28;
T_1.27 ;
    %load/vec4 v0x600000664510_0;
    %load/vec4 v0x6000006647e0_0;
    %parti/s 6, 2, 3;
    %concat/vec4; draw_concat_vec4
    %assign/vec4 v0x6000006647e0_0, 0;
    %load/vec4 v0x600000664750_0;
    %parti/s 2, 0, 2;
    %assign/vec4 v0x600000664630_0, 0;
    %jmp T_1.28;
T_1.28 ;
    %pop/vec4 1;
T_1.18 ;
    %load/vec4 v0x600000664870_0;
    %pad/u 32;
    %cmpi/e 3, 0, 32;
    %jmp/0xz  T_1.29, 4;
    %load/vec4 v0x600000664990_0;
    %inv;
    %assign/vec4 v0x600000664990_0, 0;
    %pushi/vec4 0, 0, 2;
    %assign/vec4 v0x600000664870_0, 0;
    %jmp T_1.30;
T_1.29 ;
    %load/vec4 v0x600000664870_0;
    %addi 1, 0, 2;
    %assign/vec4 v0x600000664870_0, 0;
T_1.30 ;
    %jmp T_1.16;
T_1.15 ;
    %load/vec4 v0x600000664990_0;
    %cmpi/e 0, 0, 1;
    %jmp/0xz  T_1.31, 4;
    %load/vec4 v0x600000664870_0;
    %dup/vec4;
    %pushi/vec4 3, 0, 2;
    %cmp/u;
    %jmp/1 T_1.33, 6;
    %dup/vec4;
    %pushi/vec4 0, 0, 2;
    %cmp/u;
    %jmp/1 T_1.34, 6;
    %dup/vec4;
    %pushi/vec4 1, 0, 2;
    %cmp/u;
    %jmp/1 T_1.35, 6;
    %dup/vec4;
    %pushi/vec4 2, 0, 2;
    %cmp/u;
    %jmp/1 T_1.36, 6;
    %jmp T_1.37;
T_1.33 ;
    %load/vec4 v0x600000664750_0;
    %parti/s 2, 6, 4;
    %assign/vec4 v0x600000664630_0, 0;
    %jmp T_1.37;
T_1.34 ;
    %load/vec4 v0x6000006647e0_0;
    %parti/s 2, 4, 4;
    %assign/vec4 v0x600000664630_0, 0;
    %jmp T_1.37;
T_1.35 ;
    %load/vec4 v0x6000006647e0_0;
    %parti/s 2, 2, 3;
    %assign/vec4 v0x600000664630_0, 0;
    %jmp T_1.37;
T_1.36 ;
    %load/vec4 v0x6000006647e0_0;
    %parti/s 2, 0, 2;
    %assign/vec4 v0x600000664630_0, 0;
    %jmp T_1.37;
T_1.37 ;
    %pop/vec4 1;
    %jmp T_1.32;
T_1.31 ;
    %load/vec4 v0x600000664870_0;
    %dup/vec4;
    %pushi/vec4 3, 0, 2;
    %cmp/u;
    %jmp/1 T_1.38, 6;
    %dup/vec4;
    %pushi/vec4 0, 0, 2;
    %cmp/u;
    %jmp/1 T_1.39, 6;
    %dup/vec4;
    %pushi/vec4 1, 0, 2;
    %cmp/u;
    %jmp/1 T_1.40, 6;
    %dup/vec4;
    %pushi/vec4 2, 0, 2;
    %cmp/u;
    %jmp/1 T_1.41, 6;
    %jmp T_1.42;
T_1.38 ;
    %load/vec4 v0x6000006647e0_0;
    %parti/s 2, 6, 4;
    %assign/vec4 v0x600000664630_0, 0;
    %jmp T_1.42;
T_1.39 ;
    %load/vec4 v0x600000664750_0;
    %parti/s 2, 4, 4;
    %assign/vec4 v0x600000664630_0, 0;
    %jmp T_1.42;
T_1.40 ;
    %load/vec4 v0x600000664750_0;
    %parti/s 2, 2, 3;
    %assign/vec4 v0x600000664630_0, 0;
    %jmp T_1.42;
T_1.41 ;
    %load/vec4 v0x600000664750_0;
    %parti/s 2, 0, 2;
    %assign/vec4 v0x600000664630_0, 0;
    %jmp T_1.42;
T_1.42 ;
    %pop/vec4 1;
T_1.32 ;
    %pushi/vec4 1, 0, 1;
    %assign/vec4 v0x6000006646c0_0, 0;
    %load/vec4 v0x600000664870_0;
    %pad/u 32;
    %cmpi/e 3, 0, 32;
    %jmp/0xz  T_1.43, 4;
    %pushi/vec4 0, 0, 2;
    %assign/vec4 v0x600000664870_0, 0;
    %load/vec4 v0x600000664990_0;
    %inv;
    %assign/vec4 v0x600000664990_0, 0;
    %pushi/vec4 3, 0, 2;
    %assign/vec4 v0x600000664ab0_0, 0;
    %jmp T_1.44;
T_1.43 ;
    %load/vec4 v0x600000664870_0;
    %addi 1, 0, 2;
    %assign/vec4 v0x600000664870_0, 0;
    %pushi/vec4 3, 0, 2;
    %assign/vec4 v0x600000664ab0_0, 0;
T_1.44 ;
T_1.16 ;
    %jmp T_1.6;
T_1.5 ;
    %pushi/vec4 1, 0, 1;
    %assign/vec4 v0x6000006646c0_0, 0;
    %load/vec4 v0x600000664990_0;
    %cmpi/e 0, 0, 1;
    %jmp/0xz  T_1.45, 4;
    %load/vec4 v0x600000664870_0;
    %dup/vec4;
    %pushi/vec4 3, 0, 2;
    %cmp/u;
    %jmp/1 T_1.47, 6;
    %dup/vec4;
    %pushi/vec4 0, 0, 2;
    %cmp/u;
    %jmp/1 T_1.48, 6;
    %dup/vec4;
    %pushi/vec4 1, 0, 2;
    %cmp/u;
    %jmp/1 T_1.49, 6;
    %dup/vec4;
    %pushi/vec4 2, 0, 2;
    %cmp/u;
    %jmp/1 T_1.50, 6;
    %jmp T_1.51;
T_1.47 ;
    %load/vec4 v0x6000006647e0_0;
    %parti/s 2, 6, 4;
    %assign/vec4 v0x600000664630_0, 0;
    %jmp T_1.51;
T_1.48 ;
    %load/vec4 v0x6000006647e0_0;
    %parti/s 2, 4, 4;
    %assign/vec4 v0x600000664630_0, 0;
    %jmp T_1.51;
T_1.49 ;
    %load/vec4 v0x6000006647e0_0;
    %parti/s 2, 2, 3;
    %assign/vec4 v0x600000664630_0, 0;
    %jmp T_1.51;
T_1.50 ;
    %load/vec4 v0x6000006647e0_0;
    %parti/s 2, 0, 2;
    %assign/vec4 v0x600000664630_0, 0;
    %jmp T_1.51;
T_1.51 ;
    %pop/vec4 1;
    %jmp T_1.46;
T_1.45 ;
    %load/vec4 v0x600000664870_0;
    %dup/vec4;
    %pushi/vec4 3, 0, 2;
    %cmp/u;
    %jmp/1 T_1.52, 6;
    %dup/vec4;
    %pushi/vec4 0, 0, 2;
    %cmp/u;
    %jmp/1 T_1.53, 6;
    %dup/vec4;
    %pushi/vec4 1, 0, 2;
    %cmp/u;
    %jmp/1 T_1.54, 6;
    %dup/vec4;
    %pushi/vec4 2, 0, 2;
    %cmp/u;
    %jmp/1 T_1.55, 6;
    %jmp T_1.56;
T_1.52 ;
    %load/vec4 v0x600000664750_0;
    %parti/s 2, 6, 4;
    %assign/vec4 v0x600000664630_0, 0;
    %jmp T_1.56;
T_1.53 ;
    %load/vec4 v0x600000664750_0;
    %parti/s 2, 4, 4;
    %assign/vec4 v0x600000664630_0, 0;
    %jmp T_1.56;
T_1.54 ;
    %load/vec4 v0x600000664750_0;
    %parti/s 2, 2, 3;
    %assign/vec4 v0x600000664630_0, 0;
    %jmp T_1.56;
T_1.55 ;
    %load/vec4 v0x600000664750_0;
    %parti/s 2, 0, 2;
    %assign/vec4 v0x600000664630_0, 0;
    %jmp T_1.56;
T_1.56 ;
    %pop/vec4 1;
T_1.46 ;
    %load/vec4 v0x600000664870_0;
    %pad/u 32;
    %cmpi/e 3, 0, 32;
    %jmp/0xz  T_1.57, 4;
    %pushi/vec4 0, 0, 1;
    %assign/vec4 v0x6000006646c0_0, 0;
    %pushi/vec4 0, 0, 2;
    %assign/vec4 v0x600000664630_0, 0;
    %pushi/vec4 0, 0, 2;
    %assign/vec4 v0x600000664870_0, 0;
    %pushi/vec4 0, 0, 2;
    %assign/vec4 v0x600000664ab0_0, 0;
    %jmp T_1.58;
T_1.57 ;
    %load/vec4 v0x600000664870_0;
    %addi 1, 0, 2;
    %assign/vec4 v0x600000664870_0, 0;
T_1.58 ;
    %jmp T_1.6;
T_1.6 ;
    %pop/vec4 1;
    %jmp T_1;
    .thread T_1;
    .scope S_0x7fe5fca0b8d0;
T_2 ;
    %pushi/vec4 3537024012, 0, 33;
    %concati/vec4 21649, 0, 15;
    %store/vec4 v0x600000664fc0_0, 0, 48;
    %pushi/vec4 4294967295, 0, 32;
    %concati/vec4 65535, 0, 16;
    %store/vec4 v0x600000664e10_0, 0, 48;
    %end;
    .thread T_2, $init;
    .scope S_0x7fe5fca0b8d0;
T_3 ;
    %wait E_0x600003a54330;
    %load/vec4 v0x6000006650e0_0;
    %flag_set/vec4 8;
    %jmp/0xz  T_3.0, 8;
    %pushi/vec4 0, 0, 48;
    %assign/vec4 v0x600000665050_0, 0;
    %pushi/vec4 0, 0, 6;
    %assign/vec4 v0x600000664f30_0, 0;
    %pushi/vec4 0, 0, 3;
    %assign/vec4 v0x600000665170_0, 0;
T_3.0 ;
    %load/vec4 v0x600000665170_0;
    %dup/vec4;
    %pushi/vec4 0, 0, 3;
    %cmp/u;
    %jmp/1 T_3.2, 6;
    %dup/vec4;
    %pushi/vec4 1, 0, 3;
    %cmp/u;
    %jmp/1 T_3.3, 6;
    %dup/vec4;
    %pushi/vec4 2, 0, 3;
    %cmp/u;
    %jmp/1 T_3.4, 6;
    %dup/vec4;
    %pushi/vec4 3, 0, 3;
    %cmp/u;
    %jmp/1 T_3.5, 6;
    %dup/vec4;
    %pushi/vec4 4, 0, 3;
    %cmp/u;
    %jmp/1 T_3.6, 6;
    %jmp T_3.7;
T_3.2 ;
    %load/vec4 v0x600000664c60_0;
    %cmpi/e 1, 0, 1;
    %jmp/0xz  T_3.8, 4;
    %pushi/vec4 0, 0, 46;
    %load/vec4 v0x600000664bd0_0;
    %concat/vec4; draw_concat_vec4
    %assign/vec4 v0x600000665050_0, 0;
    %pushi/vec4 0, 0, 6;
    %assign/vec4 v0x600000664f30_0, 0;
    %pushi/vec4 1, 0, 3;
    %assign/vec4 v0x600000665170_0, 0;
T_3.8 ;
    %jmp T_3.7;
T_3.3 ;
    %load/vec4 v0x600000664c60_0;
    %cmpi/e 1, 0, 1;
    %jmp/0xz  T_3.10, 4;
    %load/vec4 v0x600000664f30_0;
    %pad/u 32;
    %cmpi/e 23, 0, 32;
    %jmp/0xz  T_3.12, 4;
    %load/vec4 v0x600000665050_0;
    %load/vec4 v0x600000664fc0_0;
    %cmp/e;
    %flag_mov 8, 4;
    %load/vec4 v0x600000665050_0;
    %load/vec4 v0x600000664e10_0;
    %cmp/e;
    %flag_or 4, 8;
    %jmp/0xz  T_3.14, 4;
    %load/vec4 v0x600000664f30_0;
    %addi 1, 0, 6;
    %assign/vec4 v0x600000664f30_0, 0;
    %pushi/vec4 2, 0, 3;
    %assign/vec4 v0x600000665170_0, 0;
    %jmp T_3.15;
T_3.14 ;
    %pushi/vec4 4, 0, 3;
    %assign/vec4 v0x600000665170_0, 0;
T_3.15 ;
    %jmp T_3.13;
T_3.12 ;
    %load/vec4 v0x600000665050_0;
    %parti/s 46, 0, 2;
    %load/vec4 v0x600000664bd0_0;
    %concat/vec4; draw_concat_vec4
    %assign/vec4 v0x600000665050_0, 0;
    %load/vec4 v0x600000664f30_0;
    %addi 1, 0, 6;
    %assign/vec4 v0x600000664f30_0, 0;
T_3.13 ;
    %jmp T_3.11;
T_3.10 ;
    %pushi/vec4 0, 0, 6;
    %assign/vec4 v0x600000664f30_0, 0;
    %pushi/vec4 0, 0, 3;
    %assign/vec4 v0x600000665170_0, 0;
T_3.11 ;
    %jmp T_3.7;
T_3.4 ;
    %load/vec4 v0x600000664c60_0;
    %cmpi/e 1, 0, 1;
    %jmp/0xz  T_3.16, 4;
    %load/vec4 v0x600000664f30_0;
    %pad/u 32;
    %cmpi/e 55, 0, 32;
    %jmp/0xz  T_3.18, 4;
    %pushi/vec4 3, 0, 3;
    %assign/vec4 v0x600000665170_0, 0;
    %jmp T_3.19;
T_3.18 ;
    %load/vec4 v0x600000664f30_0;
    %addi 1, 0, 6;
    %assign/vec4 v0x600000664f30_0, 0;
T_3.19 ;
    %jmp T_3.17;
T_3.16 ;
    %pushi/vec4 0, 0, 6;
    %assign/vec4 v0x600000664f30_0, 0;
    %pushi/vec4 0, 0, 3;
    %assign/vec4 v0x600000665170_0, 0;
T_3.17 ;
    %jmp T_3.7;
T_3.5 ;
    %load/vec4 v0x600000664c60_0;
    %cmpi/e 0, 0, 1;
    %jmp/0xz  T_3.20, 4;
    %pushi/vec4 0, 0, 3;
    %assign/vec4 v0x600000665170_0, 0;
    %pushi/vec4 0, 0, 48;
    %assign/vec4 v0x600000665050_0, 0;
    %pushi/vec4 0, 0, 6;
    %assign/vec4 v0x600000664f30_0, 0;
T_3.20 ;
    %jmp T_3.7;
T_3.6 ;
    %load/vec4 v0x600000664c60_0;
    %cmpi/e 0, 0, 1;
    %jmp/0xz  T_3.22, 4;
    %pushi/vec4 0, 0, 3;
    %assign/vec4 v0x600000665170_0, 0;
    %pushi/vec4 0, 0, 48;
    %assign/vec4 v0x600000665050_0, 0;
    %pushi/vec4 0, 0, 6;
    %assign/vec4 v0x600000664f30_0, 0;
T_3.22 ;
    %jmp T_3.7;
T_3.7 ;
    %pop/vec4 1;
    %jmp T_3;
    .thread T_3;
    .scope S_0x7fe5fca0b8d0;
T_4 ;
Ewait_0 .event/or E_0x600003a54900, E_0x0;
    %wait Ewait_0;
    %load/vec4 v0x6000006650e0_0;
    %cmpi/e 1, 0, 1;
    %jmp/0xz  T_4.0, 4;
    %pushi/vec4 0, 0, 2;
    %store/vec4 v0x600000664cf0_0, 0, 2;
    %pushi/vec4 0, 0, 1;
    %store/vec4 v0x600000664d80_0, 0, 1;
    %jmp T_4.1;
T_4.0 ;
    %load/vec4 v0x600000665050_0;
    %load/vec4 v0x600000664fc0_0;
    %cmp/e;
    %flag_get/vec4 4;
    %load/vec4 v0x600000665050_0;
    %load/vec4 v0x600000664e10_0;
    %cmp/e;
    %flag_get/vec4 4;
    %or;
    %load/vec4 v0x600000664f30_0;
    %pad/u 32;
    %pushi/vec4 55, 0, 32;
    %cmp/e;
    %flag_get/vec4 4;
    %and;
    %flag_set/vec4 8;
    %jmp/0 T_4.2, 8;
    %load/vec4 v0x600000664bd0_0;
    %jmp/1 T_4.3, 8;
T_4.2 ; End of true expr.
    %pushi/vec4 0, 0, 2;
    %jmp/0 T_4.3, 8;
 ; End of false expr.
    %blend;
T_4.3;
    %store/vec4 v0x600000664cf0_0, 0, 2;
    %load/vec4 v0x600000665050_0;
    %load/vec4 v0x600000664fc0_0;
    %cmp/e;
    %flag_get/vec4 4;
    %load/vec4 v0x600000665050_0;
    %load/vec4 v0x600000664e10_0;
    %cmp/e;
    %flag_get/vec4 4;
    %or;
    %load/vec4 v0x600000664f30_0;
    %pad/u 32;
    %pushi/vec4 55, 0, 32;
    %cmp/e;
    %flag_get/vec4 4;
    %and;
    %flag_set/vec4 8;
    %jmp/0 T_4.4, 8;
    %load/vec4 v0x600000664c60_0;
    %jmp/1 T_4.5, 8;
T_4.4 ; End of true expr.
    %pushi/vec4 0, 0, 1;
    %jmp/0 T_4.5, 8;
 ; End of false expr.
    %blend;
T_4.5;
    %store/vec4 v0x600000664d80_0, 0, 1;
T_4.1 ;
    %jmp T_4;
    .thread T_4, $push;
    .scope S_0x7fe5fca0bcf0;
T_5 ;
    %wait E_0x600003a54390;
    %pushi/vec4 0, 0, 32;
    %store/vec4 v0x600000665680_0, 0, 32;
T_5.0 ;
    %load/vec4 v0x600000665680_0;
    %cmpi/s 32, 0, 32;
    %jmp/0xz T_5.1, 5;
    %load/vec4 v0x600000665680_0;
    %dup/vec4;
    %pushi/vec4 0, 0, 32;
    %cmp/u;
    %jmp/1 T_5.2, 6;
    %dup/vec4;
    %pushi/vec4 1, 0, 32;
    %cmp/u;
    %jmp/1 T_5.3, 6;
    %dup/vec4;
    %pushi/vec4 4, 0, 32;
    %cmp/u;
    %jmp/1 T_5.4, 6;
    %dup/vec4;
    %pushi/vec4 7, 0, 32;
    %cmp/u;
    %jmp/1 T_5.5, 6;
    %dup/vec4;
    %pushi/vec4 10, 0, 32;
    %cmp/u;
    %jmp/1 T_5.6, 6;
    %dup/vec4;
    %pushi/vec4 16, 0, 32;
    %cmp/u;
    %jmp/1 T_5.7, 6;
    %dup/vec4;
    %pushi/vec4 22, 0, 32;
    %cmp/u;
    %jmp/1 T_5.8, 6;
    %dup/vec4;
    %pushi/vec4 26, 0, 32;
    %cmp/u;
    %jmp/1 T_5.9, 6;
    %dup/vec4;
    %pushi/vec4 2, 0, 32;
    %cmp/u;
    %jmp/1 T_5.10, 6;
    %dup/vec4;
    %pushi/vec4 5, 0, 32;
    %cmp/u;
    %jmp/1 T_5.11, 6;
    %dup/vec4;
    %pushi/vec4 8, 0, 32;
    %cmp/u;
    %jmp/1 T_5.12, 6;
    %dup/vec4;
    %pushi/vec4 11, 0, 32;
    %cmp/u;
    %jmp/1 T_5.13, 6;
    %dup/vec4;
    %pushi/vec4 12, 0, 32;
    %cmp/u;
    %jmp/1 T_5.14, 6;
    %dup/vec4;
    %pushi/vec4 23, 0, 32;
    %cmp/u;
    %jmp/1 T_5.15, 6;
    %dup/vec4;
    %pushi/vec4 3, 0, 32;
    %cmp/u;
    %jmp/1 T_5.16, 6;
    %dup/vec4;
    %pushi/vec4 6, 0, 32;
    %cmp/u;
    %jmp/1 T_5.17, 6;
    %dup/vec4;
    %pushi/vec4 9, 0, 32;
    %cmp/u;
    %jmp/1 T_5.18, 6;
    %dup/vec4;
    %pushi/vec4 13, 0, 32;
    %cmp/u;
    %jmp/1 T_5.19, 6;
    %dup/vec4;
    %pushi/vec4 17, 0, 32;
    %cmp/u;
    %jmp/1 T_5.20, 6;
    %dup/vec4;
    %pushi/vec4 24, 0, 32;
    %cmp/u;
    %jmp/1 T_5.21, 6;
    %dup/vec4;
    %pushi/vec4 27, 0, 32;
    %cmp/u;
    %jmp/1 T_5.22, 6;
    %load/vec4 v0x600000665560_0;
    %load/vec4 v0x600000665680_0;
    %subi 2, 0, 32;
    %part/s 1;
    %ix/getv/s 4, v0x600000665680_0;
    %store/vec4 v0x6000006657a0_0, 4, 1;
    %jmp T_5.24;
T_5.2 ;
    %load/vec4 v0x600000665560_0;
    %parti/s 1, 30, 6;
    %load/vec4 v0x600000665320_0;
    %parti/s 1, 1, 2;
    %xor;
    %ix/getv/s 4, v0x600000665680_0;
    %store/vec4 v0x6000006657a0_0, 4, 1;
    %jmp T_5.24;
T_5.3 ;
    %load/vec4 v0x600000665560_0;
    %parti/s 1, 31, 6;
    %load/vec4 v0x600000665320_0;
    %parti/s 1, 0, 2;
    %xor;
    %load/vec4 v0x600000665560_0;
    %parti/s 1, 30, 6;
    %load/vec4 v0x600000665320_0;
    %parti/s 1, 1, 2;
    %xor;
    %xor;
    %ix/getv/s 4, v0x600000665680_0;
    %store/vec4 v0x6000006657a0_0, 4, 1;
    %jmp T_5.24;
T_5.4 ;
    %load/vec4 v0x600000665560_0;
    %load/vec4 v0x600000665680_0;
    %subi 2, 0, 32;
    %part/s 1;
    %load/vec4 v0x600000665560_0;
    %parti/s 1, 30, 6;
    %load/vec4 v0x600000665320_0;
    %parti/s 1, 1, 2;
    %xor;
    %xor;
    %ix/getv/s 4, v0x600000665680_0;
    %store/vec4 v0x6000006657a0_0, 4, 1;
    %jmp T_5.24;
T_5.5 ;
    %load/vec4 v0x600000665560_0;
    %load/vec4 v0x600000665680_0;
    %subi 2, 0, 32;
    %part/s 1;
    %load/vec4 v0x600000665560_0;
    %parti/s 1, 30, 6;
    %load/vec4 v0x600000665320_0;
    %parti/s 1, 1, 2;
    %xor;
    %xor;
    %ix/getv/s 4, v0x600000665680_0;
    %store/vec4 v0x6000006657a0_0, 4, 1;
    %jmp T_5.24;
T_5.6 ;
    %load/vec4 v0x600000665560_0;
    %load/vec4 v0x600000665680_0;
    %subi 2, 0, 32;
    %part/s 1;
    %load/vec4 v0x600000665560_0;
    %parti/s 1, 30, 6;
    %load/vec4 v0x600000665320_0;
    %parti/s 1, 1, 2;
    %xor;
    %xor;
    %ix/getv/s 4, v0x600000665680_0;
    %store/vec4 v0x6000006657a0_0, 4, 1;
    %jmp T_5.24;
T_5.7 ;
    %load/vec4 v0x600000665560_0;
    %load/vec4 v0x600000665680_0;
    %subi 2, 0, 32;
    %part/s 1;
    %load/vec4 v0x600000665560_0;
    %parti/s 1, 30, 6;
    %load/vec4 v0x600000665320_0;
    %parti/s 1, 1, 2;
    %xor;
    %xor;
    %ix/getv/s 4, v0x600000665680_0;
    %store/vec4 v0x6000006657a0_0, 4, 1;
    %jmp T_5.24;
T_5.8 ;
    %load/vec4 v0x600000665560_0;
    %load/vec4 v0x600000665680_0;
    %subi 2, 0, 32;
    %part/s 1;
    %load/vec4 v0x600000665560_0;
    %parti/s 1, 30, 6;
    %load/vec4 v0x600000665320_0;
    %parti/s 1, 1, 2;
    %xor;
    %xor;
    %ix/getv/s 4, v0x600000665680_0;
    %store/vec4 v0x6000006657a0_0, 4, 1;
    %jmp T_5.24;
T_5.9 ;
    %load/vec4 v0x600000665560_0;
    %load/vec4 v0x600000665680_0;
    %subi 2, 0, 32;
    %part/s 1;
    %load/vec4 v0x600000665560_0;
    %parti/s 1, 30, 6;
    %load/vec4 v0x600000665320_0;
    %parti/s 1, 1, 2;
    %xor;
    %xor;
    %ix/getv/s 4, v0x600000665680_0;
    %store/vec4 v0x6000006657a0_0, 4, 1;
    %jmp T_5.24;
T_5.10 ;
    %load/vec4 v0x600000665560_0;
    %load/vec4 v0x600000665680_0;
    %subi 2, 0, 32;
    %part/s 1;
    %load/vec4 v0x600000665560_0;
    %parti/s 1, 31, 6;
    %load/vec4 v0x600000665320_0;
    %parti/s 1, 0, 2;
    %xor;
    %load/vec4 v0x600000665560_0;
    %parti/s 1, 30, 6;
    %load/vec4 v0x600000665320_0;
    %parti/s 1, 1, 2;
    %xor;
    %xor;
    %xor;
    %ix/getv/s 4, v0x600000665680_0;
    %store/vec4 v0x6000006657a0_0, 4, 1;
    %jmp T_5.24;
T_5.11 ;
    %load/vec4 v0x600000665560_0;
    %load/vec4 v0x600000665680_0;
    %subi 2, 0, 32;
    %part/s 1;
    %load/vec4 v0x600000665560_0;
    %parti/s 1, 31, 6;
    %load/vec4 v0x600000665320_0;
    %parti/s 1, 0, 2;
    %xor;
    %load/vec4 v0x600000665560_0;
    %parti/s 1, 30, 6;
    %load/vec4 v0x600000665320_0;
    %parti/s 1, 1, 2;
    %xor;
    %xor;
    %xor;
    %ix/getv/s 4, v0x600000665680_0;
    %store/vec4 v0x6000006657a0_0, 4, 1;
    %jmp T_5.24;
T_5.12 ;
    %load/vec4 v0x600000665560_0;
    %load/vec4 v0x600000665680_0;
    %subi 2, 0, 32;
    %part/s 1;
    %load/vec4 v0x600000665560_0;
    %parti/s 1, 31, 6;
    %load/vec4 v0x600000665320_0;
    %parti/s 1, 0, 2;
    %xor;
    %load/vec4 v0x600000665560_0;
    %parti/s 1, 30, 6;
    %load/vec4 v0x600000665320_0;
    %parti/s 1, 1, 2;
    %xor;
    %xor;
    %xor;
    %ix/getv/s 4, v0x600000665680_0;
    %store/vec4 v0x6000006657a0_0, 4, 1;
    %jmp T_5.24;
T_5.13 ;
    %load/vec4 v0x600000665560_0;
    %load/vec4 v0x600000665680_0;
    %subi 2, 0, 32;
    %part/s 1;
    %load/vec4 v0x600000665560_0;
    %parti/s 1, 31, 6;
    %load/vec4 v0x600000665320_0;
    %parti/s 1, 0, 2;
    %xor;
    %load/vec4 v0x600000665560_0;
    %parti/s 1, 30, 6;
    %load/vec4 v0x600000665320_0;
    %parti/s 1, 1, 2;
    %xor;
    %xor;
    %xor;
    %ix/getv/s 4, v0x600000665680_0;
    %store/vec4 v0x6000006657a0_0, 4, 1;
    %jmp T_5.24;
T_5.14 ;
    %load/vec4 v0x600000665560_0;
    %load/vec4 v0x600000665680_0;
    %subi 2, 0, 32;
    %part/s 1;
    %load/vec4 v0x600000665560_0;
    %parti/s 1, 31, 6;
    %load/vec4 v0x600000665320_0;
    %parti/s 1, 0, 2;
    %xor;
    %load/vec4 v0x600000665560_0;
    %parti/s 1, 30, 6;
    %load/vec4 v0x600000665320_0;
    %parti/s 1, 1, 2;
    %xor;
    %xor;
    %xor;
    %ix/getv/s 4, v0x600000665680_0;
    %store/vec4 v0x6000006657a0_0, 4, 1;
    %jmp T_5.24;
T_5.15 ;
    %load/vec4 v0x600000665560_0;
    %load/vec4 v0x600000665680_0;
    %subi 2, 0, 32;
    %part/s 1;
    %load/vec4 v0x600000665560_0;
    %parti/s 1, 31, 6;
    %load/vec4 v0x600000665320_0;
    %parti/s 1, 0, 2;
    %xor;
    %load/vec4 v0x600000665560_0;
    %parti/s 1, 30, 6;
    %load/vec4 v0x600000665320_0;
    %parti/s 1, 1, 2;
    %xor;
    %xor;
    %xor;
    %ix/getv/s 4, v0x600000665680_0;
    %store/vec4 v0x6000006657a0_0, 4, 1;
    %jmp T_5.24;
T_5.16 ;
    %load/vec4 v0x600000665560_0;
    %load/vec4 v0x600000665680_0;
    %subi 2, 0, 32;
    %part/s 1;
    %load/vec4 v0x600000665560_0;
    %parti/s 1, 31, 6;
    %load/vec4 v0x600000665320_0;
    %parti/s 1, 0, 2;
    %xor;
    %xor;
    %ix/getv/s 4, v0x600000665680_0;
    %store/vec4 v0x6000006657a0_0, 4, 1;
    %jmp T_5.24;
T_5.17 ;
    %load/vec4 v0x600000665560_0;
    %load/vec4 v0x600000665680_0;
    %subi 2, 0, 32;
    %part/s 1;
    %load/vec4 v0x600000665560_0;
    %parti/s 1, 31, 6;
    %load/vec4 v0x600000665320_0;
    %parti/s 1, 0, 2;
    %xor;
    %xor;
    %ix/getv/s 4, v0x600000665680_0;
    %store/vec4 v0x6000006657a0_0, 4, 1;
    %jmp T_5.24;
T_5.18 ;
    %load/vec4 v0x600000665560_0;
    %load/vec4 v0x600000665680_0;
    %subi 2, 0, 32;
    %part/s 1;
    %load/vec4 v0x600000665560_0;
    %parti/s 1, 31, 6;
    %load/vec4 v0x600000665320_0;
    %parti/s 1, 0, 2;
    %xor;
    %xor;
    %ix/getv/s 4, v0x600000665680_0;
    %store/vec4 v0x6000006657a0_0, 4, 1;
    %jmp T_5.24;
T_5.19 ;
    %load/vec4 v0x600000665560_0;
    %load/vec4 v0x600000665680_0;
    %subi 2, 0, 32;
    %part/s 1;
    %load/vec4 v0x600000665560_0;
    %parti/s 1, 31, 6;
    %load/vec4 v0x600000665320_0;
    %parti/s 1, 0, 2;
    %xor;
    %xor;
    %ix/getv/s 4, v0x600000665680_0;
    %store/vec4 v0x6000006657a0_0, 4, 1;
    %jmp T_5.24;
T_5.20 ;
    %load/vec4 v0x600000665560_0;
    %load/vec4 v0x600000665680_0;
    %subi 2, 0, 32;
    %part/s 1;
    %load/vec4 v0x600000665560_0;
    %parti/s 1, 31, 6;
    %load/vec4 v0x600000665320_0;
    %parti/s 1, 0, 2;
    %xor;
    %xor;
    %ix/getv/s 4, v0x600000665680_0;
    %store/vec4 v0x6000006657a0_0, 4, 1;
    %jmp T_5.24;
T_5.21 ;
    %load/vec4 v0x600000665560_0;
    %load/vec4 v0x600000665680_0;
    %subi 2, 0, 32;
    %part/s 1;
    %load/vec4 v0x600000665560_0;
    %parti/s 1, 31, 6;
    %load/vec4 v0x600000665320_0;
    %parti/s 1, 0, 2;
    %xor;
    %xor;
    %ix/getv/s 4, v0x600000665680_0;
    %store/vec4 v0x6000006657a0_0, 4, 1;
    %jmp T_5.24;
T_5.22 ;
    %load/vec4 v0x600000665560_0;
    %load/vec4 v0x600000665680_0;
    %subi 2, 0, 32;
    %part/s 1;
    %load/vec4 v0x600000665560_0;
    %parti/s 1, 31, 6;
    %load/vec4 v0x600000665320_0;
    %parti/s 1, 0, 2;
    %xor;
    %xor;
    %ix/getv/s 4, v0x600000665680_0;
    %store/vec4 v0x6000006657a0_0, 4, 1;
    %jmp T_5.24;
T_5.24 ;
    %pop/vec4 1;
    %load/vec4 v0x600000665680_0;
    %addi 1, 0, 32;
    %store/vec4 v0x600000665680_0, 0, 32;
    %jmp T_5.0;
T_5.1 ;
    %jmp T_5;
    .thread T_5, $push;
    .scope S_0x7fe5fca0bcf0;
T_6 ;
    %wait E_0x600003a54330;
    %load/vec4 v0x600000665710_0;
    %flag_set/vec4 8;
    %jmp/0xz  T_6.0, 8;
    %pushi/vec4 4294967295, 0, 32;
    %assign/vec4 v0x600000665560_0, 0;
    %jmp T_6.1;
T_6.0 ;
    %load/vec4 v0x6000006653b0_0;
    %flag_set/vec4 8;
    %jmp/0 T_6.2, 8;
    %load/vec4 v0x6000006657a0_0;
    %jmp/1 T_6.3, 8;
T_6.2 ; End of true expr.
    %load/vec4 v0x600000665560_0;
    %jmp/0 T_6.3, 8;
 ; End of false expr.
    %blend;
T_6.3;
    %assign/vec4 v0x600000665560_0, 0;
T_6.1 ;
    %jmp T_6;
    .thread T_6;
    .scope S_0x7fe5fca0bb80;
T_7 ;
    %pushi/vec4 955982468, 0, 32;
    %store/vec4 v0x600000665950_0, 0, 32;
    %end;
    .thread T_7, $init;
    .scope S_0x7fe5fca0bb80;
T_8 ;
    %wait E_0x600003a54330;
    %load/vec4 v0x600000665dd0_0;
    %flag_set/vec4 8;
    %jmp/0xz  T_8.0, 8;
    %pushi/vec4 0, 0, 1;
    %assign/vec4 v0x600000665c20_0, 0;
    %pushi/vec4 0, 0, 1;
    %assign/vec4 v0x600000665cb0_0, 0;
    %pushi/vec4 0, 0, 1;
    %assign/vec4 v0x600000665e60_0, 0;
T_8.0 ;
    %load/vec4 v0x600000665e60_0;
    %dup/vec4;
    %pushi/vec4 0, 0, 1;
    %cmp/u;
    %jmp/1 T_8.2, 6;
    %dup/vec4;
    %pushi/vec4 1, 0, 1;
    %cmp/u;
    %jmp/1 T_8.3, 6;
    %jmp T_8.4;
T_8.2 ;
    %pushi/vec4 0, 0, 1;
    %assign/vec4 v0x600000665d40_0, 0;
    %load/vec4 v0x6000006658c0_0;
    %cmpi/e 1, 0, 1;
    %jmp/0xz  T_8.5, 4;
    %pushi/vec4 0, 0, 1;
    %assign/vec4 v0x600000665c20_0, 0;
    %pushi/vec4 0, 0, 1;
    %assign/vec4 v0x600000665cb0_0, 0;
    %pushi/vec4 1, 0, 1;
    %assign/vec4 v0x600000665e60_0, 0;
T_8.5 ;
    %jmp T_8.4;
T_8.3 ;
    %load/vec4 v0x6000006658c0_0;
    %cmpi/e 0, 0, 1;
    %jmp/0xz  T_8.7, 4;
    %pushi/vec4 1, 0, 1;
    %assign/vec4 v0x600000665c20_0, 0;
    %load/vec4 v0x600000665a70_0;
    %load/vec4 v0x600000665950_0;
    %cmp/e;
    %flag_mov 8, 4;
    %jmp/0 T_8.9, 8;
    %pushi/vec4 0, 0, 1;
    %jmp/1 T_8.10, 8;
T_8.9 ; End of true expr.
    %pushi/vec4 1, 0, 1;
    %jmp/0 T_8.10, 8;
 ; End of false expr.
    %blend;
T_8.10;
    %assign/vec4 v0x600000665cb0_0, 0;
    %pushi/vec4 0, 0, 1;
    %assign/vec4 v0x600000665e60_0, 0;
    %pushi/vec4 1, 0, 1;
    %assign/vec4 v0x600000665d40_0, 0;
T_8.7 ;
    %jmp T_8.4;
T_8.4 ;
    %pop/vec4 1;
    %jmp T_8;
    .thread T_8;
    .scope S_0x7fe5fca0c110;
T_9 ;
    %wait E_0x600003a54330;
    %load/vec4 v0x600000666880_0;
    %flag_set/vec4 8;
    %jmp/0xz  T_9.0, 8;
    %pushi/vec4 0, 0, 1;
    %assign/vec4 v0x6000006666d0_0, 0;
    %pushi/vec4 0, 0, 32;
    %assign/vec4 v0x600000666640_0, 0;
    %pushi/vec4 0, 0, 5;
    %assign/vec4 v0x6000006667f0_0, 0;
    %pushi/vec4 0, 0, 2;
    %assign/vec4 v0x600000666910_0, 0;
T_9.0 ;
    %load/vec4 v0x600000666910_0;
    %dup/vec4;
    %pushi/vec4 0, 0, 2;
    %cmp/u;
    %jmp/1 T_9.2, 6;
    %dup/vec4;
    %pushi/vec4 1, 0, 2;
    %cmp/u;
    %jmp/1 T_9.3, 6;
    %dup/vec4;
    %pushi/vec4 2, 0, 2;
    %cmp/u;
    %jmp/1 T_9.4, 6;
    %dup/vec4;
    %pushi/vec4 3, 0, 2;
    %cmp/u;
    %jmp/1 T_9.5, 6;
    %jmp T_9.6;
T_9.2 ;
    %load/vec4 v0x6000006665b0_0;
    %flag_set/vec4 8;
    %jmp/0xz  T_9.7, 8;
    %pushi/vec4 0, 0, 30;
    %load/vec4 v0x600000666520_0;
    %concat/vec4; draw_concat_vec4
    %assign/vec4 v0x600000666640_0, 0;
    %pushi/vec4 0, 0, 5;
    %assign/vec4 v0x6000006667f0_0, 0;
    %pushi/vec4 1, 0, 2;
    %assign/vec4 v0x600000666910_0, 0;
T_9.7 ;
    %jmp T_9.6;
T_9.3 ;
    %load/vec4 v0x6000006665b0_0;
    %flag_set/vec4 8;
    %jmp/0xz  T_9.9, 8;
    %load/vec4 v0x6000006667f0_0;
    %pad/u 32;
    %cmpi/e 15, 0, 32;
    %jmp/0xz  T_9.11, 4;
    %load/vec4 v0x6000006667f0_0;
    %addi 1, 0, 5;
    %assign/vec4 v0x6000006667f0_0, 0;
    %pushi/vec4 2, 0, 2;
    %assign/vec4 v0x600000666910_0, 0;
    %jmp T_9.12;
T_9.11 ;
    %load/vec4 v0x600000666640_0;
    %parti/s 30, 0, 2;
    %load/vec4 v0x600000666520_0;
    %concat/vec4; draw_concat_vec4
    %assign/vec4 v0x600000666640_0, 0;
    %load/vec4 v0x6000006667f0_0;
    %addi 1, 0, 5;
    %assign/vec4 v0x6000006667f0_0, 0;
T_9.12 ;
    %jmp T_9.10;
T_9.9 ;
    %pushi/vec4 0, 0, 5;
    %assign/vec4 v0x6000006667f0_0, 0;
    %pushi/vec4 0, 0, 2;
    %assign/vec4 v0x600000666910_0, 0;
T_9.10 ;
    %jmp T_9.6;
T_9.4 ;
    %load/vec4 v0x6000006667f0_0;
    %pad/u 32;
    %cmpi/e 31, 0, 32;
    %jmp/0xz  T_9.13, 4;
    %pushi/vec4 0, 0, 5;
    %assign/vec4 v0x6000006667f0_0, 0;
    %load/vec4 v0x6000006665b0_0;
    %cmpi/e 1, 0, 1;
    %flag_mov 8, 4;
    %jmp/0 T_9.15, 8;
    %pushi/vec4 3, 0, 32;
    %jmp/1 T_9.16, 8;
T_9.15 ; End of true expr.
    %pushi/vec4 0, 0, 32;
    %jmp/0 T_9.16, 8;
 ; End of false expr.
    %blend;
T_9.16;
    %pad/s 2;
    %assign/vec4 v0x600000666910_0, 0;
    %jmp T_9.14;
T_9.13 ;
    %load/vec4 v0x6000006665b0_0;
    %flag_set/vec4 8;
    %jmp/0xz  T_9.17, 8;
    %load/vec4 v0x6000006667f0_0;
    %addi 1, 0, 5;
    %assign/vec4 v0x6000006667f0_0, 0;
    %jmp T_9.18;
T_9.17 ;
    %pushi/vec4 0, 0, 5;
    %assign/vec4 v0x6000006667f0_0, 0;
    %pushi/vec4 0, 0, 2;
    %assign/vec4 v0x600000666910_0, 0;
T_9.18 ;
T_9.14 ;
    %jmp T_9.6;
T_9.5 ;
    %load/vec4 v0x6000006665b0_0;
    %cmpi/e 0, 0, 1;
    %jmp/0xz  T_9.19, 4;
    %pushi/vec4 0, 0, 2;
    %assign/vec4 v0x600000666910_0, 0;
T_9.19 ;
    %jmp T_9.6;
T_9.6 ;
    %pop/vec4 1;
    %jmp T_9;
    .thread T_9;
    .scope S_0x7fe5fca0c110;
T_10 ;
Ewait_1 .event/or E_0x600003a54a20, E_0x0;
    %wait Ewait_1;
    %load/vec4 v0x600000666880_0;
    %flag_set/vec4 8;
    %jmp/0xz  T_10.0, 8;
    %pushi/vec4 0, 0, 1;
    %store/vec4 v0x6000006666d0_0, 0, 1;
    %jmp T_10.1;
T_10.0 ;
    %load/vec4 v0x6000006667f0_0;
    %pad/u 32;
    %pushi/vec4 31, 0, 32;
    %cmp/e;
    %flag_get/vec4 4;
    %load/vec4 v0x6000006665b0_0;
    %pushi/vec4 1, 0, 1;
    %cmp/e;
    %flag_get/vec4 4;
    %and;
    %flag_set/vec4 8;
    %jmp/0xz  T_10.2, 8;
    %pushi/vec4 1, 0, 1;
    %store/vec4 v0x6000006666d0_0, 0, 1;
    %jmp T_10.3;
T_10.2 ;
    %pushi/vec4 0, 0, 1;
    %store/vec4 v0x6000006666d0_0, 0, 1;
T_10.3 ;
T_10.1 ;
    %jmp T_10;
    .thread T_10, $push;
    .scope S_0x7fe5fca0c280;
T_11 ;
Ewait_2 .event/or E_0x600003a54810, E_0x0;
    %wait Ewait_2;
    %load/vec4 v0x600000663180_0;
    %dup/vec4;
    %pushi/vec4 1, 0, 8;
    %cmp/u;
    %jmp/1 T_11.0, 6;
    %dup/vec4;
    %pushi/vec4 2, 0, 8;
    %cmp/u;
    %jmp/1 T_11.1, 6;
    %dup/vec4;
    %pushi/vec4 4, 0, 8;
    %cmp/u;
    %jmp/1 T_11.2, 6;
    %dup/vec4;
    %pushi/vec4 8, 0, 8;
    %cmp/u;
    %jmp/1 T_11.3, 6;
    %dup/vec4;
    %pushi/vec4 16, 0, 8;
    %cmp/u;
    %jmp/1 T_11.4, 6;
    %dup/vec4;
    %pushi/vec4 32, 0, 8;
    %cmp/u;
    %jmp/1 T_11.5, 6;
    %dup/vec4;
    %pushi/vec4 64, 0, 8;
    %cmp/u;
    %jmp/1 T_11.6, 6;
    %dup/vec4;
    %pushi/vec4 128, 0, 8;
    %cmp/u;
    %jmp/1 T_11.7, 6;
    %jmp T_11.8;
T_11.0 ;
    %load/vec4 v0x600000663210_0;
    %parti/s 4, 0, 2;
    %store/vec4 v0x600000662fd0_0, 0, 4;
    %jmp T_11.8;
T_11.1 ;
    %load/vec4 v0x600000663210_0;
    %parti/s 4, 4, 4;
    %store/vec4 v0x600000662fd0_0, 0, 4;
    %jmp T_11.8;
T_11.2 ;
    %load/vec4 v0x600000663210_0;
    %parti/s 4, 8, 5;
    %store/vec4 v0x600000662fd0_0, 0, 4;
    %jmp T_11.8;
T_11.3 ;
    %load/vec4 v0x600000663210_0;
    %parti/s 4, 12, 5;
    %store/vec4 v0x600000662fd0_0, 0, 4;
    %jmp T_11.8;
T_11.4 ;
    %load/vec4 v0x600000663210_0;
    %parti/s 4, 16, 6;
    %store/vec4 v0x600000662fd0_0, 0, 4;
    %jmp T_11.8;
T_11.5 ;
    %load/vec4 v0x600000663210_0;
    %parti/s 4, 20, 6;
    %store/vec4 v0x600000662fd0_0, 0, 4;
    %jmp T_11.8;
T_11.6 ;
    %load/vec4 v0x600000663210_0;
    %parti/s 4, 24, 6;
    %store/vec4 v0x600000662fd0_0, 0, 4;
    %jmp T_11.8;
T_11.7 ;
    %load/vec4 v0x600000663210_0;
    %parti/s 4, 28, 6;
    %store/vec4 v0x600000662fd0_0, 0, 4;
    %jmp T_11.8;
T_11.8 ;
    %pop/vec4 1;
    %jmp T_11;
    .thread T_11, $push;
    .scope S_0x7fe5fca0c280;
T_12 ;
    %wait E_0x600003a54330;
    %load/vec4 v0x600000663060_0;
    %flag_set/vec4 8;
    %jmp/0xz  T_12.0, 8;
    %pushi/vec4 1, 0, 8;
    %assign/vec4 v0x600000663180_0, 0;
    %pushi/vec4 0, 0, 32;
    %assign/vec4 v0x6000006630f0_0, 0;
    %jmp T_12.1;
T_12.0 ;
    %load/vec4 v0x6000006630f0_0;
    %cmpi/e 100000, 0, 32;
    %jmp/0xz  T_12.2, 4;
    %pushi/vec4 0, 0, 32;
    %assign/vec4 v0x6000006630f0_0, 0;
    %load/vec4 v0x600000663180_0;
    %parti/s 7, 0, 2;
    %load/vec4 v0x600000663180_0;
    %parti/s 1, 7, 4;
    %concat/vec4; draw_concat_vec4
    %assign/vec4 v0x600000663180_0, 0;
    %jmp T_12.3;
T_12.2 ;
    %load/vec4 v0x6000006630f0_0;
    %addi 1, 0, 32;
    %assign/vec4 v0x6000006630f0_0, 0;
T_12.3 ;
T_12.1 ;
    %jmp T_12;
    .thread T_12;
    .scope S_0x7fe5fca0b480;
T_13 ;
    %wait E_0x600003a54330;
    %load/vec4 v0x60000066c000_0;
    %ix/load 4, 15, 0;
    %ix/load 5, 0, 0;
    %flag_set/imm 4, 0;
    %assign/vec4/off/d v0x60000066c090_0, 4, 5;
    %load/vec4 v0x600000663a80_0;
    %ix/load 4, 14, 0;
    %ix/load 5, 0, 0;
    %flag_set/imm 4, 0;
    %assign/vec4/off/d v0x60000066c090_0, 4, 5;
    %load/vec4 v0x60000066c1b0_0;
    %cmpi/e 1, 0, 1;
    %jmp/0xz  T_13.0, 4;
    %pushi/vec4 0, 0, 14;
    %ix/load 4, 0, 0;
    %ix/load 5, 0, 0;
    %flag_set/imm 4, 0;
    %assign/vec4/off/d v0x60000066c090_0, 4, 5;
T_13.0 ;
    %load/vec4 v0x60000066c120_0;
    %pushi/vec4 0, 0, 1;
    %cmp/e;
    %flag_get/vec4 4;
    %load/vec4 v0x600000663a80_0;
    %pushi/vec4 1, 0, 1;
    %cmp/e;
    %flag_get/vec4 4;
    %and;
    %load/vec4 v0x600000663f00_0;
    %pushi/vec4 1, 0, 1;
    %cmp/e;
    %flag_get/vec4 4;
    %and;
    %flag_set/vec4 8;
    %jmp/0xz  T_13.2, 8;
    %load/vec4 v0x60000066c090_0;
    %parti/s 14, 0, 2;
    %addi 1, 0, 14;
    %ix/load 4, 0, 0;
    %ix/load 5, 0, 0;
    %flag_set/imm 4, 0;
    %assign/vec4/off/d v0x60000066c090_0, 4, 5;
T_13.2 ;
    %load/vec4 v0x600000663a80_0;
    %assign/vec4 v0x60000066c120_0, 0;
    %jmp T_13;
    .thread T_13;
    .scope S_0x7fe5fca09fb0;
T_14 ;
    %pushi/vec4 2863311530, 0, 33;
    %concati/vec4 5592405, 0, 23;
    %store/vec4 v0x6000006714d0_0, 0, 56;
    %pushi/vec4 234, 0, 8;
    %store/vec4 v0x6000006717a0_0, 0, 8;
    %pushi/vec4 3537062688, 0, 33;
    %concati/vec4 5446, 0, 15;
    %store/vec4 v0x60000066c480_0, 0, 48;
    %pushi/vec4 3537062688, 0, 33;
    %concati/vec4 5382, 0, 15;
    %store/vec4 v0x600000671830_0, 0, 48;
    %pushi/vec4 257, 0, 16;
    %store/vec4 v0x6000006713b0_0, 0, 16;
    %pushi/vec4 3212558075, 0, 32;
    %store/vec4 v0x60000066c3f0_0, 0, 32;
    %pushi/vec4 1470343506, 0, 32;
    %store/vec4 v0x60000066c240_0, 0, 32;
    %pushi/vec4 2863311530, 0, 49;
    %concati/vec4 2863311534, 0, 32;
    %concati/vec4 3537062688, 0, 32;
    %concati/vec4 2855488333, 0, 34;
    %concati/vec4 2986516680, 0, 34;
    %concati/vec4 2172581757, 0, 36;
    %concati/vec4 4138682194, 0, 32;
    %concati/vec4 2773833045, 0, 32;
    %concati/vec4 2863311530, 0, 33;
    %concati/vec4 2863311530, 0, 32;
    %concati/vec4 2863311530, 0, 32;
    %concati/vec4 2863311530, 0, 32;
    %concati/vec4 2863311530, 0, 32;
    %concati/vec4 2863311530, 0, 32;
    %concati/vec4 2863311530, 0, 32;
    %concati/vec4 2863311530, 0, 32;
    %concati/vec4 2863311530, 0, 32;
    %concati/vec4 2863311528, 0, 32;
    %concati/vec4 2863311530, 0, 45;
    %concati/vec4 2863311534, 0, 32;
    %concati/vec4 3537062688, 0, 32;
    %concati/vec4 2855488333, 0, 34;
    %concati/vec4 2986516680, 0, 34;
    %concati/vec4 2172581757, 0, 36;
    %concati/vec4 4138682194, 0, 32;
    %concati/vec4 2773833045, 0, 32;
    %concati/vec4 2863311530, 0, 33;
    %concati/vec4 2863311530, 0, 32;
    %concati/vec4 2863311530, 0, 32;
    %concati/vec4 2863311530, 0, 32;
    %concati/vec4 2863311530, 0, 32;
    %concati/vec4 2863311530, 0, 32;
    %concati/vec4 2863311530, 0, 32;
    %concati/vec4 2863311530, 0, 32;
    %concati/vec4 2863311530, 0, 32;
    %concati/vec4 2863311530, 0, 32;
    %store/vec4 v0x6000006718c0_0, 0, 1200;
    %end;
    .thread T_14, $init;
    .scope S_0x7fe5fca09fb0;
T_15 ;
    %delay 10000, 0;
    %load/vec4 v0x60000066c2d0_0;
    %nor/r;
    %store/vec4 v0x60000066c2d0_0, 0, 1;
    %jmp T_15;
    .thread T_15;
    .scope S_0x7fe5fca09fb0;
T_16 ;
    %vpi_call/w 3 48 "$dumpfile", "r_top_level.vcd" {0 0 0};
    %vpi_call/w 3 49 "$dumpvars", 32'sb00000000000000000000000000000000, S_0x7fe5fca09fb0 {0 0 0};
    %vpi_call/w 3 50 "$display", "Starting Sim" {0 0 0};
    %pushi/vec4 0, 0, 1;
    %store/vec4 v0x60000066c2d0_0, 0, 1;
    %delay 10000, 0;
    %pushi/vec4 0, 0, 1;
    %store/vec4 v0x6000006715f0_0, 0, 1;
    %delay 20000, 0;
    %pushi/vec4 1, 0, 1;
    %store/vec4 v0x6000006715f0_0, 0, 1;
    %delay 20000, 0;
    %pushi/vec4 0, 0, 1;
    %store/vec4 v0x6000006715f0_0, 0, 1;
    %vpi_call/w 3 59 "$display", "1: Full message" {0 0 0};
    %pushi/vec4 1, 0, 1;
    %store/vec4 v0x60000066c360_0, 0, 1;
    %delay 20000, 0;
    %fork t_1, S_0x7fe5fca0a8c0;
    %jmp t_0;
    .scope S_0x7fe5fca0a8c0;
t_1 ;
    %pushi/vec4 0, 0, 32;
    %store/vec4 v0x600000664000_0, 0, 32;
T_16.0 ;
    %load/vec4 v0x600000664000_0;
    %cmpi/s 28, 0, 32;
    %jmp/0xz T_16.1, 5;
    %pushi/vec4 1, 0, 2;
    %store/vec4 v0x600000671710_0, 0, 2;
    %delay 20000, 0;
    %load/vec4 v0x600000664000_0;
    %addi 1, 0, 32;
    %cast2;
    %store/vec4 v0x600000664000_0, 0, 32;
    %jmp T_16.0;
T_16.1 ;
    %end;
    .scope S_0x7fe5fca09fb0;
t_0 %join;
    %fork t_3, S_0x7fe5fca0aa30;
    %jmp t_2;
    .scope S_0x7fe5fca0aa30;
t_3 ;
    %pushi/vec4 0, 0, 32;
    %store/vec4 v0x600000664090_0, 0, 32;
T_16.2 ;
    %load/vec4 v0x600000664090_0;
    %cmpi/s 4, 0, 32;
    %jmp/0xz T_16.3, 5;
    %load/vec4 v0x600000664090_0;
    %dup/vec4;
    %pushi/vec4 3, 0, 32;
    %cmp/u;
    %jmp/1 T_16.4, 6;
    %pushi/vec4 1, 0, 2;
    %store/vec4 v0x600000671710_0, 0, 2;
    %jmp T_16.6;
T_16.4 ;
    %pushi/vec4 3, 0, 2;
    %store/vec4 v0x600000671710_0, 0, 2;
    %jmp T_16.6;
T_16.6 ;
    %pop/vec4 1;
    %delay 20000, 0;
    %load/vec4 v0x600000664090_0;
    %addi 1, 0, 32;
    %cast2;
    %store/vec4 v0x600000664090_0, 0, 32;
    %jmp T_16.2;
T_16.3 ;
    %end;
    .scope S_0x7fe5fca09fb0;
t_2 %join;
    %fork t_5, S_0x7fe5fca0aba0;
    %jmp t_4;
    .scope S_0x7fe5fca0aba0;
t_5 ;
    %pushi/vec4 0, 0, 32;
    %store/vec4 v0x600000664120_0, 0, 32;
T_16.7 ;
    %load/vec4 v0x600000664120_0;
    %cmpi/s 24, 0, 32;
    %jmp/0xz T_16.8, 5;
    %load/vec4 v0x60000066c480_0;
    %parti/s 2, 46, 7;
    %store/vec4 v0x600000671710_0, 0, 2;
    %load/vec4 v0x60000066c480_0;
    %parti/s 46, 0, 2;
    %load/vec4 v0x60000066c480_0;
    %parti/s 2, 46, 7;
    %concat/vec4; draw_concat_vec4
    %store/vec4 v0x60000066c480_0, 0, 48;
    %delay 20000, 0;
    %load/vec4 v0x600000664120_0;
    %addi 1, 0, 32;
    %cast2;
    %store/vec4 v0x600000664120_0, 0, 32;
    %jmp T_16.7;
T_16.8 ;
    %end;
    .scope S_0x7fe5fca09fb0;
t_4 %join;
    %fork t_7, S_0x7fe5fca0ad10;
    %jmp t_6;
    .scope S_0x7fe5fca0ad10;
t_7 ;
    %pushi/vec4 0, 0, 32;
    %store/vec4 v0x6000006641b0_0, 0, 32;
T_16.9 ;
    %load/vec4 v0x6000006641b0_0;
    %cmpi/s 24, 0, 32;
    %jmp/0xz T_16.10, 5;
    %load/vec4 v0x600000671830_0;
    %parti/s 2, 46, 7;
    %store/vec4 v0x600000671710_0, 0, 2;
    %load/vec4 v0x600000671830_0;
    %parti/s 46, 0, 2;
    %load/vec4 v0x600000671830_0;
    %parti/s 2, 46, 7;
    %concat/vec4; draw_concat_vec4
    %store/vec4 v0x600000671830_0, 0, 48;
    %delay 20000, 0;
    %load/vec4 v0x6000006641b0_0;
    %addi 1, 0, 32;
    %cast2;
    %store/vec4 v0x6000006641b0_0, 0, 32;
    %jmp T_16.9;
T_16.10 ;
    %end;
    .scope S_0x7fe5fca09fb0;
t_6 %join;
    %fork t_9, S_0x7fe5fca0aec0;
    %jmp t_8;
    .scope S_0x7fe5fca0aec0;
t_9 ;
    %pushi/vec4 0, 0, 32;
    %store/vec4 v0x600000664240_0, 0, 32;
T_16.11 ;
    %load/vec4 v0x600000664240_0;
    %cmpi/s 8, 0, 32;
    %jmp/0xz T_16.12, 5;
    %load/vec4 v0x600000664240_0;
    %dup/vec4;
    %pushi/vec4 0, 0, 32;
    %cmp/u;
    %jmp/1 T_16.13, 6;
    %dup/vec4;
    %pushi/vec4 4, 0, 32;
    %cmp/u;
    %jmp/1 T_16.14, 6;
    %pushi/vec4 0, 0, 2;
    %store/vec4 v0x600000671710_0, 0, 2;
    %jmp T_16.16;
T_16.13 ;
    %pushi/vec4 1, 0, 2;
    %store/vec4 v0x600000671710_0, 0, 2;
    %jmp T_16.16;
T_16.14 ;
    %pushi/vec4 1, 0, 2;
    %store/vec4 v0x600000671710_0, 0, 2;
    %jmp T_16.16;
T_16.16 ;
    %pop/vec4 1;
    %delay 20000, 0;
    %load/vec4 v0x600000664240_0;
    %addi 1, 0, 32;
    %cast2;
    %store/vec4 v0x600000664240_0, 0, 32;
    %jmp T_16.11;
T_16.12 ;
    %end;
    .scope S_0x7fe5fca09fb0;
t_8 %join;
    %fork t_11, S_0x7fe5fca0b030;
    %jmp t_10;
    .scope S_0x7fe5fca0b030;
t_11 ;
    %pushi/vec4 32, 0, 32;
    %store/vec4 v0x6000006642d0_0, 0, 32;
T_16.17 ;
    %load/vec4 v0x6000006642d0_0;
    %cmpi/s 0, 0, 32;
    %flag_or 5, 4; GT is !LE
    %flag_inv 5;
    %jmp/0xz T_16.18, 5;
    %load/vec4 v0x60000066c3f0_0;
    %load/vec4 v0x6000006642d0_0;
    %subi 1, 0, 32;
    %part/s 1;
    %load/vec4 v0x60000066c3f0_0;
    %load/vec4 v0x6000006642d0_0;
    %subi 2, 0, 32;
    %part/s 1;
    %concat/vec4; draw_concat_vec4
    %store/vec4 v0x600000671710_0, 0, 2;
    %delay 20000, 0;
    %load/vec4 v0x6000006642d0_0;
    %subi 2, 0, 32;
    %cast2;
    %store/vec4 v0x6000006642d0_0, 0, 32;
    %jmp T_16.17;
T_16.18 ;
    %end;
    .scope S_0x7fe5fca09fb0;
t_10 %join;
    %fork t_13, S_0x7fe5fca0b1a0;
    %jmp t_12;
    .scope S_0x7fe5fca0b1a0;
t_13 ;
    %pushi/vec4 32, 0, 32;
    %store/vec4 v0x600000664360_0, 0, 32;
T_16.19 ;
    %load/vec4 v0x600000664360_0;
    %cmpi/s 0, 0, 32;
    %flag_or 5, 4; GT is !LE
    %flag_inv 5;
    %jmp/0xz T_16.20, 5;
    %load/vec4 v0x60000066c240_0;
    %load/vec4 v0x600000664360_0;
    %subi 1, 0, 32;
    %part/s 1;
    %load/vec4 v0x60000066c240_0;
    %load/vec4 v0x600000664360_0;
    %subi 2, 0, 32;
    %part/s 1;
    %concat/vec4; draw_concat_vec4
    %store/vec4 v0x600000671710_0, 0, 2;
    %delay 20000, 0;
    %load/vec4 v0x600000664360_0;
    %subi 2, 0, 32;
    %cast2;
    %store/vec4 v0x600000664360_0, 0, 32;
    %jmp T_16.19;
T_16.20 ;
    %end;
    .scope S_0x7fe5fca09fb0;
t_12 %join;
    %pushi/vec4 0, 0, 1;
    %store/vec4 v0x60000066c360_0, 0, 1;
    %pushi/vec4 0, 0, 2;
    %store/vec4 v0x600000671710_0, 0, 2;
    %delay 20000, 0;
    %delay 200000, 0;
    %vpi_call/w 3 121 "$display", "2: Full output from transmitting but twice in a row" {0 0 0};
    %delay 1000000, 0;
    %pushi/vec4 0, 0, 1;
    %store/vec4 v0x60000066c360_0, 0, 1;
    %pushi/vec4 0, 0, 2;
    %store/vec4 v0x600000671710_0, 0, 2;
    %delay 20000, 0;
    %fork t_15, S_0x7fe5fca0b310;
    %jmp t_14;
    .scope S_0x7fe5fca0b310;
t_15 ;
    %pushi/vec4 1200, 0, 32;
    %store/vec4 v0x6000006643f0_0, 0, 32;
T_16.21 ;
    %load/vec4 v0x6000006643f0_0;
    %cmpi/s 0, 0, 32;
    %flag_or 5, 4; GT is !LE
    %flag_inv 5;
    %jmp/0xz T_16.22, 5;
    %load/vec4 v0x6000006643f0_0;
    %cmpi/e 1184, 0, 32;
    %jmp/0xz  T_16.23, 4;
    %pushi/vec4 1, 0, 1;
    %store/vec4 v0x60000066c360_0, 0, 1;
T_16.23 ;
    %load/vec4 v0x6000006643f0_0;
    %cmpi/e 944, 0, 32;
    %jmp/0xz  T_16.25, 4;
    %pushi/vec4 0, 0, 1;
    %store/vec4 v0x60000066c360_0, 0, 1;
T_16.25 ;
    %load/vec4 v0x6000006643f0_0;
    %cmpi/e 586, 0, 32;
    %jmp/0xz  T_16.27, 4;
    %pushi/vec4 1, 0, 1;
    %store/vec4 v0x60000066c360_0, 0, 1;
T_16.27 ;
    %load/vec4 v0x6000006643f0_0;
    %cmpi/e 346, 0, 32;
    %jmp/0xz  T_16.29, 4;
    %pushi/vec4 0, 0, 1;
    %store/vec4 v0x60000066c360_0, 0, 1;
T_16.29 ;
    %load/vec4 v0x6000006718c0_0;
    %load/vec4 v0x6000006643f0_0;
    %subi 1, 0, 32;
    %part/s 1;
    %load/vec4 v0x6000006718c0_0;
    %load/vec4 v0x6000006643f0_0;
    %subi 2, 0, 32;
    %part/s 1;
    %concat/vec4; draw_concat_vec4
    %store/vec4 v0x600000671710_0, 0, 2;
    %vpi_call/w 3 140 "$display", "%1b - %2b", v0x60000066c360_0, v0x600000671710_0 {0 0 0};
    %delay 20000, 0;
    %load/vec4 v0x6000006643f0_0;
    %subi 2, 0, 32;
    %cast2;
    %store/vec4 v0x6000006643f0_0, 0, 32;
    %jmp T_16.21;
T_16.22 ;
    %end;
    .scope S_0x7fe5fca09fb0;
t_14 %join;
    %vpi_call/w 3 143 "$display", "Finishing Sim" {0 0 0};
    %vpi_call/w 3 144 "$finish" {0 0 0};
    %end;
    .thread T_16;
# The file index is used to find the file name in the following table.
:file_names 12;
    "N/A";
    "<interactive>";
    "-";
    "receiving/sim/top_level_tb.sv";
    "receiving/src/top_level.sv";
    "receiving/src/bitorder.sv";
    "receiving/src/firewall.sv";
    "receiving/src/cksum.sv";
    "receiving/src/crc32.sv";
    "receiving/src/rether.sv";
    "receiving/src/aggregate.sv";
    "receiving/src/seven_segment_controller.sv";
