#! /usr/local/Cellar/icarus-verilog/11.0/bin/vvp
:ivl_version "11.0 (stable)";
:ivl_delay_selection "TYPICAL";
:vpi_time_precision - 12;
:vpi_module "/usr/local/Cellar/icarus-verilog/11.0/lib/ivl/system.vpi";
:vpi_module "/usr/local/Cellar/icarus-verilog/11.0/lib/ivl/vhdl_sys.vpi";
:vpi_module "/usr/local/Cellar/icarus-verilog/11.0/lib/ivl/vhdl_textio.vpi";
:vpi_module "/usr/local/Cellar/icarus-verilog/11.0/lib/ivl/v2005_math.vpi";
:vpi_module "/usr/local/Cellar/icarus-verilog/11.0/lib/ivl/va_math.vpi";
:vpi_module "/usr/local/Cellar/icarus-verilog/11.0/lib/ivl/v2009.vpi";
S_0x7f8ae6304080 .scope package, "$unit" "$unit" 2 1;
 .timescale 0 0;
S_0x7f8ae6304940 .scope module, "top_level_tb" "top_level_tb" 3 4;
 .timescale -9 -12;
v0x6000034fa9a0_0 .var "clk_in", 0 0;
o0x7f8ae6042c98 .functor BUFZ 1, C4<z>; HiZ drive
v0x6000034faa30_0 .net "eth_refclk", 0 0, o0x7f8ae6042c98;  0 drivers
v0x6000034faac0_0 .net "eth_rstn", 0 0, L_0x600002de4070;  1 drivers
v0x6000034fab50_0 .net "eth_txd", 1 0, v0x6000034f97a0_0;  1 drivers
v0x6000034fabe0_0 .net "eth_txen", 0 0, v0x6000034f9830_0;  1 drivers
v0x6000034fac70_0 .var "rst_in", 0 0;
S_0x7f8ae6304ab0 .scope begin, "$ivl_for_loop0" "$ivl_for_loop0" 3 48, 3 48 0, S_0x7f8ae6304940;
 .timescale -9 -12;
v0x6000034f8000_0 .var/2s "i", 31 0;
S_0x7f8ae6304c20 .scope module, "uut" "top_level" 3 17, 4 4 0, S_0x7f8ae6304940;
 .timescale -9 -12;
    .port_info 0 /INPUT 1 "clk";
    .port_info 1 /INPUT 1 "btnc";
    .port_info 2 /OUTPUT 1 "eth_refclk";
    .port_info 3 /OUTPUT 1 "eth_rstn";
    .port_info 4 /OUTPUT 1 "eth_txen";
    .port_info 5 /OUTPUT 2 "eth_txd";
L_0x600002de4000 .functor BUFZ 1, v0x6000034fac70_0, C4<0>, C4<0>, C4<0>;
L_0x600002de4070 .functor NOT 1, v0x6000034fac70_0, C4<0>, C4<0>, C4<0>;
v0x6000034fa0a0_0 .net "bitorder_out_axiod", 1 0, v0x6000034f82d0_0;  1 drivers
v0x6000034fa130_0 .net "bitorder_out_axiov", 0 0, v0x6000034f8360_0;  1 drivers
v0x6000034fa1c0_0 .net "btnc", 0 0, v0x6000034fac70_0;  1 drivers
v0x6000034fa250_0 .net "clk", 0 0, v0x6000034fa9a0_0;  1 drivers
v0x6000034fa2e0_0 .var "counter", 3 0;
v0x6000034fa370_0 .var "data", 31 0;
v0x6000034fa400_0 .var "data_transmitted", 0 0;
v0x6000034fa490_0 .var "eth_axiid", 1 0;
v0x6000034fa520_0 .var "eth_axiiv", 0 0;
v0x6000034fa5b0_0 .net "eth_refclk", 0 0, o0x7f8ae6042c98;  alias, 0 drivers
v0x6000034fa640_0 .net "eth_rstn", 0 0, L_0x600002de4070;  alias, 1 drivers
v0x6000034fa6d0_0 .net "eth_txd", 1 0, v0x6000034f97a0_0;  alias, 1 drivers
v0x6000034fa760_0 .net "eth_txen", 0 0, v0x6000034f9830_0;  alias, 1 drivers
v0x6000034fa7f0_0 .net "identity_axiod", 1 0, v0x6000034f8990_0;  1 drivers
v0x6000034fa880_0 .net "identity_axiov", 0 0, v0x6000034f8a20_0;  1 drivers
v0x6000034fa910_0 .net "sys_rst", 0 0, L_0x600002de4000;  1 drivers
S_0x7f8ae6304d90 .scope module, "bitorder_out" "bitorder" 4 60, 5 4 0, S_0x7f8ae6304c20;
 .timescale -9 -12;
    .port_info 0 /INPUT 1 "clk";
    .port_info 1 /INPUT 1 "rst";
    .port_info 2 /INPUT 1 "axiiv";
    .port_info 3 /INPUT 2 "axiid";
    .port_info 4 /OUTPUT 1 "axiov";
    .port_info 5 /OUTPUT 2 "axiod";
P_0x600003afc100 .param/l "IDLE" 1 5 17, +C4<00000000000000000000000000000000>;
P_0x600003afc140 .param/l "RANDW" 1 5 19, +C4<00000000000000000000000000000010>;
P_0x600003afc180 .param/l "RNOW" 1 5 18, +C4<00000000000000000000000000000001>;
P_0x600003afc1c0 .param/l "WNOR" 1 5 20, +C4<00000000000000000000000000000011>;
v0x6000034f81b0_0 .net "axiid", 1 0, v0x6000034f8990_0;  alias, 1 drivers
v0x6000034f8240_0 .net "axiiv", 0 0, v0x6000034f8a20_0;  alias, 1 drivers
v0x6000034f82d0_0 .var "axiod", 1 0;
v0x6000034f8360_0 .var "axiov", 0 0;
v0x6000034f83f0_0 .var "buf_a", 7 0;
v0x6000034f8480_0 .var "buf_b", 7 0;
v0x6000034f8510_0 .var "buf_counter", 1 0;
v0x6000034f85a0_0 .net "clk", 0 0, v0x6000034fa9a0_0;  alias, 1 drivers
v0x6000034f8630_0 .var "read_buf", 0 0;
v0x6000034f86c0_0 .net "rst", 0 0, L_0x600002de4000;  alias, 1 drivers
v0x6000034f8750_0 .var "state", 1 0;
E_0x6000008e8210 .event posedge, v0x6000034f85a0_0;
S_0x7f8ae6304f00 .scope module, "destandsource" "identity" 4 50, 6 4 0, S_0x7f8ae6304c20;
 .timescale -9 -12;
    .port_info 0 /INPUT 1 "clk";
    .port_info 1 /INPUT 1 "rst";
    .port_info 2 /INPUT 1 "axiiv";
    .port_info 3 /INPUT 2 "axiid";
    .port_info 4 /OUTPUT 1 "axiov";
    .port_info 5 /OUTPUT 2 "axiod";
P_0x600003afc200 .param/l "HEADER" 1 6 22, +C4<00000000000000000000000000000001>;
P_0x600003afc240 .param/l "IDLE" 1 6 21, +C4<00000000000000000000000000000000>;
P_0x600003afc280 .param/l "READTRANSMIT" 1 6 23, +C4<00000000000000000000000000000010>;
P_0x600003afc2c0 .param/l "TRANSMIT" 1 6 24, +C4<00000000000000000000000000000011>;
v0x6000034f8870_0 .net "axiid", 1 0, v0x6000034fa490_0;  1 drivers
v0x6000034f8900_0 .net "axiiv", 0 0, v0x6000034fa520_0;  1 drivers
v0x6000034f8990_0 .var "axiod", 1 0;
v0x6000034f8a20_0 .var "axiov", 0 0;
v0x6000034f8ab0_0 .net "clk", 0 0, v0x6000034fa9a0_0;  alias, 1 drivers
v0x6000034f8b40_0 .var "cycle_counter", 5 0;
v0x6000034f8bd0_0 .var "data_buf", 111 0;
v0x6000034f8c60_0 .var/2s "data_counter", 31 0;
v0x6000034f8cf0_0 .var "destination_addr", 47 0;
v0x6000034f8d80_0 .var "ethertype", 15 0;
v0x6000034f8e10_0 .var "reading_data", 0 0;
v0x6000034f8ea0_0 .net "rst", 0 0, L_0x600002de4000;  alias, 1 drivers
v0x6000034f8f30_0 .var "source_addr", 47 0;
v0x6000034f8fc0_0 .var "state", 1 0;
S_0x7f8ae6305070 .scope module, "ethernet_out" "tether" 4 70, 7 4 0, S_0x7f8ae6304c20;
 .timescale -9 -12;
    .port_info 0 /INPUT 1 "clk";
    .port_info 1 /INPUT 1 "rst";
    .port_info 2 /INPUT 1 "axiiv";
    .port_info 3 /INPUT 2 "axiid";
    .port_info 4 /OUTPUT 1 "axiov";
    .port_info 5 /OUTPUT 2 "axiod";
P_0x7f8ae63051e0 .param/l "FCS" 1 7 17, +C4<00000000000000000000000000000100>;
P_0x7f8ae6305220 .param/l "IDLE" 1 7 13, +C4<00000000000000000000000000000000>;
P_0x7f8ae6305260 .param/l "PREAMBLESFD" 1 7 14, +C4<00000000000000000000000000000001>;
P_0x7f8ae63052a0 .param/l "READTRANSMIT" 1 7 15, +C4<00000000000000000000000000000010>;
P_0x7f8ae63052e0 .param/l "TRANSMIT" 1 7 16, +C4<00000000000000000000000000000011>;
L_0x600002de40e0 .functor OR 1, L_0x600002de4000, v0x6000034f9dd0_0, C4<0>, C4<0>;
v0x6000034f9680_0 .net "axiid", 1 0, v0x6000034f82d0_0;  alias, 1 drivers
v0x6000034f9710_0 .net "axiiv", 0 0, v0x6000034f8360_0;  alias, 1 drivers
v0x6000034f97a0_0 .var "axiod", 1 0;
v0x6000034f9830_0 .var "axiov", 0 0;
v0x6000034f98c0_0 .var "checksum_collected", 0 0;
v0x6000034f9950_0 .net "clk", 0 0, v0x6000034fa9a0_0;  alias, 1 drivers
v0x6000034f99e0_0 .net "crc_output", 31 0, L_0x600002de4150;  1 drivers
v0x6000034f9a70_0 .net "crc_rst", 0 0, L_0x600002de40e0;  1 drivers
L_0x7f8ae6073008 .functor BUFT 1, C4<1>, C4<0>, C4<0>, C4<0>;
v0x6000034f9b00_0 .net "crcov", 0 0, L_0x7f8ae6073008;  1 drivers
v0x6000034f9b90_0 .var "cycle_counter", 4 0;
v0x6000034f9c20_0 .var "data_buf", 63 0;
v0x6000034f9cb0_0 .var/2s "data_counter", 31 0;
v0x6000034f9d40_0 .var "fcs_buf", 31 0;
v0x6000034f9dd0_0 .var "manual_rst", 0 0;
v0x6000034f9e60_0 .var "reading_data", 0 0;
v0x6000034f9ef0_0 .net "rst", 0 0, L_0x600002de4000;  alias, 1 drivers
v0x6000034f9f80_0 .var "sfd", 7 0;
v0x6000034fa010_0 .var "state", 2 0;
S_0x7f8ae6305320 .scope module, "build_checksum" "crc32" 7 34, 8 22 0, S_0x7f8ae6305070;
 .timescale -9 -12;
    .port_info 0 /INPUT 1 "clk";
    .port_info 1 /INPUT 1 "rst";
    .port_info 2 /INPUT 1 "axiiv";
    .port_info 3 /INPUT 2 "axiid";
    .port_info 4 /OUTPUT 1 "axiov";
    .port_info 5 /OUTPUT 32 "axiod";
L_0x600002de4150 .functor NOT 32, v0x6000034f93b0_0, C4<00000000000000000000000000000000>, C4<00000000000000000000000000000000>, C4<00000000000000000000000000000000>;
v0x6000034f9170_0 .net "axiid", 1 0, v0x6000034f82d0_0;  alias, 1 drivers
v0x6000034f9200_0 .net "axiiv", 0 0, v0x6000034f8360_0;  alias, 1 drivers
v0x6000034f9290_0 .net "axiod", 31 0, L_0x600002de4150;  alias, 1 drivers
v0x6000034f9320_0 .net "axiov", 0 0, L_0x7f8ae6073008;  alias, 1 drivers
v0x6000034f93b0_0 .var "caxiod", 31 0;
v0x6000034f9440_0 .net "clk", 0 0, v0x6000034fa9a0_0;  alias, 1 drivers
v0x6000034f94d0_0 .var/i "i", 31 0;
v0x6000034f9560_0 .net "rst", 0 0, L_0x600002de40e0;  alias, 1 drivers
v0x6000034f95f0_0 .var "saxiod", 31 0;
E_0x6000008e82a0 .event edge, v0x6000034f93b0_0, v0x6000034f82d0_0;
    .scope S_0x7f8ae6304f00;
T_0 ;
    %pushi/vec4 3537024012, 0, 33;
    %concati/vec4 21648, 0, 15;
    %store/vec4 v0x6000034f8f30_0, 0, 48;
    %pushi/vec4 3537024012, 0, 33;
    %concati/vec4 21649, 0, 15;
    %store/vec4 v0x6000034f8cf0_0, 0, 48;
    %pushi/vec4 257, 0, 16;
    %store/vec4 v0x6000034f8d80_0, 0, 16;
    %end;
    .thread T_0, $init;
    .scope S_0x7f8ae6304f00;
T_1 ;
    %wait E_0x6000008e8210;
    %load/vec4 v0x6000034f8ea0_0;
    %cmpi/e 1, 0, 1;
    %jmp/0xz  T_1.0, 4;
    %pushi/vec4 0, 0, 1;
    %assign/vec4 v0x6000034f8a20_0, 0;
    %pushi/vec4 0, 0, 2;
    %assign/vec4 v0x6000034f8990_0, 0;
    %pushi/vec4 0, 0, 32;
    %assign/vec4 v0x6000034f8c60_0, 0;
    %pushi/vec4 0, 0, 6;
    %assign/vec4 v0x6000034f8b40_0, 0;
    %pushi/vec4 0, 0, 2;
    %assign/vec4 v0x6000034f8fc0_0, 0;
T_1.0 ;
    %load/vec4 v0x6000034f8fc0_0;
    %dup/vec4;
    %pushi/vec4 0, 0, 2;
    %cmp/u;
    %jmp/1 T_1.2, 6;
    %dup/vec4;
    %pushi/vec4 1, 0, 2;
    %cmp/u;
    %jmp/1 T_1.3, 6;
    %dup/vec4;
    %pushi/vec4 2, 0, 2;
    %cmp/u;
    %jmp/1 T_1.4, 6;
    %dup/vec4;
    %pushi/vec4 3, 0, 2;
    %cmp/u;
    %jmp/1 T_1.5, 6;
    %jmp T_1.6;
T_1.2 ;
    %load/vec4 v0x6000034f8900_0;
    %cmpi/e 1, 0, 1;
    %jmp/0xz  T_1.7, 4;
    %pushi/vec4 1, 0, 1;
    %assign/vec4 v0x6000034f8a20_0, 0;
    %pushi/vec4 0, 0, 110;
    %load/vec4 v0x6000034f8870_0;
    %concat/vec4; draw_concat_vec4
    %assign/vec4 v0x6000034f8bd0_0, 0;
    %pushi/vec4 1, 0, 1;
    %assign/vec4 v0x6000034f8e10_0, 0;
    %pushi/vec4 1, 0, 32;
    %assign/vec4 v0x6000034f8c60_0, 0;
    %load/vec4 v0x6000034f8cf0_0;
    %parti/s 2, 46, 7;
    %assign/vec4 v0x6000034f8990_0, 0;
    %load/vec4 v0x6000034f8cf0_0;
    %parti/s 46, 0, 2;
    %load/vec4 v0x6000034f8cf0_0;
    %parti/s 2, 46, 7;
    %concat/vec4; draw_concat_vec4
    %assign/vec4 v0x6000034f8cf0_0, 0;
    %pushi/vec4 0, 0, 6;
    %assign/vec4 v0x6000034f8b40_0, 0;
    %pushi/vec4 1, 0, 2;
    %assign/vec4 v0x6000034f8fc0_0, 0;
T_1.7 ;
    %jmp T_1.6;
T_1.3 ;
    %load/vec4 v0x6000034f8b40_0;
    %addi 1, 0, 6;
    %assign/vec4 v0x6000034f8b40_0, 0;
    %load/vec4 v0x6000034f8b40_0;
    %pad/u 32;
    %cmpi/u 23, 0, 32;
    %jmp/0xz  T_1.9, 5;
    %load/vec4 v0x6000034f8cf0_0;
    %parti/s 2, 46, 7;
    %assign/vec4 v0x6000034f8990_0, 0;
    %load/vec4 v0x6000034f8cf0_0;
    %parti/s 46, 0, 2;
    %load/vec4 v0x6000034f8cf0_0;
    %parti/s 2, 46, 7;
    %concat/vec4; draw_concat_vec4
    %assign/vec4 v0x6000034f8cf0_0, 0;
    %jmp T_1.10;
T_1.9 ;
    %pushi/vec4 23, 0, 32;
    %load/vec4 v0x6000034f8b40_0;
    %pad/u 32;
    %cmp/u;
    %flag_get/vec4 4;
    %flag_get/vec4 5;
    %or;
    %load/vec4 v0x6000034f8b40_0;
    %pad/u 32;
    %cmpi/u 47, 0, 32;
    %flag_get/vec4 5;
    %and;
    %flag_set/vec4 8;
    %jmp/0xz  T_1.11, 8;
    %load/vec4 v0x6000034f8f30_0;
    %parti/s 2, 46, 7;
    %assign/vec4 v0x6000034f8990_0, 0;
    %load/vec4 v0x6000034f8f30_0;
    %parti/s 46, 0, 2;
    %load/vec4 v0x6000034f8f30_0;
    %parti/s 2, 46, 7;
    %concat/vec4; draw_concat_vec4
    %assign/vec4 v0x6000034f8f30_0, 0;
    %jmp T_1.12;
T_1.11 ;
    %pushi/vec4 47, 0, 32;
    %load/vec4 v0x6000034f8b40_0;
    %pad/u 32;
    %cmp/u;
    %flag_get/vec4 4;
    %flag_get/vec4 5;
    %or;
    %load/vec4 v0x6000034f8b40_0;
    %pad/u 32;
    %cmpi/u 55, 0, 32;
    %flag_get/vec4 5;
    %and;
    %flag_set/vec4 8;
    %jmp/0xz  T_1.13, 8;
    %load/vec4 v0x6000034f8d80_0;
    %parti/s 2, 14, 5;
    %assign/vec4 v0x6000034f8990_0, 0;
    %load/vec4 v0x6000034f8d80_0;
    %parti/s 14, 0, 2;
    %load/vec4 v0x6000034f8d80_0;
    %parti/s 2, 14, 5;
    %concat/vec4; draw_concat_vec4
    %assign/vec4 v0x6000034f8d80_0, 0;
    %jmp T_1.14;
T_1.13 ;
    %load/vec4 v0x6000034f8900_0;
    %pushi/vec4 1, 0, 1;
    %cmp/e;
    %flag_get/vec4 4;
    %load/vec4 v0x6000034f8e10_0;
    %pushi/vec4 1, 0, 1;
    %cmp/e;
    %flag_get/vec4 4;
    %and;
    %flag_set/vec4 8;
    %jmp/0xz  T_1.15, 8;
    %load/vec4 v0x6000034f8bd0_0;
    %parti/s 2, 110, 8;
    %assign/vec4 v0x6000034f8990_0, 0;
    %load/vec4 v0x6000034f8bd0_0;
    %parti/s 110, 0, 2;
    %load/vec4 v0x6000034f8870_0;
    %concat/vec4; draw_concat_vec4
    %assign/vec4 v0x6000034f8bd0_0, 0;
    %pushi/vec4 2, 0, 2;
    %assign/vec4 v0x6000034f8fc0_0, 0;
    %jmp T_1.16;
T_1.15 ;
    %pushi/vec4 0, 0, 1;
    %assign/vec4 v0x6000034f8e10_0, 0;
    %load/vec4 v0x6000034f8bd0_0;
    %load/vec4 v0x6000034f8c60_0;
    %part/s 1;
    %load/vec4 v0x6000034f8bd0_0;
    %load/vec4 v0x6000034f8c60_0;
    %subi 1, 0, 32;
    %part/s 1;
    %concat/vec4; draw_concat_vec4
    %assign/vec4 v0x6000034f8990_0, 0;
    %load/vec4 v0x6000034f8c60_0;
    %subi 2, 0, 32;
    %cast2;
    %assign/vec4 v0x6000034f8c60_0, 0;
    %pushi/vec4 3, 0, 2;
    %assign/vec4 v0x6000034f8fc0_0, 0;
T_1.16 ;
T_1.14 ;
T_1.12 ;
T_1.10 ;
    %load/vec4 v0x6000034f8b40_0;
    %pad/u 32;
    %cmpi/u 55, 0, 32;
    %jmp/0xz  T_1.17, 5;
    %load/vec4 v0x6000034f8900_0;
    %pushi/vec4 1, 0, 1;
    %cmp/e;
    %flag_get/vec4 4;
    %load/vec4 v0x6000034f8e10_0;
    %pushi/vec4 1, 0, 1;
    %cmp/e;
    %flag_get/vec4 4;
    %and;
    %flag_set/vec4 8;
    %jmp/0xz  T_1.19, 8;
    %load/vec4 v0x6000034f8bd0_0;
    %parti/s 110, 0, 2;
    %load/vec4 v0x6000034f8870_0;
    %concat/vec4; draw_concat_vec4
    %assign/vec4 v0x6000034f8bd0_0, 0;
    %load/vec4 v0x6000034f8c60_0;
    %addi 2, 0, 32;
    %cast2;
    %assign/vec4 v0x6000034f8c60_0, 0;
    %jmp T_1.20;
T_1.19 ;
    %pushi/vec4 0, 0, 1;
    %assign/vec4 v0x6000034f8e10_0, 0;
T_1.20 ;
T_1.17 ;
    %jmp T_1.6;
T_1.4 ;
    %load/vec4 v0x6000034f8900_0;
    %pushi/vec4 1, 0, 1;
    %cmp/e;
    %flag_get/vec4 4;
    %load/vec4 v0x6000034f8e10_0;
    %pushi/vec4 1, 0, 1;
    %cmp/e;
    %flag_get/vec4 4;
    %and;
    %flag_set/vec4 8;
    %jmp/0xz  T_1.21, 8;
    %load/vec4 v0x6000034f8bd0_0;
    %parti/s 2, 110, 8;
    %assign/vec4 v0x6000034f8990_0, 0;
    %load/vec4 v0x6000034f8bd0_0;
    %parti/s 110, 0, 2;
    %load/vec4 v0x6000034f8870_0;
    %concat/vec4; draw_concat_vec4
    %assign/vec4 v0x6000034f8bd0_0, 0;
    %jmp T_1.22;
T_1.21 ;
    %pushi/vec4 0, 0, 1;
    %assign/vec4 v0x6000034f8e10_0, 0;
    %load/vec4 v0x6000034f8bd0_0;
    %load/vec4 v0x6000034f8c60_0;
    %part/s 1;
    %load/vec4 v0x6000034f8bd0_0;
    %load/vec4 v0x6000034f8c60_0;
    %subi 1, 0, 32;
    %part/s 1;
    %concat/vec4; draw_concat_vec4
    %assign/vec4 v0x6000034f8990_0, 0;
    %load/vec4 v0x6000034f8c60_0;
    %subi 2, 0, 32;
    %cast2;
    %assign/vec4 v0x6000034f8c60_0, 0;
    %pushi/vec4 3, 0, 2;
    %assign/vec4 v0x6000034f8fc0_0, 0;
T_1.22 ;
    %jmp T_1.6;
T_1.5 ;
    %load/vec4 v0x6000034f8c60_0;
    %cmpi/s 0, 0, 32;
    %flag_or 5, 4; GT is !LE
    %flag_inv 5;
    %jmp/0xz  T_1.23, 5;
    %load/vec4 v0x6000034f8bd0_0;
    %load/vec4 v0x6000034f8c60_0;
    %part/s 1;
    %load/vec4 v0x6000034f8bd0_0;
    %load/vec4 v0x6000034f8c60_0;
    %subi 1, 0, 32;
    %part/s 1;
    %concat/vec4; draw_concat_vec4
    %assign/vec4 v0x6000034f8990_0, 0;
    %load/vec4 v0x6000034f8c60_0;
    %subi 2, 0, 32;
    %cast2;
    %assign/vec4 v0x6000034f8c60_0, 0;
    %jmp T_1.24;
T_1.23 ;
    %pushi/vec4 0, 0, 1;
    %assign/vec4 v0x6000034f8a20_0, 0;
    %pushi/vec4 0, 0, 32;
    %assign/vec4 v0x6000034f8c60_0, 0;
    %pushi/vec4 0, 0, 6;
    %assign/vec4 v0x6000034f8b40_0, 0;
    %pushi/vec4 0, 0, 2;
    %assign/vec4 v0x6000034f8fc0_0, 0;
T_1.24 ;
    %jmp T_1.6;
T_1.6 ;
    %pop/vec4 1;
    %jmp T_1;
    .thread T_1;
    .scope S_0x7f8ae6304d90;
T_2 ;
    %wait E_0x6000008e8210;
    %load/vec4 v0x6000034f86c0_0;
    %flag_set/vec4 8;
    %jmp/0xz  T_2.0, 8;
    %pushi/vec4 0, 0, 1;
    %assign/vec4 v0x6000034f8630_0, 0;
    %pushi/vec4 0, 0, 2;
    %assign/vec4 v0x6000034f8510_0, 0;
    %pushi/vec4 0, 0, 8;
    %assign/vec4 v0x6000034f83f0_0, 0;
    %pushi/vec4 0, 0, 8;
    %assign/vec4 v0x6000034f8480_0, 0;
    %pushi/vec4 0, 0, 1;
    %assign/vec4 v0x6000034f8360_0, 0;
    %pushi/vec4 0, 0, 2;
    %assign/vec4 v0x6000034f8750_0, 0;
T_2.0 ;
    %load/vec4 v0x6000034f8750_0;
    %dup/vec4;
    %pushi/vec4 0, 0, 2;
    %cmp/u;
    %jmp/1 T_2.2, 6;
    %dup/vec4;
    %pushi/vec4 1, 0, 2;
    %cmp/u;
    %jmp/1 T_2.3, 6;
    %dup/vec4;
    %pushi/vec4 2, 0, 2;
    %cmp/u;
    %jmp/1 T_2.4, 6;
    %dup/vec4;
    %pushi/vec4 3, 0, 2;
    %cmp/u;
    %jmp/1 T_2.5, 6;
    %jmp T_2.6;
T_2.2 ;
    %pushi/vec4 0, 0, 2;
    %assign/vec4 v0x6000034f82d0_0, 0;
    %pushi/vec4 0, 0, 1;
    %assign/vec4 v0x6000034f8360_0, 0;
    %load/vec4 v0x6000034f8240_0;
    %cmpi/e 1, 0, 1;
    %jmp/0xz  T_2.7, 4;
    %pushi/vec4 0, 0, 8;
    %assign/vec4 v0x6000034f8480_0, 0;
    %load/vec4 v0x6000034f81b0_0;
    %concati/vec4 0, 0, 6;
    %assign/vec4 v0x6000034f83f0_0, 0;
    %pushi/vec4 0, 0, 1;
    %assign/vec4 v0x6000034f8630_0, 0;
    %pushi/vec4 0, 0, 2;
    %assign/vec4 v0x6000034f8510_0, 0;
    %pushi/vec4 1, 0, 2;
    %assign/vec4 v0x6000034f8750_0, 0;
T_2.7 ;
    %jmp T_2.6;
T_2.3 ;
    %load/vec4 v0x6000034f8240_0;
    %cmpi/e 1, 0, 1;
    %jmp/0xz  T_2.9, 4;
    %load/vec4 v0x6000034f8510_0;
    %pad/u 32;
    %cmpi/e 3, 0, 32;
    %jmp/0xz  T_2.11, 4;
    %load/vec4 v0x6000034f81b0_0;
    %load/vec4 v0x6000034f8480_0;
    %parti/s 6, 2, 3;
    %concat/vec4; draw_concat_vec4
    %assign/vec4 v0x6000034f8480_0, 0;
    %load/vec4 v0x6000034f83f0_0;
    %parti/s 2, 6, 4;
    %assign/vec4 v0x6000034f82d0_0, 0;
    %pushi/vec4 1, 0, 1;
    %assign/vec4 v0x6000034f8360_0, 0;
    %load/vec4 v0x6000034f8630_0;
    %inv;
    %assign/vec4 v0x6000034f8630_0, 0;
    %pushi/vec4 0, 0, 2;
    %assign/vec4 v0x6000034f8510_0, 0;
    %pushi/vec4 2, 0, 2;
    %assign/vec4 v0x6000034f8750_0, 0;
    %jmp T_2.12;
T_2.11 ;
    %load/vec4 v0x6000034f81b0_0;
    %load/vec4 v0x6000034f83f0_0;
    %parti/s 6, 2, 3;
    %concat/vec4; draw_concat_vec4
    %assign/vec4 v0x6000034f83f0_0, 0;
    %load/vec4 v0x6000034f8510_0;
    %addi 1, 0, 2;
    %assign/vec4 v0x6000034f8510_0, 0;
T_2.12 ;
    %jmp T_2.10;
T_2.9 ;
    %load/vec4 v0x6000034f8510_0;
    %pad/u 32;
    %cmpi/e 3, 0, 32;
    %jmp/0xz  T_2.13, 4;
    %load/vec4 v0x6000034f83f0_0;
    %parti/s 2, 6, 4;
    %assign/vec4 v0x6000034f82d0_0, 0;
    %pushi/vec4 1, 0, 1;
    %assign/vec4 v0x6000034f8360_0, 0;
    %pushi/vec4 1, 0, 1;
    %assign/vec4 v0x6000034f8630_0, 0;
    %pushi/vec4 0, 0, 2;
    %assign/vec4 v0x6000034f8510_0, 0;
    %pushi/vec4 3, 0, 2;
    %assign/vec4 v0x6000034f8750_0, 0;
    %jmp T_2.14;
T_2.13 ;
    %pushi/vec4 0, 0, 2;
    %assign/vec4 v0x6000034f8510_0, 0;
    %pushi/vec4 0, 0, 8;
    %assign/vec4 v0x6000034f83f0_0, 0;
    %pushi/vec4 0, 0, 2;
    %assign/vec4 v0x6000034f8750_0, 0;
T_2.14 ;
T_2.10 ;
    %jmp T_2.6;
T_2.4 ;
    %pushi/vec4 1, 0, 1;
    %assign/vec4 v0x6000034f8360_0, 0;
    %load/vec4 v0x6000034f8240_0;
    %cmpi/e 1, 0, 1;
    %jmp/0xz  T_2.15, 4;
    %load/vec4 v0x6000034f8630_0;
    %cmpi/e 0, 0, 1;
    %jmp/0xz  T_2.17, 4;
    %load/vec4 v0x6000034f8510_0;
    %dup/vec4;
    %pushi/vec4 3, 0, 2;
    %cmp/u;
    %jmp/1 T_2.19, 6;
    %dup/vec4;
    %pushi/vec4 0, 0, 2;
    %cmp/u;
    %jmp/1 T_2.20, 6;
    %dup/vec4;
    %pushi/vec4 1, 0, 2;
    %cmp/u;
    %jmp/1 T_2.21, 6;
    %dup/vec4;
    %pushi/vec4 2, 0, 2;
    %cmp/u;
    %jmp/1 T_2.22, 6;
    %jmp T_2.23;
T_2.19 ;
    %load/vec4 v0x6000034f81b0_0;
    %load/vec4 v0x6000034f8480_0;
    %parti/s 6, 2, 3;
    %concat/vec4; draw_concat_vec4
    %assign/vec4 v0x6000034f8480_0, 0;
    %load/vec4 v0x6000034f83f0_0;
    %parti/s 2, 6, 4;
    %assign/vec4 v0x6000034f82d0_0, 0;
    %jmp T_2.23;
T_2.20 ;
    %load/vec4 v0x6000034f81b0_0;
    %load/vec4 v0x6000034f83f0_0;
    %parti/s 6, 2, 3;
    %concat/vec4; draw_concat_vec4
    %assign/vec4 v0x6000034f83f0_0, 0;
    %load/vec4 v0x6000034f8480_0;
    %parti/s 2, 4, 4;
    %assign/vec4 v0x6000034f82d0_0, 0;
    %jmp T_2.23;
T_2.21 ;
    %load/vec4 v0x6000034f81b0_0;
    %load/vec4 v0x6000034f83f0_0;
    %parti/s 6, 2, 3;
    %concat/vec4; draw_concat_vec4
    %assign/vec4 v0x6000034f83f0_0, 0;
    %load/vec4 v0x6000034f8480_0;
    %parti/s 2, 2, 3;
    %assign/vec4 v0x6000034f82d0_0, 0;
    %jmp T_2.23;
T_2.22 ;
    %load/vec4 v0x6000034f81b0_0;
    %load/vec4 v0x6000034f83f0_0;
    %parti/s 6, 2, 3;
    %concat/vec4; draw_concat_vec4
    %assign/vec4 v0x6000034f83f0_0, 0;
    %load/vec4 v0x6000034f8480_0;
    %parti/s 2, 0, 2;
    %assign/vec4 v0x6000034f82d0_0, 0;
    %jmp T_2.23;
T_2.23 ;
    %pop/vec4 1;
    %jmp T_2.18;
T_2.17 ;
    %load/vec4 v0x6000034f8510_0;
    %dup/vec4;
    %pushi/vec4 3, 0, 2;
    %cmp/u;
    %jmp/1 T_2.24, 6;
    %dup/vec4;
    %pushi/vec4 0, 0, 2;
    %cmp/u;
    %jmp/1 T_2.25, 6;
    %dup/vec4;
    %pushi/vec4 1, 0, 2;
    %cmp/u;
    %jmp/1 T_2.26, 6;
    %dup/vec4;
    %pushi/vec4 2, 0, 2;
    %cmp/u;
    %jmp/1 T_2.27, 6;
    %jmp T_2.28;
T_2.24 ;
    %load/vec4 v0x6000034f81b0_0;
    %load/vec4 v0x6000034f83f0_0;
    %parti/s 6, 2, 3;
    %concat/vec4; draw_concat_vec4
    %assign/vec4 v0x6000034f83f0_0, 0;
    %load/vec4 v0x6000034f8480_0;
    %parti/s 2, 6, 4;
    %assign/vec4 v0x6000034f82d0_0, 0;
    %jmp T_2.28;
T_2.25 ;
    %load/vec4 v0x6000034f81b0_0;
    %load/vec4 v0x6000034f8480_0;
    %parti/s 6, 2, 3;
    %concat/vec4; draw_concat_vec4
    %assign/vec4 v0x6000034f8480_0, 0;
    %load/vec4 v0x6000034f83f0_0;
    %parti/s 2, 4, 4;
    %assign/vec4 v0x6000034f82d0_0, 0;
    %jmp T_2.28;
T_2.26 ;
    %load/vec4 v0x6000034f81b0_0;
    %load/vec4 v0x6000034f8480_0;
    %parti/s 6, 2, 3;
    %concat/vec4; draw_concat_vec4
    %assign/vec4 v0x6000034f8480_0, 0;
    %load/vec4 v0x6000034f83f0_0;
    %parti/s 2, 2, 3;
    %assign/vec4 v0x6000034f82d0_0, 0;
    %jmp T_2.28;
T_2.27 ;
    %load/vec4 v0x6000034f81b0_0;
    %load/vec4 v0x6000034f8480_0;
    %parti/s 6, 2, 3;
    %concat/vec4; draw_concat_vec4
    %assign/vec4 v0x6000034f8480_0, 0;
    %load/vec4 v0x6000034f83f0_0;
    %parti/s 2, 0, 2;
    %assign/vec4 v0x6000034f82d0_0, 0;
    %jmp T_2.28;
T_2.28 ;
    %pop/vec4 1;
T_2.18 ;
    %load/vec4 v0x6000034f8510_0;
    %pad/u 32;
    %cmpi/e 3, 0, 32;
    %jmp/0xz  T_2.29, 4;
    %load/vec4 v0x6000034f8630_0;
    %inv;
    %assign/vec4 v0x6000034f8630_0, 0;
    %pushi/vec4 0, 0, 2;
    %assign/vec4 v0x6000034f8510_0, 0;
    %jmp T_2.30;
T_2.29 ;
    %load/vec4 v0x6000034f8510_0;
    %addi 1, 0, 2;
    %assign/vec4 v0x6000034f8510_0, 0;
T_2.30 ;
    %jmp T_2.16;
T_2.15 ;
    %load/vec4 v0x6000034f8630_0;
    %cmpi/e 0, 0, 1;
    %jmp/0xz  T_2.31, 4;
    %load/vec4 v0x6000034f8510_0;
    %dup/vec4;
    %pushi/vec4 3, 0, 2;
    %cmp/u;
    %jmp/1 T_2.33, 6;
    %dup/vec4;
    %pushi/vec4 0, 0, 2;
    %cmp/u;
    %jmp/1 T_2.34, 6;
    %dup/vec4;
    %pushi/vec4 1, 0, 2;
    %cmp/u;
    %jmp/1 T_2.35, 6;
    %dup/vec4;
    %pushi/vec4 2, 0, 2;
    %cmp/u;
    %jmp/1 T_2.36, 6;
    %jmp T_2.37;
T_2.33 ;
    %load/vec4 v0x6000034f83f0_0;
    %parti/s 2, 6, 4;
    %assign/vec4 v0x6000034f82d0_0, 0;
    %jmp T_2.37;
T_2.34 ;
    %load/vec4 v0x6000034f8480_0;
    %parti/s 2, 4, 4;
    %assign/vec4 v0x6000034f82d0_0, 0;
    %jmp T_2.37;
T_2.35 ;
    %load/vec4 v0x6000034f8480_0;
    %parti/s 2, 2, 3;
    %assign/vec4 v0x6000034f82d0_0, 0;
    %jmp T_2.37;
T_2.36 ;
    %load/vec4 v0x6000034f8480_0;
    %parti/s 2, 0, 2;
    %assign/vec4 v0x6000034f82d0_0, 0;
    %jmp T_2.37;
T_2.37 ;
    %pop/vec4 1;
    %jmp T_2.32;
T_2.31 ;
    %load/vec4 v0x6000034f8510_0;
    %dup/vec4;
    %pushi/vec4 3, 0, 2;
    %cmp/u;
    %jmp/1 T_2.38, 6;
    %dup/vec4;
    %pushi/vec4 0, 0, 2;
    %cmp/u;
    %jmp/1 T_2.39, 6;
    %dup/vec4;
    %pushi/vec4 1, 0, 2;
    %cmp/u;
    %jmp/1 T_2.40, 6;
    %dup/vec4;
    %pushi/vec4 2, 0, 2;
    %cmp/u;
    %jmp/1 T_2.41, 6;
    %jmp T_2.42;
T_2.38 ;
    %load/vec4 v0x6000034f8480_0;
    %parti/s 2, 6, 4;
    %assign/vec4 v0x6000034f82d0_0, 0;
    %jmp T_2.42;
T_2.39 ;
    %load/vec4 v0x6000034f83f0_0;
    %parti/s 2, 4, 4;
    %assign/vec4 v0x6000034f82d0_0, 0;
    %jmp T_2.42;
T_2.40 ;
    %load/vec4 v0x6000034f83f0_0;
    %parti/s 2, 2, 3;
    %assign/vec4 v0x6000034f82d0_0, 0;
    %jmp T_2.42;
T_2.41 ;
    %load/vec4 v0x6000034f83f0_0;
    %parti/s 2, 0, 2;
    %assign/vec4 v0x6000034f82d0_0, 0;
    %jmp T_2.42;
T_2.42 ;
    %pop/vec4 1;
T_2.32 ;
    %pushi/vec4 1, 0, 1;
    %assign/vec4 v0x6000034f8360_0, 0;
    %load/vec4 v0x6000034f8510_0;
    %pad/u 32;
    %cmpi/e 3, 0, 32;
    %jmp/0xz  T_2.43, 4;
    %pushi/vec4 0, 0, 2;
    %assign/vec4 v0x6000034f8510_0, 0;
    %load/vec4 v0x6000034f8630_0;
    %inv;
    %assign/vec4 v0x6000034f8630_0, 0;
    %pushi/vec4 3, 0, 2;
    %assign/vec4 v0x6000034f8750_0, 0;
    %jmp T_2.44;
T_2.43 ;
    %load/vec4 v0x6000034f8510_0;
    %addi 1, 0, 2;
    %assign/vec4 v0x6000034f8510_0, 0;
    %pushi/vec4 3, 0, 2;
    %assign/vec4 v0x6000034f8750_0, 0;
T_2.44 ;
T_2.16 ;
    %jmp T_2.6;
T_2.5 ;
    %pushi/vec4 1, 0, 1;
    %assign/vec4 v0x6000034f8360_0, 0;
    %load/vec4 v0x6000034f8630_0;
    %cmpi/e 0, 0, 1;
    %jmp/0xz  T_2.45, 4;
    %load/vec4 v0x6000034f8510_0;
    %dup/vec4;
    %pushi/vec4 3, 0, 2;
    %cmp/u;
    %jmp/1 T_2.47, 6;
    %dup/vec4;
    %pushi/vec4 0, 0, 2;
    %cmp/u;
    %jmp/1 T_2.48, 6;
    %dup/vec4;
    %pushi/vec4 1, 0, 2;
    %cmp/u;
    %jmp/1 T_2.49, 6;
    %dup/vec4;
    %pushi/vec4 2, 0, 2;
    %cmp/u;
    %jmp/1 T_2.50, 6;
    %jmp T_2.51;
T_2.47 ;
    %load/vec4 v0x6000034f8480_0;
    %parti/s 2, 6, 4;
    %assign/vec4 v0x6000034f82d0_0, 0;
    %jmp T_2.51;
T_2.48 ;
    %load/vec4 v0x6000034f8480_0;
    %parti/s 2, 4, 4;
    %assign/vec4 v0x6000034f82d0_0, 0;
    %jmp T_2.51;
T_2.49 ;
    %load/vec4 v0x6000034f8480_0;
    %parti/s 2, 2, 3;
    %assign/vec4 v0x6000034f82d0_0, 0;
    %jmp T_2.51;
T_2.50 ;
    %load/vec4 v0x6000034f8480_0;
    %parti/s 2, 0, 2;
    %assign/vec4 v0x6000034f82d0_0, 0;
    %jmp T_2.51;
T_2.51 ;
    %pop/vec4 1;
    %jmp T_2.46;
T_2.45 ;
    %load/vec4 v0x6000034f8510_0;
    %dup/vec4;
    %pushi/vec4 3, 0, 2;
    %cmp/u;
    %jmp/1 T_2.52, 6;
    %dup/vec4;
    %pushi/vec4 0, 0, 2;
    %cmp/u;
    %jmp/1 T_2.53, 6;
    %dup/vec4;
    %pushi/vec4 1, 0, 2;
    %cmp/u;
    %jmp/1 T_2.54, 6;
    %dup/vec4;
    %pushi/vec4 2, 0, 2;
    %cmp/u;
    %jmp/1 T_2.55, 6;
    %jmp T_2.56;
T_2.52 ;
    %load/vec4 v0x6000034f83f0_0;
    %parti/s 2, 6, 4;
    %assign/vec4 v0x6000034f82d0_0, 0;
    %jmp T_2.56;
T_2.53 ;
    %load/vec4 v0x6000034f83f0_0;
    %parti/s 2, 4, 4;
    %assign/vec4 v0x6000034f82d0_0, 0;
    %jmp T_2.56;
T_2.54 ;
    %load/vec4 v0x6000034f83f0_0;
    %parti/s 2, 2, 3;
    %assign/vec4 v0x6000034f82d0_0, 0;
    %jmp T_2.56;
T_2.55 ;
    %load/vec4 v0x6000034f83f0_0;
    %parti/s 2, 0, 2;
    %assign/vec4 v0x6000034f82d0_0, 0;
    %jmp T_2.56;
T_2.56 ;
    %pop/vec4 1;
T_2.46 ;
    %load/vec4 v0x6000034f8510_0;
    %pad/u 32;
    %cmpi/e 3, 0, 32;
    %jmp/0xz  T_2.57, 4;
    %pushi/vec4 0, 0, 1;
    %assign/vec4 v0x6000034f8360_0, 0;
    %pushi/vec4 0, 0, 2;
    %assign/vec4 v0x6000034f82d0_0, 0;
    %pushi/vec4 0, 0, 2;
    %assign/vec4 v0x6000034f8510_0, 0;
    %pushi/vec4 0, 0, 2;
    %assign/vec4 v0x6000034f8750_0, 0;
    %jmp T_2.58;
T_2.57 ;
    %load/vec4 v0x6000034f8510_0;
    %addi 1, 0, 2;
    %assign/vec4 v0x6000034f8510_0, 0;
T_2.58 ;
    %jmp T_2.6;
T_2.6 ;
    %pop/vec4 1;
    %jmp T_2;
    .thread T_2;
    .scope S_0x7f8ae6305320;
T_3 ;
    %wait E_0x6000008e82a0;
    %pushi/vec4 0, 0, 32;
    %store/vec4 v0x6000034f94d0_0, 0, 32;
T_3.0 ;
    %load/vec4 v0x6000034f94d0_0;
    %cmpi/s 32, 0, 32;
    %jmp/0xz T_3.1, 5;
    %load/vec4 v0x6000034f94d0_0;
    %dup/vec4;
    %pushi/vec4 0, 0, 32;
    %cmp/u;
    %jmp/1 T_3.2, 6;
    %dup/vec4;
    %pushi/vec4 1, 0, 32;
    %cmp/u;
    %jmp/1 T_3.3, 6;
    %dup/vec4;
    %pushi/vec4 4, 0, 32;
    %cmp/u;
    %jmp/1 T_3.4, 6;
    %dup/vec4;
    %pushi/vec4 7, 0, 32;
    %cmp/u;
    %jmp/1 T_3.5, 6;
    %dup/vec4;
    %pushi/vec4 10, 0, 32;
    %cmp/u;
    %jmp/1 T_3.6, 6;
    %dup/vec4;
    %pushi/vec4 16, 0, 32;
    %cmp/u;
    %jmp/1 T_3.7, 6;
    %dup/vec4;
    %pushi/vec4 22, 0, 32;
    %cmp/u;
    %jmp/1 T_3.8, 6;
    %dup/vec4;
    %pushi/vec4 26, 0, 32;
    %cmp/u;
    %jmp/1 T_3.9, 6;
    %dup/vec4;
    %pushi/vec4 2, 0, 32;
    %cmp/u;
    %jmp/1 T_3.10, 6;
    %dup/vec4;
    %pushi/vec4 5, 0, 32;
    %cmp/u;
    %jmp/1 T_3.11, 6;
    %dup/vec4;
    %pushi/vec4 8, 0, 32;
    %cmp/u;
    %jmp/1 T_3.12, 6;
    %dup/vec4;
    %pushi/vec4 11, 0, 32;
    %cmp/u;
    %jmp/1 T_3.13, 6;
    %dup/vec4;
    %pushi/vec4 12, 0, 32;
    %cmp/u;
    %jmp/1 T_3.14, 6;
    %dup/vec4;
    %pushi/vec4 23, 0, 32;
    %cmp/u;
    %jmp/1 T_3.15, 6;
    %dup/vec4;
    %pushi/vec4 3, 0, 32;
    %cmp/u;
    %jmp/1 T_3.16, 6;
    %dup/vec4;
    %pushi/vec4 6, 0, 32;
    %cmp/u;
    %jmp/1 T_3.17, 6;
    %dup/vec4;
    %pushi/vec4 9, 0, 32;
    %cmp/u;
    %jmp/1 T_3.18, 6;
    %dup/vec4;
    %pushi/vec4 13, 0, 32;
    %cmp/u;
    %jmp/1 T_3.19, 6;
    %dup/vec4;
    %pushi/vec4 17, 0, 32;
    %cmp/u;
    %jmp/1 T_3.20, 6;
    %dup/vec4;
    %pushi/vec4 24, 0, 32;
    %cmp/u;
    %jmp/1 T_3.21, 6;
    %dup/vec4;
    %pushi/vec4 27, 0, 32;
    %cmp/u;
    %jmp/1 T_3.22, 6;
    %load/vec4 v0x6000034f93b0_0;
    %load/vec4 v0x6000034f94d0_0;
    %subi 2, 0, 32;
    %part/s 1;
    %ix/getv/s 4, v0x6000034f94d0_0;
    %store/vec4 v0x6000034f95f0_0, 4, 1;
    %jmp T_3.24;
T_3.2 ;
    %load/vec4 v0x6000034f93b0_0;
    %parti/s 1, 30, 6;
    %load/vec4 v0x6000034f9170_0;
    %parti/s 1, 1, 2;
    %xor;
    %ix/getv/s 4, v0x6000034f94d0_0;
    %store/vec4 v0x6000034f95f0_0, 4, 1;
    %jmp T_3.24;
T_3.3 ;
    %load/vec4 v0x6000034f93b0_0;
    %parti/s 1, 31, 6;
    %load/vec4 v0x6000034f9170_0;
    %parti/s 1, 0, 2;
    %xor;
    %load/vec4 v0x6000034f93b0_0;
    %parti/s 1, 30, 6;
    %load/vec4 v0x6000034f9170_0;
    %parti/s 1, 1, 2;
    %xor;
    %xor;
    %ix/getv/s 4, v0x6000034f94d0_0;
    %store/vec4 v0x6000034f95f0_0, 4, 1;
    %jmp T_3.24;
T_3.4 ;
    %load/vec4 v0x6000034f93b0_0;
    %load/vec4 v0x6000034f94d0_0;
    %subi 2, 0, 32;
    %part/s 1;
    %load/vec4 v0x6000034f93b0_0;
    %parti/s 1, 30, 6;
    %load/vec4 v0x6000034f9170_0;
    %parti/s 1, 1, 2;
    %xor;
    %xor;
    %ix/getv/s 4, v0x6000034f94d0_0;
    %store/vec4 v0x6000034f95f0_0, 4, 1;
    %jmp T_3.24;
T_3.5 ;
    %load/vec4 v0x6000034f93b0_0;
    %load/vec4 v0x6000034f94d0_0;
    %subi 2, 0, 32;
    %part/s 1;
    %load/vec4 v0x6000034f93b0_0;
    %parti/s 1, 30, 6;
    %load/vec4 v0x6000034f9170_0;
    %parti/s 1, 1, 2;
    %xor;
    %xor;
    %ix/getv/s 4, v0x6000034f94d0_0;
    %store/vec4 v0x6000034f95f0_0, 4, 1;
    %jmp T_3.24;
T_3.6 ;
    %load/vec4 v0x6000034f93b0_0;
    %load/vec4 v0x6000034f94d0_0;
    %subi 2, 0, 32;
    %part/s 1;
    %load/vec4 v0x6000034f93b0_0;
    %parti/s 1, 30, 6;
    %load/vec4 v0x6000034f9170_0;
    %parti/s 1, 1, 2;
    %xor;
    %xor;
    %ix/getv/s 4, v0x6000034f94d0_0;
    %store/vec4 v0x6000034f95f0_0, 4, 1;
    %jmp T_3.24;
T_3.7 ;
    %load/vec4 v0x6000034f93b0_0;
    %load/vec4 v0x6000034f94d0_0;
    %subi 2, 0, 32;
    %part/s 1;
    %load/vec4 v0x6000034f93b0_0;
    %parti/s 1, 30, 6;
    %load/vec4 v0x6000034f9170_0;
    %parti/s 1, 1, 2;
    %xor;
    %xor;
    %ix/getv/s 4, v0x6000034f94d0_0;
    %store/vec4 v0x6000034f95f0_0, 4, 1;
    %jmp T_3.24;
T_3.8 ;
    %load/vec4 v0x6000034f93b0_0;
    %load/vec4 v0x6000034f94d0_0;
    %subi 2, 0, 32;
    %part/s 1;
    %load/vec4 v0x6000034f93b0_0;
    %parti/s 1, 30, 6;
    %load/vec4 v0x6000034f9170_0;
    %parti/s 1, 1, 2;
    %xor;
    %xor;
    %ix/getv/s 4, v0x6000034f94d0_0;
    %store/vec4 v0x6000034f95f0_0, 4, 1;
    %jmp T_3.24;
T_3.9 ;
    %load/vec4 v0x6000034f93b0_0;
    %load/vec4 v0x6000034f94d0_0;
    %subi 2, 0, 32;
    %part/s 1;
    %load/vec4 v0x6000034f93b0_0;
    %parti/s 1, 30, 6;
    %load/vec4 v0x6000034f9170_0;
    %parti/s 1, 1, 2;
    %xor;
    %xor;
    %ix/getv/s 4, v0x6000034f94d0_0;
    %store/vec4 v0x6000034f95f0_0, 4, 1;
    %jmp T_3.24;
T_3.10 ;
    %load/vec4 v0x6000034f93b0_0;
    %load/vec4 v0x6000034f94d0_0;
    %subi 2, 0, 32;
    %part/s 1;
    %load/vec4 v0x6000034f93b0_0;
    %parti/s 1, 31, 6;
    %load/vec4 v0x6000034f9170_0;
    %parti/s 1, 0, 2;
    %xor;
    %load/vec4 v0x6000034f93b0_0;
    %parti/s 1, 30, 6;
    %load/vec4 v0x6000034f9170_0;
    %parti/s 1, 1, 2;
    %xor;
    %xor;
    %xor;
    %ix/getv/s 4, v0x6000034f94d0_0;
    %store/vec4 v0x6000034f95f0_0, 4, 1;
    %jmp T_3.24;
T_3.11 ;
    %load/vec4 v0x6000034f93b0_0;
    %load/vec4 v0x6000034f94d0_0;
    %subi 2, 0, 32;
    %part/s 1;
    %load/vec4 v0x6000034f93b0_0;
    %parti/s 1, 31, 6;
    %load/vec4 v0x6000034f9170_0;
    %parti/s 1, 0, 2;
    %xor;
    %load/vec4 v0x6000034f93b0_0;
    %parti/s 1, 30, 6;
    %load/vec4 v0x6000034f9170_0;
    %parti/s 1, 1, 2;
    %xor;
    %xor;
    %xor;
    %ix/getv/s 4, v0x6000034f94d0_0;
    %store/vec4 v0x6000034f95f0_0, 4, 1;
    %jmp T_3.24;
T_3.12 ;
    %load/vec4 v0x6000034f93b0_0;
    %load/vec4 v0x6000034f94d0_0;
    %subi 2, 0, 32;
    %part/s 1;
    %load/vec4 v0x6000034f93b0_0;
    %parti/s 1, 31, 6;
    %load/vec4 v0x6000034f9170_0;
    %parti/s 1, 0, 2;
    %xor;
    %load/vec4 v0x6000034f93b0_0;
    %parti/s 1, 30, 6;
    %load/vec4 v0x6000034f9170_0;
    %parti/s 1, 1, 2;
    %xor;
    %xor;
    %xor;
    %ix/getv/s 4, v0x6000034f94d0_0;
    %store/vec4 v0x6000034f95f0_0, 4, 1;
    %jmp T_3.24;
T_3.13 ;
    %load/vec4 v0x6000034f93b0_0;
    %load/vec4 v0x6000034f94d0_0;
    %subi 2, 0, 32;
    %part/s 1;
    %load/vec4 v0x6000034f93b0_0;
    %parti/s 1, 31, 6;
    %load/vec4 v0x6000034f9170_0;
    %parti/s 1, 0, 2;
    %xor;
    %load/vec4 v0x6000034f93b0_0;
    %parti/s 1, 30, 6;
    %load/vec4 v0x6000034f9170_0;
    %parti/s 1, 1, 2;
    %xor;
    %xor;
    %xor;
    %ix/getv/s 4, v0x6000034f94d0_0;
    %store/vec4 v0x6000034f95f0_0, 4, 1;
    %jmp T_3.24;
T_3.14 ;
    %load/vec4 v0x6000034f93b0_0;
    %load/vec4 v0x6000034f94d0_0;
    %subi 2, 0, 32;
    %part/s 1;
    %load/vec4 v0x6000034f93b0_0;
    %parti/s 1, 31, 6;
    %load/vec4 v0x6000034f9170_0;
    %parti/s 1, 0, 2;
    %xor;
    %load/vec4 v0x6000034f93b0_0;
    %parti/s 1, 30, 6;
    %load/vec4 v0x6000034f9170_0;
    %parti/s 1, 1, 2;
    %xor;
    %xor;
    %xor;
    %ix/getv/s 4, v0x6000034f94d0_0;
    %store/vec4 v0x6000034f95f0_0, 4, 1;
    %jmp T_3.24;
T_3.15 ;
    %load/vec4 v0x6000034f93b0_0;
    %load/vec4 v0x6000034f94d0_0;
    %subi 2, 0, 32;
    %part/s 1;
    %load/vec4 v0x6000034f93b0_0;
    %parti/s 1, 31, 6;
    %load/vec4 v0x6000034f9170_0;
    %parti/s 1, 0, 2;
    %xor;
    %load/vec4 v0x6000034f93b0_0;
    %parti/s 1, 30, 6;
    %load/vec4 v0x6000034f9170_0;
    %parti/s 1, 1, 2;
    %xor;
    %xor;
    %xor;
    %ix/getv/s 4, v0x6000034f94d0_0;
    %store/vec4 v0x6000034f95f0_0, 4, 1;
    %jmp T_3.24;
T_3.16 ;
    %load/vec4 v0x6000034f93b0_0;
    %load/vec4 v0x6000034f94d0_0;
    %subi 2, 0, 32;
    %part/s 1;
    %load/vec4 v0x6000034f93b0_0;
    %parti/s 1, 31, 6;
    %load/vec4 v0x6000034f9170_0;
    %parti/s 1, 0, 2;
    %xor;
    %xor;
    %ix/getv/s 4, v0x6000034f94d0_0;
    %store/vec4 v0x6000034f95f0_0, 4, 1;
    %jmp T_3.24;
T_3.17 ;
    %load/vec4 v0x6000034f93b0_0;
    %load/vec4 v0x6000034f94d0_0;
    %subi 2, 0, 32;
    %part/s 1;
    %load/vec4 v0x6000034f93b0_0;
    %parti/s 1, 31, 6;
    %load/vec4 v0x6000034f9170_0;
    %parti/s 1, 0, 2;
    %xor;
    %xor;
    %ix/getv/s 4, v0x6000034f94d0_0;
    %store/vec4 v0x6000034f95f0_0, 4, 1;
    %jmp T_3.24;
T_3.18 ;
    %load/vec4 v0x6000034f93b0_0;
    %load/vec4 v0x6000034f94d0_0;
    %subi 2, 0, 32;
    %part/s 1;
    %load/vec4 v0x6000034f93b0_0;
    %parti/s 1, 31, 6;
    %load/vec4 v0x6000034f9170_0;
    %parti/s 1, 0, 2;
    %xor;
    %xor;
    %ix/getv/s 4, v0x6000034f94d0_0;
    %store/vec4 v0x6000034f95f0_0, 4, 1;
    %jmp T_3.24;
T_3.19 ;
    %load/vec4 v0x6000034f93b0_0;
    %load/vec4 v0x6000034f94d0_0;
    %subi 2, 0, 32;
    %part/s 1;
    %load/vec4 v0x6000034f93b0_0;
    %parti/s 1, 31, 6;
    %load/vec4 v0x6000034f9170_0;
    %parti/s 1, 0, 2;
    %xor;
    %xor;
    %ix/getv/s 4, v0x6000034f94d0_0;
    %store/vec4 v0x6000034f95f0_0, 4, 1;
    %jmp T_3.24;
T_3.20 ;
    %load/vec4 v0x6000034f93b0_0;
    %load/vec4 v0x6000034f94d0_0;
    %subi 2, 0, 32;
    %part/s 1;
    %load/vec4 v0x6000034f93b0_0;
    %parti/s 1, 31, 6;
    %load/vec4 v0x6000034f9170_0;
    %parti/s 1, 0, 2;
    %xor;
    %xor;
    %ix/getv/s 4, v0x6000034f94d0_0;
    %store/vec4 v0x6000034f95f0_0, 4, 1;
    %jmp T_3.24;
T_3.21 ;
    %load/vec4 v0x6000034f93b0_0;
    %load/vec4 v0x6000034f94d0_0;
    %subi 2, 0, 32;
    %part/s 1;
    %load/vec4 v0x6000034f93b0_0;
    %parti/s 1, 31, 6;
    %load/vec4 v0x6000034f9170_0;
    %parti/s 1, 0, 2;
    %xor;
    %xor;
    %ix/getv/s 4, v0x6000034f94d0_0;
    %store/vec4 v0x6000034f95f0_0, 4, 1;
    %jmp T_3.24;
T_3.22 ;
    %load/vec4 v0x6000034f93b0_0;
    %load/vec4 v0x6000034f94d0_0;
    %subi 2, 0, 32;
    %part/s 1;
    %load/vec4 v0x6000034f93b0_0;
    %parti/s 1, 31, 6;
    %load/vec4 v0x6000034f9170_0;
    %parti/s 1, 0, 2;
    %xor;
    %xor;
    %ix/getv/s 4, v0x6000034f94d0_0;
    %store/vec4 v0x6000034f95f0_0, 4, 1;
    %jmp T_3.24;
T_3.24 ;
    %pop/vec4 1;
    %load/vec4 v0x6000034f94d0_0;
    %addi 1, 0, 32;
    %store/vec4 v0x6000034f94d0_0, 0, 32;
    %jmp T_3.0;
T_3.1 ;
    %jmp T_3;
    .thread T_3, $push;
    .scope S_0x7f8ae6305320;
T_4 ;
    %wait E_0x6000008e8210;
    %load/vec4 v0x6000034f9560_0;
    %flag_set/vec4 8;
    %jmp/0xz  T_4.0, 8;
    %pushi/vec4 4294967295, 0, 32;
    %assign/vec4 v0x6000034f93b0_0, 0;
    %jmp T_4.1;
T_4.0 ;
    %load/vec4 v0x6000034f9200_0;
    %flag_set/vec4 8;
    %jmp/0 T_4.2, 8;
    %load/vec4 v0x6000034f95f0_0;
    %jmp/1 T_4.3, 8;
T_4.2 ; End of true expr.
    %load/vec4 v0x6000034f93b0_0;
    %jmp/0 T_4.3, 8;
 ; End of false expr.
    %blend;
T_4.3;
    %assign/vec4 v0x6000034f93b0_0, 0;
T_4.1 ;
    %jmp T_4;
    .thread T_4;
    .scope S_0x7f8ae6305070;
T_5 ;
    %pushi/vec4 213, 0, 8;
    %store/vec4 v0x6000034f9f80_0, 0, 8;
    %end;
    .thread T_5, $init;
    .scope S_0x7f8ae6305070;
T_6 ;
    %wait E_0x6000008e8210;
    %load/vec4 v0x6000034f9ef0_0;
    %cmpi/e 1, 0, 1;
    %jmp/0xz  T_6.0, 4;
    %pushi/vec4 0, 0, 1;
    %assign/vec4 v0x6000034f9830_0, 0;
    %pushi/vec4 0, 0, 2;
    %assign/vec4 v0x6000034f97a0_0, 0;
    %pushi/vec4 0, 0, 1;
    %store/vec4 v0x6000034f98c0_0, 0, 1;
    %pushi/vec4 0, 0, 32;
    %assign/vec4 v0x6000034f9cb0_0, 0;
    %pushi/vec4 0, 0, 5;
    %assign/vec4 v0x6000034f9b90_0, 0;
    %pushi/vec4 0, 0, 3;
    %assign/vec4 v0x6000034fa010_0, 0;
T_6.0 ;
    %load/vec4 v0x6000034fa010_0;
    %dup/vec4;
    %pushi/vec4 0, 0, 3;
    %cmp/u;
    %jmp/1 T_6.2, 6;
    %dup/vec4;
    %pushi/vec4 1, 0, 3;
    %cmp/u;
    %jmp/1 T_6.3, 6;
    %dup/vec4;
    %pushi/vec4 2, 0, 3;
    %cmp/u;
    %jmp/1 T_6.4, 6;
    %dup/vec4;
    %pushi/vec4 3, 0, 3;
    %cmp/u;
    %jmp/1 T_6.5, 6;
    %dup/vec4;
    %pushi/vec4 4, 0, 3;
    %cmp/u;
    %jmp/1 T_6.6, 6;
    %jmp T_6.7;
T_6.2 ;
    %pushi/vec4 0, 0, 1;
    %assign/vec4 v0x6000034f9dd0_0, 0;
    %load/vec4 v0x6000034f9710_0;
    %cmpi/e 1, 0, 1;
    %jmp/0xz  T_6.8, 4;
    %pushi/vec4 1, 0, 1;
    %assign/vec4 v0x6000034f9830_0, 0;
    %pushi/vec4 0, 0, 1;
    %store/vec4 v0x6000034f98c0_0, 0, 1;
    %pushi/vec4 0, 0, 62;
    %load/vec4 v0x6000034f9680_0;
    %concat/vec4; draw_concat_vec4
    %assign/vec4 v0x6000034f9c20_0, 0;
    %pushi/vec4 1, 0, 1;
    %assign/vec4 v0x6000034f9e60_0, 0;
    %pushi/vec4 1, 0, 32;
    %assign/vec4 v0x6000034f9cb0_0, 0;
    %pushi/vec4 1, 0, 2;
    %assign/vec4 v0x6000034f97a0_0, 0;
    %pushi/vec4 0, 0, 5;
    %assign/vec4 v0x6000034f9b90_0, 0;
    %pushi/vec4 1, 0, 3;
    %assign/vec4 v0x6000034fa010_0, 0;
T_6.8 ;
    %jmp T_6.7;
T_6.3 ;
    %load/vec4 v0x6000034f9b90_0;
    %addi 1, 0, 5;
    %assign/vec4 v0x6000034f9b90_0, 0;
    %load/vec4 v0x6000034f9b90_0;
    %pad/u 32;
    %cmpi/u 27, 0, 32;
    %jmp/0xz  T_6.10, 5;
    %pushi/vec4 1, 0, 2;
    %assign/vec4 v0x6000034f97a0_0, 0;
    %jmp T_6.11;
T_6.10 ;
    %pushi/vec4 27, 0, 32;
    %load/vec4 v0x6000034f9b90_0;
    %pad/u 32;
    %cmp/u;
    %flag_get/vec4 4;
    %flag_get/vec4 5;
    %or;
    %load/vec4 v0x6000034f9b90_0;
    %pad/u 32;
    %cmpi/u 31, 0, 32;
    %flag_get/vec4 5;
    %and;
    %flag_set/vec4 8;
    %jmp/0xz  T_6.12, 8;
    %load/vec4 v0x6000034f9f80_0;
    %parti/s 2, 0, 2;
    %assign/vec4 v0x6000034f97a0_0, 0;
    %load/vec4 v0x6000034f9f80_0;
    %parti/s 2, 0, 2;
    %load/vec4 v0x6000034f9f80_0;
    %parti/s 6, 2, 3;
    %concat/vec4; draw_concat_vec4
    %assign/vec4 v0x6000034f9f80_0, 0;
    %jmp T_6.13;
T_6.12 ;
    %load/vec4 v0x6000034f9710_0;
    %pushi/vec4 1, 0, 1;
    %cmp/e;
    %flag_get/vec4 4;
    %load/vec4 v0x6000034f9e60_0;
    %pushi/vec4 1, 0, 1;
    %cmp/e;
    %flag_get/vec4 4;
    %and;
    %flag_set/vec4 8;
    %jmp/0xz  T_6.14, 8;
    %load/vec4 v0x6000034f9c20_0;
    %parti/s 2, 62, 7;
    %assign/vec4 v0x6000034f97a0_0, 0;
    %load/vec4 v0x6000034f9c20_0;
    %parti/s 62, 0, 2;
    %load/vec4 v0x6000034f9680_0;
    %concat/vec4; draw_concat_vec4
    %assign/vec4 v0x6000034f9c20_0, 0;
    %pushi/vec4 2, 0, 3;
    %assign/vec4 v0x6000034fa010_0, 0;
    %jmp T_6.15;
T_6.14 ;
    %pushi/vec4 0, 0, 1;
    %assign/vec4 v0x6000034f9e60_0, 0;
    %load/vec4 v0x6000034f9c20_0;
    %load/vec4 v0x6000034f9cb0_0;
    %part/s 1;
    %load/vec4 v0x6000034f9c20_0;
    %load/vec4 v0x6000034f9cb0_0;
    %subi 1, 0, 32;
    %part/s 1;
    %concat/vec4; draw_concat_vec4
    %assign/vec4 v0x6000034f97a0_0, 0;
    %load/vec4 v0x6000034f9cb0_0;
    %subi 2, 0, 32;
    %cast2;
    %assign/vec4 v0x6000034f9cb0_0, 0;
    %pushi/vec4 3, 0, 3;
    %assign/vec4 v0x6000034fa010_0, 0;
T_6.15 ;
T_6.13 ;
T_6.11 ;
    %load/vec4 v0x6000034f9b90_0;
    %pad/u 32;
    %cmpi/u 31, 0, 32;
    %jmp/0xz  T_6.16, 5;
    %load/vec4 v0x6000034f9710_0;
    %pushi/vec4 1, 0, 1;
    %cmp/e;
    %flag_get/vec4 4;
    %load/vec4 v0x6000034f9e60_0;
    %pushi/vec4 1, 0, 1;
    %cmp/e;
    %flag_get/vec4 4;
    %and;
    %flag_set/vec4 8;
    %jmp/0xz  T_6.18, 8;
    %load/vec4 v0x6000034f9c20_0;
    %parti/s 62, 0, 2;
    %load/vec4 v0x6000034f9680_0;
    %concat/vec4; draw_concat_vec4
    %assign/vec4 v0x6000034f9c20_0, 0;
    %load/vec4 v0x6000034f9cb0_0;
    %addi 2, 0, 32;
    %cast2;
    %assign/vec4 v0x6000034f9cb0_0, 0;
    %jmp T_6.19;
T_6.18 ;
    %load/vec4 v0x6000034f98c0_0;
    %inv;
    %flag_set/vec4 8;
    %jmp/0xz  T_6.20, 8;
    %pushi/vec4 1, 0, 1;
    %assign/vec4 v0x6000034f98c0_0, 0;
    %load/vec4 v0x6000034f99e0_0;
    %assign/vec4 v0x6000034f9d40_0, 0;
T_6.20 ;
    %pushi/vec4 0, 0, 1;
    %assign/vec4 v0x6000034f9e60_0, 0;
T_6.19 ;
T_6.16 ;
    %jmp T_6.7;
T_6.4 ;
    %load/vec4 v0x6000034f9710_0;
    %pushi/vec4 1, 0, 1;
    %cmp/e;
    %flag_get/vec4 4;
    %load/vec4 v0x6000034f9e60_0;
    %pushi/vec4 1, 0, 1;
    %cmp/e;
    %flag_get/vec4 4;
    %and;
    %flag_set/vec4 8;
    %jmp/0xz  T_6.22, 8;
    %load/vec4 v0x6000034f9c20_0;
    %parti/s 2, 62, 7;
    %assign/vec4 v0x6000034f97a0_0, 0;
    %load/vec4 v0x6000034f9c20_0;
    %parti/s 62, 0, 2;
    %load/vec4 v0x6000034f9680_0;
    %concat/vec4; draw_concat_vec4
    %assign/vec4 v0x6000034f9c20_0, 0;
    %jmp T_6.23;
T_6.22 ;
    %load/vec4 v0x6000034f98c0_0;
    %inv;
    %flag_set/vec4 8;
    %jmp/0xz  T_6.24, 8;
    %pushi/vec4 1, 0, 1;
    %assign/vec4 v0x6000034f98c0_0, 0;
    %load/vec4 v0x6000034f99e0_0;
    %assign/vec4 v0x6000034f9d40_0, 0;
T_6.24 ;
    %pushi/vec4 0, 0, 1;
    %assign/vec4 v0x6000034f9e60_0, 0;
    %load/vec4 v0x6000034f9c20_0;
    %load/vec4 v0x6000034f9cb0_0;
    %part/s 1;
    %load/vec4 v0x6000034f9c20_0;
    %load/vec4 v0x6000034f9cb0_0;
    %subi 1, 0, 32;
    %part/s 1;
    %concat/vec4; draw_concat_vec4
    %assign/vec4 v0x6000034f97a0_0, 0;
    %load/vec4 v0x6000034f9cb0_0;
    %subi 2, 0, 32;
    %cast2;
    %assign/vec4 v0x6000034f9cb0_0, 0;
    %pushi/vec4 3, 0, 3;
    %assign/vec4 v0x6000034fa010_0, 0;
T_6.23 ;
    %jmp T_6.7;
T_6.5 ;
    %load/vec4 v0x6000034f9cb0_0;
    %cmpi/s 0, 0, 32;
    %flag_or 5, 4; GT is !LE
    %flag_inv 5;
    %jmp/0xz  T_6.26, 5;
    %load/vec4 v0x6000034f9c20_0;
    %load/vec4 v0x6000034f9cb0_0;
    %part/s 1;
    %load/vec4 v0x6000034f9c20_0;
    %load/vec4 v0x6000034f9cb0_0;
    %subi 1, 0, 32;
    %part/s 1;
    %concat/vec4; draw_concat_vec4
    %assign/vec4 v0x6000034f97a0_0, 0;
    %load/vec4 v0x6000034f9cb0_0;
    %subi 2, 0, 32;
    %cast2;
    %assign/vec4 v0x6000034f9cb0_0, 0;
    %jmp T_6.27;
T_6.26 ;
    %load/vec4 v0x6000034f9d40_0;
    %parti/s 1, 30, 6;
    %load/vec4 v0x6000034f9d40_0;
    %parti/s 1, 31, 6;
    %concat/vec4; draw_concat_vec4
    %assign/vec4 v0x6000034f97a0_0, 0;
    %load/vec4 v0x6000034f9d40_0;
    %parti/s 30, 0, 2;
    %load/vec4 v0x6000034f9d40_0;
    %parti/s 2, 30, 6;
    %concat/vec4; draw_concat_vec4
    %assign/vec4 v0x6000034f9d40_0, 0;
    %pushi/vec4 0, 0, 32;
    %assign/vec4 v0x6000034f9cb0_0, 0;
    %pushi/vec4 0, 0, 5;
    %assign/vec4 v0x6000034f9b90_0, 0;
    %pushi/vec4 4, 0, 3;
    %assign/vec4 v0x6000034fa010_0, 0;
T_6.27 ;
    %jmp T_6.7;
T_6.6 ;
    %load/vec4 v0x6000034f9b90_0;
    %addi 1, 0, 5;
    %assign/vec4 v0x6000034f9b90_0, 0;
    %load/vec4 v0x6000034f9b90_0;
    %pad/u 32;
    %cmpi/u 15, 0, 32;
    %jmp/0xz  T_6.28, 5;
    %load/vec4 v0x6000034f9d40_0;
    %parti/s 1, 30, 6;
    %load/vec4 v0x6000034f9d40_0;
    %parti/s 1, 31, 6;
    %concat/vec4; draw_concat_vec4
    %assign/vec4 v0x6000034f97a0_0, 0;
    %load/vec4 v0x6000034f9d40_0;
    %parti/s 30, 0, 2;
    %load/vec4 v0x6000034f9d40_0;
    %parti/s 2, 30, 6;
    %concat/vec4; draw_concat_vec4
    %assign/vec4 v0x6000034f9d40_0, 0;
    %jmp T_6.29;
T_6.28 ;
    %pushi/vec4 0, 0, 1;
    %assign/vec4 v0x6000034f9830_0, 0;
    %pushi/vec4 1, 0, 1;
    %assign/vec4 v0x6000034f9dd0_0, 0;
    %pushi/vec4 0, 0, 3;
    %assign/vec4 v0x6000034fa010_0, 0;
T_6.29 ;
    %jmp T_6.7;
T_6.7 ;
    %pop/vec4 1;
    %jmp T_6;
    .thread T_6;
    .scope S_0x7f8ae6304c20;
T_7 ;
    %pushi/vec4 4276993775, 0, 32;
    %store/vec4 v0x6000034fa370_0, 0, 32;
    %end;
    .thread T_7, $init;
    .scope S_0x7f8ae6304c20;
T_8 ;
    %wait E_0x6000008e8210;
    %load/vec4 v0x6000034fa910_0;
    %cmpi/e 1, 0, 1;
    %jmp/0xz  T_8.0, 4;
    %pushi/vec4 0, 0, 1;
    %assign/vec4 v0x6000034fa400_0, 0;
    %pushi/vec4 0, 0, 4;
    %assign/vec4 v0x6000034fa2e0_0, 0;
    %jmp T_8.1;
T_8.0 ;
    %load/vec4 v0x6000034fa400_0;
    %inv;
    %flag_set/vec4 8;
    %jmp/0xz  T_8.2, 8;
    %pushi/vec4 1, 0, 1;
    %assign/vec4 v0x6000034fa520_0, 0;
    %load/vec4 v0x6000034fa370_0;
    %parti/s 2, 30, 6;
    %assign/vec4 v0x6000034fa490_0, 0;
    %load/vec4 v0x6000034fa370_0;
    %parti/s 30, 0, 2;
    %load/vec4 v0x6000034fa370_0;
    %parti/s 2, 30, 6;
    %concat/vec4; draw_concat_vec4
    %assign/vec4 v0x6000034fa370_0, 0;
    %load/vec4 v0x6000034fa2e0_0;
    %addi 1, 0, 4;
    %assign/vec4 v0x6000034fa2e0_0, 0;
    %load/vec4 v0x6000034fa2e0_0;
    %pad/u 32;
    %cmpi/e 15, 0, 32;
    %jmp/0xz  T_8.4, 4;
    %pushi/vec4 1, 0, 1;
    %assign/vec4 v0x6000034fa400_0, 0;
T_8.4 ;
    %jmp T_8.3;
T_8.2 ;
    %pushi/vec4 0, 0, 1;
    %assign/vec4 v0x6000034fa520_0, 0;
    %pushi/vec4 0, 0, 2;
    %assign/vec4 v0x6000034fa490_0, 0;
T_8.3 ;
T_8.1 ;
    %jmp T_8;
    .thread T_8;
    .scope S_0x7f8ae6304940;
T_9 ;
    %delay 10000, 0;
    %load/vec4 v0x6000034fa9a0_0;
    %nor/r;
    %store/vec4 v0x6000034fa9a0_0, 0, 1;
    %jmp T_9;
    .thread T_9;
    .scope S_0x7f8ae6304940;
T_10 ;
    %vpi_call/w 3 35 "$dumpfile", "t_top_level.vcd" {0 0 0};
    %vpi_call/w 3 36 "$dumpvars", 32'sb00000000000000000000000000000000, S_0x7f8ae6304940 {0 0 0};
    %vpi_call/w 3 37 "$display", "Starting Sim" {0 0 0};
    %pushi/vec4 0, 0, 1;
    %store/vec4 v0x6000034fa9a0_0, 0, 1;
    %delay 10000, 0;
    %pushi/vec4 0, 0, 1;
    %store/vec4 v0x6000034fac70_0, 0, 1;
    %delay 20000, 0;
    %pushi/vec4 1, 0, 1;
    %store/vec4 v0x6000034fac70_0, 0, 1;
    %delay 20000, 0;
    %pushi/vec4 0, 0, 1;
    %store/vec4 v0x6000034fac70_0, 0, 1;
    %vpi_call/w 3 46 "$display", "1: Full message" {0 0 0};
    %fork t_1, S_0x7f8ae6304ab0;
    %jmp t_0;
    .scope S_0x7f8ae6304ab0;
t_1 ;
    %pushi/vec4 0, 0, 32;
    %store/vec4 v0x6000034f8000_0, 0, 32;
T_10.0 ;
    %load/vec4 v0x6000034f8000_0;
    %cmpi/s 300, 0, 32;
    %jmp/0xz T_10.1, 5;
    %vpi_call/w 3 49 "$display", "%2b", v0x6000034fab50_0 {0 0 0};
    %delay 20000, 0;
    %load/vec4 v0x6000034f8000_0;
    %addi 1, 0, 32;
    %cast2;
    %store/vec4 v0x6000034f8000_0, 0, 32;
    %jmp T_10.0;
T_10.1 ;
    %end;
    .scope S_0x7f8ae6304940;
t_0 %join;
    %delay 100000, 0;
    %vpi_call/w 3 89 "$display", "Finishing Sim" {0 0 0};
    %vpi_call/w 3 90 "$finish" {0 0 0};
    %end;
    .thread T_10;
# The file index is used to find the file name in the following table.
:file_names 9;
    "N/A";
    "<interactive>";
    "-";
    "transmitting/sim/top_level_tb.sv";
    "transmitting/src/top_level.sv";
    "transmitting/src/bitorder.sv";
    "transmitting/src/identity.sv";
    "transmitting/src/tether.sv";
    "transmitting/src/crc32.sv";
