#! /usr/local/Cellar/icarus-verilog/11.0/bin/vvp
:ivl_version "11.0 (stable)";
:ivl_delay_selection "TYPICAL";
:vpi_time_precision - 12;
:vpi_module "/usr/local/Cellar/icarus-verilog/11.0/lib/ivl/system.vpi";
:vpi_module "/usr/local/Cellar/icarus-verilog/11.0/lib/ivl/vhdl_sys.vpi";
:vpi_module "/usr/local/Cellar/icarus-verilog/11.0/lib/ivl/vhdl_textio.vpi";
:vpi_module "/usr/local/Cellar/icarus-verilog/11.0/lib/ivl/v2005_math.vpi";
:vpi_module "/usr/local/Cellar/icarus-verilog/11.0/lib/ivl/va_math.vpi";
:vpi_module "/usr/local/Cellar/icarus-verilog/11.0/lib/ivl/v2009.vpi";
S_0x7fc845204080 .scope package, "$unit" "$unit" 2 1;
 .timescale 0 0;
S_0x7fc8452041f0 .scope module, "tether_tb" "tether_tb" 3 4;
 .timescale -9 -12;
v0x6000039b1170_0 .var "axiid", 1 0;
v0x6000039b1200_0 .var "axiiv", 0 0;
v0x6000039b1290_0 .var "clk_in", 0 0;
v0x6000039b1320_0 .net "eth_txd", 1 0, v0x6000039b0870_0;  1 drivers
v0x6000039b13b0_0 .net "eth_txen", 0 0, v0x6000039b0900_0;  1 drivers
v0x6000039b1440_0 .var "rst_in", 0 0;
S_0x7fc845204360 .scope begin, "$ivl_for_loop0" "$ivl_for_loop0" 3 68, 3 68 0, S_0x7fc8452041f0;
 .timescale -9 -12;
v0x6000039b0000_0 .var/2s "i", 31 0;
S_0x7fc8452044d0 .scope begin, "$ivl_for_loop1" "$ivl_for_loop1" 3 79, 3 79 0, S_0x7fc8452041f0;
 .timescale -9 -12;
v0x6000039b0090_0 .var/2s "i", 31 0;
S_0x7fc845204640 .scope module, "uut" "tether" 3 13, 4 4 0, S_0x7fc8452041f0;
 .timescale -9 -12;
    .port_info 0 /INPUT 1 "clk";
    .port_info 1 /INPUT 1 "rst";
    .port_info 2 /INPUT 1 "axiiv";
    .port_info 3 /INPUT 2 "axiid";
    .port_info 4 /OUTPUT 1 "axiov";
    .port_info 5 /OUTPUT 2 "axiod";
P_0x7fc8452047b0 .param/l "FCS" 1 4 17, +C4<00000000000000000000000000000100>;
P_0x7fc8452047f0 .param/l "IDLE" 1 4 13, +C4<00000000000000000000000000000000>;
P_0x7fc845204830 .param/l "PREAMBLESFD" 1 4 14, +C4<00000000000000000000000000000001>;
P_0x7fc845204870 .param/l "READTRANSMIT" 1 4 15, +C4<00000000000000000000000000000010>;
P_0x7fc8452048b0 .param/l "TRANSMIT" 1 4 16, +C4<00000000000000000000000000000011>;
L_0x6000020bc000 .functor OR 1, v0x6000039b1440_0, v0x6000039b0ea0_0, C4<0>, C4<0>;
v0x6000039b0750_0 .net "axiid", 1 0, v0x6000039b1170_0;  1 drivers
v0x6000039b07e0_0 .net "axiiv", 0 0, v0x6000039b1200_0;  1 drivers
v0x6000039b0870_0 .var "axiod", 1 0;
v0x6000039b0900_0 .var "axiov", 0 0;
v0x6000039b0990_0 .var "checksum_collected", 0 0;
v0x6000039b0a20_0 .net "clk", 0 0, v0x6000039b1290_0;  1 drivers
v0x6000039b0ab0_0 .net "crc_output", 31 0, L_0x6000020bc070;  1 drivers
v0x6000039b0b40_0 .net "crc_rst", 0 0, L_0x6000020bc000;  1 drivers
L_0x7fc845063008 .functor BUFT 1, C4<1>, C4<0>, C4<0>, C4<0>;
v0x6000039b0bd0_0 .net "crcov", 0 0, L_0x7fc845063008;  1 drivers
v0x6000039b0c60_0 .var "cycle_counter", 4 0;
v0x6000039b0cf0_0 .var "data_buf", 63 0;
v0x6000039b0d80_0 .var/2s "data_counter", 31 0;
v0x6000039b0e10_0 .var "fcs_buf", 31 0;
v0x6000039b0ea0_0 .var "manual_rst", 0 0;
v0x6000039b0f30_0 .var "reading_data", 0 0;
v0x6000039b0fc0_0 .net "rst", 0 0, v0x6000039b1440_0;  1 drivers
v0x6000039b1050_0 .var "sfd", 7 0;
v0x6000039b10e0_0 .var "state", 2 0;
S_0x7fc8452048f0 .scope module, "build_checksum" "crc32" 4 34, 5 22 0, S_0x7fc845204640;
 .timescale -9 -12;
    .port_info 0 /INPUT 1 "clk";
    .port_info 1 /INPUT 1 "rst";
    .port_info 2 /INPUT 1 "axiiv";
    .port_info 3 /INPUT 2 "axiid";
    .port_info 4 /OUTPUT 1 "axiov";
    .port_info 5 /OUTPUT 32 "axiod";
L_0x6000020bc070 .functor NOT 32, v0x6000039b0480_0, C4<00000000000000000000000000000000>, C4<00000000000000000000000000000000>, C4<00000000000000000000000000000000>;
v0x6000039b0240_0 .net "axiid", 1 0, v0x6000039b1170_0;  alias, 1 drivers
v0x6000039b02d0_0 .net "axiiv", 0 0, v0x6000039b1200_0;  alias, 1 drivers
v0x6000039b0360_0 .net "axiod", 31 0, L_0x6000020bc070;  alias, 1 drivers
v0x6000039b03f0_0 .net "axiov", 0 0, L_0x7fc845063008;  alias, 1 drivers
v0x6000039b0480_0 .var "caxiod", 31 0;
v0x6000039b0510_0 .net "clk", 0 0, v0x6000039b1290_0;  alias, 1 drivers
v0x6000039b05a0_0 .var/i "i", 31 0;
v0x6000039b0630_0 .net "rst", 0 0, L_0x6000020bc000;  alias, 1 drivers
v0x6000039b06c0_0 .var "saxiod", 31 0;
E_0x6000005bc930 .event posedge, v0x6000039b0510_0;
E_0x6000005bc840 .event edge, v0x6000039b0480_0, v0x6000039b0240_0;
    .scope S_0x7fc8452048f0;
T_0 ;
    %wait E_0x6000005bc840;
    %pushi/vec4 0, 0, 32;
    %store/vec4 v0x6000039b05a0_0, 0, 32;
T_0.0 ;
    %load/vec4 v0x6000039b05a0_0;
    %cmpi/s 32, 0, 32;
    %jmp/0xz T_0.1, 5;
    %load/vec4 v0x6000039b05a0_0;
    %dup/vec4;
    %pushi/vec4 0, 0, 32;
    %cmp/u;
    %jmp/1 T_0.2, 6;
    %dup/vec4;
    %pushi/vec4 1, 0, 32;
    %cmp/u;
    %jmp/1 T_0.3, 6;
    %dup/vec4;
    %pushi/vec4 4, 0, 32;
    %cmp/u;
    %jmp/1 T_0.4, 6;
    %dup/vec4;
    %pushi/vec4 7, 0, 32;
    %cmp/u;
    %jmp/1 T_0.5, 6;
    %dup/vec4;
    %pushi/vec4 10, 0, 32;
    %cmp/u;
    %jmp/1 T_0.6, 6;
    %dup/vec4;
    %pushi/vec4 16, 0, 32;
    %cmp/u;
    %jmp/1 T_0.7, 6;
    %dup/vec4;
    %pushi/vec4 22, 0, 32;
    %cmp/u;
    %jmp/1 T_0.8, 6;
    %dup/vec4;
    %pushi/vec4 26, 0, 32;
    %cmp/u;
    %jmp/1 T_0.9, 6;
    %dup/vec4;
    %pushi/vec4 2, 0, 32;
    %cmp/u;
    %jmp/1 T_0.10, 6;
    %dup/vec4;
    %pushi/vec4 5, 0, 32;
    %cmp/u;
    %jmp/1 T_0.11, 6;
    %dup/vec4;
    %pushi/vec4 8, 0, 32;
    %cmp/u;
    %jmp/1 T_0.12, 6;
    %dup/vec4;
    %pushi/vec4 11, 0, 32;
    %cmp/u;
    %jmp/1 T_0.13, 6;
    %dup/vec4;
    %pushi/vec4 12, 0, 32;
    %cmp/u;
    %jmp/1 T_0.14, 6;
    %dup/vec4;
    %pushi/vec4 23, 0, 32;
    %cmp/u;
    %jmp/1 T_0.15, 6;
    %dup/vec4;
    %pushi/vec4 3, 0, 32;
    %cmp/u;
    %jmp/1 T_0.16, 6;
    %dup/vec4;
    %pushi/vec4 6, 0, 32;
    %cmp/u;
    %jmp/1 T_0.17, 6;
    %dup/vec4;
    %pushi/vec4 9, 0, 32;
    %cmp/u;
    %jmp/1 T_0.18, 6;
    %dup/vec4;
    %pushi/vec4 13, 0, 32;
    %cmp/u;
    %jmp/1 T_0.19, 6;
    %dup/vec4;
    %pushi/vec4 17, 0, 32;
    %cmp/u;
    %jmp/1 T_0.20, 6;
    %dup/vec4;
    %pushi/vec4 24, 0, 32;
    %cmp/u;
    %jmp/1 T_0.21, 6;
    %dup/vec4;
    %pushi/vec4 27, 0, 32;
    %cmp/u;
    %jmp/1 T_0.22, 6;
    %load/vec4 v0x6000039b0480_0;
    %load/vec4 v0x6000039b05a0_0;
    %subi 2, 0, 32;
    %part/s 1;
    %ix/getv/s 4, v0x6000039b05a0_0;
    %store/vec4 v0x6000039b06c0_0, 4, 1;
    %jmp T_0.24;
T_0.2 ;
    %load/vec4 v0x6000039b0480_0;
    %parti/s 1, 30, 6;
    %load/vec4 v0x6000039b0240_0;
    %parti/s 1, 1, 2;
    %xor;
    %ix/getv/s 4, v0x6000039b05a0_0;
    %store/vec4 v0x6000039b06c0_0, 4, 1;
    %jmp T_0.24;
T_0.3 ;
    %load/vec4 v0x6000039b0480_0;
    %parti/s 1, 31, 6;
    %load/vec4 v0x6000039b0240_0;
    %parti/s 1, 0, 2;
    %xor;
    %load/vec4 v0x6000039b0480_0;
    %parti/s 1, 30, 6;
    %load/vec4 v0x6000039b0240_0;
    %parti/s 1, 1, 2;
    %xor;
    %xor;
    %ix/getv/s 4, v0x6000039b05a0_0;
    %store/vec4 v0x6000039b06c0_0, 4, 1;
    %jmp T_0.24;
T_0.4 ;
    %load/vec4 v0x6000039b0480_0;
    %load/vec4 v0x6000039b05a0_0;
    %subi 2, 0, 32;
    %part/s 1;
    %load/vec4 v0x6000039b0480_0;
    %parti/s 1, 30, 6;
    %load/vec4 v0x6000039b0240_0;
    %parti/s 1, 1, 2;
    %xor;
    %xor;
    %ix/getv/s 4, v0x6000039b05a0_0;
    %store/vec4 v0x6000039b06c0_0, 4, 1;
    %jmp T_0.24;
T_0.5 ;
    %load/vec4 v0x6000039b0480_0;
    %load/vec4 v0x6000039b05a0_0;
    %subi 2, 0, 32;
    %part/s 1;
    %load/vec4 v0x6000039b0480_0;
    %parti/s 1, 30, 6;
    %load/vec4 v0x6000039b0240_0;
    %parti/s 1, 1, 2;
    %xor;
    %xor;
    %ix/getv/s 4, v0x6000039b05a0_0;
    %store/vec4 v0x6000039b06c0_0, 4, 1;
    %jmp T_0.24;
T_0.6 ;
    %load/vec4 v0x6000039b0480_0;
    %load/vec4 v0x6000039b05a0_0;
    %subi 2, 0, 32;
    %part/s 1;
    %load/vec4 v0x6000039b0480_0;
    %parti/s 1, 30, 6;
    %load/vec4 v0x6000039b0240_0;
    %parti/s 1, 1, 2;
    %xor;
    %xor;
    %ix/getv/s 4, v0x6000039b05a0_0;
    %store/vec4 v0x6000039b06c0_0, 4, 1;
    %jmp T_0.24;
T_0.7 ;
    %load/vec4 v0x6000039b0480_0;
    %load/vec4 v0x6000039b05a0_0;
    %subi 2, 0, 32;
    %part/s 1;
    %load/vec4 v0x6000039b0480_0;
    %parti/s 1, 30, 6;
    %load/vec4 v0x6000039b0240_0;
    %parti/s 1, 1, 2;
    %xor;
    %xor;
    %ix/getv/s 4, v0x6000039b05a0_0;
    %store/vec4 v0x6000039b06c0_0, 4, 1;
    %jmp T_0.24;
T_0.8 ;
    %load/vec4 v0x6000039b0480_0;
    %load/vec4 v0x6000039b05a0_0;
    %subi 2, 0, 32;
    %part/s 1;
    %load/vec4 v0x6000039b0480_0;
    %parti/s 1, 30, 6;
    %load/vec4 v0x6000039b0240_0;
    %parti/s 1, 1, 2;
    %xor;
    %xor;
    %ix/getv/s 4, v0x6000039b05a0_0;
    %store/vec4 v0x6000039b06c0_0, 4, 1;
    %jmp T_0.24;
T_0.9 ;
    %load/vec4 v0x6000039b0480_0;
    %load/vec4 v0x6000039b05a0_0;
    %subi 2, 0, 32;
    %part/s 1;
    %load/vec4 v0x6000039b0480_0;
    %parti/s 1, 30, 6;
    %load/vec4 v0x6000039b0240_0;
    %parti/s 1, 1, 2;
    %xor;
    %xor;
    %ix/getv/s 4, v0x6000039b05a0_0;
    %store/vec4 v0x6000039b06c0_0, 4, 1;
    %jmp T_0.24;
T_0.10 ;
    %load/vec4 v0x6000039b0480_0;
    %load/vec4 v0x6000039b05a0_0;
    %subi 2, 0, 32;
    %part/s 1;
    %load/vec4 v0x6000039b0480_0;
    %parti/s 1, 31, 6;
    %load/vec4 v0x6000039b0240_0;
    %parti/s 1, 0, 2;
    %xor;
    %load/vec4 v0x6000039b0480_0;
    %parti/s 1, 30, 6;
    %load/vec4 v0x6000039b0240_0;
    %parti/s 1, 1, 2;
    %xor;
    %xor;
    %xor;
    %ix/getv/s 4, v0x6000039b05a0_0;
    %store/vec4 v0x6000039b06c0_0, 4, 1;
    %jmp T_0.24;
T_0.11 ;
    %load/vec4 v0x6000039b0480_0;
    %load/vec4 v0x6000039b05a0_0;
    %subi 2, 0, 32;
    %part/s 1;
    %load/vec4 v0x6000039b0480_0;
    %parti/s 1, 31, 6;
    %load/vec4 v0x6000039b0240_0;
    %parti/s 1, 0, 2;
    %xor;
    %load/vec4 v0x6000039b0480_0;
    %parti/s 1, 30, 6;
    %load/vec4 v0x6000039b0240_0;
    %parti/s 1, 1, 2;
    %xor;
    %xor;
    %xor;
    %ix/getv/s 4, v0x6000039b05a0_0;
    %store/vec4 v0x6000039b06c0_0, 4, 1;
    %jmp T_0.24;
T_0.12 ;
    %load/vec4 v0x6000039b0480_0;
    %load/vec4 v0x6000039b05a0_0;
    %subi 2, 0, 32;
    %part/s 1;
    %load/vec4 v0x6000039b0480_0;
    %parti/s 1, 31, 6;
    %load/vec4 v0x6000039b0240_0;
    %parti/s 1, 0, 2;
    %xor;
    %load/vec4 v0x6000039b0480_0;
    %parti/s 1, 30, 6;
    %load/vec4 v0x6000039b0240_0;
    %parti/s 1, 1, 2;
    %xor;
    %xor;
    %xor;
    %ix/getv/s 4, v0x6000039b05a0_0;
    %store/vec4 v0x6000039b06c0_0, 4, 1;
    %jmp T_0.24;
T_0.13 ;
    %load/vec4 v0x6000039b0480_0;
    %load/vec4 v0x6000039b05a0_0;
    %subi 2, 0, 32;
    %part/s 1;
    %load/vec4 v0x6000039b0480_0;
    %parti/s 1, 31, 6;
    %load/vec4 v0x6000039b0240_0;
    %parti/s 1, 0, 2;
    %xor;
    %load/vec4 v0x6000039b0480_0;
    %parti/s 1, 30, 6;
    %load/vec4 v0x6000039b0240_0;
    %parti/s 1, 1, 2;
    %xor;
    %xor;
    %xor;
    %ix/getv/s 4, v0x6000039b05a0_0;
    %store/vec4 v0x6000039b06c0_0, 4, 1;
    %jmp T_0.24;
T_0.14 ;
    %load/vec4 v0x6000039b0480_0;
    %load/vec4 v0x6000039b05a0_0;
    %subi 2, 0, 32;
    %part/s 1;
    %load/vec4 v0x6000039b0480_0;
    %parti/s 1, 31, 6;
    %load/vec4 v0x6000039b0240_0;
    %parti/s 1, 0, 2;
    %xor;
    %load/vec4 v0x6000039b0480_0;
    %parti/s 1, 30, 6;
    %load/vec4 v0x6000039b0240_0;
    %parti/s 1, 1, 2;
    %xor;
    %xor;
    %xor;
    %ix/getv/s 4, v0x6000039b05a0_0;
    %store/vec4 v0x6000039b06c0_0, 4, 1;
    %jmp T_0.24;
T_0.15 ;
    %load/vec4 v0x6000039b0480_0;
    %load/vec4 v0x6000039b05a0_0;
    %subi 2, 0, 32;
    %part/s 1;
    %load/vec4 v0x6000039b0480_0;
    %parti/s 1, 31, 6;
    %load/vec4 v0x6000039b0240_0;
    %parti/s 1, 0, 2;
    %xor;
    %load/vec4 v0x6000039b0480_0;
    %parti/s 1, 30, 6;
    %load/vec4 v0x6000039b0240_0;
    %parti/s 1, 1, 2;
    %xor;
    %xor;
    %xor;
    %ix/getv/s 4, v0x6000039b05a0_0;
    %store/vec4 v0x6000039b06c0_0, 4, 1;
    %jmp T_0.24;
T_0.16 ;
    %load/vec4 v0x6000039b0480_0;
    %load/vec4 v0x6000039b05a0_0;
    %subi 2, 0, 32;
    %part/s 1;
    %load/vec4 v0x6000039b0480_0;
    %parti/s 1, 31, 6;
    %load/vec4 v0x6000039b0240_0;
    %parti/s 1, 0, 2;
    %xor;
    %xor;
    %ix/getv/s 4, v0x6000039b05a0_0;
    %store/vec4 v0x6000039b06c0_0, 4, 1;
    %jmp T_0.24;
T_0.17 ;
    %load/vec4 v0x6000039b0480_0;
    %load/vec4 v0x6000039b05a0_0;
    %subi 2, 0, 32;
    %part/s 1;
    %load/vec4 v0x6000039b0480_0;
    %parti/s 1, 31, 6;
    %load/vec4 v0x6000039b0240_0;
    %parti/s 1, 0, 2;
    %xor;
    %xor;
    %ix/getv/s 4, v0x6000039b05a0_0;
    %store/vec4 v0x6000039b06c0_0, 4, 1;
    %jmp T_0.24;
T_0.18 ;
    %load/vec4 v0x6000039b0480_0;
    %load/vec4 v0x6000039b05a0_0;
    %subi 2, 0, 32;
    %part/s 1;
    %load/vec4 v0x6000039b0480_0;
    %parti/s 1, 31, 6;
    %load/vec4 v0x6000039b0240_0;
    %parti/s 1, 0, 2;
    %xor;
    %xor;
    %ix/getv/s 4, v0x6000039b05a0_0;
    %store/vec4 v0x6000039b06c0_0, 4, 1;
    %jmp T_0.24;
T_0.19 ;
    %load/vec4 v0x6000039b0480_0;
    %load/vec4 v0x6000039b05a0_0;
    %subi 2, 0, 32;
    %part/s 1;
    %load/vec4 v0x6000039b0480_0;
    %parti/s 1, 31, 6;
    %load/vec4 v0x6000039b0240_0;
    %parti/s 1, 0, 2;
    %xor;
    %xor;
    %ix/getv/s 4, v0x6000039b05a0_0;
    %store/vec4 v0x6000039b06c0_0, 4, 1;
    %jmp T_0.24;
T_0.20 ;
    %load/vec4 v0x6000039b0480_0;
    %load/vec4 v0x6000039b05a0_0;
    %subi 2, 0, 32;
    %part/s 1;
    %load/vec4 v0x6000039b0480_0;
    %parti/s 1, 31, 6;
    %load/vec4 v0x6000039b0240_0;
    %parti/s 1, 0, 2;
    %xor;
    %xor;
    %ix/getv/s 4, v0x6000039b05a0_0;
    %store/vec4 v0x6000039b06c0_0, 4, 1;
    %jmp T_0.24;
T_0.21 ;
    %load/vec4 v0x6000039b0480_0;
    %load/vec4 v0x6000039b05a0_0;
    %subi 2, 0, 32;
    %part/s 1;
    %load/vec4 v0x6000039b0480_0;
    %parti/s 1, 31, 6;
    %load/vec4 v0x6000039b0240_0;
    %parti/s 1, 0, 2;
    %xor;
    %xor;
    %ix/getv/s 4, v0x6000039b05a0_0;
    %store/vec4 v0x6000039b06c0_0, 4, 1;
    %jmp T_0.24;
T_0.22 ;
    %load/vec4 v0x6000039b0480_0;
    %load/vec4 v0x6000039b05a0_0;
    %subi 2, 0, 32;
    %part/s 1;
    %load/vec4 v0x6000039b0480_0;
    %parti/s 1, 31, 6;
    %load/vec4 v0x6000039b0240_0;
    %parti/s 1, 0, 2;
    %xor;
    %xor;
    %ix/getv/s 4, v0x6000039b05a0_0;
    %store/vec4 v0x6000039b06c0_0, 4, 1;
    %jmp T_0.24;
T_0.24 ;
    %pop/vec4 1;
    %load/vec4 v0x6000039b05a0_0;
    %addi 1, 0, 32;
    %store/vec4 v0x6000039b05a0_0, 0, 32;
    %jmp T_0.0;
T_0.1 ;
    %jmp T_0;
    .thread T_0, $push;
    .scope S_0x7fc8452048f0;
T_1 ;
    %wait E_0x6000005bc930;
    %load/vec4 v0x6000039b0630_0;
    %flag_set/vec4 8;
    %jmp/0xz  T_1.0, 8;
    %pushi/vec4 4294967295, 0, 32;
    %assign/vec4 v0x6000039b0480_0, 0;
    %jmp T_1.1;
T_1.0 ;
    %load/vec4 v0x6000039b02d0_0;
    %flag_set/vec4 8;
    %jmp/0 T_1.2, 8;
    %load/vec4 v0x6000039b06c0_0;
    %jmp/1 T_1.3, 8;
T_1.2 ; End of true expr.
    %load/vec4 v0x6000039b0480_0;
    %jmp/0 T_1.3, 8;
 ; End of false expr.
    %blend;
T_1.3;
    %assign/vec4 v0x6000039b0480_0, 0;
T_1.1 ;
    %jmp T_1;
    .thread T_1;
    .scope S_0x7fc845204640;
T_2 ;
    %pushi/vec4 234, 0, 8;
    %store/vec4 v0x6000039b1050_0, 0, 8;
    %end;
    .thread T_2, $init;
    .scope S_0x7fc845204640;
T_3 ;
    %wait E_0x6000005bc930;
    %load/vec4 v0x6000039b0fc0_0;
    %cmpi/e 1, 0, 1;
    %jmp/0xz  T_3.0, 4;
    %pushi/vec4 0, 0, 1;
    %assign/vec4 v0x6000039b0900_0, 0;
    %pushi/vec4 0, 0, 2;
    %assign/vec4 v0x6000039b0870_0, 0;
    %pushi/vec4 0, 0, 1;
    %store/vec4 v0x6000039b0990_0, 0, 1;
    %pushi/vec4 0, 0, 32;
    %assign/vec4 v0x6000039b0d80_0, 0;
    %pushi/vec4 0, 0, 5;
    %assign/vec4 v0x6000039b0c60_0, 0;
    %pushi/vec4 0, 0, 3;
    %assign/vec4 v0x6000039b10e0_0, 0;
T_3.0 ;
    %load/vec4 v0x6000039b10e0_0;
    %dup/vec4;
    %pushi/vec4 0, 0, 3;
    %cmp/u;
    %jmp/1 T_3.2, 6;
    %dup/vec4;
    %pushi/vec4 1, 0, 3;
    %cmp/u;
    %jmp/1 T_3.3, 6;
    %dup/vec4;
    %pushi/vec4 2, 0, 3;
    %cmp/u;
    %jmp/1 T_3.4, 6;
    %dup/vec4;
    %pushi/vec4 3, 0, 3;
    %cmp/u;
    %jmp/1 T_3.5, 6;
    %dup/vec4;
    %pushi/vec4 4, 0, 3;
    %cmp/u;
    %jmp/1 T_3.6, 6;
    %jmp T_3.7;
T_3.2 ;
    %pushi/vec4 0, 0, 1;
    %assign/vec4 v0x6000039b0ea0_0, 0;
    %load/vec4 v0x6000039b07e0_0;
    %cmpi/e 1, 0, 1;
    %jmp/0xz  T_3.8, 4;
    %pushi/vec4 1, 0, 1;
    %assign/vec4 v0x6000039b0900_0, 0;
    %pushi/vec4 0, 0, 1;
    %store/vec4 v0x6000039b0990_0, 0, 1;
    %pushi/vec4 0, 0, 62;
    %load/vec4 v0x6000039b0750_0;
    %concat/vec4; draw_concat_vec4
    %assign/vec4 v0x6000039b0cf0_0, 0;
    %pushi/vec4 1, 0, 1;
    %assign/vec4 v0x6000039b0f30_0, 0;
    %pushi/vec4 1, 0, 32;
    %assign/vec4 v0x6000039b0d80_0, 0;
    %pushi/vec4 1, 0, 2;
    %assign/vec4 v0x6000039b0870_0, 0;
    %pushi/vec4 0, 0, 5;
    %assign/vec4 v0x6000039b0c60_0, 0;
    %pushi/vec4 1, 0, 3;
    %assign/vec4 v0x6000039b10e0_0, 0;
T_3.8 ;
    %jmp T_3.7;
T_3.3 ;
    %load/vec4 v0x6000039b0c60_0;
    %addi 1, 0, 5;
    %assign/vec4 v0x6000039b0c60_0, 0;
    %load/vec4 v0x6000039b0c60_0;
    %pad/u 32;
    %cmpi/u 27, 0, 32;
    %jmp/0xz  T_3.10, 5;
    %pushi/vec4 1, 0, 2;
    %assign/vec4 v0x6000039b0870_0, 0;
    %jmp T_3.11;
T_3.10 ;
    %pushi/vec4 27, 0, 32;
    %load/vec4 v0x6000039b0c60_0;
    %pad/u 32;
    %cmp/u;
    %flag_get/vec4 4;
    %flag_get/vec4 5;
    %or;
    %load/vec4 v0x6000039b0c60_0;
    %pad/u 32;
    %cmpi/u 31, 0, 32;
    %flag_get/vec4 5;
    %and;
    %flag_set/vec4 8;
    %jmp/0xz  T_3.12, 8;
    %load/vec4 v0x6000039b1050_0;
    %parti/s 2, 0, 2;
    %assign/vec4 v0x6000039b0870_0, 0;
    %load/vec4 v0x6000039b1050_0;
    %parti/s 2, 0, 2;
    %load/vec4 v0x6000039b1050_0;
    %parti/s 6, 2, 3;
    %concat/vec4; draw_concat_vec4
    %assign/vec4 v0x6000039b1050_0, 0;
    %jmp T_3.13;
T_3.12 ;
    %load/vec4 v0x6000039b07e0_0;
    %pushi/vec4 1, 0, 1;
    %cmp/e;
    %flag_get/vec4 4;
    %load/vec4 v0x6000039b0f30_0;
    %pushi/vec4 1, 0, 1;
    %cmp/e;
    %flag_get/vec4 4;
    %and;
    %flag_set/vec4 8;
    %jmp/0xz  T_3.14, 8;
    %load/vec4 v0x6000039b0cf0_0;
    %parti/s 2, 62, 7;
    %assign/vec4 v0x6000039b0870_0, 0;
    %load/vec4 v0x6000039b0cf0_0;
    %parti/s 62, 0, 2;
    %load/vec4 v0x6000039b0750_0;
    %concat/vec4; draw_concat_vec4
    %assign/vec4 v0x6000039b0cf0_0, 0;
    %pushi/vec4 2, 0, 3;
    %assign/vec4 v0x6000039b10e0_0, 0;
    %jmp T_3.15;
T_3.14 ;
    %pushi/vec4 0, 0, 1;
    %assign/vec4 v0x6000039b0f30_0, 0;
    %load/vec4 v0x6000039b0cf0_0;
    %load/vec4 v0x6000039b0d80_0;
    %part/s 1;
    %load/vec4 v0x6000039b0cf0_0;
    %load/vec4 v0x6000039b0d80_0;
    %subi 1, 0, 32;
    %part/s 1;
    %concat/vec4; draw_concat_vec4
    %assign/vec4 v0x6000039b0870_0, 0;
    %load/vec4 v0x6000039b0d80_0;
    %subi 2, 0, 32;
    %cast2;
    %assign/vec4 v0x6000039b0d80_0, 0;
    %pushi/vec4 3, 0, 3;
    %assign/vec4 v0x6000039b10e0_0, 0;
T_3.15 ;
T_3.13 ;
T_3.11 ;
    %load/vec4 v0x6000039b0c60_0;
    %pad/u 32;
    %cmpi/u 31, 0, 32;
    %jmp/0xz  T_3.16, 5;
    %load/vec4 v0x6000039b07e0_0;
    %pushi/vec4 1, 0, 1;
    %cmp/e;
    %flag_get/vec4 4;
    %load/vec4 v0x6000039b0f30_0;
    %pushi/vec4 1, 0, 1;
    %cmp/e;
    %flag_get/vec4 4;
    %and;
    %flag_set/vec4 8;
    %jmp/0xz  T_3.18, 8;
    %load/vec4 v0x6000039b0cf0_0;
    %parti/s 62, 0, 2;
    %load/vec4 v0x6000039b0750_0;
    %concat/vec4; draw_concat_vec4
    %assign/vec4 v0x6000039b0cf0_0, 0;
    %load/vec4 v0x6000039b0d80_0;
    %addi 2, 0, 32;
    %cast2;
    %assign/vec4 v0x6000039b0d80_0, 0;
    %jmp T_3.19;
T_3.18 ;
    %load/vec4 v0x6000039b0990_0;
    %inv;
    %flag_set/vec4 8;
    %jmp/0xz  T_3.20, 8;
    %pushi/vec4 1, 0, 1;
    %assign/vec4 v0x6000039b0990_0, 0;
    %load/vec4 v0x6000039b0ab0_0;
    %assign/vec4 v0x6000039b0e10_0, 0;
T_3.20 ;
    %pushi/vec4 0, 0, 1;
    %assign/vec4 v0x6000039b0f30_0, 0;
T_3.19 ;
T_3.16 ;
    %jmp T_3.7;
T_3.4 ;
    %load/vec4 v0x6000039b07e0_0;
    %pushi/vec4 1, 0, 1;
    %cmp/e;
    %flag_get/vec4 4;
    %load/vec4 v0x6000039b0f30_0;
    %pushi/vec4 1, 0, 1;
    %cmp/e;
    %flag_get/vec4 4;
    %and;
    %flag_set/vec4 8;
    %jmp/0xz  T_3.22, 8;
    %load/vec4 v0x6000039b0cf0_0;
    %parti/s 2, 62, 7;
    %assign/vec4 v0x6000039b0870_0, 0;
    %load/vec4 v0x6000039b0cf0_0;
    %parti/s 62, 0, 2;
    %load/vec4 v0x6000039b0750_0;
    %concat/vec4; draw_concat_vec4
    %assign/vec4 v0x6000039b0cf0_0, 0;
    %jmp T_3.23;
T_3.22 ;
    %load/vec4 v0x6000039b0990_0;
    %inv;
    %flag_set/vec4 8;
    %jmp/0xz  T_3.24, 8;
    %pushi/vec4 1, 0, 1;
    %assign/vec4 v0x6000039b0990_0, 0;
    %load/vec4 v0x6000039b0ab0_0;
    %assign/vec4 v0x6000039b0e10_0, 0;
T_3.24 ;
    %pushi/vec4 0, 0, 1;
    %assign/vec4 v0x6000039b0f30_0, 0;
    %load/vec4 v0x6000039b0cf0_0;
    %load/vec4 v0x6000039b0d80_0;
    %part/s 1;
    %load/vec4 v0x6000039b0cf0_0;
    %load/vec4 v0x6000039b0d80_0;
    %subi 1, 0, 32;
    %part/s 1;
    %concat/vec4; draw_concat_vec4
    %assign/vec4 v0x6000039b0870_0, 0;
    %load/vec4 v0x6000039b0d80_0;
    %subi 2, 0, 32;
    %cast2;
    %assign/vec4 v0x6000039b0d80_0, 0;
    %pushi/vec4 3, 0, 3;
    %assign/vec4 v0x6000039b10e0_0, 0;
T_3.23 ;
    %jmp T_3.7;
T_3.5 ;
    %load/vec4 v0x6000039b0d80_0;
    %cmpi/s 0, 0, 32;
    %flag_or 5, 4; GT is !LE
    %flag_inv 5;
    %jmp/0xz  T_3.26, 5;
    %load/vec4 v0x6000039b0cf0_0;
    %load/vec4 v0x6000039b0d80_0;
    %part/s 1;
    %load/vec4 v0x6000039b0cf0_0;
    %load/vec4 v0x6000039b0d80_0;
    %subi 1, 0, 32;
    %part/s 1;
    %concat/vec4; draw_concat_vec4
    %assign/vec4 v0x6000039b0870_0, 0;
    %load/vec4 v0x6000039b0d80_0;
    %subi 2, 0, 32;
    %cast2;
    %assign/vec4 v0x6000039b0d80_0, 0;
    %jmp T_3.27;
T_3.26 ;
    %load/vec4 v0x6000039b0e10_0;
    %parti/s 2, 30, 6;
    %assign/vec4 v0x6000039b0870_0, 0;
    %load/vec4 v0x6000039b0e10_0;
    %parti/s 30, 0, 2;
    %load/vec4 v0x6000039b0e10_0;
    %parti/s 2, 30, 6;
    %concat/vec4; draw_concat_vec4
    %assign/vec4 v0x6000039b0e10_0, 0;
    %pushi/vec4 0, 0, 32;
    %assign/vec4 v0x6000039b0d80_0, 0;
    %pushi/vec4 0, 0, 5;
    %assign/vec4 v0x6000039b0c60_0, 0;
    %pushi/vec4 4, 0, 3;
    %assign/vec4 v0x6000039b10e0_0, 0;
T_3.27 ;
    %jmp T_3.7;
T_3.6 ;
    %load/vec4 v0x6000039b0c60_0;
    %addi 1, 0, 5;
    %assign/vec4 v0x6000039b0c60_0, 0;
    %load/vec4 v0x6000039b0c60_0;
    %pad/u 32;
    %cmpi/u 15, 0, 32;
    %jmp/0xz  T_3.28, 5;
    %load/vec4 v0x6000039b0e10_0;
    %parti/s 2, 30, 6;
    %assign/vec4 v0x6000039b0870_0, 0;
    %load/vec4 v0x6000039b0e10_0;
    %parti/s 30, 0, 2;
    %load/vec4 v0x6000039b0e10_0;
    %parti/s 2, 30, 6;
    %concat/vec4; draw_concat_vec4
    %assign/vec4 v0x6000039b0e10_0, 0;
    %jmp T_3.29;
T_3.28 ;
    %pushi/vec4 0, 0, 1;
    %assign/vec4 v0x6000039b0900_0, 0;
    %pushi/vec4 1, 0, 1;
    %assign/vec4 v0x6000039b0ea0_0, 0;
    %pushi/vec4 0, 0, 3;
    %assign/vec4 v0x6000039b10e0_0, 0;
T_3.29 ;
    %jmp T_3.7;
T_3.7 ;
    %pop/vec4 1;
    %jmp T_3;
    .thread T_3;
    .scope S_0x7fc8452041f0;
T_4 ;
    %delay 10000, 0;
    %load/vec4 v0x6000039b1290_0;
    %nor/r;
    %store/vec4 v0x6000039b1290_0, 0, 1;
    %jmp T_4;
    .thread T_4;
    .scope S_0x7fc8452041f0;
T_5 ;
    %vpi_call/w 3 28 "$dumpfile", "tether.vcd" {0 0 0};
    %vpi_call/w 3 29 "$dumpvars", 32'sb00000000000000000000000000000000, S_0x7fc8452041f0 {0 0 0};
    %vpi_call/w 3 30 "$display", "Starting Sim" {0 0 0};
    %pushi/vec4 0, 0, 1;
    %store/vec4 v0x6000039b1290_0, 0, 1;
    %delay 10000, 0;
    %pushi/vec4 0, 0, 1;
    %store/vec4 v0x6000039b1440_0, 0, 1;
    %delay 20000, 0;
    %pushi/vec4 1, 0, 1;
    %store/vec4 v0x6000039b1440_0, 0, 1;
    %delay 20000, 0;
    %pushi/vec4 0, 0, 1;
    %store/vec4 v0x6000039b1440_0, 0, 1;
    %vpi_call/w 3 39 "$display", "1: Half a byte of data" {0 0 0};
    %delay 100000, 0;
    %pushi/vec4 1, 0, 1;
    %store/vec4 v0x6000039b1200_0, 0, 1;
    %pushi/vec4 2, 0, 2;
    %store/vec4 v0x6000039b1170_0, 0, 2;
    %delay 20000, 0;
    %pushi/vec4 1, 0, 2;
    %store/vec4 v0x6000039b1170_0, 0, 2;
    %delay 20000, 0;
    %pushi/vec4 0, 0, 1;
    %store/vec4 v0x6000039b1200_0, 0, 1;
    %pushi/vec4 0, 0, 2;
    %store/vec4 v0x6000039b1170_0, 0, 2;
    %delay 20000, 0;
    %delay 2000000, 0;
    %vpi_call/w 3 50 "$display", "2: One byte of data" {0 0 0};
    %delay 100000, 0;
    %pushi/vec4 1, 0, 1;
    %store/vec4 v0x6000039b1200_0, 0, 1;
    %pushi/vec4 1, 0, 2;
    %store/vec4 v0x6000039b1170_0, 0, 2;
    %delay 20000, 0;
    %pushi/vec4 2, 0, 2;
    %store/vec4 v0x6000039b1170_0, 0, 2;
    %delay 20000, 0;
    %pushi/vec4 2, 0, 2;
    %store/vec4 v0x6000039b1170_0, 0, 2;
    %delay 20000, 0;
    %pushi/vec4 1, 0, 2;
    %store/vec4 v0x6000039b1170_0, 0, 2;
    %delay 20000, 0;
    %pushi/vec4 0, 0, 1;
    %store/vec4 v0x6000039b1200_0, 0, 1;
    %pushi/vec4 0, 0, 2;
    %store/vec4 v0x6000039b1170_0, 0, 2;
    %delay 20000, 0;
    %delay 2000000, 0;
    %vpi_call/w 3 65 "$display", "3: 2 bytes of data" {0 0 0};
    %delay 100000, 0;
    %pushi/vec4 1, 0, 1;
    %store/vec4 v0x6000039b1200_0, 0, 1;
    %fork t_1, S_0x7fc845204360;
    %jmp t_0;
    .scope S_0x7fc845204360;
t_1 ;
    %pushi/vec4 0, 0, 32;
    %store/vec4 v0x6000039b0000_0, 0, 32;
T_5.0 ;
    %load/vec4 v0x6000039b0000_0;
    %cmpi/s 8, 0, 32;
    %jmp/0xz T_5.1, 5;
    %pushi/vec4 1, 0, 2;
    %store/vec4 v0x6000039b1170_0, 0, 2;
    %delay 20000, 0;
    %load/vec4 v0x6000039b0000_0;
    %addi 1, 0, 32;
    %cast2;
    %store/vec4 v0x6000039b0000_0, 0, 32;
    %jmp T_5.0;
T_5.1 ;
    %end;
    .scope S_0x7fc8452041f0;
t_0 %join;
    %pushi/vec4 0, 0, 1;
    %store/vec4 v0x6000039b1200_0, 0, 1;
    %pushi/vec4 0, 0, 2;
    %store/vec4 v0x6000039b1170_0, 0, 2;
    %delay 20000, 0;
    %delay 2000000, 0;
    %vpi_call/w 3 76 "$display", "4: 22 bytes of data" {0 0 0};
    %delay 100000, 0;
    %pushi/vec4 1, 0, 1;
    %store/vec4 v0x6000039b1200_0, 0, 1;
    %fork t_3, S_0x7fc8452044d0;
    %jmp t_2;
    .scope S_0x7fc8452044d0;
t_3 ;
    %pushi/vec4 0, 0, 32;
    %store/vec4 v0x6000039b0090_0, 0, 32;
T_5.2 ;
    %load/vec4 v0x6000039b0090_0;
    %cmpi/s 88, 0, 32;
    %jmp/0xz T_5.3, 5;
    %pushi/vec4 1, 0, 2;
    %store/vec4 v0x6000039b1170_0, 0, 2;
    %delay 20000, 0;
    %load/vec4 v0x6000039b0090_0;
    %addi 1, 0, 32;
    %cast2;
    %store/vec4 v0x6000039b0090_0, 0, 32;
    %jmp T_5.2;
T_5.3 ;
    %end;
    .scope S_0x7fc8452041f0;
t_2 %join;
    %pushi/vec4 0, 0, 1;
    %store/vec4 v0x6000039b1200_0, 0, 1;
    %pushi/vec4 0, 0, 2;
    %store/vec4 v0x6000039b1170_0, 0, 2;
    %delay 20000, 0;
    %delay 2000000, 0;
    %vpi_call/w 3 87 "$display", "Finishing Sim" {0 0 0};
    %vpi_call/w 3 88 "$finish" {0 0 0};
    %end;
    .thread T_5;
# The file index is used to find the file name in the following table.
:file_names 6;
    "N/A";
    "<interactive>";
    "-";
    "sim/tether_tb.sv";
    "src/tether.sv";
    "src/crc32.sv";
