#! /usr/local/Cellar/icarus-verilog/11.0/bin/vvp
:ivl_version "11.0 (stable)";
:ivl_delay_selection "TYPICAL";
:vpi_time_precision - 12;
:vpi_module "/usr/local/Cellar/icarus-verilog/11.0/lib/ivl/system.vpi";
:vpi_module "/usr/local/Cellar/icarus-verilog/11.0/lib/ivl/vhdl_sys.vpi";
:vpi_module "/usr/local/Cellar/icarus-verilog/11.0/lib/ivl/vhdl_textio.vpi";
:vpi_module "/usr/local/Cellar/icarus-verilog/11.0/lib/ivl/v2005_math.vpi";
:vpi_module "/usr/local/Cellar/icarus-verilog/11.0/lib/ivl/va_math.vpi";
:vpi_module "/usr/local/Cellar/icarus-verilog/11.0/lib/ivl/v2009.vpi";
S_0x7fed63b04080 .scope package, "$unit" "$unit" 2 1;
 .timescale 0 0;
S_0x7fed63b04c60 .scope module, "top_level_tb" "top_level_tb" 3 4;
 .timescale -9 -12;
v0x60000359ad90_0 .var "checksum", 31 0;
v0x60000359ae20_0 .var "clk_in", 0 0;
v0x60000359aeb0_0 .var "crsdv_in", 0 0;
v0x60000359af40_0 .var "destination", 47 0;
v0x60000359afd0_0 .net "led_out", 15 0, v0x60000359abe0_0;  1 drivers
v0x60000359b060_0 .var "length", 15 0;
v0x60000359b0f0_0 .var "message", 167 0;
v0x60000359b180_0 .var "preamble", 55 0;
v0x60000359b210_0 .net "refclk_out", 0 0, v0x60000359a880_0;  1 drivers
v0x60000359b2a0_0 .var "rst_in", 0 0;
v0x60000359b330_0 .net "rstn_out", 0 0, L_0x600002c9a450;  1 drivers
v0x60000359b3c0_0 .var "rxd_in", 1 0;
v0x60000359b450_0 .var "sfd", 7 0;
v0x60000359b4e0_0 .var "source", 47 0;
S_0x7fed63b04dd0 .scope begin, "$ivl_for_loop0" "$ivl_for_loop0" 3 58, 3 58 0, S_0x7fed63b04c60;
 .timescale -9 -12;
v0x600003594120_0 .var/2s "i", 31 0;
S_0x7fed62f0a6c0 .scope begin, "$ivl_for_loop1" "$ivl_for_loop1" 3 63, 3 63 0, S_0x7fed63b04c60;
 .timescale -9 -12;
v0x600003598090_0 .var/2s "i", 31 0;
S_0x7fed62f04600 .scope begin, "$ivl_for_loop2" "$ivl_for_loop2" 3 71, 3 71 0, S_0x7fed63b04c60;
 .timescale -9 -12;
v0x600003598120_0 .var/2s "i", 31 0;
S_0x7fed62f04770 .scope begin, "$ivl_for_loop3" "$ivl_for_loop3" 3 82, 3 82 0, S_0x7fed63b04c60;
 .timescale -9 -12;
v0x6000035981b0_0 .var/2s "i", 31 0;
S_0x7fed62f06a60 .scope begin, "$ivl_for_loop4" "$ivl_for_loop4" 3 88, 3 88 0, S_0x7fed63b04c60;
 .timescale -9 -12;
v0x600003598240_0 .var/2s "i", 31 0;
S_0x7fed62f06bd0 .scope begin, "$ivl_for_loop5" "$ivl_for_loop5" 3 99, 3 99 0, S_0x7fed63b04c60;
 .timescale -9 -12;
v0x6000035982d0_0 .var/2s "i", 31 0;
S_0x7fed62f07300 .scope begin, "$ivl_for_loop6" "$ivl_for_loop6" 3 104, 3 104 0, S_0x7fed63b04c60;
 .timescale -9 -12;
v0x600003598360_0 .var/2s "i", 31 0;
S_0x7fed62f07470 .scope module, "uut" "top_level" 3 14, 4 4 0, S_0x7fed63b04c60;
 .timescale -9 -12;
    .port_info 0 /INPUT 1 "clk";
    .port_info 1 /INPUT 1 "btnc";
    .port_info 2 /INPUT 1 "eth_crsdv";
    .port_info 3 /INPUT 2 "eth_rxd";
    .port_info 4 /OUTPUT 1 "eth_refclk";
    .port_info 5 /OUTPUT 1 "eth_rstn";
    .port_info 6 /OUTPUT 16 "led";
L_0x600002c9a3e0 .functor BUFZ 1, v0x60000359b2a0_0, C4<0>, C4<0>, C4<0>;
L_0x600002c9a450 .functor NOT 1, L_0x600002c9a3e0, C4<0>, C4<0>, C4<0>;
v0x60000359a400_0 .net "bitorder_axiod", 1 0, v0x6000035985a0_0;  1 drivers
v0x60000359a490_0 .net "bitorder_axiov", 0 0, v0x600003598630_0;  1 drivers
v0x60000359a520_0 .net "btnc", 0 0, v0x60000359b2a0_0;  1 drivers
v0x60000359a5b0_0 .net "clk", 0 0, v0x60000359ae20_0;  1 drivers
v0x60000359a640_0 .net "done", 0 0, v0x600003599b90_0;  1 drivers
v0x60000359a6d0_0 .net "eth_axiod", 1 0, v0x600003599ef0_0;  1 drivers
v0x60000359a760_0 .net "eth_axiov", 0 0, v0x600003599f80_0;  1 drivers
v0x60000359a7f0_0 .net "eth_crsdv", 0 0, v0x60000359aeb0_0;  1 drivers
v0x60000359a880_0 .var "eth_refclk", 0 0;
v0x60000359a910_0 .net "eth_rstn", 0 0, L_0x600002c9a450;  alias, 1 drivers
v0x60000359a9a0_0 .net "eth_rxd", 1 0, v0x60000359b3c0_0;  1 drivers
v0x60000359aa30_0 .net "firewall_axiod", 1 0, v0x600003598c60_0;  1 drivers
v0x60000359aac0_0 .net "firewall_axiov", 0 0, v0x600003598cf0_0;  1 drivers
v0x60000359ab50_0 .net "kill", 0 0, v0x600003599c20_0;  1 drivers
v0x60000359abe0_0 .var "led", 15 0;
v0x60000359ac70_0 .var "past_done", 0 0;
v0x60000359ad00_0 .net "sys_rst", 0 0, L_0x600002c9a3e0;  1 drivers
S_0x7fed62f0a8a0 .scope module, "bit_reorder" "bitorder" 4 38, 5 4 0, S_0x7fed62f07470;
 .timescale -9 -12;
    .port_info 0 /INPUT 1 "clk";
    .port_info 1 /INPUT 1 "rst";
    .port_info 2 /INPUT 1 "axiiv";
    .port_info 3 /INPUT 2 "axiid";
    .port_info 4 /OUTPUT 1 "axiov";
    .port_info 5 /OUTPUT 2 "axiod";
P_0x600003b98000 .param/l "IDLE" 1 5 17, +C4<00000000000000000000000000000000>;
P_0x600003b98040 .param/l "RANDW" 1 5 19, +C4<00000000000000000000000000000010>;
P_0x600003b98080 .param/l "RNOW" 1 5 18, +C4<00000000000000000000000000000001>;
P_0x600003b980c0 .param/l "WNOR" 1 5 20, +C4<00000000000000000000000000000011>;
v0x600003598480_0 .net "axiid", 1 0, v0x600003599ef0_0;  alias, 1 drivers
v0x600003598510_0 .net "axiiv", 0 0, v0x600003599f80_0;  alias, 1 drivers
v0x6000035985a0_0 .var "axiod", 1 0;
v0x600003598630_0 .var "axiov", 0 0;
v0x6000035986c0_0 .var "buf_a", 7 0;
v0x600003598750_0 .var "buf_b", 7 0;
v0x6000035987e0_0 .var "buf_counter", 1 0;
v0x600003598870_0 .net "clk", 0 0, v0x60000359ae20_0;  alias, 1 drivers
v0x600003598900_0 .var "read_buf", 0 0;
v0x600003598990_0 .net "rst", 0 0, L_0x600002c9a3e0;  alias, 1 drivers
v0x600003598a20_0 .var "state", 1 0;
E_0x60000099c0f0 .event posedge, v0x600003598870_0;
S_0x7fed62f0aa10 .scope module, "check_dest" "firewall" 4 51, 6 4 0, S_0x7fed62f07470;
 .timescale -9 -12;
    .port_info 0 /INPUT 1 "clk";
    .port_info 1 /INPUT 1 "rst";
    .port_info 2 /INPUT 1 "axiiv";
    .port_info 3 /INPUT 2 "axiid";
    .port_info 4 /OUTPUT 1 "axiov";
    .port_info 5 /OUTPUT 2 "axiod";
P_0x7fed62f0ab80 .param/l "FORWARD" 1 6 22, +C4<00000000000000000000000000000011>;
P_0x7fed62f0abc0 .param/l "HEADERWAIT" 1 6 21, +C4<00000000000000000000000000000010>;
P_0x7fed62f0ac00 .param/l "IDLE" 1 6 19, +C4<00000000000000000000000000000000>;
P_0x7fed62f0ac40 .param/l "IGNORE" 1 6 23, +C4<00000000000000000000000000000100>;
P_0x7fed62f0ac80 .param/l "READ" 1 6 20, +C4<00000000000000000000000000000001>;
v0x600003598b40_0 .net "axiid", 1 0, v0x6000035985a0_0;  alias, 1 drivers
v0x600003598bd0_0 .net "axiiv", 0 0, v0x600003598630_0;  alias, 1 drivers
v0x600003598c60_0 .var "axiod", 1 0;
v0x600003598cf0_0 .var "axiov", 0 0;
v0x600003598d80_0 .var "broadcast_addr", 47 0;
v0x600003598e10_0 .net "clk", 0 0, v0x60000359ae20_0;  alias, 1 drivers
v0x600003598ea0_0 .var "counter", 5 0;
v0x600003598f30_0 .var "device_addr", 47 0;
v0x600003598fc0_0 .var "read_addr", 47 0;
v0x600003599050_0 .net "rst", 0 0, L_0x600002c9a3e0;  alias, 1 drivers
v0x6000035990e0_0 .var "state", 2 0;
E_0x60000099c030/0 .event edge, v0x600003598990_0, v0x600003598fc0_0, v0x600003598f30_0, v0x600003598d80_0;
E_0x60000099c030/1 .event edge, v0x600003598ea0_0, v0x6000035985a0_0, v0x600003598630_0;
E_0x60000099c030 .event/or E_0x60000099c030/0, E_0x60000099c030/1;
S_0x7fed62f0acc0 .scope module, "checksum" "cksum" 4 63, 7 4 0, S_0x7fed62f07470;
 .timescale -9 -12;
    .port_info 0 /INPUT 1 "clk";
    .port_info 1 /INPUT 1 "rst";
    .port_info 2 /INPUT 1 "axiiv";
    .port_info 3 /INPUT 2 "axiid";
    .port_info 4 /OUTPUT 1 "done";
    .port_info 5 /OUTPUT 1 "kill";
P_0x600002998b00 .param/l "BUSY" 1 7 18, +C4<00000000000000000000000000000001>;
P_0x600002998b40 .param/l "IDLE" 1 7 17, +C4<00000000000000000000000000000000>;
L_0x600002c9a4c0 .functor OR 1, L_0x600002c9a3e0, v0x600003599cb0_0, C4<0>, C4<0>;
v0x6000035997a0_0 .net "axiid", 1 0, v0x600003599ef0_0;  alias, 1 drivers
v0x600003599830_0 .net "axiiv", 0 0, v0x600003599f80_0;  alias, 1 drivers
v0x6000035998c0_0 .var "checksum", 31 0;
v0x600003599950_0 .net "clk", 0 0, v0x60000359ae20_0;  alias, 1 drivers
v0x6000035999e0_0 .net "crc_axiod", 31 0, L_0x600002c9a530;  1 drivers
L_0x7fed63873008 .functor BUFT 1, C4<1>, C4<0>, C4<0>, C4<0>;
v0x600003599a70_0 .net "crc_axiov", 0 0, L_0x7fed63873008;  1 drivers
v0x600003599b00_0 .net "crc_rst", 0 0, L_0x600002c9a4c0;  1 drivers
v0x600003599b90_0 .var "done", 0 0;
v0x600003599c20_0 .var "kill", 0 0;
v0x600003599cb0_0 .var "manual_rst", 0 0;
v0x600003599d40_0 .net "rst", 0 0, L_0x600002c9a3e0;  alias, 1 drivers
v0x600003599dd0_0 .var "state", 0 0;
S_0x7fed62f0ae30 .scope module, "mycrc" "crc32" 7 24, 8 22 0, S_0x7fed62f0acc0;
 .timescale -9 -12;
    .port_info 0 /INPUT 1 "clk";
    .port_info 1 /INPUT 1 "rst";
    .port_info 2 /INPUT 1 "axiiv";
    .port_info 3 /INPUT 2 "axiid";
    .port_info 4 /OUTPUT 1 "axiov";
    .port_info 5 /OUTPUT 32 "axiod";
L_0x600002c9a530 .functor NOT 32, v0x6000035994d0_0, C4<00000000000000000000000000000000>, C4<00000000000000000000000000000000>, C4<00000000000000000000000000000000>;
v0x600003599290_0 .net "axiid", 1 0, v0x600003599ef0_0;  alias, 1 drivers
v0x600003599320_0 .net "axiiv", 0 0, v0x600003599f80_0;  alias, 1 drivers
v0x6000035993b0_0 .net "axiod", 31 0, L_0x600002c9a530;  alias, 1 drivers
v0x600003599440_0 .net "axiov", 0 0, L_0x7fed63873008;  alias, 1 drivers
v0x6000035994d0_0 .var "caxiod", 31 0;
v0x600003599560_0 .net "clk", 0 0, v0x60000359ae20_0;  alias, 1 drivers
v0x6000035995f0_0 .var/i "i", 31 0;
v0x600003599680_0 .net "rst", 0 0, L_0x600002c9a4c0;  alias, 1 drivers
v0x600003599710_0 .var "saxiod", 31 0;
E_0x60000099c120 .event edge, v0x6000035994d0_0, v0x600003598480_0;
S_0x7fed62f0afa0 .scope module, "ethernet" "ether" 4 25, 9 4 0, S_0x7fed62f07470;
 .timescale -9 -12;
    .port_info 0 /INPUT 1 "clk";
    .port_info 1 /INPUT 1 "rst";
    .port_info 2 /INPUT 1 "crsdv";
    .port_info 3 /INPUT 2 "rxd";
    .port_info 4 /OUTPUT 1 "axiov";
    .port_info 5 /OUTPUT 2 "axiod";
P_0x7fed62f0b110 .param/l "FALSECARRIER" 1 9 16, +C4<00000000000000000000000000000011>;
P_0x7fed62f0b150 .param/l "IDLE" 1 9 13, +C4<00000000000000000000000000000000>;
P_0x7fed62f0b190 .param/l "RESET" 1 9 17, +C4<00000000000000000000000000000100>;
P_0x7fed62f0b1d0 .param/l "TRANSMIT" 1 9 15, +C4<00000000000000000000000000000010>;
P_0x7fed62f0b210 .param/l "VALIDATE" 1 9 14, +C4<00000000000000000000000000000001>;
v0x600003599ef0_0 .var "axiod", 1 0;
v0x600003599f80_0 .var "axiov", 0 0;
v0x60000359a010_0 .net "clk", 0 0, v0x60000359ae20_0;  alias, 1 drivers
v0x60000359a0a0_0 .net "crsdv", 0 0, v0x60000359aeb0_0;  alias, 1 drivers
v0x60000359a130_0 .var "preamble_count", 4 0;
v0x60000359a1c0_0 .net "rst", 0 0, L_0x600002c9a3e0;  alias, 1 drivers
v0x60000359a250_0 .net "rxd", 1 0, v0x60000359b3c0_0;  alias, 1 drivers
v0x60000359a2e0_0 .var "sfd_count", 1 0;
v0x60000359a370_0 .var "state", 2 0;
    .scope S_0x7fed62f0afa0;
T_0 ;
    %wait E_0x60000099c0f0;
    %load/vec4 v0x60000359a1c0_0;
    %cmpi/e 1, 0, 1;
    %jmp/0xz  T_0.0, 4;
    %pushi/vec4 0, 0, 3;
    %assign/vec4 v0x60000359a370_0, 0;
    %pushi/vec4 0, 0, 5;
    %assign/vec4 v0x60000359a130_0, 0;
    %pushi/vec4 0, 0, 2;
    %assign/vec4 v0x60000359a2e0_0, 0;
    %pushi/vec4 0, 0, 1;
    %assign/vec4 v0x600003599f80_0, 0;
T_0.0 ;
    %load/vec4 v0x60000359a370_0;
    %dup/vec4;
    %pushi/vec4 0, 0, 3;
    %cmp/u;
    %jmp/1 T_0.2, 6;
    %dup/vec4;
    %pushi/vec4 1, 0, 3;
    %cmp/u;
    %jmp/1 T_0.3, 6;
    %dup/vec4;
    %pushi/vec4 2, 0, 3;
    %cmp/u;
    %jmp/1 T_0.4, 6;
    %dup/vec4;
    %pushi/vec4 3, 0, 3;
    %cmp/u;
    %jmp/1 T_0.5, 6;
    %dup/vec4;
    %pushi/vec4 4, 0, 3;
    %cmp/u;
    %jmp/1 T_0.6, 6;
    %jmp T_0.7;
T_0.2 ;
    %load/vec4 v0x60000359a0a0_0;
    %pushi/vec4 1, 0, 1;
    %cmp/e;
    %flag_get/vec4 4;
    %load/vec4 v0x60000359a250_0;
    %pushi/vec4 1, 0, 2;
    %cmp/e;
    %flag_get/vec4 4;
    %and;
    %flag_set/vec4 8;
    %jmp/0xz  T_0.8, 8;
    %pushi/vec4 1, 0, 3;
    %assign/vec4 v0x60000359a370_0, 0;
    %pushi/vec4 1, 0, 5;
    %assign/vec4 v0x60000359a130_0, 0;
    %pushi/vec4 0, 0, 2;
    %assign/vec4 v0x60000359a2e0_0, 0;
    %pushi/vec4 0, 0, 1;
    %assign/vec4 v0x600003599f80_0, 0;
T_0.8 ;
    %jmp T_0.7;
T_0.3 ;
    %load/vec4 v0x60000359a0a0_0;
    %cmpi/e 1, 0, 1;
    %jmp/0xz  T_0.10, 4;
    %load/vec4 v0x60000359a130_0;
    %pad/u 32;
    %cmpi/u 28, 0, 32;
    %jmp/0xz  T_0.12, 5;
    %load/vec4 v0x60000359a250_0;
    %cmpi/e 1, 0, 2;
    %jmp/0xz  T_0.14, 4;
    %load/vec4 v0x60000359a130_0;
    %addi 1, 0, 5;
    %assign/vec4 v0x60000359a130_0, 0;
    %jmp T_0.15;
T_0.14 ;
    %pushi/vec4 3, 0, 3;
    %assign/vec4 v0x60000359a370_0, 0;
T_0.15 ;
    %jmp T_0.13;
T_0.12 ;
    %load/vec4 v0x60000359a2e0_0;
    %dup/vec4;
    %pushi/vec4 0, 0, 2;
    %cmp/u;
    %jmp/1 T_0.16, 6;
    %dup/vec4;
    %pushi/vec4 1, 0, 2;
    %cmp/u;
    %jmp/1 T_0.17, 6;
    %dup/vec4;
    %pushi/vec4 2, 0, 2;
    %cmp/u;
    %jmp/1 T_0.18, 6;
    %dup/vec4;
    %pushi/vec4 3, 0, 2;
    %cmp/u;
    %jmp/1 T_0.19, 6;
    %pushi/vec4 3, 0, 3;
    %assign/vec4 v0x60000359a370_0, 0;
    %jmp T_0.21;
T_0.16 ;
    %load/vec4 v0x60000359a250_0;
    %cmpi/e 1, 0, 2;
    %jmp/0xz  T_0.22, 4;
    %load/vec4 v0x60000359a2e0_0;
    %addi 1, 0, 2;
    %assign/vec4 v0x60000359a2e0_0, 0;
    %jmp T_0.23;
T_0.22 ;
    %pushi/vec4 3, 0, 3;
    %assign/vec4 v0x60000359a370_0, 0;
T_0.23 ;
    %jmp T_0.21;
T_0.17 ;
    %load/vec4 v0x60000359a250_0;
    %cmpi/e 1, 0, 2;
    %jmp/0xz  T_0.24, 4;
    %load/vec4 v0x60000359a2e0_0;
    %addi 1, 0, 2;
    %assign/vec4 v0x60000359a2e0_0, 0;
    %jmp T_0.25;
T_0.24 ;
    %pushi/vec4 3, 0, 3;
    %assign/vec4 v0x60000359a370_0, 0;
T_0.25 ;
    %jmp T_0.21;
T_0.18 ;
    %load/vec4 v0x60000359a250_0;
    %cmpi/e 1, 0, 2;
    %jmp/0xz  T_0.26, 4;
    %load/vec4 v0x60000359a2e0_0;
    %addi 1, 0, 2;
    %assign/vec4 v0x60000359a2e0_0, 0;
    %jmp T_0.27;
T_0.26 ;
    %pushi/vec4 3, 0, 3;
    %assign/vec4 v0x60000359a370_0, 0;
T_0.27 ;
    %jmp T_0.21;
T_0.19 ;
    %load/vec4 v0x60000359a250_0;
    %cmpi/e 3, 0, 2;
    %jmp/0xz  T_0.28, 4;
    %pushi/vec4 2, 0, 3;
    %assign/vec4 v0x60000359a370_0, 0;
    %jmp T_0.29;
T_0.28 ;
    %pushi/vec4 3, 0, 3;
    %assign/vec4 v0x60000359a370_0, 0;
T_0.29 ;
    %jmp T_0.21;
T_0.21 ;
    %pop/vec4 1;
T_0.13 ;
    %jmp T_0.11;
T_0.10 ;
    %pushi/vec4 4, 0, 3;
    %assign/vec4 v0x60000359a370_0, 0;
T_0.11 ;
    %jmp T_0.7;
T_0.4 ;
    %load/vec4 v0x60000359a0a0_0;
    %cmpi/e 1, 0, 1;
    %jmp/0xz  T_0.30, 4;
    %pushi/vec4 1, 0, 1;
    %assign/vec4 v0x600003599f80_0, 0;
    %load/vec4 v0x60000359a250_0;
    %assign/vec4 v0x600003599ef0_0, 0;
    %jmp T_0.31;
T_0.30 ;
    %pushi/vec4 0, 0, 1;
    %assign/vec4 v0x600003599f80_0, 0;
    %pushi/vec4 4, 0, 3;
    %assign/vec4 v0x60000359a370_0, 0;
T_0.31 ;
    %jmp T_0.7;
T_0.5 ;
    %load/vec4 v0x60000359a0a0_0;
    %cmpi/e 0, 0, 1;
    %jmp/0xz  T_0.32, 4;
    %pushi/vec4 0, 0, 5;
    %assign/vec4 v0x60000359a130_0, 0;
    %pushi/vec4 0, 0, 2;
    %assign/vec4 v0x60000359a2e0_0, 0;
    %pushi/vec4 0, 0, 3;
    %assign/vec4 v0x60000359a370_0, 0;
T_0.32 ;
    %jmp T_0.7;
T_0.6 ;
    %pushi/vec4 0, 0, 3;
    %assign/vec4 v0x60000359a370_0, 0;
    %pushi/vec4 0, 0, 5;
    %assign/vec4 v0x60000359a130_0, 0;
    %pushi/vec4 0, 0, 2;
    %assign/vec4 v0x60000359a2e0_0, 0;
    %jmp T_0.7;
T_0.7 ;
    %pop/vec4 1;
    %jmp T_0;
    .thread T_0;
    .scope S_0x7fed62f0a8a0;
T_1 ;
    %wait E_0x60000099c0f0;
    %load/vec4 v0x600003598990_0;
    %flag_set/vec4 8;
    %jmp/0xz  T_1.0, 8;
    %pushi/vec4 0, 0, 1;
    %assign/vec4 v0x600003598900_0, 0;
    %pushi/vec4 0, 0, 2;
    %assign/vec4 v0x6000035987e0_0, 0;
    %pushi/vec4 0, 0, 8;
    %assign/vec4 v0x6000035986c0_0, 0;
    %pushi/vec4 0, 0, 8;
    %assign/vec4 v0x600003598750_0, 0;
    %pushi/vec4 0, 0, 1;
    %assign/vec4 v0x600003598630_0, 0;
    %pushi/vec4 0, 0, 2;
    %assign/vec4 v0x600003598a20_0, 0;
T_1.0 ;
    %load/vec4 v0x600003598a20_0;
    %dup/vec4;
    %pushi/vec4 0, 0, 2;
    %cmp/u;
    %jmp/1 T_1.2, 6;
    %dup/vec4;
    %pushi/vec4 1, 0, 2;
    %cmp/u;
    %jmp/1 T_1.3, 6;
    %dup/vec4;
    %pushi/vec4 2, 0, 2;
    %cmp/u;
    %jmp/1 T_1.4, 6;
    %dup/vec4;
    %pushi/vec4 3, 0, 2;
    %cmp/u;
    %jmp/1 T_1.5, 6;
    %jmp T_1.6;
T_1.2 ;
    %pushi/vec4 0, 0, 2;
    %assign/vec4 v0x6000035985a0_0, 0;
    %pushi/vec4 0, 0, 1;
    %assign/vec4 v0x600003598630_0, 0;
    %load/vec4 v0x600003598510_0;
    %cmpi/e 1, 0, 1;
    %jmp/0xz  T_1.7, 4;
    %pushi/vec4 0, 0, 8;
    %assign/vec4 v0x600003598750_0, 0;
    %load/vec4 v0x600003598480_0;
    %concati/vec4 0, 0, 6;
    %assign/vec4 v0x6000035986c0_0, 0;
    %pushi/vec4 0, 0, 1;
    %assign/vec4 v0x600003598900_0, 0;
    %pushi/vec4 0, 0, 2;
    %assign/vec4 v0x6000035987e0_0, 0;
    %pushi/vec4 1, 0, 2;
    %assign/vec4 v0x600003598a20_0, 0;
T_1.7 ;
    %jmp T_1.6;
T_1.3 ;
    %load/vec4 v0x600003598510_0;
    %cmpi/e 1, 0, 1;
    %jmp/0xz  T_1.9, 4;
    %load/vec4 v0x6000035987e0_0;
    %pad/u 32;
    %cmpi/e 3, 0, 32;
    %jmp/0xz  T_1.11, 4;
    %load/vec4 v0x600003598480_0;
    %load/vec4 v0x600003598750_0;
    %parti/s 6, 2, 3;
    %concat/vec4; draw_concat_vec4
    %assign/vec4 v0x600003598750_0, 0;
    %load/vec4 v0x6000035986c0_0;
    %parti/s 2, 6, 4;
    %assign/vec4 v0x6000035985a0_0, 0;
    %pushi/vec4 1, 0, 1;
    %assign/vec4 v0x600003598630_0, 0;
    %load/vec4 v0x600003598900_0;
    %inv;
    %assign/vec4 v0x600003598900_0, 0;
    %pushi/vec4 0, 0, 2;
    %assign/vec4 v0x6000035987e0_0, 0;
    %pushi/vec4 2, 0, 2;
    %assign/vec4 v0x600003598a20_0, 0;
    %jmp T_1.12;
T_1.11 ;
    %load/vec4 v0x600003598480_0;
    %load/vec4 v0x6000035986c0_0;
    %parti/s 6, 2, 3;
    %concat/vec4; draw_concat_vec4
    %assign/vec4 v0x6000035986c0_0, 0;
    %load/vec4 v0x6000035987e0_0;
    %addi 1, 0, 2;
    %assign/vec4 v0x6000035987e0_0, 0;
T_1.12 ;
    %jmp T_1.10;
T_1.9 ;
    %load/vec4 v0x6000035987e0_0;
    %pad/u 32;
    %cmpi/e 3, 0, 32;
    %jmp/0xz  T_1.13, 4;
    %load/vec4 v0x6000035986c0_0;
    %parti/s 2, 6, 4;
    %assign/vec4 v0x6000035985a0_0, 0;
    %pushi/vec4 1, 0, 1;
    %assign/vec4 v0x600003598630_0, 0;
    %pushi/vec4 1, 0, 1;
    %assign/vec4 v0x600003598900_0, 0;
    %pushi/vec4 0, 0, 2;
    %assign/vec4 v0x6000035987e0_0, 0;
    %pushi/vec4 3, 0, 2;
    %assign/vec4 v0x600003598a20_0, 0;
    %jmp T_1.14;
T_1.13 ;
    %pushi/vec4 0, 0, 2;
    %assign/vec4 v0x6000035987e0_0, 0;
    %pushi/vec4 0, 0, 8;
    %assign/vec4 v0x6000035986c0_0, 0;
    %pushi/vec4 0, 0, 2;
    %assign/vec4 v0x600003598a20_0, 0;
T_1.14 ;
T_1.10 ;
    %jmp T_1.6;
T_1.4 ;
    %pushi/vec4 1, 0, 1;
    %assign/vec4 v0x600003598630_0, 0;
    %load/vec4 v0x600003598510_0;
    %cmpi/e 1, 0, 1;
    %jmp/0xz  T_1.15, 4;
    %load/vec4 v0x600003598900_0;
    %cmpi/e 0, 0, 1;
    %jmp/0xz  T_1.17, 4;
    %load/vec4 v0x6000035987e0_0;
    %dup/vec4;
    %pushi/vec4 3, 0, 2;
    %cmp/u;
    %jmp/1 T_1.19, 6;
    %dup/vec4;
    %pushi/vec4 0, 0, 2;
    %cmp/u;
    %jmp/1 T_1.20, 6;
    %dup/vec4;
    %pushi/vec4 1, 0, 2;
    %cmp/u;
    %jmp/1 T_1.21, 6;
    %dup/vec4;
    %pushi/vec4 2, 0, 2;
    %cmp/u;
    %jmp/1 T_1.22, 6;
    %jmp T_1.23;
T_1.19 ;
    %load/vec4 v0x600003598480_0;
    %load/vec4 v0x600003598750_0;
    %parti/s 6, 2, 3;
    %concat/vec4; draw_concat_vec4
    %assign/vec4 v0x600003598750_0, 0;
    %load/vec4 v0x6000035986c0_0;
    %parti/s 2, 6, 4;
    %assign/vec4 v0x6000035985a0_0, 0;
    %jmp T_1.23;
T_1.20 ;
    %load/vec4 v0x600003598480_0;
    %load/vec4 v0x6000035986c0_0;
    %parti/s 6, 2, 3;
    %concat/vec4; draw_concat_vec4
    %assign/vec4 v0x6000035986c0_0, 0;
    %load/vec4 v0x600003598750_0;
    %parti/s 2, 4, 4;
    %assign/vec4 v0x6000035985a0_0, 0;
    %jmp T_1.23;
T_1.21 ;
    %load/vec4 v0x600003598480_0;
    %load/vec4 v0x6000035986c0_0;
    %parti/s 6, 2, 3;
    %concat/vec4; draw_concat_vec4
    %assign/vec4 v0x6000035986c0_0, 0;
    %load/vec4 v0x600003598750_0;
    %parti/s 2, 2, 3;
    %assign/vec4 v0x6000035985a0_0, 0;
    %jmp T_1.23;
T_1.22 ;
    %load/vec4 v0x600003598480_0;
    %load/vec4 v0x6000035986c0_0;
    %parti/s 6, 2, 3;
    %concat/vec4; draw_concat_vec4
    %assign/vec4 v0x6000035986c0_0, 0;
    %load/vec4 v0x600003598750_0;
    %parti/s 2, 0, 2;
    %assign/vec4 v0x6000035985a0_0, 0;
    %jmp T_1.23;
T_1.23 ;
    %pop/vec4 1;
    %jmp T_1.18;
T_1.17 ;
    %load/vec4 v0x6000035987e0_0;
    %dup/vec4;
    %pushi/vec4 3, 0, 2;
    %cmp/u;
    %jmp/1 T_1.24, 6;
    %dup/vec4;
    %pushi/vec4 0, 0, 2;
    %cmp/u;
    %jmp/1 T_1.25, 6;
    %dup/vec4;
    %pushi/vec4 1, 0, 2;
    %cmp/u;
    %jmp/1 T_1.26, 6;
    %dup/vec4;
    %pushi/vec4 2, 0, 2;
    %cmp/u;
    %jmp/1 T_1.27, 6;
    %jmp T_1.28;
T_1.24 ;
    %load/vec4 v0x600003598480_0;
    %load/vec4 v0x6000035986c0_0;
    %parti/s 6, 2, 3;
    %concat/vec4; draw_concat_vec4
    %assign/vec4 v0x6000035986c0_0, 0;
    %load/vec4 v0x600003598750_0;
    %parti/s 2, 6, 4;
    %assign/vec4 v0x6000035985a0_0, 0;
    %jmp T_1.28;
T_1.25 ;
    %load/vec4 v0x600003598480_0;
    %load/vec4 v0x600003598750_0;
    %parti/s 6, 2, 3;
    %concat/vec4; draw_concat_vec4
    %assign/vec4 v0x600003598750_0, 0;
    %load/vec4 v0x6000035986c0_0;
    %parti/s 2, 4, 4;
    %assign/vec4 v0x6000035985a0_0, 0;
    %jmp T_1.28;
T_1.26 ;
    %load/vec4 v0x600003598480_0;
    %load/vec4 v0x600003598750_0;
    %parti/s 6, 2, 3;
    %concat/vec4; draw_concat_vec4
    %assign/vec4 v0x600003598750_0, 0;
    %load/vec4 v0x6000035986c0_0;
    %parti/s 2, 2, 3;
    %assign/vec4 v0x6000035985a0_0, 0;
    %jmp T_1.28;
T_1.27 ;
    %load/vec4 v0x600003598480_0;
    %load/vec4 v0x600003598750_0;
    %parti/s 6, 2, 3;
    %concat/vec4; draw_concat_vec4
    %assign/vec4 v0x600003598750_0, 0;
    %load/vec4 v0x6000035986c0_0;
    %parti/s 2, 0, 2;
    %assign/vec4 v0x6000035985a0_0, 0;
    %jmp T_1.28;
T_1.28 ;
    %pop/vec4 1;
T_1.18 ;
    %load/vec4 v0x6000035987e0_0;
    %pad/u 32;
    %cmpi/e 3, 0, 32;
    %jmp/0xz  T_1.29, 4;
    %load/vec4 v0x600003598900_0;
    %inv;
    %assign/vec4 v0x600003598900_0, 0;
    %pushi/vec4 0, 0, 2;
    %assign/vec4 v0x6000035987e0_0, 0;
    %jmp T_1.30;
T_1.29 ;
    %load/vec4 v0x6000035987e0_0;
    %addi 1, 0, 2;
    %assign/vec4 v0x6000035987e0_0, 0;
T_1.30 ;
    %jmp T_1.16;
T_1.15 ;
    %load/vec4 v0x600003598900_0;
    %cmpi/e 0, 0, 1;
    %jmp/0xz  T_1.31, 4;
    %load/vec4 v0x6000035987e0_0;
    %dup/vec4;
    %pushi/vec4 3, 0, 2;
    %cmp/u;
    %jmp/1 T_1.33, 6;
    %dup/vec4;
    %pushi/vec4 0, 0, 2;
    %cmp/u;
    %jmp/1 T_1.34, 6;
    %dup/vec4;
    %pushi/vec4 1, 0, 2;
    %cmp/u;
    %jmp/1 T_1.35, 6;
    %dup/vec4;
    %pushi/vec4 2, 0, 2;
    %cmp/u;
    %jmp/1 T_1.36, 6;
    %jmp T_1.37;
T_1.33 ;
    %load/vec4 v0x6000035986c0_0;
    %parti/s 2, 6, 4;
    %assign/vec4 v0x6000035985a0_0, 0;
    %jmp T_1.37;
T_1.34 ;
    %load/vec4 v0x600003598750_0;
    %parti/s 2, 4, 4;
    %assign/vec4 v0x6000035985a0_0, 0;
    %jmp T_1.37;
T_1.35 ;
    %load/vec4 v0x600003598750_0;
    %parti/s 2, 2, 3;
    %assign/vec4 v0x6000035985a0_0, 0;
    %jmp T_1.37;
T_1.36 ;
    %load/vec4 v0x600003598750_0;
    %parti/s 2, 0, 2;
    %assign/vec4 v0x6000035985a0_0, 0;
    %jmp T_1.37;
T_1.37 ;
    %pop/vec4 1;
    %jmp T_1.32;
T_1.31 ;
    %load/vec4 v0x6000035987e0_0;
    %dup/vec4;
    %pushi/vec4 3, 0, 2;
    %cmp/u;
    %jmp/1 T_1.38, 6;
    %dup/vec4;
    %pushi/vec4 0, 0, 2;
    %cmp/u;
    %jmp/1 T_1.39, 6;
    %dup/vec4;
    %pushi/vec4 1, 0, 2;
    %cmp/u;
    %jmp/1 T_1.40, 6;
    %dup/vec4;
    %pushi/vec4 2, 0, 2;
    %cmp/u;
    %jmp/1 T_1.41, 6;
    %jmp T_1.42;
T_1.38 ;
    %load/vec4 v0x600003598750_0;
    %parti/s 2, 6, 4;
    %assign/vec4 v0x6000035985a0_0, 0;
    %jmp T_1.42;
T_1.39 ;
    %load/vec4 v0x6000035986c0_0;
    %parti/s 2, 4, 4;
    %assign/vec4 v0x6000035985a0_0, 0;
    %jmp T_1.42;
T_1.40 ;
    %load/vec4 v0x6000035986c0_0;
    %parti/s 2, 2, 3;
    %assign/vec4 v0x6000035985a0_0, 0;
    %jmp T_1.42;
T_1.41 ;
    %load/vec4 v0x6000035986c0_0;
    %parti/s 2, 0, 2;
    %assign/vec4 v0x6000035985a0_0, 0;
    %jmp T_1.42;
T_1.42 ;
    %pop/vec4 1;
T_1.32 ;
    %pushi/vec4 1, 0, 1;
    %assign/vec4 v0x600003598630_0, 0;
    %load/vec4 v0x6000035987e0_0;
    %pad/u 32;
    %cmpi/e 3, 0, 32;
    %jmp/0xz  T_1.43, 4;
    %pushi/vec4 0, 0, 2;
    %assign/vec4 v0x6000035987e0_0, 0;
    %load/vec4 v0x600003598900_0;
    %inv;
    %assign/vec4 v0x600003598900_0, 0;
    %pushi/vec4 3, 0, 2;
    %assign/vec4 v0x600003598a20_0, 0;
    %jmp T_1.44;
T_1.43 ;
    %load/vec4 v0x6000035987e0_0;
    %addi 1, 0, 2;
    %assign/vec4 v0x6000035987e0_0, 0;
    %pushi/vec4 3, 0, 2;
    %assign/vec4 v0x600003598a20_0, 0;
T_1.44 ;
T_1.16 ;
    %jmp T_1.6;
T_1.5 ;
    %pushi/vec4 1, 0, 1;
    %assign/vec4 v0x600003598630_0, 0;
    %load/vec4 v0x600003598900_0;
    %cmpi/e 0, 0, 1;
    %jmp/0xz  T_1.45, 4;
    %load/vec4 v0x6000035987e0_0;
    %dup/vec4;
    %pushi/vec4 3, 0, 2;
    %cmp/u;
    %jmp/1 T_1.47, 6;
    %dup/vec4;
    %pushi/vec4 0, 0, 2;
    %cmp/u;
    %jmp/1 T_1.48, 6;
    %dup/vec4;
    %pushi/vec4 1, 0, 2;
    %cmp/u;
    %jmp/1 T_1.49, 6;
    %dup/vec4;
    %pushi/vec4 2, 0, 2;
    %cmp/u;
    %jmp/1 T_1.50, 6;
    %jmp T_1.51;
T_1.47 ;
    %load/vec4 v0x600003598750_0;
    %parti/s 2, 6, 4;
    %assign/vec4 v0x6000035985a0_0, 0;
    %jmp T_1.51;
T_1.48 ;
    %load/vec4 v0x600003598750_0;
    %parti/s 2, 4, 4;
    %assign/vec4 v0x6000035985a0_0, 0;
    %jmp T_1.51;
T_1.49 ;
    %load/vec4 v0x600003598750_0;
    %parti/s 2, 2, 3;
    %assign/vec4 v0x6000035985a0_0, 0;
    %jmp T_1.51;
T_1.50 ;
    %load/vec4 v0x600003598750_0;
    %parti/s 2, 0, 2;
    %assign/vec4 v0x6000035985a0_0, 0;
    %jmp T_1.51;
T_1.51 ;
    %pop/vec4 1;
    %jmp T_1.46;
T_1.45 ;
    %load/vec4 v0x6000035987e0_0;
    %dup/vec4;
    %pushi/vec4 3, 0, 2;
    %cmp/u;
    %jmp/1 T_1.52, 6;
    %dup/vec4;
    %pushi/vec4 0, 0, 2;
    %cmp/u;
    %jmp/1 T_1.53, 6;
    %dup/vec4;
    %pushi/vec4 1, 0, 2;
    %cmp/u;
    %jmp/1 T_1.54, 6;
    %dup/vec4;
    %pushi/vec4 2, 0, 2;
    %cmp/u;
    %jmp/1 T_1.55, 6;
    %jmp T_1.56;
T_1.52 ;
    %load/vec4 v0x6000035986c0_0;
    %parti/s 2, 6, 4;
    %assign/vec4 v0x6000035985a0_0, 0;
    %jmp T_1.56;
T_1.53 ;
    %load/vec4 v0x6000035986c0_0;
    %parti/s 2, 4, 4;
    %assign/vec4 v0x6000035985a0_0, 0;
    %jmp T_1.56;
T_1.54 ;
    %load/vec4 v0x6000035986c0_0;
    %parti/s 2, 2, 3;
    %assign/vec4 v0x6000035985a0_0, 0;
    %jmp T_1.56;
T_1.55 ;
    %load/vec4 v0x6000035986c0_0;
    %parti/s 2, 0, 2;
    %assign/vec4 v0x6000035985a0_0, 0;
    %jmp T_1.56;
T_1.56 ;
    %pop/vec4 1;
T_1.46 ;
    %load/vec4 v0x6000035987e0_0;
    %pad/u 32;
    %cmpi/e 3, 0, 32;
    %jmp/0xz  T_1.57, 4;
    %pushi/vec4 0, 0, 1;
    %assign/vec4 v0x600003598630_0, 0;
    %pushi/vec4 0, 0, 2;
    %assign/vec4 v0x6000035985a0_0, 0;
    %pushi/vec4 0, 0, 2;
    %assign/vec4 v0x6000035987e0_0, 0;
    %pushi/vec4 0, 0, 2;
    %assign/vec4 v0x600003598a20_0, 0;
    %jmp T_1.58;
T_1.57 ;
    %load/vec4 v0x6000035987e0_0;
    %addi 1, 0, 2;
    %assign/vec4 v0x6000035987e0_0, 0;
T_1.58 ;
    %jmp T_1.6;
T_1.6 ;
    %pop/vec4 1;
    %jmp T_1;
    .thread T_1;
    .scope S_0x7fed62f0aa10;
T_2 ;
    %pushi/vec4 3537024012, 0, 33;
    %concati/vec4 21649, 0, 15;
    %store/vec4 v0x600003598f30_0, 0, 48;
    %pushi/vec4 4294967295, 0, 32;
    %concati/vec4 65535, 0, 16;
    %store/vec4 v0x600003598d80_0, 0, 48;
    %end;
    .thread T_2, $init;
    .scope S_0x7fed62f0aa10;
T_3 ;
    %wait E_0x60000099c0f0;
    %load/vec4 v0x600003599050_0;
    %flag_set/vec4 8;
    %jmp/0xz  T_3.0, 8;
    %pushi/vec4 0, 0, 48;
    %assign/vec4 v0x600003598fc0_0, 0;
    %pushi/vec4 0, 0, 6;
    %assign/vec4 v0x600003598ea0_0, 0;
    %pushi/vec4 0, 0, 3;
    %assign/vec4 v0x6000035990e0_0, 0;
T_3.0 ;
    %load/vec4 v0x6000035990e0_0;
    %dup/vec4;
    %pushi/vec4 0, 0, 3;
    %cmp/u;
    %jmp/1 T_3.2, 6;
    %dup/vec4;
    %pushi/vec4 1, 0, 3;
    %cmp/u;
    %jmp/1 T_3.3, 6;
    %dup/vec4;
    %pushi/vec4 2, 0, 3;
    %cmp/u;
    %jmp/1 T_3.4, 6;
    %dup/vec4;
    %pushi/vec4 3, 0, 3;
    %cmp/u;
    %jmp/1 T_3.5, 6;
    %dup/vec4;
    %pushi/vec4 4, 0, 3;
    %cmp/u;
    %jmp/1 T_3.6, 6;
    %jmp T_3.7;
T_3.2 ;
    %load/vec4 v0x600003598bd0_0;
    %cmpi/e 1, 0, 1;
    %jmp/0xz  T_3.8, 4;
    %pushi/vec4 0, 0, 46;
    %load/vec4 v0x600003598b40_0;
    %concat/vec4; draw_concat_vec4
    %assign/vec4 v0x600003598fc0_0, 0;
    %pushi/vec4 0, 0, 6;
    %assign/vec4 v0x600003598ea0_0, 0;
    %pushi/vec4 1, 0, 3;
    %assign/vec4 v0x6000035990e0_0, 0;
T_3.8 ;
    %jmp T_3.7;
T_3.3 ;
    %load/vec4 v0x600003598bd0_0;
    %cmpi/e 1, 0, 1;
    %jmp/0xz  T_3.10, 4;
    %load/vec4 v0x600003598ea0_0;
    %pad/u 32;
    %cmpi/e 23, 0, 32;
    %jmp/0xz  T_3.12, 4;
    %load/vec4 v0x600003598fc0_0;
    %load/vec4 v0x600003598f30_0;
    %cmp/e;
    %flag_mov 8, 4;
    %load/vec4 v0x600003598fc0_0;
    %load/vec4 v0x600003598d80_0;
    %cmp/e;
    %flag_or 4, 8;
    %jmp/0xz  T_3.14, 4;
    %load/vec4 v0x600003598ea0_0;
    %addi 1, 0, 6;
    %assign/vec4 v0x600003598ea0_0, 0;
    %pushi/vec4 2, 0, 3;
    %assign/vec4 v0x6000035990e0_0, 0;
    %jmp T_3.15;
T_3.14 ;
    %pushi/vec4 4, 0, 3;
    %assign/vec4 v0x6000035990e0_0, 0;
T_3.15 ;
    %jmp T_3.13;
T_3.12 ;
    %load/vec4 v0x600003598fc0_0;
    %parti/s 46, 0, 2;
    %load/vec4 v0x600003598b40_0;
    %concat/vec4; draw_concat_vec4
    %assign/vec4 v0x600003598fc0_0, 0;
    %load/vec4 v0x600003598ea0_0;
    %addi 1, 0, 6;
    %assign/vec4 v0x600003598ea0_0, 0;
T_3.13 ;
    %jmp T_3.11;
T_3.10 ;
    %pushi/vec4 0, 0, 6;
    %assign/vec4 v0x600003598ea0_0, 0;
    %pushi/vec4 0, 0, 3;
    %assign/vec4 v0x6000035990e0_0, 0;
T_3.11 ;
    %jmp T_3.7;
T_3.4 ;
    %load/vec4 v0x600003598bd0_0;
    %cmpi/e 1, 0, 1;
    %jmp/0xz  T_3.16, 4;
    %load/vec4 v0x600003598ea0_0;
    %pad/u 32;
    %cmpi/e 55, 0, 32;
    %jmp/0xz  T_3.18, 4;
    %pushi/vec4 3, 0, 3;
    %assign/vec4 v0x6000035990e0_0, 0;
    %jmp T_3.19;
T_3.18 ;
    %load/vec4 v0x600003598ea0_0;
    %addi 1, 0, 6;
    %assign/vec4 v0x600003598ea0_0, 0;
T_3.19 ;
    %jmp T_3.17;
T_3.16 ;
    %pushi/vec4 0, 0, 6;
    %assign/vec4 v0x600003598ea0_0, 0;
    %pushi/vec4 0, 0, 3;
    %assign/vec4 v0x6000035990e0_0, 0;
T_3.17 ;
    %jmp T_3.7;
T_3.5 ;
    %load/vec4 v0x600003598bd0_0;
    %cmpi/e 0, 0, 1;
    %jmp/0xz  T_3.20, 4;
    %pushi/vec4 0, 0, 3;
    %assign/vec4 v0x6000035990e0_0, 0;
    %pushi/vec4 0, 0, 48;
    %assign/vec4 v0x600003598fc0_0, 0;
    %pushi/vec4 0, 0, 6;
    %assign/vec4 v0x600003598ea0_0, 0;
T_3.20 ;
    %jmp T_3.7;
T_3.6 ;
    %load/vec4 v0x600003598bd0_0;
    %cmpi/e 0, 0, 1;
    %jmp/0xz  T_3.22, 4;
    %pushi/vec4 0, 0, 3;
    %assign/vec4 v0x6000035990e0_0, 0;
    %pushi/vec4 0, 0, 48;
    %assign/vec4 v0x600003598fc0_0, 0;
    %pushi/vec4 0, 0, 6;
    %assign/vec4 v0x600003598ea0_0, 0;
T_3.22 ;
    %jmp T_3.7;
T_3.7 ;
    %pop/vec4 1;
    %jmp T_3;
    .thread T_3;
    .scope S_0x7fed62f0aa10;
T_4 ;
Ewait_0 .event/or E_0x60000099c030, E_0x0;
    %wait Ewait_0;
    %load/vec4 v0x600003599050_0;
    %cmpi/e 1, 0, 1;
    %jmp/0xz  T_4.0, 4;
    %pushi/vec4 0, 0, 2;
    %store/vec4 v0x600003598c60_0, 0, 2;
    %pushi/vec4 0, 0, 1;
    %store/vec4 v0x600003598cf0_0, 0, 1;
    %jmp T_4.1;
T_4.0 ;
    %load/vec4 v0x600003598fc0_0;
    %load/vec4 v0x600003598f30_0;
    %cmp/e;
    %flag_get/vec4 4;
    %load/vec4 v0x600003598fc0_0;
    %load/vec4 v0x600003598d80_0;
    %cmp/e;
    %flag_get/vec4 4;
    %or;
    %load/vec4 v0x600003598ea0_0;
    %pad/u 32;
    %pushi/vec4 55, 0, 32;
    %cmp/e;
    %flag_get/vec4 4;
    %and;
    %flag_set/vec4 8;
    %jmp/0 T_4.2, 8;
    %load/vec4 v0x600003598b40_0;
    %jmp/1 T_4.3, 8;
T_4.2 ; End of true expr.
    %pushi/vec4 0, 0, 2;
    %jmp/0 T_4.3, 8;
 ; End of false expr.
    %blend;
T_4.3;
    %store/vec4 v0x600003598c60_0, 0, 2;
    %load/vec4 v0x600003598fc0_0;
    %load/vec4 v0x600003598f30_0;
    %cmp/e;
    %flag_get/vec4 4;
    %load/vec4 v0x600003598fc0_0;
    %load/vec4 v0x600003598d80_0;
    %cmp/e;
    %flag_get/vec4 4;
    %or;
    %load/vec4 v0x600003598ea0_0;
    %pad/u 32;
    %pushi/vec4 55, 0, 32;
    %cmp/e;
    %flag_get/vec4 4;
    %and;
    %flag_set/vec4 8;
    %jmp/0 T_4.4, 8;
    %load/vec4 v0x600003598bd0_0;
    %jmp/1 T_4.5, 8;
T_4.4 ; End of true expr.
    %pushi/vec4 0, 0, 1;
    %jmp/0 T_4.5, 8;
 ; End of false expr.
    %blend;
T_4.5;
    %store/vec4 v0x600003598cf0_0, 0, 1;
T_4.1 ;
    %jmp T_4;
    .thread T_4, $push;
    .scope S_0x7fed62f0ae30;
T_5 ;
    %wait E_0x60000099c120;
    %pushi/vec4 0, 0, 32;
    %store/vec4 v0x6000035995f0_0, 0, 32;
T_5.0 ;
    %load/vec4 v0x6000035995f0_0;
    %cmpi/s 32, 0, 32;
    %jmp/0xz T_5.1, 5;
    %load/vec4 v0x6000035995f0_0;
    %dup/vec4;
    %pushi/vec4 0, 0, 32;
    %cmp/u;
    %jmp/1 T_5.2, 6;
    %dup/vec4;
    %pushi/vec4 1, 0, 32;
    %cmp/u;
    %jmp/1 T_5.3, 6;
    %dup/vec4;
    %pushi/vec4 4, 0, 32;
    %cmp/u;
    %jmp/1 T_5.4, 6;
    %dup/vec4;
    %pushi/vec4 7, 0, 32;
    %cmp/u;
    %jmp/1 T_5.5, 6;
    %dup/vec4;
    %pushi/vec4 10, 0, 32;
    %cmp/u;
    %jmp/1 T_5.6, 6;
    %dup/vec4;
    %pushi/vec4 16, 0, 32;
    %cmp/u;
    %jmp/1 T_5.7, 6;
    %dup/vec4;
    %pushi/vec4 22, 0, 32;
    %cmp/u;
    %jmp/1 T_5.8, 6;
    %dup/vec4;
    %pushi/vec4 26, 0, 32;
    %cmp/u;
    %jmp/1 T_5.9, 6;
    %dup/vec4;
    %pushi/vec4 2, 0, 32;
    %cmp/u;
    %jmp/1 T_5.10, 6;
    %dup/vec4;
    %pushi/vec4 5, 0, 32;
    %cmp/u;
    %jmp/1 T_5.11, 6;
    %dup/vec4;
    %pushi/vec4 8, 0, 32;
    %cmp/u;
    %jmp/1 T_5.12, 6;
    %dup/vec4;
    %pushi/vec4 11, 0, 32;
    %cmp/u;
    %jmp/1 T_5.13, 6;
    %dup/vec4;
    %pushi/vec4 12, 0, 32;
    %cmp/u;
    %jmp/1 T_5.14, 6;
    %dup/vec4;
    %pushi/vec4 23, 0, 32;
    %cmp/u;
    %jmp/1 T_5.15, 6;
    %dup/vec4;
    %pushi/vec4 3, 0, 32;
    %cmp/u;
    %jmp/1 T_5.16, 6;
    %dup/vec4;
    %pushi/vec4 6, 0, 32;
    %cmp/u;
    %jmp/1 T_5.17, 6;
    %dup/vec4;
    %pushi/vec4 9, 0, 32;
    %cmp/u;
    %jmp/1 T_5.18, 6;
    %dup/vec4;
    %pushi/vec4 13, 0, 32;
    %cmp/u;
    %jmp/1 T_5.19, 6;
    %dup/vec4;
    %pushi/vec4 17, 0, 32;
    %cmp/u;
    %jmp/1 T_5.20, 6;
    %dup/vec4;
    %pushi/vec4 24, 0, 32;
    %cmp/u;
    %jmp/1 T_5.21, 6;
    %dup/vec4;
    %pushi/vec4 27, 0, 32;
    %cmp/u;
    %jmp/1 T_5.22, 6;
    %load/vec4 v0x6000035994d0_0;
    %load/vec4 v0x6000035995f0_0;
    %subi 2, 0, 32;
    %part/s 1;
    %ix/getv/s 4, v0x6000035995f0_0;
    %store/vec4 v0x600003599710_0, 4, 1;
    %jmp T_5.24;
T_5.2 ;
    %load/vec4 v0x6000035994d0_0;
    %parti/s 1, 30, 6;
    %load/vec4 v0x600003599290_0;
    %parti/s 1, 1, 2;
    %xor;
    %ix/getv/s 4, v0x6000035995f0_0;
    %store/vec4 v0x600003599710_0, 4, 1;
    %jmp T_5.24;
T_5.3 ;
    %load/vec4 v0x6000035994d0_0;
    %parti/s 1, 31, 6;
    %load/vec4 v0x600003599290_0;
    %parti/s 1, 0, 2;
    %xor;
    %load/vec4 v0x6000035994d0_0;
    %parti/s 1, 30, 6;
    %load/vec4 v0x600003599290_0;
    %parti/s 1, 1, 2;
    %xor;
    %xor;
    %ix/getv/s 4, v0x6000035995f0_0;
    %store/vec4 v0x600003599710_0, 4, 1;
    %jmp T_5.24;
T_5.4 ;
    %load/vec4 v0x6000035994d0_0;
    %load/vec4 v0x6000035995f0_0;
    %subi 2, 0, 32;
    %part/s 1;
    %load/vec4 v0x6000035994d0_0;
    %parti/s 1, 30, 6;
    %load/vec4 v0x600003599290_0;
    %parti/s 1, 1, 2;
    %xor;
    %xor;
    %ix/getv/s 4, v0x6000035995f0_0;
    %store/vec4 v0x600003599710_0, 4, 1;
    %jmp T_5.24;
T_5.5 ;
    %load/vec4 v0x6000035994d0_0;
    %load/vec4 v0x6000035995f0_0;
    %subi 2, 0, 32;
    %part/s 1;
    %load/vec4 v0x6000035994d0_0;
    %parti/s 1, 30, 6;
    %load/vec4 v0x600003599290_0;
    %parti/s 1, 1, 2;
    %xor;
    %xor;
    %ix/getv/s 4, v0x6000035995f0_0;
    %store/vec4 v0x600003599710_0, 4, 1;
    %jmp T_5.24;
T_5.6 ;
    %load/vec4 v0x6000035994d0_0;
    %load/vec4 v0x6000035995f0_0;
    %subi 2, 0, 32;
    %part/s 1;
    %load/vec4 v0x6000035994d0_0;
    %parti/s 1, 30, 6;
    %load/vec4 v0x600003599290_0;
    %parti/s 1, 1, 2;
    %xor;
    %xor;
    %ix/getv/s 4, v0x6000035995f0_0;
    %store/vec4 v0x600003599710_0, 4, 1;
    %jmp T_5.24;
T_5.7 ;
    %load/vec4 v0x6000035994d0_0;
    %load/vec4 v0x6000035995f0_0;
    %subi 2, 0, 32;
    %part/s 1;
    %load/vec4 v0x6000035994d0_0;
    %parti/s 1, 30, 6;
    %load/vec4 v0x600003599290_0;
    %parti/s 1, 1, 2;
    %xor;
    %xor;
    %ix/getv/s 4, v0x6000035995f0_0;
    %store/vec4 v0x600003599710_0, 4, 1;
    %jmp T_5.24;
T_5.8 ;
    %load/vec4 v0x6000035994d0_0;
    %load/vec4 v0x6000035995f0_0;
    %subi 2, 0, 32;
    %part/s 1;
    %load/vec4 v0x6000035994d0_0;
    %parti/s 1, 30, 6;
    %load/vec4 v0x600003599290_0;
    %parti/s 1, 1, 2;
    %xor;
    %xor;
    %ix/getv/s 4, v0x6000035995f0_0;
    %store/vec4 v0x600003599710_0, 4, 1;
    %jmp T_5.24;
T_5.9 ;
    %load/vec4 v0x6000035994d0_0;
    %load/vec4 v0x6000035995f0_0;
    %subi 2, 0, 32;
    %part/s 1;
    %load/vec4 v0x6000035994d0_0;
    %parti/s 1, 30, 6;
    %load/vec4 v0x600003599290_0;
    %parti/s 1, 1, 2;
    %xor;
    %xor;
    %ix/getv/s 4, v0x6000035995f0_0;
    %store/vec4 v0x600003599710_0, 4, 1;
    %jmp T_5.24;
T_5.10 ;
    %load/vec4 v0x6000035994d0_0;
    %load/vec4 v0x6000035995f0_0;
    %subi 2, 0, 32;
    %part/s 1;
    %load/vec4 v0x6000035994d0_0;
    %parti/s 1, 31, 6;
    %load/vec4 v0x600003599290_0;
    %parti/s 1, 0, 2;
    %xor;
    %load/vec4 v0x6000035994d0_0;
    %parti/s 1, 30, 6;
    %load/vec4 v0x600003599290_0;
    %parti/s 1, 1, 2;
    %xor;
    %xor;
    %xor;
    %ix/getv/s 4, v0x6000035995f0_0;
    %store/vec4 v0x600003599710_0, 4, 1;
    %jmp T_5.24;
T_5.11 ;
    %load/vec4 v0x6000035994d0_0;
    %load/vec4 v0x6000035995f0_0;
    %subi 2, 0, 32;
    %part/s 1;
    %load/vec4 v0x6000035994d0_0;
    %parti/s 1, 31, 6;
    %load/vec4 v0x600003599290_0;
    %parti/s 1, 0, 2;
    %xor;
    %load/vec4 v0x6000035994d0_0;
    %parti/s 1, 30, 6;
    %load/vec4 v0x600003599290_0;
    %parti/s 1, 1, 2;
    %xor;
    %xor;
    %xor;
    %ix/getv/s 4, v0x6000035995f0_0;
    %store/vec4 v0x600003599710_0, 4, 1;
    %jmp T_5.24;
T_5.12 ;
    %load/vec4 v0x6000035994d0_0;
    %load/vec4 v0x6000035995f0_0;
    %subi 2, 0, 32;
    %part/s 1;
    %load/vec4 v0x6000035994d0_0;
    %parti/s 1, 31, 6;
    %load/vec4 v0x600003599290_0;
    %parti/s 1, 0, 2;
    %xor;
    %load/vec4 v0x6000035994d0_0;
    %parti/s 1, 30, 6;
    %load/vec4 v0x600003599290_0;
    %parti/s 1, 1, 2;
    %xor;
    %xor;
    %xor;
    %ix/getv/s 4, v0x6000035995f0_0;
    %store/vec4 v0x600003599710_0, 4, 1;
    %jmp T_5.24;
T_5.13 ;
    %load/vec4 v0x6000035994d0_0;
    %load/vec4 v0x6000035995f0_0;
    %subi 2, 0, 32;
    %part/s 1;
    %load/vec4 v0x6000035994d0_0;
    %parti/s 1, 31, 6;
    %load/vec4 v0x600003599290_0;
    %parti/s 1, 0, 2;
    %xor;
    %load/vec4 v0x6000035994d0_0;
    %parti/s 1, 30, 6;
    %load/vec4 v0x600003599290_0;
    %parti/s 1, 1, 2;
    %xor;
    %xor;
    %xor;
    %ix/getv/s 4, v0x6000035995f0_0;
    %store/vec4 v0x600003599710_0, 4, 1;
    %jmp T_5.24;
T_5.14 ;
    %load/vec4 v0x6000035994d0_0;
    %load/vec4 v0x6000035995f0_0;
    %subi 2, 0, 32;
    %part/s 1;
    %load/vec4 v0x6000035994d0_0;
    %parti/s 1, 31, 6;
    %load/vec4 v0x600003599290_0;
    %parti/s 1, 0, 2;
    %xor;
    %load/vec4 v0x6000035994d0_0;
    %parti/s 1, 30, 6;
    %load/vec4 v0x600003599290_0;
    %parti/s 1, 1, 2;
    %xor;
    %xor;
    %xor;
    %ix/getv/s 4, v0x6000035995f0_0;
    %store/vec4 v0x600003599710_0, 4, 1;
    %jmp T_5.24;
T_5.15 ;
    %load/vec4 v0x6000035994d0_0;
    %load/vec4 v0x6000035995f0_0;
    %subi 2, 0, 32;
    %part/s 1;
    %load/vec4 v0x6000035994d0_0;
    %parti/s 1, 31, 6;
    %load/vec4 v0x600003599290_0;
    %parti/s 1, 0, 2;
    %xor;
    %load/vec4 v0x6000035994d0_0;
    %parti/s 1, 30, 6;
    %load/vec4 v0x600003599290_0;
    %parti/s 1, 1, 2;
    %xor;
    %xor;
    %xor;
    %ix/getv/s 4, v0x6000035995f0_0;
    %store/vec4 v0x600003599710_0, 4, 1;
    %jmp T_5.24;
T_5.16 ;
    %load/vec4 v0x6000035994d0_0;
    %load/vec4 v0x6000035995f0_0;
    %subi 2, 0, 32;
    %part/s 1;
    %load/vec4 v0x6000035994d0_0;
    %parti/s 1, 31, 6;
    %load/vec4 v0x600003599290_0;
    %parti/s 1, 0, 2;
    %xor;
    %xor;
    %ix/getv/s 4, v0x6000035995f0_0;
    %store/vec4 v0x600003599710_0, 4, 1;
    %jmp T_5.24;
T_5.17 ;
    %load/vec4 v0x6000035994d0_0;
    %load/vec4 v0x6000035995f0_0;
    %subi 2, 0, 32;
    %part/s 1;
    %load/vec4 v0x6000035994d0_0;
    %parti/s 1, 31, 6;
    %load/vec4 v0x600003599290_0;
    %parti/s 1, 0, 2;
    %xor;
    %xor;
    %ix/getv/s 4, v0x6000035995f0_0;
    %store/vec4 v0x600003599710_0, 4, 1;
    %jmp T_5.24;
T_5.18 ;
    %load/vec4 v0x6000035994d0_0;
    %load/vec4 v0x6000035995f0_0;
    %subi 2, 0, 32;
    %part/s 1;
    %load/vec4 v0x6000035994d0_0;
    %parti/s 1, 31, 6;
    %load/vec4 v0x600003599290_0;
    %parti/s 1, 0, 2;
    %xor;
    %xor;
    %ix/getv/s 4, v0x6000035995f0_0;
    %store/vec4 v0x600003599710_0, 4, 1;
    %jmp T_5.24;
T_5.19 ;
    %load/vec4 v0x6000035994d0_0;
    %load/vec4 v0x6000035995f0_0;
    %subi 2, 0, 32;
    %part/s 1;
    %load/vec4 v0x6000035994d0_0;
    %parti/s 1, 31, 6;
    %load/vec4 v0x600003599290_0;
    %parti/s 1, 0, 2;
    %xor;
    %xor;
    %ix/getv/s 4, v0x6000035995f0_0;
    %store/vec4 v0x600003599710_0, 4, 1;
    %jmp T_5.24;
T_5.20 ;
    %load/vec4 v0x6000035994d0_0;
    %load/vec4 v0x6000035995f0_0;
    %subi 2, 0, 32;
    %part/s 1;
    %load/vec4 v0x6000035994d0_0;
    %parti/s 1, 31, 6;
    %load/vec4 v0x600003599290_0;
    %parti/s 1, 0, 2;
    %xor;
    %xor;
    %ix/getv/s 4, v0x6000035995f0_0;
    %store/vec4 v0x600003599710_0, 4, 1;
    %jmp T_5.24;
T_5.21 ;
    %load/vec4 v0x6000035994d0_0;
    %load/vec4 v0x6000035995f0_0;
    %subi 2, 0, 32;
    %part/s 1;
    %load/vec4 v0x6000035994d0_0;
    %parti/s 1, 31, 6;
    %load/vec4 v0x600003599290_0;
    %parti/s 1, 0, 2;
    %xor;
    %xor;
    %ix/getv/s 4, v0x6000035995f0_0;
    %store/vec4 v0x600003599710_0, 4, 1;
    %jmp T_5.24;
T_5.22 ;
    %load/vec4 v0x6000035994d0_0;
    %load/vec4 v0x6000035995f0_0;
    %subi 2, 0, 32;
    %part/s 1;
    %load/vec4 v0x6000035994d0_0;
    %parti/s 1, 31, 6;
    %load/vec4 v0x600003599290_0;
    %parti/s 1, 0, 2;
    %xor;
    %xor;
    %ix/getv/s 4, v0x6000035995f0_0;
    %store/vec4 v0x600003599710_0, 4, 1;
    %jmp T_5.24;
T_5.24 ;
    %pop/vec4 1;
    %load/vec4 v0x6000035995f0_0;
    %addi 1, 0, 32;
    %store/vec4 v0x6000035995f0_0, 0, 32;
    %jmp T_5.0;
T_5.1 ;
    %jmp T_5;
    .thread T_5, $push;
    .scope S_0x7fed62f0ae30;
T_6 ;
    %wait E_0x60000099c0f0;
    %load/vec4 v0x600003599680_0;
    %flag_set/vec4 8;
    %jmp/0xz  T_6.0, 8;
    %pushi/vec4 4294967295, 0, 32;
    %assign/vec4 v0x6000035994d0_0, 0;
    %jmp T_6.1;
T_6.0 ;
    %load/vec4 v0x600003599320_0;
    %flag_set/vec4 8;
    %jmp/0 T_6.2, 8;
    %load/vec4 v0x600003599710_0;
    %jmp/1 T_6.3, 8;
T_6.2 ; End of true expr.
    %load/vec4 v0x6000035994d0_0;
    %jmp/0 T_6.3, 8;
 ; End of false expr.
    %blend;
T_6.3;
    %assign/vec4 v0x6000035994d0_0, 0;
T_6.1 ;
    %jmp T_6;
    .thread T_6;
    .scope S_0x7fed62f0acc0;
T_7 ;
    %pushi/vec4 955982468, 0, 32;
    %store/vec4 v0x6000035998c0_0, 0, 32;
    %end;
    .thread T_7, $init;
    .scope S_0x7fed62f0acc0;
T_8 ;
    %wait E_0x60000099c0f0;
    %load/vec4 v0x600003599d40_0;
    %flag_set/vec4 8;
    %jmp/0xz  T_8.0, 8;
    %pushi/vec4 0, 0, 1;
    %assign/vec4 v0x600003599b90_0, 0;
    %pushi/vec4 0, 0, 1;
    %assign/vec4 v0x600003599c20_0, 0;
    %pushi/vec4 0, 0, 1;
    %assign/vec4 v0x600003599dd0_0, 0;
T_8.0 ;
    %load/vec4 v0x600003599dd0_0;
    %dup/vec4;
    %pushi/vec4 0, 0, 1;
    %cmp/u;
    %jmp/1 T_8.2, 6;
    %dup/vec4;
    %pushi/vec4 1, 0, 1;
    %cmp/u;
    %jmp/1 T_8.3, 6;
    %jmp T_8.4;
T_8.2 ;
    %pushi/vec4 0, 0, 1;
    %assign/vec4 v0x600003599cb0_0, 0;
    %load/vec4 v0x600003599830_0;
    %cmpi/e 1, 0, 1;
    %jmp/0xz  T_8.5, 4;
    %pushi/vec4 0, 0, 1;
    %assign/vec4 v0x600003599b90_0, 0;
    %pushi/vec4 0, 0, 1;
    %assign/vec4 v0x600003599c20_0, 0;
    %pushi/vec4 1, 0, 1;
    %assign/vec4 v0x600003599dd0_0, 0;
T_8.5 ;
    %jmp T_8.4;
T_8.3 ;
    %load/vec4 v0x600003599830_0;
    %cmpi/e 0, 0, 1;
    %jmp/0xz  T_8.7, 4;
    %pushi/vec4 1, 0, 1;
    %assign/vec4 v0x600003599b90_0, 0;
    %load/vec4 v0x6000035999e0_0;
    %load/vec4 v0x6000035998c0_0;
    %cmp/e;
    %flag_mov 8, 4;
    %jmp/0 T_8.9, 8;
    %pushi/vec4 0, 0, 1;
    %jmp/1 T_8.10, 8;
T_8.9 ; End of true expr.
    %pushi/vec4 1, 0, 1;
    %jmp/0 T_8.10, 8;
 ; End of false expr.
    %blend;
T_8.10;
    %assign/vec4 v0x600003599c20_0, 0;
    %pushi/vec4 0, 0, 1;
    %assign/vec4 v0x600003599dd0_0, 0;
    %pushi/vec4 1, 0, 1;
    %assign/vec4 v0x600003599cb0_0, 0;
T_8.7 ;
    %jmp T_8.4;
T_8.4 ;
    %pop/vec4 1;
    %jmp T_8;
    .thread T_8;
    .scope S_0x7fed62f07470;
T_9 ;
    %wait E_0x60000099c0f0;
    %load/vec4 v0x60000359ab50_0;
    %ix/load 4, 15, 0;
    %ix/load 5, 0, 0;
    %flag_set/imm 4, 0;
    %assign/vec4/off/d v0x60000359abe0_0, 4, 5;
    %load/vec4 v0x60000359a640_0;
    %ix/load 4, 14, 0;
    %ix/load 5, 0, 0;
    %flag_set/imm 4, 0;
    %assign/vec4/off/d v0x60000359abe0_0, 4, 5;
    %load/vec4 v0x60000359ad00_0;
    %cmpi/e 1, 0, 1;
    %jmp/0xz  T_9.0, 4;
    %pushi/vec4 0, 0, 14;
    %ix/load 4, 0, 0;
    %ix/load 5, 0, 0;
    %flag_set/imm 4, 0;
    %assign/vec4/off/d v0x60000359abe0_0, 4, 5;
T_9.0 ;
    %load/vec4 v0x60000359ac70_0;
    %pushi/vec4 0, 0, 1;
    %cmp/e;
    %flag_get/vec4 4;
    %load/vec4 v0x60000359a640_0;
    %pushi/vec4 1, 0, 1;
    %cmp/e;
    %flag_get/vec4 4;
    %and;
    %load/vec4 v0x60000359aac0_0;
    %pushi/vec4 1, 0, 1;
    %cmp/e;
    %flag_get/vec4 4;
    %and;
    %flag_set/vec4 8;
    %jmp/0xz  T_9.2, 8;
    %load/vec4 v0x60000359abe0_0;
    %parti/s 14, 0, 2;
    %addi 1, 0, 14;
    %ix/load 4, 0, 0;
    %ix/load 5, 0, 0;
    %flag_set/imm 4, 0;
    %assign/vec4/off/d v0x60000359abe0_0, 4, 5;
T_9.2 ;
    %load/vec4 v0x60000359a640_0;
    %assign/vec4 v0x60000359ac70_0, 0;
    %jmp T_9;
    .thread T_9;
    .scope S_0x7fed63b04c60;
T_10 ;
    %pushi/vec4 2863311530, 0, 33;
    %concati/vec4 5592405, 0, 23;
    %store/vec4 v0x60000359b180_0, 0, 56;
    %pushi/vec4 234, 0, 8;
    %store/vec4 v0x60000359b450_0, 0, 8;
    %pushi/vec4 4294967295, 0, 32;
    %concati/vec4 65535, 0, 16;
    %store/vec4 v0x60000359af40_0, 0, 48;
    %pushi/vec4 4252315656, 0, 32;
    %concati/vec4 49814, 0, 16;
    %store/vec4 v0x60000359b4e0_0, 0, 48;
    %pushi/vec4 5376, 0, 16;
    %store/vec4 v0x60000359b060_0, 0, 16;
    %pushi/vec4 2227365092, 0, 33;
    %concati/vec4 4064428164, 0, 32;
    %concati/vec4 3838493398, 0, 32;
    %concati/vec4 3435325160, 0, 32;
    %concati/vec4 2178000309, 0, 33;
    %concati/vec4 37, 0, 6;
    %store/vec4 v0x60000359b0f0_0, 0, 168;
    %pushi/vec4 3044805204, 0, 32;
    %store/vec4 v0x60000359ad90_0, 0, 32;
    %end;
    .thread T_10, $init;
    .scope S_0x7fed63b04c60;
T_11 ;
    %delay 10000, 0;
    %load/vec4 v0x60000359ae20_0;
    %nor/r;
    %store/vec4 v0x60000359ae20_0, 0, 1;
    %jmp T_11;
    .thread T_11;
    .scope S_0x7fed63b04c60;
T_12 ;
    %vpi_call/w 3 43 "$dumpfile", "top_level.vcd" {0 0 0};
    %vpi_call/w 3 44 "$dumpvars", 32'sb00000000000000000000000000000000, S_0x7fed63b04c60 {0 0 0};
    %vpi_call/w 3 45 "$display", "Starting Sim" {0 0 0};
    %pushi/vec4 0, 0, 1;
    %store/vec4 v0x60000359ae20_0, 0, 1;
    %delay 10000, 0;
    %pushi/vec4 0, 0, 1;
    %store/vec4 v0x60000359b2a0_0, 0, 1;
    %delay 20000, 0;
    %pushi/vec4 1, 0, 1;
    %store/vec4 v0x60000359b2a0_0, 0, 1;
    %delay 20000, 0;
    %pushi/vec4 0, 0, 1;
    %store/vec4 v0x60000359b2a0_0, 0, 1;
    %vpi_call/w 3 54 "$display", "1: Full message" {0 0 0};
    %pushi/vec4 1, 0, 1;
    %store/vec4 v0x60000359aeb0_0, 0, 1;
    %delay 20000, 0;
    %fork t_1, S_0x7fed63b04dd0;
    %jmp t_0;
    .scope S_0x7fed63b04dd0;
t_1 ;
    %pushi/vec4 0, 0, 32;
    %store/vec4 v0x600003594120_0, 0, 32;
T_12.0 ;
    %load/vec4 v0x600003594120_0;
    %cmpi/s 28, 0, 32;
    %jmp/0xz T_12.1, 5;
    %pushi/vec4 1, 0, 2;
    %store/vec4 v0x60000359b3c0_0, 0, 2;
    %delay 20000, 0;
    %load/vec4 v0x600003594120_0;
    %addi 1, 0, 32;
    %cast2;
    %store/vec4 v0x600003594120_0, 0, 32;
    %jmp T_12.0;
T_12.1 ;
    %end;
    .scope S_0x7fed63b04c60;
t_0 %join;
    %fork t_3, S_0x7fed62f0a6c0;
    %jmp t_2;
    .scope S_0x7fed62f0a6c0;
t_3 ;
    %pushi/vec4 0, 0, 32;
    %store/vec4 v0x600003598090_0, 0, 32;
T_12.2 ;
    %load/vec4 v0x600003598090_0;
    %cmpi/s 4, 0, 32;
    %jmp/0xz T_12.3, 5;
    %load/vec4 v0x600003598090_0;
    %dup/vec4;
    %pushi/vec4 3, 0, 32;
    %cmp/u;
    %jmp/1 T_12.4, 6;
    %pushi/vec4 1, 0, 2;
    %store/vec4 v0x60000359b3c0_0, 0, 2;
    %jmp T_12.6;
T_12.4 ;
    %pushi/vec4 3, 0, 2;
    %store/vec4 v0x60000359b3c0_0, 0, 2;
    %jmp T_12.6;
T_12.6 ;
    %pop/vec4 1;
    %delay 20000, 0;
    %load/vec4 v0x600003598090_0;
    %addi 1, 0, 32;
    %cast2;
    %store/vec4 v0x600003598090_0, 0, 32;
    %jmp T_12.2;
T_12.3 ;
    %end;
    .scope S_0x7fed63b04c60;
t_2 %join;
    %fork t_5, S_0x7fed62f04600;
    %jmp t_4;
    .scope S_0x7fed62f04600;
t_5 ;
    %pushi/vec4 0, 0, 32;
    %store/vec4 v0x600003598120_0, 0, 32;
T_12.7 ;
    %load/vec4 v0x600003598120_0;
    %cmpi/s 24, 0, 32;
    %jmp/0xz T_12.8, 5;
    %pushi/vec4 3, 0, 2;
    %store/vec4 v0x60000359b3c0_0, 0, 2;
    %delay 20000, 0;
    %load/vec4 v0x600003598120_0;
    %addi 1, 0, 32;
    %cast2;
    %store/vec4 v0x600003598120_0, 0, 32;
    %jmp T_12.7;
T_12.8 ;
    %end;
    .scope S_0x7fed63b04c60;
t_4 %join;
    %fork t_7, S_0x7fed62f04770;
    %jmp t_6;
    .scope S_0x7fed62f04770;
t_7 ;
    %pushi/vec4 0, 0, 32;
    %store/vec4 v0x6000035981b0_0, 0, 32;
T_12.9 ;
    %load/vec4 v0x6000035981b0_0;
    %cmpi/s 24, 0, 32;
    %jmp/0xz T_12.10, 5;
    %load/vec4 v0x60000359b4e0_0;
    %parti/s 2, 0, 2;
    %store/vec4 v0x60000359b3c0_0, 0, 2;
    %load/vec4 v0x60000359b4e0_0;
    %parti/s 2, 0, 2;
    %load/vec4 v0x60000359b4e0_0;
    %parti/s 46, 2, 3;
    %concat/vec4; draw_concat_vec4
    %store/vec4 v0x60000359b4e0_0, 0, 48;
    %delay 20000, 0;
    %load/vec4 v0x6000035981b0_0;
    %addi 1, 0, 32;
    %cast2;
    %store/vec4 v0x6000035981b0_0, 0, 32;
    %jmp T_12.9;
T_12.10 ;
    %end;
    .scope S_0x7fed63b04c60;
t_6 %join;
    %fork t_9, S_0x7fed62f06a60;
    %jmp t_8;
    .scope S_0x7fed62f06a60;
t_9 ;
    %pushi/vec4 0, 0, 32;
    %store/vec4 v0x600003598240_0, 0, 32;
T_12.11 ;
    %load/vec4 v0x600003598240_0;
    %cmpi/s 8, 0, 32;
    %jmp/0xz T_12.12, 5;
    %load/vec4 v0x600003598240_0;
    %dup/vec4;
    %pushi/vec4 5, 0, 32;
    %cmp/u;
    %jmp/1 T_12.13, 6;
    %dup/vec4;
    %pushi/vec4 6, 0, 32;
    %cmp/u;
    %jmp/1 T_12.14, 6;
    %dup/vec4;
    %pushi/vec4 7, 0, 32;
    %cmp/u;
    %jmp/1 T_12.15, 6;
    %pushi/vec4 0, 0, 2;
    %store/vec4 v0x60000359b3c0_0, 0, 2;
    %jmp T_12.17;
T_12.13 ;
    %pushi/vec4 1, 0, 2;
    %store/vec4 v0x60000359b3c0_0, 0, 2;
    %jmp T_12.17;
T_12.14 ;
    %pushi/vec4 1, 0, 2;
    %store/vec4 v0x60000359b3c0_0, 0, 2;
    %jmp T_12.17;
T_12.15 ;
    %pushi/vec4 1, 0, 2;
    %store/vec4 v0x60000359b3c0_0, 0, 2;
    %jmp T_12.17;
T_12.17 ;
    %pop/vec4 1;
    %delay 20000, 0;
    %load/vec4 v0x600003598240_0;
    %addi 1, 0, 32;
    %cast2;
    %store/vec4 v0x600003598240_0, 0, 32;
    %jmp T_12.11;
T_12.12 ;
    %end;
    .scope S_0x7fed63b04c60;
t_8 %join;
    %fork t_11, S_0x7fed62f06bd0;
    %jmp t_10;
    .scope S_0x7fed62f06bd0;
t_11 ;
    %pushi/vec4 168, 0, 32;
    %store/vec4 v0x6000035982d0_0, 0, 32;
T_12.18 ;
    %load/vec4 v0x6000035982d0_0;
    %cmpi/s 0, 0, 32;
    %flag_or 5, 4; GT is !LE
    %flag_inv 5;
    %jmp/0xz T_12.19, 5;
    %load/vec4 v0x60000359b0f0_0;
    %load/vec4 v0x6000035982d0_0;
    %subi 2, 0, 32;
    %part/s 1;
    %load/vec4 v0x60000359b0f0_0;
    %load/vec4 v0x6000035982d0_0;
    %subi 1, 0, 32;
    %part/s 1;
    %concat/vec4; draw_concat_vec4
    %store/vec4 v0x60000359b3c0_0, 0, 2;
    %delay 20000, 0;
    %load/vec4 v0x6000035982d0_0;
    %subi 2, 0, 32;
    %cast2;
    %store/vec4 v0x6000035982d0_0, 0, 32;
    %jmp T_12.18;
T_12.19 ;
    %end;
    .scope S_0x7fed63b04c60;
t_10 %join;
    %fork t_13, S_0x7fed62f07300;
    %jmp t_12;
    .scope S_0x7fed62f07300;
t_13 ;
    %pushi/vec4 32, 0, 32;
    %store/vec4 v0x600003598360_0, 0, 32;
T_12.20 ;
    %load/vec4 v0x600003598360_0;
    %cmpi/s 0, 0, 32;
    %flag_or 5, 4; GT is !LE
    %flag_inv 5;
    %jmp/0xz T_12.21, 5;
    %load/vec4 v0x60000359ad90_0;
    %load/vec4 v0x600003598360_0;
    %subi 2, 0, 32;
    %part/s 1;
    %load/vec4 v0x60000359ad90_0;
    %load/vec4 v0x600003598360_0;
    %subi 1, 0, 32;
    %part/s 1;
    %concat/vec4; draw_concat_vec4
    %store/vec4 v0x60000359b3c0_0, 0, 2;
    %delay 20000, 0;
    %load/vec4 v0x600003598360_0;
    %subi 2, 0, 32;
    %cast2;
    %store/vec4 v0x600003598360_0, 0, 32;
    %jmp T_12.20;
T_12.21 ;
    %end;
    .scope S_0x7fed63b04c60;
t_12 %join;
    %pushi/vec4 0, 0, 1;
    %store/vec4 v0x60000359aeb0_0, 0, 1;
    %pushi/vec4 0, 0, 2;
    %store/vec4 v0x60000359b3c0_0, 0, 2;
    %delay 20000, 0;
    %delay 100000, 0;
    %vpi_call/w 3 112 "$display", "Finishing Sim" {0 0 0};
    %vpi_call/w 3 113 "$finish" {0 0 0};
    %end;
    .thread T_12;
# The file index is used to find the file name in the following table.
:file_names 10;
    "N/A";
    "<interactive>";
    "-";
    "sim/top_level_tb.sv";
    "src/top_level.sv";
    "src/bitorder.sv";
    "src/firewall.sv";
    "src/cksum.sv";
    "src/crc32.sv";
    "src/ether.sv";
